2021-10-11 23:25:58 UTC Syncing #13400209 0x67b2…e7c4     1.60 blk/s  111.4 tx/s   29.7 Mgas/s      0+   16 Qed LI:#13400226    1/25 peers      6 MiB chain    1 MiB queue  RPC:  0 conn,    0 req/s,    0 µs
2021-10-11 23:26:03 UTC Syncing #13400213 0xb951…f80d     0.80 blk/s   86.4 tx/s   21.4 Mgas/s      0+   12 Qed LI:#13400226    1/25 peers      6 MiB chain  809 KiB queue  RPC:  0 conn,    0 req/s,    0 µs
2021-10-11 23:26:17 UTC Updated conversion rate to Ξ1 = US$3502.98 (1359386.8 wei/gas)
2021-10-11 23:26:23 UTC Imported #13400227 0x3ea2…e8ad (118 txs, 29.98 Mgas, 969 ms, 19.16 KiB)
2021-10-11 23:26:35 UTC   0/25 peers      6 MiB chain  0 bytes queue  RPC:  0 conn,    0 req/s,    0 µs
2021-10-11 23:26:43 UTC Syncing #13400229 0x617b…044f     0.20 blk/s    8.8 tx/s    2.8 Mgas/s      0+    0 Qed LI:#13400230    3/25 peers      6 MiB chain  0 bytes queue  RPC:  0 conn,    0 req/s,    0 µs
2021-10-11 23:26:50 UTC Imported #13400230 0xcbe8…3b0d (86 txs, 28.68 Mgas, 785 ms, 14.41 KiB)
2021-10-11 23:27:11 UTC Imported #13400231 0x19a5…8d91 (56 txs, 11.01 Mgas, 399 ms, 12.21 KiB)
2021-10-11 23:27:17 UTC   3/25 peers      6 MiB chain  0 bytes queue  RPC:  0 conn,    0 req/s,    0 µs
2021-10-11 23:28:35 UTC   2/25 peers      6 MiB chain  0 bytes queue  RPC:  0 conn,    0 req/s,    0 µs
2021-10-11 23:29:49 UTC   0/25 peers      6 MiB chain  0 bytes queue  RPC:  0 conn,    0 req/s,    0 µs
2021-10-11 23:30:23 UTC   0/25 peers      6 MiB chain  0 bytes queue  RPC:  0 conn,    0 req/s,    0 µs
2021-10-11 23:30:59 UTC Syncing #13400240 0xaccc…bc1a     0.26 blk/s   19.9 tx/s    3.9 Mgas/s      0+    5 Qed LI:#13400246    3/25 peers      6 MiB chain  438 KiB queue  RPC:  0 conn,    0 req/s,    0 µs
2021-10-11 23:30:59 UTC Syncing #13400235 0x9875…41aa     0.13 blk/s   13.6 tx/s    2.7 Mgas/s      0+   10 Qed LI:#13400246    3/25 peers      6 MiB chain  774 KiB queue  RPC:  0 conn,    0 req/s,    0 µs
2021-10-11 23:31:14 UTC Imported #13400246 0x9078…017c (18 txs, 5.70 Mgas, 317 ms, 5.42 KiB)
2021-10-11 23:31:31 UTC   3/25 peers      5 MiB chain  0 bytes queue  RPC:  0 conn,    0 req/s,    0 µs
2021-10-11 23:32:30 UTC Syncing #13400247 0x59c1…bb08     0.02 blk/s    3.5 tx/s    0.5 Mgas/s      0+    1 Qed LI:#13400248    1/25 peers      5 MiB chain   26 KiB queue  RPC:  0 conn,    0 req/s,    0 µs
2021-10-11 23:32:51 UTC Imported #13400248 0xbadb…591c (22 txs, 2.39 Mgas, 249 ms, 6.84 KiB)
2021-10-11 23:32:56 UTC   1/25 peers      6 MiB chain  0 bytes queue  RPC:  0 conn,    0 req/s,    0 µs
2021-10-11 23:32:56 UTC   1/25 peers      6 MiB chain  0 bytes queue  RPC:  0 conn,    0 req/s,    0 µs
2021-10-11 23:33:29 UTC   0/25 peers      6 MiB chain  0 bytes queue  RPC:  0 conn,    0 req/s,    0 µs
2021-10-11 23:33:46 UTC Syncing #13400256 0x129c…9e9d     0.53 blk/s   45.9 tx/s    6.9 Mgas/s      0+    0 Qed LI:#13400256    2/25 peers      6 MiB chain  0 bytes queue  RPC:  0 conn,    0 req/s,    0 µs
2021-10-11 23:33:46 UTC Syncing #13400249 0xa155…486b     0.10 blk/s   16.6 tx/s    2.6 Mgas/s      0+    6 Qed LI:#13400256    2/25 peers      6 MiB chain  470 KiB queue  RPC:  0 conn,    0 req/s,    0 µs
2021-10-11 23:33:51 UTC Syncing #13400256 0x129c…9e9d     1.40 blk/s  104.4 tx/s   15.7 Mgas/s      0+    0 Qed LI:#13400256    2/25 peers      6 MiB chain  0 bytes queue  RPC:  0 conn,    0 req/s,    0 µs