2021-10-11 23:20:32 UTC Imported #13400194 0x6d8e…fc82 (110 txs, 29.74 Mgas, 1243 ms, 33.51 KiB)
2021-10-11 23:20:59 UTC Syncing #13400194 0x6d8e…fc82     0.03 blk/s    3.2 tx/s    0.9 Mgas/s      0+    0 Qed LI:#13400194    1/25 peers      6 MiB chain  0 bytes queue  RPC:  0 conn,    0 req/s,    0 µs
2021-10-11 23:21:08 UTC Syncing #13400194 0x6d8e…fc82     0.00 blk/s    0.0 tx/s    0.0 Mgas/s      0+    4 Qed LI:#13400199    3/25 peers      6 MiB chain  399 KiB queue  RPC:  0 conn,    0 req/s,    0 µs
2021-10-11 23:21:26 UTC Imported #13400199 0x3743…4dcd (100 txs, 10.86 Mgas, 1633 ms, 33.01 KiB)
2021-10-11 23:21:34 UTC   1/25 peers      5 MiB chain  0 bytes queue  RPC:  0 conn,    0 req/s,    0 µs
2021-10-11 23:22:05 UTC Imported #13400201 0xc7e0…c38e (136 txs, 29.99 Mgas, 1593 ms, 34.82 KiB)
2021-10-11 23:22:09 UTC   4/25 peers      6 MiB chain  0 bytes queue  RPC:  0 conn,    0 req/s,    0 µs
2021-10-11 23:23:06 UTC   1/25 peers      6 MiB chain  0 bytes queue  RPC:  0 conn,    0 req/s,    0 µs
2021-10-11 23:23:06 UTC   1/25 peers      6 MiB chain  0 bytes queue  RPC:  0 conn,    0 req/s,    0 µs
2021-10-11 23:23:45 UTC   1/25 peers      6 MiB chain  0 bytes queue  RPC:  0 conn,    0 req/s,    0 µs
2021-10-11 23:24:52 UTC   0/25 peers      6 MiB chain  0 bytes queue  RPC:  0 conn,    0 req/s,    0 µs
2021-10-11 23:25:23 UTC   0/25 peers      6 MiB chain  0 bytes queue  RPC:  0 conn,    0 req/s,    0 µs
2021-10-11 23:25:53 UTC Syncing #13400201 0xc7e0…c38e     0.00 blk/s    0.0 tx/s    0.0 Mgas/s      0+   24 Qed LI:#13400226    1/25 peers      6 MiB chain    2 MiB queue  RPC:  0 conn,    0 req/s,    0 µs
2021-10-11 23:25:58 UTC Syncing #13400209 0x67b2…e7c4     1.60 blk/s  111.4 tx/s   29.7 Mgas/s      0+   16 Qed LI:#13400226    1/25 peers      6 MiB chain    1 MiB queue  RPC:  0 conn,    0 req/s,    0 µs
2021-10-11 23:26:03 UTC Syncing #13400213 0xb951…f80d     0.80 blk/s   86.4 tx/s   21.4 Mgas/s      0+   12 Qed LI:#13400226    1/25 peers      6 MiB chain  809 KiB queue  RPC:  0 conn,    0 req/s,    0 µs
2021-10-11 23:26:17 UTC Updated conversion rate to Ξ1 = US$3502.98 (1359386.8 wei/gas)
2021-10-11 23:26:23 UTC Imported #13400227 0x3ea2…e8ad (118 txs, 29.98 Mgas, 969 ms, 19.16 KiB)
2021-10-11 23:26:35 UTC   0/25 peers      6 MiB chain  0 bytes queue  RPC:  0 conn,    0 req/s,    0 µs
2021-10-11 23:26:43 UTC Syncing #13400229 0x617b…044f     0.20 blk/s    8.8 tx/s    2.8 Mgas/s      0+    0 Qed LI:#13400230    3/25 peers      6 MiB chain  0 bytes queue  RPC:  0 conn,    0 req/s,    0 µs
2021-10-11 23:26:50 UTC Imported #13400230 0xcbe8…3b0d (86 txs, 28.68 Mgas, 785 ms, 14.41 KiB)
2021-10-11 23:27:11 UTC Imported #13400231 0x19a5…8d91 (56 txs, 11.01 Mgas, 399 ms, 12.21 KiB)
2021-10-11 23:27:17 UTC   3/25 peers      6 MiB chain  0 bytes queue  RPC:  0 conn,    0 req/s,    0 µs
2021-10-11 23:28:35 UTC   2/25 peers      6 MiB chain  0 bytes queue  RPC:  0 conn,    0 req/s,    0 µs