INFO [01-17|06:31:36.229] Unindexed transactions                   blocks=1     txs=171       tail=14,074,742 elapsed=3.800ms
INFO [01-17|06:31:47.823] Imported new potential chain segment     blocks=1     txs=27        mgas=11.896   elapsed=291.467ms   mgasps=40.815  number=16,424,742 hash=78f413..695972 dirty=1021.26MiB
INFO [01-17|06:31:47.838] Chain head was updated                   number=16,424,742 hash=78f413..695972 root=4f1b05..37488b elapsed=5.775275ms
INFO [01-17|06:31:47.846] Unindexed transactions                   blocks=1     txs=382       tail=14,074,743 elapsed=7.356ms
INFO [01-17|06:32:00.641] Imported new potential chain segment     blocks=1     txs=238       mgas=28.345   elapsed=274.312ms   mgasps=103.332 number=16,424,743 hash=d1fc10..4c1ab7 dirty=1022.51MiB
INFO [01-17|06:32:00.659] Chain head was updated                   number=16,424,743 hash=d1fc10..4c1ab7 root=6c3213..dc3fbb elapsed=9.438661ms
INFO [01-17|06:32:00.661] Unindexed transactions                   blocks=1     txs=85        tail=14,074,744 elapsed=1.696ms
INFO [01-17|06:32:13.254] Imported new potential chain segment     blocks=1     txs=159       mgas=16.749   elapsed=159.890ms   mgasps=104.751 number=16,424,744 hash=b32fc3..009aaf dirty=1021.85MiB
INFO [01-17|06:32:13.269] Chain head was updated                   number=16,424,744 hash=b32fc3..009aaf root=3d403f..56b2df elapsed=5.554474ms
INFO [01-17|06:32:13.275] Unindexed transactions                   blocks=1     txs=267       tail=14,074,745 elapsed=5.817ms
INFO [01-17|06:32:24.433] Imported new potential chain segment     blocks=1     txs=117       mgas=11.743   elapsed=96.152ms    mgasps=122.128 number=16,424,745 hash=3bdf8e..7c0d87 dirty=1021.85MiB
INFO [01-17|06:32:24.449] Chain head was updated                   number=16,424,745 hash=3bdf8e..7c0d87 root=4815b4..410512 elapsed=8.257642ms
INFO [01-17|06:32:24.453] Unindexed transactions                   blocks=1     txs=147       tail=14,074,746 elapsed=3.451ms
ERROR[01-17|06:32:25.888] Error in block freeze operation          err="block receipts missing, can't freeze block 15256595"
INFO [01-17|06:32:34.036] Writing clean trie cache to disk         path=/home/long/nvme/data-dir/geth/triecache threads=1
INFO [01-17|06:32:34.037] Regenerated local transaction journal    transactions=0 accounts=0
INFO [01-17|06:32:34.901] Persisted the clean trie cache           path=/home/long/nvme/data-dir/geth/triecache elapsed=864.446ms
INFO [01-17|06:32:36.539] Imported new potential chain segment     blocks=1     txs=135       mgas=15.951   elapsed=476.758ms   mgasps=33.457  number=16,424,746 hash=90a2f4..c62054 dirty=1022.32MiB
INFO [01-17|06:32:36.561] Chain head was updated                   number=16,424,746 hash=90a2f4..c62054 root=0dce80..97602b elapsed=7.126199ms
INFO [01-17|06:32:36.563] Unindexed transactions                   blocks=1     txs=77        tail=14,074,747 elapsed=1.077ms
INFO [01-17|06:32:48.643] Imported new potential chain segment     blocks=1     txs=186       mgas=15.667   elapsed=183.145ms   mgasps=85.543  number=16,424,747 hash=b6163e..ce105f dirty=1022.04MiB
INFO [01-17|06:32:48.669] Chain head was updated                   number=16,424,747 hash=b6163e..ce105f root=062c61..dfe508 elapsed=12.612332ms
INFO [01-17|06:32:48.675] Unindexed transactions                   blocks=1     txs=282       tail=14,074,748 elapsed=5.831ms
INFO [01-17|06:33:00.219] Imported new potential chain segment     blocks=1     txs=103       mgas=11.847   elapsed=176.401ms   mgasps=67.161  number=16,424,748 hash=ef76fc..39d613 dirty=1022.20MiB
INFO [01-17|06:33:00.239] Chain head was updated                   number=16,424,748 hash=ef76fc..39d613 root=bb03ad..c65e53 elapsed=5.691295ms
INFO [01-17|06:33:00.240] Unindexed transactions                   blocks=1     txs=29        tail=14,074,749 elapsed="933.001µs"
INFO [01-17|06:33:12.548] Imported new potential chain segment     blocks=1     txs=126       mgas=11.537   elapsed=385.818ms   mgasps=29.903  number=16,424,749 hash=a563cf..52a288 dirty=1021.71MiB
INFO [01-17|06:33:12.562] Chain head was updated                   number=16,424,749 hash=a563cf..52a288 root=481442..12e2d2 elapsed=6.976809ms
INFO [01-17|06:33:12.563] Unindexed transactions                   blocks=1     txs=29        tail=14,074,750 elapsed="994.616µs"
INFO [01-17|06:33:25.823] Imported new potential chain segment     blocks=1     txs=240       mgas=25.438   elapsed=792.173ms   mgasps=32.111  number=16,424,750 hash=3bacdd..738afd dirty=1022.61MiB
INFO [01-17|06:33:25.848] Chain head was updated                   number=16,424,750 hash=3bacdd..738afd root=ed053c..1c6464 elapsed=13.95064ms
INFO [01-17|06:33:25.849] Unindexed transactions                   blocks=1     txs=70        tail=14,074,751 elapsed=1.226ms
ERROR[01-17|06:33:25.902] Error in block freeze operation          err="block receipts missing, can't freeze block 15256595"
INFO [01-17|06:33:35.711] Imported new potential chain segment     blocks=1     txs=72        mgas=6.833    elapsed=77.626ms    mgasps=88.026  number=16,424,751 hash=adeb0f..db3dfb dirty=1021.73MiB
INFO [01-17|06:33:35.741] Chain head was updated                   number=16,424,751 hash=adeb0f..db3dfb root=7d9a46..1e1d44 elapsed=1.977904ms
INFO [01-17|06:33:35.742] Unindexed transactions                   blocks=1     txs=49        tail=14,074,752 elapsed=1.160ms
INFO [01-17|06:33:48.361] Imported new potential chain segment     blocks=1     txs=146       mgas=14.826   elapsed=132.731ms   mgasps=111.697 number=16,424,752 hash=e54bdb..112788 dirty=1020.97MiB
INFO [01-17|06:33:48.384] Chain head was updated                   number=16,424,752 hash=e54bdb..112788 root=372217..7dd828 elapsed=9.007226ms
INFO [01-17|06:33:48.390] Unindexed transactions                   blocks=1     txs=254       tail=14,074,753 elapsed=5.712ms
INFO [01-17|06:34:03.405] Imported new potential chain segment     blocks=1     txs=171       mgas=15.724   elapsed=171.774ms   mgasps=91.538  number=16,424,753 hash=ced6b8..488ea3 dirty=1021.07MiB
INFO [01-17|06:34:03.625] Chain head was updated                   number=16,424,753 hash=ced6b8..488ea3 root=af55bf..461580 elapsed=8.332432ms
INFO [01-17|06:34:03.631] Unindexed transactions                   blocks=1     txs=248       tail=14,074,754 elapsed=6.550ms
INFO [01-17|06:34:13.021] Imported new potential chain segment     blocks=1     txs=62        mgas=29.915   elapsed=161.725ms   mgasps=184.975 number=16,424,754 hash=da97db..fe3882 dirty=1022.60MiB
INFO [01-17|06:34:13.037] Chain head was updated                   number=16,424,754 hash=da97db..fe3882 root=7f9656..6e7958 elapsed=1.931161ms
INFO [01-17|06:34:13.040] Unindexed transactions                   blocks=1     txs=250       tail=14,074,755 elapsed=2.505ms
INFO [01-17|06:34:25.133] Imported new potential chain segment     blocks=1     txs=94        mgas=14.264   elapsed=85.651ms    mgasps=166.534 number=16,424,755 hash=ba4bae..7291bd dirty=1021.81MiB
INFO [01-17|06:34:25.145] Chain head was updated                   number=16,424,755 hash=ba4bae..7291bd root=7fa5ba..720f7b elapsed=4.322727ms
INFO [01-17|06:34:25.152] Unindexed transactions                   blocks=1     txs=338       tail=14,074,756 elapsed=7.113ms
ERROR[01-17|06:34:25.913] Error in block freeze operation          err="block receipts missing, can't freeze block 15256595"
INFO [01-17|06:34:36.595] Imported new potential chain segment     blocks=1     txs=124       mgas=11.467   elapsed=107.091ms   mgasps=107.080 number=16,424,756 hash=4da446..859085 dirty=1022.18MiB
INFO [01-17|06:34:36.618] Chain head was updated                   number=16,424,756 hash=4da446..859085 root=208d2e..1e02f8 elapsed=2.558844ms
INFO [01-17|06:34:36.622] Unindexed transactions                   blocks=1     txs=262       tail=14,074,757 elapsed=3.612ms
INFO [01-17|06:34:48.329] Imported new potential chain segment     blocks=1     txs=88        mgas=13.115   elapsed=126.426ms   mgasps=103.734 number=16,424,757 hash=da3d02..c62584 dirty=1021.29MiB
INFO [01-17|06:34:48.346] Chain head was updated                   number=16,424,757 hash=da3d02..c62584 root=426258..2bf487 elapsed=4.965091ms
INFO [01-17|06:34:48.347] Unindexed transactions                   blocks=1     txs=39        tail=14,074,758 elapsed="875.277µs"
INFO [01-17|06:34:59.735] Imported new potential chain segment     blocks=1     txs=24        mgas=2.926    elapsed=70.299ms    mgasps=41.625  number=16,424,758 hash=1bb9fb..304c78 dirty=1020.48MiB
INFO [01-17|06:34:59.781] Chain head was updated                   number=16,424,758 hash=1bb9fb..304c78 root=8349eb..4fe5c1 elapsed="782.586µs"
INFO [01-17|06:34:59.788] Unindexed transactions                   blocks=1     txs=508       tail=14,074,759 elapsed=6.652ms
INFO [01-17|06:35:12.386] Imported new potential chain segment     blocks=1     txs=279       mgas=29.869   elapsed=277.453ms   mgasps=107.653 number=16,424,759 hash=f749c3..f50bf2 dirty=1021.98MiB
INFO [01-17|06:35:12.416] Chain head was updated                   number=16,424,759 hash=f749c3..f50bf2 root=686976..8cdd24 elapsed=14.639809ms
INFO [01-17|06:35:12.430] Unindexed transactions                   blocks=1     txs=946       tail=14,074,760 elapsed=13.333ms
INFO [01-17|06:35:25.881] Imported new potential chain segment     blocks=1     txs=118       mgas=11.486   elapsed=136.043ms   mgasps=84.426  number=16,424,760 hash=63555f..d3a142 dirty=1021.54MiB
INFO [01-17|06:35:25.896] Chain head was updated                   number=16,424,760 hash=63555f..d3a142 root=a62184..90366b elapsed=2.834036ms
INFO [01-17|06:35:25.903] Unindexed transactions                   blocks=1     txs=330       tail=14,074,761 elapsed=6.502ms
ERROR[01-17|06:35:25.922] Error in block freeze operation          err="block receipts missing, can't freeze block 15256595"
INFO [01-17|06:35:36.699] Imported new potential chain segment     blocks=1     txs=133       mgas=12.259   elapsed=97.605ms    mgasps=125.595 number=16,424,761 hash=5f6267..3b9cd9 dirty=1021.75MiB
INFO [01-17|06:35:36.718] Chain head was updated                   number=16,424,761 hash=5f6267..3b9cd9 root=32971e..5271ca elapsed=6.995082ms
INFO [01-17|06:35:36.722] Unindexed transactions                   blocks=1     txs=218       tail=14,074,762 elapsed=3.538ms
INFO [01-17|06:35:48.113] Imported new potential chain segment     blocks=1     txs=118       mgas=11.353   elapsed=105.825ms   mgasps=107.281 number=16,424,762 hash=acdb64..0208e0 dirty=1021.43MiB
INFO [01-17|06:35:48.125] Chain head was updated                   number=16,424,762 hash=acdb64..0208e0 root=59553f..64492a elapsed=4.700993ms
INFO [01-17|06:35:48.130] Unindexed transactions                   blocks=1     txs=290       tail=14,074,763 elapsed=4.763ms
INFO [01-17|06:36:00.355] Imported new potential chain segment     blocks=1     txs=133       mgas=17.157   elapsed=130.566ms   mgasps=131.403 number=16,424,763 hash=05641f..45aa3d dirty=1021.41MiB
INFO [01-17|06:36:00.379] Chain head was updated                   number=16,424,763 hash=05641f..45aa3d root=30a60d..0a9d00 elapsed=8.399016ms
INFO [01-17|06:36:00.382] Unindexed transactions                   blocks=1     txs=127       tail=14,074,764 elapsed=2.541ms
INFO [01-17|06:36:12.446] Imported new potential chain segment     blocks=1     txs=105       mgas=11.420   elapsed=116.069ms   mgasps=98.389  number=16,424,764 hash=7b5d81..c36e96 dirty=1021.24MiB
INFO [01-17|06:36:12.462] Chain head was updated                   number=16,424,764 hash=7b5d81..c36e96 root=cfb62b..368be4 elapsed=7.633222ms
INFO [01-17|06:36:12.469] Unindexed transactions                   blocks=1     txs=232       tail=14,074,765 elapsed=6.342ms
INFO [01-17|06:36:24.138] Imported new potential chain segment     blocks=1     txs=104       mgas=10.356   elapsed=100.746ms   mgasps=102.794 number=16,424,765 hash=6e5732..9ca082 dirty=1020.58MiB
INFO [01-17|06:36:24.155] Chain head was updated                   number=16,424,765 hash=6e5732..9ca082 root=acc495..c8a681 elapsed=5.371259ms
INFO [01-17|06:36:24.158] Unindexed transactions                   blocks=1     txs=166       tail=14,074,766 elapsed=3.135ms
ERROR[01-17|06:36:25.937] Error in block freeze operation          err="block receipts missing, can't freeze block 15256595"
INFO [01-17|06:36:36.362] Imported new potential chain segment     blocks=1     txs=123       mgas=25.981   elapsed=319.388ms   mgasps=81.347  number=16,424,766 hash=dfc81a..9546ea dirty=1022.25MiB
INFO [01-17|06:36:36.381] Chain head was updated                   number=16,424,766 hash=dfc81a..9546ea root=1198aa..0fdac3 elapsed=5.678658ms
INFO [01-17|06:36:36.382] Unindexed transactions                   blocks=1     txs=64        tail=14,074,767 elapsed=1.516ms
INFO [01-17|06:36:48.243] Imported new potential chain segment     blocks=1     txs=115       mgas=17.732   elapsed=163.871ms   mgasps=108.207 number=16,424,767 hash=6aa162..ba4f1c dirty=1022.76MiB
INFO [01-17|06:36:48.262] Chain head was updated                   number=16,424,767 hash=6aa162..ba4f1c root=f731e1..aa3c13 elapsed=10.838332ms
INFO [01-17|06:36:48.265] Unindexed transactions                   blocks=1     txs=148       tail=14,074,768 elapsed=2.940ms
WARN [01-17|06:36:48.910] Snapshot extension registration failed   peer=443df8b7 err="peer connected on snap without compatible eth support"
INFO [01-17|06:37:00.421] Imported new potential chain segment     blocks=1     txs=103       mgas=9.528    elapsed=103.116ms   mgasps=92.402  number=16,424,768 hash=eef71f..12eaaf dirty=1022.60MiB
INFO [01-17|06:37:00.438] Chain head was updated                   number=16,424,768 hash=eef71f..12eaaf root=23ce9d..f88643 elapsed=2.600768ms
INFO [01-17|06:37:00.444] Unindexed transactions                   blocks=1     txs=267       tail=14,074,769 elapsed=5.820ms
WARN [01-17|06:37:03.670] Snapshot extension registration failed   peer=ac6f52bd err="peer connected on snap without compatible eth support"
INFO [01-17|06:37:12.253] Imported new potential chain segment     blocks=1     txs=131       mgas=12.339   elapsed=131.557ms   mgasps=93.789  number=16,424,769 hash=6ec129..20578b dirty=1022.75MiB
INFO [01-17|06:37:12.274] Chain head was updated                   number=16,424,769 hash=6ec129..20578b root=f1f7c5..592604 elapsed=7.247168ms
INFO [01-17|06:37:12.275] Unindexed transactions                   blocks=1     txs=29        tail=14,074,770 elapsed=1.002ms