Sending build context to Docker daemon  69.78MB
Step 1/21 : FROM openjdk:12-alpine
 ---> 0c68e7c5b7a0
Step 2/21 : MAINTAINER tomsun28 "tomsun28@outlook.com"
 ---> Using cache
 ---> 18d146b9a989
Step 3/21 : RUN rm -rf /opt/running/bootshiro*
 ---> Using cache
 ---> b3d14548f031
Step 4/21 : ADD ./target/bootshiro.jar /opt/running/bootshiro.jar
 ---> Using cache
 ---> 8ca1508452e3
Step 5/21 : EXPOSE 8080
 ---> Using cache
 ---> fe23b57cad69
Step 6/21 : WORKDIR /opt/running/
 ---> Using cache
 ---> 5765a15e97fb
Step 7/21 : CMD ["java", "-jar", "bootshiro.jar","--spring.profiles.active=prod"]
 ---> Using cache
 ---> 40ab480b37a0
Step 8/21 : ADD https://github.com/just-containers/s6-overlay/releases/download/v2.2.0.1/s6-overlay-amd64-installer /tmp/
