INFO [01-16|04:22:36.726] Unindexed transactions                   blocks=1    txs=221     tail=14,066,938 elapsed=3.696ms
INFO [01-16|04:22:48.558] Imported new potential chain segment     blocks=1    txs=171     mgas=14.500  elapsed=130.302ms   mgasps=111.276 number=16,416,938 hash=9c2b94..cc5103 dirty=1019.47MiB
INFO [01-16|04:22:48.575] Chain head was updated                   number=16,416,938 hash=9c2b94..cc5103 root=6d2921..73bec8 elapsed=8.870808ms
INFO [01-16|04:22:48.577] Unindexed transactions                   blocks=1    txs=74      tail=14,066,939 elapsed=1.674ms
INFO [01-16|04:23:01.250] Imported new potential chain segment     blocks=1    txs=144     mgas=11.664  elapsed=83.083ms    mgasps=140.393 number=16,416,939 hash=df257f..c2b95b dirty=1019.31MiB
INFO [01-16|04:23:01.268] Chain head was updated                   number=16,416,939 hash=df257f..c2b95b root=f03bd5..bf232e elapsed=4.628837ms
INFO [01-16|04:23:01.271] Unindexed transactions                   blocks=1    txs=108     tail=14,066,940 elapsed=3.456ms
INFO [01-16|04:23:12.004] Imported new potential chain segment     blocks=1    txs=177     mgas=14.197  elapsed=105.321ms   mgasps=134.795 number=16,416,940 hash=11b984..598c16 dirty=1019.98MiB
INFO [01-16|04:23:12.026] Chain head was updated                   number=16,416,940 hash=11b984..598c16 root=975db1..56ee89 elapsed=7.58756ms
INFO [01-16|04:23:12.030] Unindexed transactions                   blocks=1    txs=102     tail=14,066,941 elapsed=3.876ms
ERROR[01-16|04:23:20.749] Error in block freeze operation          err="block receipts missing, can't freeze block 15256595"
INFO [01-16|04:23:23.992] Imported new potential chain segment     blocks=1    txs=133     mgas=10.819  elapsed=82.579ms    mgasps=131.007 number=16,416,941 hash=072c1f..6a977a dirty=1019.86MiB
INFO [01-16|04:23:24.010] Chain head was updated                   number=16,416,941 hash=072c1f..6a977a root=b12dad..5ca33d elapsed=3.834176ms
INFO [01-16|04:23:24.011] Unindexed transactions                   blocks=1    txs=44      tail=14,066,942 elapsed="692.521µs"
INFO [01-16|04:23:24.499] Writing clean trie cache to disk         path=/home/long/nvme/data-dir/geth/triecache threads=1
INFO [01-16|04:23:24.501] Regenerated local transaction journal    transactions=0 accounts=0
INFO [01-16|04:23:25.514] Persisted the clean trie cache           path=/home/long/nvme/data-dir/geth/triecache elapsed=1.015s
INFO [01-16|04:23:36.806] Imported new potential chain segment     blocks=1    txs=264     mgas=28.623  elapsed=189.517ms   mgasps=151.030 number=16,416,942 hash=abca55..c32319 dirty=1021.53MiB
INFO [01-16|04:23:36.822] Chain head was updated                   number=16,416,942 hash=abca55..c32319 root=a083be..0e71b5 elapsed=8.492158ms
INFO [01-16|04:23:36.824] Unindexed transactions                   blocks=1    txs=88      tail=14,066,943 elapsed=1.378ms
INFO [01-16|04:23:48.403] Imported new potential chain segment     blocks=1    txs=77      mgas=29.981  elapsed=149.139ms   mgasps=201.023 number=16,416,943 hash=634921..091679 dirty=1022.60MiB
INFO [01-16|04:23:48.413] Chain head was updated                   number=16,416,943 hash=634921..091679 root=a32ec1..6522dc elapsed=2.315356ms
INFO [01-16|04:23:48.421] Unindexed transactions                   blocks=1    txs=490     tail=14,066,944 elapsed=8.404ms
INFO [01-16|04:24:01.207] Imported new potential chain segment     blocks=1    txs=155     mgas=21.095  elapsed=134.343ms   mgasps=157.021 number=16,416,944 hash=f2dc2b..f6cb2f dirty=1021.34MiB
INFO [01-16|04:24:01.231] Chain head was updated                   number=16,416,944 hash=f2dc2b..f6cb2f root=1c5a50..6b14c2 elapsed=10.274883ms
INFO [01-16|04:24:01.235] Unindexed transactions                   blocks=1    txs=121     tail=14,066,945 elapsed=3.140ms
INFO [01-16|04:24:12.190] Imported new potential chain segment     blocks=1    txs=118     mgas=13.448  elapsed=84.867ms    mgasps=158.463 number=16,416,945 hash=88e740..68320f dirty=1021.39MiB
INFO [01-16|04:24:12.205] Chain head was updated                   number=16,416,945 hash=88e740..68320f root=5a5ef9..af65ad elapsed=2.73364ms
INFO [01-16|04:24:12.205] Unindexed transactions                   blocks=1    txs=0       tail=14,066,946 elapsed="139.76µs"
ERROR[01-16|04:24:20.759] Error in block freeze operation          err="block receipts missing, can't freeze block 15256595"
INFO [01-16|04:24:24.616] Imported new potential chain segment     blocks=1    txs=84      mgas=7.485   elapsed=79.554ms    mgasps=94.083  number=16,416,946 hash=e75c75..39b818 dirty=1019.46MiB
INFO [01-16|04:24:24.648] Chain head was updated                   number=16,416,946 hash=e75c75..39b818 root=c4cb22..fe9aaa elapsed=2.998593ms
INFO [01-16|04:24:24.652] Unindexed transactions                   blocks=1    txs=295     tail=14,066,947 elapsed=3.530ms
INFO [01-16|04:24:36.236] Imported new potential chain segment     blocks=1    txs=117     mgas=9.383   elapsed=77.785ms    mgasps=120.624 number=16,416,947 hash=fdc319..dd166e dirty=1019.60MiB
INFO [01-16|04:24:36.267] Chain head was updated                   number=16,416,947 hash=fdc319..dd166e root=5ace35..57093d elapsed=2.445551ms
INFO [01-16|04:24:36.273] Unindexed transactions                   blocks=1    txs=270     tail=14,066,948 elapsed=6.201ms
INFO [01-16|04:24:49.321] Imported new potential chain segment     blocks=1    txs=175     mgas=13.535  elapsed=123.087ms   mgasps=109.962 number=16,416,948 hash=4a0f6e..c5c04c dirty=1020.07MiB
INFO [01-16|04:24:49.331] Chain head was updated                   number=16,416,948 hash=4a0f6e..c5c04c root=5ea003..24a930 elapsed=3.181057ms
INFO [01-16|04:24:49.333] Unindexed transactions                   blocks=1    txs=137     tail=14,066,949 elapsed=2.487ms
INFO [01-16|04:24:59.936] Imported new potential chain segment     blocks=1    txs=109     mgas=9.216   elapsed=88.937ms    mgasps=103.621 number=16,416,949 hash=529b28..dbfd58 dirty=1019.86MiB
INFO [01-16|04:24:59.990] Chain head was updated                   number=16,416,949 hash=529b28..dbfd58 root=b38ccd..36179e elapsed=2.332363ms
INFO [01-16|04:24:59.990] Unindexed transactions                   blocks=1    txs=15      tail=14,066,950 elapsed="375.8µs"
INFO [01-16|04:25:12.186] Imported new potential chain segment     blocks=1    txs=131     mgas=11.062  elapsed=220.637ms   mgasps=50.138  number=16,416,950 hash=f0673f..2d1849 dirty=1019.72MiB
INFO [01-16|04:25:12.206] Chain head was updated                   number=16,416,950 hash=f0673f..2d1849 root=72ee43..91e0d6 elapsed=7.440243ms
INFO [01-16|04:25:12.210] Unindexed transactions                   blocks=1    txs=315     tail=14,066,951 elapsed=4.314ms
ERROR[01-16|04:25:20.768] Error in block freeze operation          err="block receipts missing, can't freeze block 15256595"
INFO [01-16|04:25:24.223] Imported new potential chain segment     blocks=1    txs=123     mgas=12.246  elapsed=109.450ms   mgasps=111.886 number=16,416,951 hash=1e25e2..62ebcd dirty=1019.72MiB
INFO [01-16|04:25:24.238] Chain head was updated                   number=16,416,951 hash=1e25e2..62ebcd root=eb41e9..1100d5 elapsed=2.886417ms
INFO [01-16|04:25:24.240] Unindexed transactions                   blocks=1    txs=117     tail=14,066,952 elapsed=1.909ms
INFO [01-16|04:25:37.267] Imported new potential chain segment     blocks=1    txs=131     mgas=16.225  elapsed=111.694ms   mgasps=145.260 number=16,416,952 hash=c70857..bc993d dirty=1019.01MiB
INFO [01-16|04:25:37.283] Chain head was updated                   number=16,416,952 hash=c70857..bc993d root=efeecd..8b8c51 elapsed=7.809032ms
INFO [01-16|04:25:37.283] Unindexed transactions                   blocks=1    txs=27      tail=14,066,953 elapsed="705.976µs"
INFO [01-16|04:25:47.946] Imported new potential chain segment     blocks=1    txs=95      mgas=10.952  elapsed=91.572ms    mgasps=119.604 number=16,416,953 hash=05de21..8905a7 dirty=1018.24MiB
INFO [01-16|04:25:47.978] Chain head was updated                   number=16,416,953 hash=05de21..8905a7 root=f44038..6b50dd elapsed=3.114833ms
INFO [01-16|04:25:47.979] Unindexed transactions                   blocks=1    txs=66      tail=14,066,954 elapsed="804.322µs"
INFO [01-16|04:26:00.536] Imported new potential chain segment     blocks=1    txs=193     mgas=22.529  elapsed=261.259ms   mgasps=86.234  number=16,416,954 hash=e7ecc2..bae350 dirty=1019.75MiB
INFO [01-16|04:26:00.548] Chain head was updated                   number=16,416,954 hash=e7ecc2..bae350 root=b6b63b..fca069 elapsed=5.355779ms
INFO [01-16|04:26:00.551] Unindexed transactions                   blocks=1    txs=144     tail=14,066,955 elapsed=2.129ms
INFO [01-16|04:26:12.727] Imported new potential chain segment     blocks=1    txs=145     mgas=13.523  elapsed=105.967ms   mgasps=127.618 number=16,416,955 hash=a91de3..13a20e dirty=1020.38MiB
INFO [01-16|04:26:12.740] Chain head was updated                   number=16,416,955 hash=a91de3..13a20e root=2daf4d..4dc130 elapsed=4.70296ms
INFO [01-16|04:26:12.741] Unindexed transactions                   blocks=1    txs=76      tail=14,066,956 elapsed="820.01µs"
ERROR[01-16|04:26:20.778] Error in block freeze operation          err="block receipts missing, can't freeze block 15256595"
INFO [01-16|04:26:24.770] Imported new potential chain segment     blocks=1    txs=150     mgas=17.066  elapsed=119.336ms   mgasps=143.003 number=16,416,956 hash=4ce497..28e752 dirty=1020.73MiB
INFO [01-16|04:26:24.791] Chain head was updated                   number=16,416,956 hash=4ce497..28e752 root=333573..225e9c elapsed=9.975325ms
INFO [01-16|04:26:24.797] Unindexed transactions                   blocks=1    txs=357     tail=14,066,957 elapsed=6.092ms
INFO [01-16|04:26:36.454] Imported new potential chain segment     blocks=1    txs=132     mgas=13.568  elapsed=114.294ms   mgasps=118.712 number=16,416,957 hash=45e5cc..736f7f dirty=1020.61MiB
INFO [01-16|04:26:36.469] Chain head was updated                   number=16,416,957 hash=45e5cc..736f7f root=407818..0999f7 elapsed=3.910155ms
INFO [01-16|04:26:36.472] Unindexed transactions                   blocks=1    txs=132     tail=14,066,958 elapsed=2.316ms
INFO [01-16|04:26:48.983] Imported new potential chain segment     blocks=1    txs=143     mgas=16.405  elapsed=147.317ms   mgasps=111.355 number=16,416,958 hash=8471bb..b9e637 dirty=1021.41MiB
INFO [01-16|04:26:48.998] Chain head was updated                   number=16,416,958 hash=8471bb..b9e637 root=015145..50f657 elapsed=5.512821ms
INFO [01-16|04:26:48.999] Unindexed transactions                   blocks=1    txs=22      tail=14,066,959 elapsed=1.012ms
INFO [01-16|04:27:00.974] Imported new potential chain segment     blocks=1    txs=94      mgas=9.226   elapsed=66.296ms    mgasps=139.167 number=16,416,959 hash=b5ffe8..a19fba dirty=1021.52MiB
INFO [01-16|04:27:01.023] Chain head was updated                   number=16,416,959 hash=b5ffe8..a19fba root=861960..43a6a9 elapsed=3.841397ms
INFO [01-16|04:27:01.025] Unindexed transactions                   blocks=1    txs=66      tail=14,066,960 elapsed=1.151ms
INFO [01-16|04:27:12.293] Imported new potential chain segment     blocks=1    txs=123     mgas=12.890  elapsed=114.573ms   mgasps=112.505 number=16,416,960 hash=613221..d97141 dirty=1021.15MiB
INFO [01-16|04:27:12.310] Chain head was updated                   number=16,416,960 hash=613221..d97141 root=86fb37..9b8808 elapsed=4.677004ms
INFO [01-16|04:27:12.312] Unindexed transactions                   blocks=1    txs=202     tail=14,066,961 elapsed=2.505ms
ERROR[01-16|04:27:20.782] Error in block freeze operation          err="block receipts missing, can't freeze block 15256595"
INFO [01-16|04:27:23.907] Imported new potential chain segment     blocks=1    txs=123     mgas=12.648  elapsed=116.696ms   mgasps=108.380 number=16,416,961 hash=ad2f44..31e290 dirty=1021.57MiB
INFO [01-16|04:27:23.921] Chain head was updated                   number=16,416,961 hash=ad2f44..31e290 root=19e543..58ef0d elapsed=2.765646ms
INFO [01-16|04:27:23.923] Unindexed transactions                   blocks=1    txs=130     tail=14,066,962 elapsed=1.611ms
INFO [01-16|04:27:35.877] Imported new potential chain segment     blocks=1    txs=112     mgas=13.154  elapsed=139.395ms   mgasps=94.365  number=16,416,962 hash=567717..306bb3 dirty=1021.83MiB
INFO [01-16|04:27:35.892] Chain head was updated                   number=16,416,962 hash=567717..306bb3 root=c114c8..1907fc elapsed=3.120008ms
INFO [01-16|04:27:35.898] Unindexed transactions                   blocks=1    txs=194     tail=14,066,963 elapsed=5.835ms
INFO [01-16|04:27:47.910] Imported new potential chain segment     blocks=1    txs=126     mgas=11.912  elapsed=133.925ms   mgasps=88.944  number=16,416,963 hash=150502..7ebbc6 dirty=1021.88MiB
INFO [01-16|04:27:47.932] Chain head was updated                   number=16,416,963 hash=150502..7ebbc6 root=486d39..171c2b elapsed=4.384811ms
INFO [01-16|04:27:47.942] Unindexed transactions                   blocks=1    txs=74      tail=14,066,964 elapsed=6.731ms
INFO [01-16|04:28:00.587] Imported new potential chain segment     blocks=1    txs=80      mgas=29.990  elapsed=183.496ms   mgasps=163.435 number=16,416,964 hash=8e3b67..cd4cd5 dirty=1021.99MiB
INFO [01-16|04:28:00.599] Chain head was updated                   number=16,416,964 hash=8e3b67..cd4cd5 root=74c4ad..556a04 elapsed=2.925803ms
INFO [01-16|04:28:00.600] Unindexed transactions                   blocks=1    txs=59      tail=14,066,965 elapsed=1.212ms
INFO [01-16|04:28:13.489] Imported new potential chain segment     blocks=1    txs=185     mgas=17.869  elapsed=132.199ms   mgasps=135.168 number=16,416,965 hash=8965bf..c4082a dirty=1022.40MiB
INFO [01-16|04:28:13.511] Chain head was updated                   number=16,416,965 hash=8965bf..c4082a root=251556..2de044 elapsed=10.208543ms
INFO [01-16|04:28:13.516] Unindexed transactions                   blocks=1    txs=179     tail=14,066,966 elapsed=3.988ms