INFO [01-17|01:45:47.570] Unindexed transactions                   blocks=1    txs=378       tail=14,073,318 elapsed=7.763ms
INFO [01-17|01:46:01.511] Imported new potential chain segment     blocks=1    txs=216       mgas=29.971  elapsed=379.321ms   mgasps=79.012  number=16,423,318 hash=85b6bb..797020 dirty=1022.07MiB
INFO [01-17|01:46:01.537] Chain head was updated                   number=16,423,318 hash=85b6bb..797020 root=e5551e..225dbc elapsed=10.100199ms
INFO [01-17|01:46:01.542] Unindexed transactions                   blocks=1    txs=243       tail=14,073,319 elapsed=4.148ms
INFO [01-17|01:46:12.935] Imported new potential chain segment     blocks=1    txs=159       mgas=13.961  elapsed=120.063ms   mgasps=116.280 number=16,423,319 hash=b67a76..e3c719 dirty=1022.63MiB
INFO [01-17|01:46:13.003] Chain head was updated                   number=16,423,319 hash=b67a76..e3c719 root=5c1314..181696 elapsed=8.582502ms
INFO [01-17|01:46:13.004] Unindexed transactions                   blocks=1    txs=96        tail=14,073,320 elapsed=1.505ms
INFO [01-17|01:46:25.087] Imported new potential chain segment     blocks=1    txs=123       mgas=25.156  elapsed=181.125ms   mgasps=138.887 number=16,423,320 hash=a5843c..28851f dirty=1022.42MiB
INFO [01-17|01:46:25.109] Chain head was updated                   number=16,423,320 hash=a5843c..28851f root=40a8e4..ff90ab elapsed=8.033155ms
INFO [01-17|01:46:25.113] Unindexed transactions                   blocks=1    txs=181       tail=14,073,321 elapsed=3.146ms
ERROR[01-17|01:46:32.023] Error in block freeze operation          err="block receipts missing, can't freeze block 15256595"
INFO [01-17|01:46:35.498] Imported new potential chain segment     blocks=1    txs=30        mgas=2.884   elapsed=74.085ms    mgasps=38.925  number=16,423,321 hash=61a51c..6939fd dirty=1021.51MiB
INFO [01-17|01:46:35.547] Chain head was updated                   number=16,423,321 hash=61a51c..6939fd root=46082a..c6eed6 elapsed=1.22182ms
INFO [01-17|01:46:35.552] Unindexed transactions                   blocks=1    txs=244       tail=14,073,322 elapsed=4.950ms
WARN [01-17|01:46:45.546] Snapshot extension registration failed   peer=ac6f52bd err="peer connected on snap without compatible eth support"
INFO [01-17|01:46:48.301] Imported new potential chain segment     blocks=1    txs=204       mgas=27.174  elapsed=182.210ms   mgasps=149.137 number=16,423,322 hash=9e2a49..34d465 dirty=1022.72MiB
INFO [01-17|01:46:48.328] Chain head was updated                   number=16,423,322 hash=9e2a49..34d465 root=ea5bb0..451eb1 elapsed=12.454649ms
INFO [01-17|01:46:48.331] Unindexed transactions                   blocks=1    txs=133       tail=14,073,323 elapsed=3.146ms
INFO [01-17|01:47:00.324] Imported new potential chain segment     blocks=1    txs=108       mgas=14.952  elapsed=108.191ms   mgasps=138.203 number=16,423,323 hash=9cf8d6..8b8eb1 dirty=1021.85MiB
INFO [01-17|01:47:00.346] Chain head was updated                   number=16,423,323 hash=9cf8d6..8b8eb1 root=11f913..b9987a elapsed=8.836901ms
INFO [01-17|01:47:00.349] Unindexed transactions                   blocks=1    txs=225       tail=14,073,324 elapsed=2.632ms
INFO [01-17|01:47:15.237] Imported new potential chain segment     blocks=1    txs=108       mgas=14.166  elapsed=123.381ms   mgasps=114.817 number=16,423,324 hash=a39884..0f5c7b dirty=1021.60MiB
INFO [01-17|01:47:15.252] Chain head was updated                   number=16,423,324 hash=a39884..0f5c7b root=0ee5b2..d9ce76 elapsed=6.388729ms
INFO [01-17|01:47:15.253] Unindexed transactions                   blocks=1    txs=47        tail=14,073,325 elapsed=1.269ms
INFO [01-17|01:47:24.089] Imported new potential chain segment     blocks=1    txs=137       mgas=13.441  elapsed=108.261ms   mgasps=124.152 number=16,423,325 hash=31cf72..a345b6 dirty=1022.09MiB
INFO [01-17|01:47:24.104] Chain head was updated                   number=16,423,325 hash=31cf72..a345b6 root=c3ffbf..28fefb elapsed=3.122765ms
INFO [01-17|01:47:24.107] Unindexed transactions                   blocks=1    txs=209       tail=14,073,326 elapsed=3.480ms
ERROR[01-17|01:47:32.029] Error in block freeze operation          err="block receipts missing, can't freeze block 15256595"
INFO [01-17|01:47:35.989] Imported new potential chain segment     blocks=1    txs=128       mgas=15.065  elapsed=140.451ms   mgasps=107.261 number=16,423,326 hash=8c1839..eaecdf dirty=1022.40MiB
INFO [01-17|01:47:36.001] Chain head was updated                   number=16,423,326 hash=8c1839..eaecdf root=b633e8..1d5b34 elapsed=4.717037ms
INFO [01-17|01:47:36.006] Unindexed transactions                   blocks=1    txs=209       tail=14,073,327 elapsed=5.371ms
INFO [01-17|01:47:48.274] Imported new potential chain segment     blocks=1    txs=107       mgas=13.849  elapsed=98.520ms    mgasps=140.571 number=16,423,327 hash=bdde43..2aca85 dirty=1022.47MiB
INFO [01-17|01:47:48.289] Chain head was updated                   number=16,423,327 hash=bdde43..2aca85 root=ed76f7..70dfb6 elapsed=5.090367ms
INFO [01-17|01:47:48.290] Unindexed transactions                   blocks=1    txs=14        tail=14,073,328 elapsed="786.96µs"
INFO [01-17|01:48:00.380] Imported new potential chain segment     blocks=1    txs=122       mgas=14.814  elapsed=170.353ms   mgasps=86.959  number=16,423,328 hash=373fa4..dbe79c dirty=1022.52MiB
INFO [01-17|01:48:00.397] Chain head was updated                   number=16,423,328 hash=373fa4..dbe79c root=93e7cb..701731 elapsed=3.209976ms
INFO [01-17|01:48:00.400] Unindexed transactions                   blocks=1    txs=100       tail=14,073,329 elapsed=2.734ms
INFO [01-17|01:48:12.711] Imported new potential chain segment     blocks=1    txs=139       mgas=14.719  elapsed=119.699ms   mgasps=122.967 number=16,423,329 hash=da2e5f..376b4e dirty=1022.50MiB
INFO [01-17|01:48:12.742] Chain head was updated                   number=16,423,329 hash=da2e5f..376b4e root=fd8a2d..da9179 elapsed=5.650798ms
INFO [01-17|01:48:12.747] Unindexed transactions                   blocks=1    txs=322       tail=14,073,330 elapsed=4.358ms
INFO [01-17|01:48:25.191] Imported new potential chain segment     blocks=1    txs=107       mgas=20.482  elapsed=191.802ms   mgasps=106.785 number=16,423,330 hash=63a79e..9f2541 dirty=1023.02MiB
INFO [01-17|01:48:25.208] Chain head was updated                   number=16,423,330 hash=63a79e..9f2541 root=443a50..395f2b elapsed=5.158861ms
INFO [01-17|01:48:25.210] Unindexed transactions                   blocks=1    txs=59        tail=14,073,331 elapsed=1.466ms
ERROR[01-17|01:48:32.039] Error in block freeze operation          err="block receipts missing, can't freeze block 15256595"
INFO [01-17|01:48:36.306] Imported new potential chain segment     blocks=1    txs=112       mgas=10.629  elapsed=110.208ms   mgasps=96.446  number=16,423,331 hash=a246f3..22fafd dirty=1022.80MiB
INFO [01-17|01:48:36.321] Chain head was updated                   number=16,423,331 hash=a246f3..22fafd root=4afdcb..25e29a elapsed=2.709576ms
INFO [01-17|01:48:36.323] Unindexed transactions                   blocks=1    txs=140       tail=14,073,332 elapsed=2.373ms
INFO [01-17|01:48:48.728] Imported new potential chain segment     blocks=1    txs=110       mgas=13.315  elapsed=120.155ms   mgasps=110.818 number=16,423,332 hash=fa4e36..a636f7 dirty=1022.82MiB
INFO [01-17|01:48:48.743] Chain head was updated                   number=16,423,332 hash=fa4e36..a636f7 root=160a82..229377 elapsed=3.122321ms
INFO [01-17|01:48:48.746] Unindexed transactions                   blocks=1    txs=114       tail=14,073,333 elapsed=2.397ms
INFO [01-17|01:49:01.522] Imported new potential chain segment     blocks=1    txs=107       mgas=12.841  elapsed=110.689ms   mgasps=116.014 number=16,423,333 hash=d4388a..7d2172 dirty=1022.99MiB
INFO [01-17|01:49:01.536] Chain head was updated                   number=16,423,333 hash=d4388a..7d2172 root=a9b6e9..8718da elapsed=2.409353ms
INFO [01-17|01:49:01.538] Unindexed transactions                   blocks=1    txs=103       tail=14,073,334 elapsed=2.263ms
INFO [01-17|01:49:12.497] Imported new potential chain segment     blocks=1    txs=59        mgas=16.721  elapsed=388.438ms   mgasps=43.047  number=16,423,334 hash=a0059f..1a1693 dirty=1022.86MiB
INFO [01-17|01:49:12.519] Chain head was updated                   number=16,423,334 hash=a0059f..1a1693 root=b88a5e..f57a50 elapsed=9.590672ms
INFO [01-17|01:49:12.520] Unindexed transactions                   blocks=1    txs=14        tail=14,073,335 elapsed="685.353µs"
INFO [01-17|01:49:24.424] Imported new potential chain segment     blocks=1    txs=189       mgas=19.479  elapsed=167.193ms   mgasps=116.506 number=16,423,335 hash=3f11e8..ceed05 dirty=1022.32MiB
INFO [01-17|01:49:24.445] Chain head was updated                   number=16,423,335 hash=3f11e8..ceed05 root=24eb51..bb9754 elapsed=10.610714ms
INFO [01-17|01:49:24.452] Unindexed transactions                   blocks=1    txs=341       tail=14,073,336 elapsed=6.656ms
ERROR[01-17|01:49:32.057] Error in block freeze operation          err="block receipts missing, can't freeze block 15256595"
INFO [01-17|01:49:35.630] Imported new potential chain segment     blocks=1    txs=61        mgas=5.520   elapsed=81.187ms    mgasps=67.985  number=16,423,336 hash=8c8ba8..1b80d5 dirty=1022.11MiB
INFO [01-17|01:49:35.641] Chain head was updated                   number=16,423,336 hash=8c8ba8..1b80d5 root=dfa87d..d18d10 elapsed=2.425119ms
INFO [01-17|01:49:35.644] Unindexed transactions                   blocks=1    txs=142       tail=14,073,337 elapsed=2.911ms
INFO [01-17|01:49:48.546] Imported new potential chain segment     blocks=1    txs=153       mgas=15.160  elapsed=148.662ms   mgasps=101.977 number=16,423,337 hash=01067f..00b765 dirty=1022.51MiB
INFO [01-17|01:49:48.566] Chain head was updated                   number=16,423,337 hash=01067f..00b765 root=29f575..068cc3 elapsed=9.15142ms
INFO [01-17|01:49:48.569] Unindexed transactions                   blocks=1    txs=178       tail=14,073,338 elapsed=3.193ms
INFO [01-17|01:49:59.817] Imported new potential chain segment     blocks=1    txs=109       mgas=10.051  elapsed=146.962ms   mgasps=68.394  number=16,423,338 hash=d790e4..8d90b6 dirty=1022.68MiB
INFO [01-17|01:49:59.833] Chain head was updated                   number=16,423,338 hash=d790e4..8d90b6 root=cf29d9..81b8ee elapsed=5.019569ms
INFO [01-17|01:49:59.837] Unindexed transactions                   blocks=1    txs=193       tail=14,073,339 elapsed=4.114ms
WARN [01-17|01:50:06.141] Snapshot extension registration failed   peer=68e488f4 err="peer connected on snap without compatible eth support"
INFO [01-17|01:50:13.578] Imported new potential chain segment     blocks=1    txs=154       mgas=20.940  elapsed=134.917ms   mgasps=155.202 number=16,423,339 hash=b414a4..b894c5 dirty=1022.65MiB
INFO [01-17|01:50:13.591] Chain head was updated                   number=16,423,339 hash=b414a4..b894c5 root=96b29d..3741e3 elapsed=4.415123ms
INFO [01-17|01:50:13.595] Unindexed transactions                   blocks=1    txs=190       tail=14,073,340 elapsed=4.144ms
INFO [01-17|01:50:25.097] Imported new potential chain segment     blocks=1    txs=153       mgas=17.545  elapsed=181.032ms   mgasps=96.917  number=16,423,340 hash=79a3e4..23c00f dirty=1023.52MiB
INFO [01-17|01:50:25.123] Chain head was updated                   number=16,423,340 hash=79a3e4..23c00f root=4a96b3..55f6d5 elapsed=11.337881ms
INFO [01-17|01:50:25.127] Unindexed transactions                   blocks=1    txs=161       tail=14,073,341 elapsed=3.605ms
ERROR[01-17|01:50:32.071] Error in block freeze operation          err="block receipts missing, can't freeze block 15256595"
INFO [01-17|01:50:36.795] Imported new potential chain segment     blocks=1    txs=111       mgas=10.440  elapsed=122.501ms   mgasps=85.222  number=16,423,341 hash=b837b9..bccc83 dirty=1021.63MiB
INFO [01-17|01:50:36.810] Chain head was updated                   number=16,423,341 hash=b837b9..bccc83 root=cb1f85..8464f3 elapsed=5.190732ms
INFO [01-17|01:50:36.810] Unindexed transactions                   blocks=1    txs=8         tail=14,073,342 elapsed="378.448µs"
INFO [01-17|01:50:48.246] Imported new potential chain segment     blocks=1    txs=125       mgas=11.722  elapsed=91.735ms    mgasps=127.777 number=16,423,342 hash=58c86b..0b248b dirty=1021.68MiB
INFO [01-17|01:50:48.275] Chain head was updated                   number=16,423,342 hash=58c86b..0b248b root=2c9a2b..2aa0a6 elapsed=3.529733ms
INFO [01-17|01:50:48.281] Unindexed transactions                   blocks=1    txs=251       tail=14,073,343 elapsed=4.905ms
INFO [01-17|01:50:59.634] Imported new potential chain segment     blocks=1    txs=31        mgas=9.767   elapsed=121.230ms   mgasps=80.566  number=16,423,343 hash=e4af89..1dcc59 dirty=1021.73MiB
INFO [01-17|01:50:59.648] Chain head was updated                   number=16,423,343 hash=e4af89..1dcc59 root=69a3cb..381f24 elapsed=5.809978ms
INFO [01-17|01:50:59.653] Unindexed transactions                   blocks=1    txs=230       tail=14,073,344 elapsed=4.766ms
INFO [01-17|01:51:12.593] Imported new potential chain segment     blocks=1    txs=262       mgas=29.979  elapsed=250.214ms   mgasps=119.814 number=16,423,344 hash=4d58ca..bd1c64 dirty=1022.51MiB
INFO [01-17|01:51:12.626] Chain head was updated                   number=16,423,344 hash=4d58ca..bd1c64 root=9000dd..f4b078 elapsed=16.03967ms
INFO [01-17|01:51:12.628] Unindexed transactions                   blocks=1    txs=69        tail=14,073,345 elapsed=1.486ms
INFO [01-17|01:51:26.030] Imported new potential chain segment     blocks=1    txs=122       mgas=13.234  elapsed=149.983ms   mgasps=88.237  number=16,423,345 hash=205494..fb1812 dirty=1022.79MiB
INFO [01-17|01:51:26.051] Chain head was updated                   number=16,423,345 hash=205494..fb1812 root=5061d2..c39246 elapsed=6.740698ms
INFO [01-17|01:51:26.058] Unindexed transactions                   blocks=1    txs=289       tail=14,073,346 elapsed=7.044ms