INFO [01-17|01:40:48.738] Unindexed transactions                   blocks=1    txs=146       tail=14,073,293 elapsed=2.098ms
INFO [01-17|01:41:00.321] Imported new potential chain segment     blocks=1    txs=128       mgas=11.302  elapsed=125.436ms   mgasps=90.105  number=16,423,293 hash=49d338..4a20dc dirty=1022.33MiB
INFO [01-17|01:41:00.340] Chain head was updated                   number=16,423,293 hash=49d338..4a20dc root=b66a86..a60969 elapsed=5.75334ms
INFO [01-17|01:41:00.341] Unindexed transactions                   blocks=1    txs=33        tail=14,073,294 elapsed=1.494ms
INFO [01-17|01:41:12.776] Imported new potential chain segment     blocks=1    txs=202       mgas=18.658  elapsed=150.156ms   mgasps=124.254 number=16,423,294 hash=0109e1..0f9152 dirty=1022.68MiB
INFO [01-17|01:41:12.795] Chain head was updated                   number=16,423,294 hash=0109e1..0f9152 root=db9fa2..3e64f7 elapsed=4.739932ms
INFO [01-17|01:41:12.797] Unindexed transactions                   blocks=1    txs=124       tail=14,073,295 elapsed=2.583ms
INFO [01-17|01:41:24.363] Imported new potential chain segment     blocks=1    txs=159       mgas=13.569  elapsed=147.880ms   mgasps=91.758  number=16,423,295 hash=5fbf4c..eeb128 dirty=1022.53MiB
INFO [01-17|01:41:24.384] Chain head was updated                   number=16,423,295 hash=5fbf4c..eeb128 root=e8a20a..0c6e1d elapsed=7.6728ms
INFO [01-17|01:41:24.386] Unindexed transactions                   blocks=1    txs=231       tail=14,073,296 elapsed=2.185ms
ERROR[01-17|01:41:31.971] Error in block freeze operation          err="block receipts missing, can't freeze block 15256595"
INFO [01-17|01:41:37.514] Imported new potential chain segment     blocks=1    txs=128       mgas=11.608  elapsed=104.375ms   mgasps=111.213 number=16,423,296 hash=48ce8d..8eb4f1 dirty=1022.70MiB
INFO [01-17|01:41:37.533] Chain head was updated                   number=16,423,296 hash=48ce8d..8eb4f1 root=33671a..67cd63 elapsed=6.849692ms
INFO [01-17|01:41:37.537] Unindexed transactions                   blocks=1    txs=303       tail=14,073,297 elapsed=3.989ms
INFO [01-17|01:41:41.864] Writing clean trie cache to disk         path=/home/long/nvme/data-dir/geth/triecache threads=1
INFO [01-17|01:41:41.865] Regenerated local transaction journal    transactions=0 accounts=0
INFO [01-17|01:41:42.978] Persisted the clean trie cache           path=/home/long/nvme/data-dir/geth/triecache elapsed=1.113s
INFO [01-17|01:41:49.581] Imported new potential chain segment     blocks=1    txs=134       mgas=19.484  elapsed=122.972ms   mgasps=158.441 number=16,423,297 hash=cdcf20..7ef4fa dirty=1022.11MiB
INFO [01-17|01:41:49.609] Chain head was updated                   number=16,423,297 hash=cdcf20..7ef4fa root=85bdd7..e3999f elapsed=11.569571ms
INFO [01-17|01:41:49.615] Unindexed transactions                   blocks=1    txs=492       tail=14,073,298 elapsed=5.294ms
INFO [01-17|01:42:00.337] Imported new potential chain segment     blocks=1    txs=73        mgas=8.510   elapsed=95.557ms    mgasps=89.053  number=16,423,298 hash=c21dd2..5a243b dirty=1021.86MiB
INFO [01-17|01:42:00.370] Chain head was updated                   number=16,423,298 hash=c21dd2..5a243b root=37b840..2dc3a4 elapsed=2.403373ms
INFO [01-17|01:42:00.373] Unindexed transactions                   blocks=1    txs=361       tail=14,073,299 elapsed=3.155ms
INFO [01-17|01:42:12.702] Imported new potential chain segment     blocks=1    txs=181       mgas=17.633  elapsed=177.191ms   mgasps=99.516  number=16,423,299 hash=35adce..bf6d52 dirty=1022.37MiB
INFO [01-17|01:42:12.722] Chain head was updated                   number=16,423,299 hash=35adce..bf6d52 root=90c2b3..980cef elapsed=6.128932ms
INFO [01-17|01:42:12.726] Unindexed transactions                   blocks=1    txs=215       tail=14,073,300 elapsed=2.862ms
INFO [01-17|01:42:24.484] Imported new potential chain segment     blocks=1    txs=118       mgas=16.367  elapsed=361.978ms   mgasps=45.215  number=16,423,300 hash=2bc1cb..913962 dirty=1022.47MiB
INFO [01-17|01:42:24.502] Chain head was updated                   number=16,423,300 hash=2bc1cb..913962 root=bf091e..19ccfd elapsed=8.874181ms
INFO [01-17|01:42:24.508] Unindexed transactions                   blocks=1    txs=264       tail=14,073,301 elapsed=6.226ms
ERROR[01-17|01:42:31.981] Error in block freeze operation          err="block receipts missing, can't freeze block 15256595"
INFO [01-17|01:42:37.355] Imported new potential chain segment     blocks=1    txs=119       mgas=13.166  elapsed=124.131ms   mgasps=106.065 number=16,423,301 hash=f68369..94f871 dirty=1022.56MiB
INFO [01-17|01:42:37.375] Chain head was updated                   number=16,423,301 hash=f68369..94f871 root=fb91e9..4ea70c elapsed=7.825863ms
INFO [01-17|01:42:37.376] Unindexed transactions                   blocks=1    txs=25        tail=14,073,302 elapsed=1.123ms
INFO [01-17|01:42:47.915] Imported new potential chain segment     blocks=1    txs=97        mgas=11.942  elapsed=99.667ms    mgasps=119.820 number=16,423,302 hash=a19f4c..62c0d9 dirty=1022.41MiB
INFO [01-17|01:42:47.932] Chain head was updated                   number=16,423,302 hash=a19f4c..62c0d9 root=933e80..312eb5 elapsed=7.04534ms
INFO [01-17|01:42:47.934] Unindexed transactions                   blocks=1    txs=57        tail=14,073,303 elapsed=1.360ms
INFO [01-17|01:43:01.010] Imported new potential chain segment     blocks=1    txs=79        mgas=13.452  elapsed=128.790ms   mgasps=104.452 number=16,423,303 hash=c0bcbe..b5f573 dirty=1022.35MiB
INFO [01-17|01:43:01.042] Chain head was updated                   number=16,423,303 hash=c0bcbe..b5f573 root=b23ccc..46cf0d elapsed=6.540622ms
INFO [01-17|01:43:01.050] Unindexed transactions                   blocks=1    txs=334       tail=14,073,304 elapsed=5.224ms
WARN [01-17|01:43:04.359] Snapshot extension registration failed   peer=bd651303 err="peer connected on snap without compatible eth support"
INFO [01-17|01:43:12.950] Imported new potential chain segment     blocks=1    txs=196       mgas=17.039  elapsed=133.507ms   mgasps=127.622 number=16,423,304 hash=80e0ae..fee56e dirty=1022.56MiB
INFO [01-17|01:43:12.972] Chain head was updated                   number=16,423,304 hash=80e0ae..fee56e root=8397df..e87060 elapsed=9.499992ms
INFO [01-17|01:43:12.976] Unindexed transactions                   blocks=1    txs=98        tail=14,073,305 elapsed=3.235ms
INFO [01-17|01:43:24.353] Imported new potential chain segment     blocks=1    txs=113       mgas=13.316  elapsed=108.911ms   mgasps=122.266 number=16,423,305 hash=cb94f8..bc8509 dirty=1022.75MiB
INFO [01-17|01:43:24.369] Chain head was updated                   number=16,423,305 hash=cb94f8..bc8509 root=cc664f..405683 elapsed=7.774055ms
INFO [01-17|01:43:24.370] Unindexed transactions                   blocks=1    txs=0         tail=14,073,306 elapsed="191.055µs"
ERROR[01-17|01:43:31.985] Error in block freeze operation          err="block receipts missing, can't freeze block 15256595"
INFO [01-17|01:43:35.586] Imported new potential chain segment     blocks=1    txs=109       mgas=10.462  elapsed=143.616ms   mgasps=72.843  number=16,423,306 hash=bc46d3..d2fc1f dirty=1022.43MiB
INFO [01-17|01:43:35.600] Chain head was updated                   number=16,423,306 hash=bc46d3..d2fc1f root=ada1d0..399b7f elapsed=6.679311ms
INFO [01-17|01:43:35.609] Unindexed transactions                   blocks=1    txs=253       tail=14,073,307 elapsed=8.917ms
INFO [01-17|01:43:49.336] Imported new potential chain segment     blocks=1    txs=114       mgas=13.223  elapsed=174.515ms   mgasps=75.771  number=16,423,307 hash=053a81..c4634e dirty=1022.66MiB
INFO [01-17|01:43:49.355] Chain head was updated                   number=16,423,307 hash=053a81..c4634e root=217c64..d52e64 elapsed=8.290032ms
INFO [01-17|01:43:49.358] Unindexed transactions                   blocks=1    txs=81        tail=14,073,308 elapsed=2.051ms
INFO [01-17|01:44:00.287] Imported new potential chain segment     blocks=1    txs=140       mgas=13.294  elapsed=168.314ms   mgasps=78.983  number=16,423,308 hash=69bde0..e17fb3 dirty=1022.71MiB
INFO [01-17|01:44:00.309] Chain head was updated                   number=16,423,308 hash=69bde0..e17fb3 root=e49e94..4dd79c elapsed=8.693905ms
INFO [01-17|01:44:00.312] Unindexed transactions                   blocks=1    txs=222       tail=14,073,309 elapsed=2.116ms
INFO [01-17|01:44:12.621] Imported new potential chain segment     blocks=1    txs=210       mgas=29.808  elapsed=521.720ms   mgasps=57.135  number=16,423,309 hash=4c601f..1f8b0b dirty=1022.48MiB
INFO [01-17|01:44:12.650] Chain head was updated                   number=16,423,309 hash=4c601f..1f8b0b root=4a9db5..807d49 elapsed=16.20358ms
INFO [01-17|01:44:12.651] Unindexed transactions                   blocks=1    txs=75        tail=14,073,310 elapsed="923.979µs"
INFO [01-17|01:44:23.932] Imported new potential chain segment     blocks=1    txs=40        mgas=4.666   elapsed=65.273ms    mgasps=71.486  number=16,423,310 hash=1457e5..ae59b1 dirty=1022.00MiB
INFO [01-17|01:44:23.962] Chain head was updated                   number=16,423,310 hash=1457e5..ae59b1 root=a2065f..204141 elapsed=1.688767ms
INFO [01-17|01:44:23.969] Unindexed transactions                   blocks=1    txs=463       tail=14,073,311 elapsed=7.037ms
ERROR[01-17|01:44:32.002] Error in block freeze operation          err="block receipts missing, can't freeze block 15256595"
INFO [01-17|01:44:37.138] Imported new potential chain segment     blocks=1    txs=185       mgas=24.381  elapsed=162.774ms   mgasps=149.782 number=16,423,311 hash=ad2e75..9121bd dirty=1022.90MiB
INFO [01-17|01:44:37.166] Chain head was updated                   number=16,423,311 hash=ad2e75..9121bd root=a3da96..b41e89 elapsed=12.698763ms
INFO [01-17|01:44:37.171] Unindexed transactions                   blocks=1    txs=243       tail=14,073,312 elapsed=5.056ms
INFO [01-17|01:44:48.336] Imported new potential chain segment     blocks=1    txs=123       mgas=14.877  elapsed=151.901ms   mgasps=97.937  number=16,423,312 hash=4a2316..fe25c6 dirty=1022.38MiB
INFO [01-17|01:44:48.352] Chain head was updated                   number=16,423,312 hash=4a2316..fe25c6 root=dc88fa..da871d elapsed=7.840693ms
INFO [01-17|01:44:48.355] Unindexed transactions                   blocks=1    txs=106       tail=14,073,313 elapsed=2.643ms
INFO [01-17|01:45:00.217] Imported new potential chain segment     blocks=1    txs=103       mgas=15.204  elapsed=114.770ms   mgasps=132.475 number=16,423,313 hash=790f3f..8c359a dirty=1022.98MiB
INFO [01-17|01:45:00.231] Chain head was updated                   number=16,423,313 hash=790f3f..8c359a root=70aa82..d6b1fe elapsed=5.258075ms
INFO [01-17|01:45:00.236] Unindexed transactions                   blocks=1    txs=252       tail=14,073,314 elapsed=5.359ms
INFO [01-17|01:45:12.830] Imported new potential chain segment     blocks=1    txs=140       mgas=15.496  elapsed=134.078ms   mgasps=115.571 number=16,423,314 hash=69743e..4cca19 dirty=1022.52MiB
INFO [01-17|01:45:12.853] Chain head was updated                   number=16,423,314 hash=69743e..4cca19 root=4e90a7..eef273 elapsed=7.725328ms
INFO [01-17|01:45:12.854] Unindexed transactions                   blocks=1    txs=44        tail=14,073,315 elapsed=1.208ms
INFO [01-17|01:45:23.924] Imported new potential chain segment     blocks=1    txs=103       mgas=11.141  elapsed=105.131ms   mgasps=105.975 number=16,423,315 hash=b4f36b..6aeea4 dirty=1022.58MiB
INFO [01-17|01:45:23.940] Chain head was updated                   number=16,423,315 hash=b4f36b..6aeea4 root=36da2a..ae1da2 elapsed=3.608388ms
INFO [01-17|01:45:23.948] Unindexed transactions                   blocks=1    txs=386       tail=14,073,316 elapsed=7.121ms
ERROR[01-17|01:45:32.013] Error in block freeze operation          err="block receipts missing, can't freeze block 15256595"
INFO [01-17|01:45:37.105] Imported new potential chain segment     blocks=1    txs=117       mgas=15.861  elapsed=146.903ms   mgasps=107.971 number=16,423,316 hash=43ea3a..b151f0 dirty=1022.59MiB
INFO [01-17|01:45:37.125] Chain head was updated                   number=16,423,316 hash=43ea3a..b151f0 root=bd4b13..480b55 elapsed=8.252623ms
INFO [01-17|01:45:37.127] Unindexed transactions                   blocks=1    txs=88        tail=14,073,317 elapsed=1.954ms
INFO [01-17|01:45:47.521] Imported new potential chain segment     blocks=1    txs=23        mgas=1.710   elapsed=39.692ms    mgasps=43.077  number=16,423,317 hash=14e59a..b1b7a8 dirty=1021.46MiB
INFO [01-17|01:45:47.563] Chain head was updated                   number=16,423,317 hash=14e59a..b1b7a8 root=4cf8ae..d458bd elapsed=1.267578ms
INFO [01-17|01:45:47.570] Unindexed transactions                   blocks=1    txs=378       tail=14,073,318 elapsed=7.763ms
INFO [01-17|01:46:01.511] Imported new potential chain segment     blocks=1    txs=216       mgas=29.971  elapsed=379.321ms   mgasps=79.012  number=16,423,318 hash=85b6bb..797020 dirty=1022.07MiB
INFO [01-17|01:46:01.537] Chain head was updated                   number=16,423,318 hash=85b6bb..797020 root=e5551e..225dbc elapsed=10.100199ms
INFO [01-17|01:46:01.542] Unindexed transactions                   blocks=1    txs=243       tail=14,073,319 elapsed=4.148ms
INFO [01-17|01:46:12.935] Imported new potential chain segment     blocks=1    txs=159       mgas=13.961  elapsed=120.063ms   mgasps=116.280 number=16,423,319 hash=b67a76..e3c719 dirty=1022.63MiB
INFO [01-17|01:46:13.003] Chain head was updated                   number=16,423,319 hash=b67a76..e3c719 root=5c1314..181696 elapsed=8.582502ms
INFO [01-17|01:46:13.004] Unindexed transactions                   blocks=1    txs=96        tail=14,073,320 elapsed=1.505ms
INFO [01-17|01:46:25.087] Imported new potential chain segment     blocks=1    txs=123       mgas=25.156  elapsed=181.125ms   mgasps=138.887 number=16,423,320 hash=a5843c..28851f dirty=1022.42MiB
INFO [01-17|01:46:25.109] Chain head was updated                   number=16,423,320 hash=a5843c..28851f root=40a8e4..ff90ab elapsed=8.033155ms
INFO [01-17|01:46:25.113] Unindexed transactions                   blocks=1    txs=181       tail=14,073,321 elapsed=3.146ms