INFO [01-16|23:20:25.303] Unindexed transactions                   blocks=1    txs=326       tail=14,072,597 elapsed=6.255ms
INFO [01-16|23:20:35.765] Imported new potential chain segment     blocks=1    txs=89        mgas=10.913  elapsed=72.475ms    mgasps=150.577 number=16,422,597 hash=71fcaf..f0f545 dirty=1014.52MiB
INFO [01-16|23:20:35.809] Chain head was updated                   number=16,422,597 hash=71fcaf..f0f545 root=2efc08..d0f928 elapsed=5.243117ms
INFO [01-16|23:20:35.811] Unindexed transactions                   blocks=1    txs=71        tail=14,072,598 elapsed=1.814ms
INFO [01-16|23:20:49.359] Imported new potential chain segment     blocks=1    txs=329       mgas=22.324  elapsed=161.269ms   mgasps=138.423 number=16,422,598 hash=629e30..e9f8d5 dirty=1015.30MiB
INFO [01-16|23:20:49.377] Chain head was updated                   number=16,422,598 hash=629e30..e9f8d5 root=f59845..6cd015 elapsed=4.970482ms
INFO [01-16|23:20:49.380] Unindexed transactions                   blocks=1    txs=393       tail=14,072,599 elapsed=2.745ms
INFO [01-16|23:21:00.680] Imported new potential chain segment     blocks=1    txs=119       mgas=9.446   elapsed=71.663ms    mgasps=131.810 number=16,422,599 hash=60f153..a15503 dirty=1015.10MiB
INFO [01-16|23:21:00.721] Chain head was updated                   number=16,422,599 hash=60f153..a15503 root=10db0d..b5aacc elapsed=5.326807ms
INFO [01-16|23:21:00.727] Unindexed transactions                   blocks=1    txs=267       tail=14,072,600 elapsed=5.462ms
ERROR[01-16|23:21:08.755] Error in block freeze operation          err="block receipts missing, can't freeze block 15256595"
INFO [01-16|23:21:12.117] Imported new potential chain segment     blocks=1    txs=129       mgas=10.836  elapsed=134.322ms   mgasps=80.668  number=16,422,600 hash=1f5629..b64ef5 dirty=1015.27MiB
INFO [01-16|23:21:12.133] Chain head was updated                   number=16,422,600 hash=1f5629..b64ef5 root=1e7a7d..2b713d elapsed=3.815765ms
INFO [01-16|23:21:12.137] Unindexed transactions                   blocks=1    txs=264       tail=14,072,601 elapsed=3.041ms
INFO [01-16|23:21:24.455] Imported new potential chain segment     blocks=1    txs=781       mgas=29.985  elapsed=231.236ms   mgasps=129.673 number=16,422,601 hash=a4c64a..dca2e9 dirty=1016.74MiB
INFO [01-16|23:21:24.491] Chain head was updated                   number=16,422,601 hash=a4c64a..dca2e9 root=f690d0..82b8b1 elapsed=18.332464ms
INFO [01-16|23:21:24.491] Unindexed transactions                   blocks=1    txs=17        tail=14,072,602 elapsed="720.765µs"
INFO [01-16|23:21:36.534] Imported new potential chain segment     blocks=1    txs=94        mgas=13.566  elapsed=111.667ms   mgasps=121.490 number=16,422,602 hash=9ddf28..f5f8aa dirty=1016.57MiB
INFO [01-16|23:21:36.552] Chain head was updated                   number=16,422,602 hash=9ddf28..f5f8aa root=d0744d..ffc2fa elapsed=3.419518ms
INFO [01-16|23:21:36.554] Unindexed transactions                   blocks=1    txs=156       tail=14,072,603 elapsed=1.327ms
INFO [01-16|23:21:47.953] Imported new potential chain segment     blocks=1    txs=132       mgas=13.176  elapsed=118.535ms   mgasps=111.154 number=16,422,603 hash=d5e491..bcedd1 dirty=1016.79MiB
INFO [01-16|23:21:47.974] Chain head was updated                   number=16,422,603 hash=d5e491..bcedd1 root=a75b99..23cc4b elapsed=7.816683ms
INFO [01-16|23:21:47.975] Unindexed transactions                   blocks=1    txs=18        tail=14,072,604 elapsed="730.576µs"
INFO [01-16|23:22:00.480] Imported new potential chain segment     blocks=1    txs=132       mgas=13.344  elapsed=78.437ms    mgasps=170.129 number=16,422,604 hash=73cf6f..e6b2ee dirty=1017.75MiB
INFO [01-16|23:22:00.500] Chain head was updated                   number=16,422,604 hash=73cf6f..e6b2ee root=181581..86f566 elapsed=3.48574ms
INFO [01-16|23:22:00.504] Unindexed transactions                   blocks=1    txs=149       tail=14,072,605 elapsed=3.232ms
ERROR[01-16|23:22:08.770] Error in block freeze operation          err="block receipts missing, can't freeze block 15256595"
INFO [01-16|23:22:12.172] Imported new potential chain segment     blocks=1    txs=141       mgas=8.509   elapsed=146.623ms   mgasps=58.030  number=16,422,605 hash=68819d..24bf7d dirty=1016.31MiB
INFO [01-16|23:22:12.186] Chain head was updated                   number=16,422,605 hash=68819d..24bf7d root=73148c..bc4f32 elapsed=3.427519ms
INFO [01-16|23:22:12.192] Unindexed transactions                   blocks=1    txs=85        tail=14,072,606 elapsed=1.256ms
INFO [01-16|23:22:24.317] Imported new potential chain segment     blocks=1    txs=155       mgas=13.301  elapsed=105.246ms   mgasps=126.376 number=16,422,606 hash=ecf1f5..1d2db4 dirty=1016.44MiB
INFO [01-16|23:22:24.335] Chain head was updated                   number=16,422,606 hash=ecf1f5..1d2db4 root=b1c0bc..384baf elapsed=9.019827ms
INFO [01-16|23:22:24.336] Unindexed transactions                   blocks=1    txs=59        tail=14,072,607 elapsed=1.635ms
INFO [01-16|23:22:36.734] Imported new potential chain segment     blocks=1    txs=741       mgas=29.991  elapsed=198.833ms   mgasps=150.836 number=16,422,607 hash=fa1a5f..a97d2e dirty=1017.90MiB
INFO [01-16|23:22:36.762] Chain head was updated                   number=16,422,607 hash=fa1a5f..a97d2e root=334683..9da304 elapsed=12.038395ms
INFO [01-16|23:22:36.769] Unindexed transactions                   blocks=1    txs=401       tail=14,072,608 elapsed=7.333ms
INFO [01-16|23:22:52.427] Imported new potential chain segment     blocks=1    txs=121       mgas=9.108   elapsed=69.836ms    mgasps=130.419 number=16,422,608 hash=eb90b5..21c95d dirty=1017.99MiB
INFO [01-16|23:22:52.457] Chain head was updated                   number=16,422,608 hash=eb90b5..21c95d root=ac2082..9962d1 elapsed=3.124137ms
INFO [01-16|23:22:52.460] Unindexed transactions                   blocks=1    txs=273       tail=14,072,609 elapsed=2.753ms
INFO [01-16|23:23:00.292] Imported new potential chain segment     blocks=1    txs=109       mgas=12.531  elapsed=88.789ms    mgasps=141.132 number=16,422,609 hash=046fec..553ae9 dirty=1018.38MiB
INFO [01-16|23:23:00.314] Chain head was updated                   number=16,422,609 hash=046fec..553ae9 root=1e90d8..8cf797 elapsed=7.010245ms
INFO [01-16|23:23:00.315] Unindexed transactions                   blocks=1    txs=75        tail=14,072,610 elapsed=1.565ms
ERROR[01-16|23:23:08.778] Error in block freeze operation          err="block receipts missing, can't freeze block 15256595"
INFO [01-16|23:23:12.594] Imported new potential chain segment     blocks=1    txs=117       mgas=11.755  elapsed=85.923ms    mgasps=136.806 number=16,422,610 hash=7a4c16..7d50e3 dirty=1017.44MiB
INFO [01-16|23:23:12.603] Chain head was updated                   number=16,422,610 hash=7a4c16..7d50e3 root=78aae8..c1738a elapsed=3.124625ms
INFO [01-16|23:23:12.604] Unindexed transactions                   blocks=1    txs=37        tail=14,072,611 elapsed="948.95µs"
INFO [01-16|23:23:24.144] Imported new potential chain segment     blocks=1    txs=107       mgas=8.996   elapsed=71.173ms    mgasps=126.400 number=16,422,611 hash=e84d55..aec1b3 dirty=1017.14MiB
INFO [01-16|23:23:24.177] Chain head was updated                   number=16,422,611 hash=e84d55..aec1b3 root=6e0b2e..602759 elapsed=2.501236ms
INFO [01-16|23:23:24.180] Unindexed transactions                   blocks=1    txs=151       tail=14,072,612 elapsed=3.192ms
INFO [01-16|23:23:36.969] Imported new potential chain segment     blocks=1    txs=668       mgas=29.985  elapsed=152.519ms   mgasps=196.600 number=16,422,612 hash=e51f28..43da01 dirty=1018.47MiB
INFO [01-16|23:23:36.995] Chain head was updated                   number=16,422,612 hash=e51f28..43da01 root=aebc40..cadaa1 elapsed=15.052776ms
INFO [01-16|23:23:36.996] Unindexed transactions                   blocks=1    txs=28        tail=14,072,613 elapsed="898.056µs"
INFO [01-16|23:23:50.211] Imported new potential chain segment     blocks=1    txs=85        mgas=9.240   elapsed=104.661ms   mgasps=88.289  number=16,422,613 hash=75d207..168c83 dirty=1018.19MiB
INFO [01-16|23:23:50.224] Chain head was updated                   number=16,422,613 hash=75d207..168c83 root=0c39b1..951c4d elapsed=5.164983ms
INFO [01-16|23:23:50.232] Unindexed transactions                   blocks=1    txs=417       tail=14,072,614 elapsed=6.843ms
INFO [01-16|23:24:01.437] Imported new potential chain segment     blocks=1    txs=124       mgas=16.389  elapsed=79.797ms    mgasps=205.383 number=16,422,614 hash=a7b5c1..0eef40 dirty=1018.60MiB
INFO [01-16|23:24:01.450] Chain head was updated                   number=16,422,614 hash=a7b5c1..0eef40 root=32a95f..61f8ba elapsed=3.658499ms
INFO [01-16|23:24:01.453] Unindexed transactions                   blocks=1    txs=290       tail=14,072,615 elapsed=2.637ms
ERROR[01-16|23:24:08.785] Error in block freeze operation          err="block receipts missing, can't freeze block 15256595"
INFO [01-16|23:24:12.985] Imported new potential chain segment     blocks=1    txs=111       mgas=12.921  elapsed=96.564ms    mgasps=133.809 number=16,422,615 hash=91bc3d..00e9fc dirty=1018.33MiB
INFO [01-16|23:24:13.006] Chain head was updated                   number=16,422,615 hash=91bc3d..00e9fc root=4136f2..d60d6c elapsed=8.222373ms
INFO [01-16|23:24:13.013] Unindexed transactions                   blocks=1    txs=288       tail=14,072,616 elapsed=6.636ms
INFO [01-16|23:24:24.760] Imported new potential chain segment     blocks=1    txs=389       mgas=16.446  elapsed=87.875ms    mgasps=187.152 number=16,422,616 hash=c6cfc0..4a1771 dirty=1018.80MiB
INFO [01-16|23:24:24.797] Chain head was updated                   number=16,422,616 hash=c6cfc0..4a1771 root=da6b97..52c5af elapsed=8.786027ms
INFO [01-16|23:24:24.799] Unindexed transactions                   blocks=1    txs=105       tail=14,072,617 elapsed=2.101ms
INFO [01-16|23:24:37.081] Imported new potential chain segment     blocks=1    txs=99        mgas=11.928  elapsed=112.061ms   mgasps=106.437 number=16,422,617 hash=3e79ff..4f8ed0 dirty=1018.71MiB
INFO [01-16|23:24:37.095] Chain head was updated                   number=16,422,617 hash=3e79ff..4f8ed0 root=5466dd..7a8cf7 elapsed=3.824398ms
INFO [01-16|23:24:37.096] Unindexed transactions                   blocks=1    txs=60        tail=14,072,618 elapsed=1.399ms
INFO [01-16|23:24:48.278] Imported new potential chain segment     blocks=1    txs=144       mgas=12.020  elapsed=96.226ms    mgasps=124.914 number=16,422,618 hash=7c0bd3..bebea7 dirty=1018.79MiB
INFO [01-16|23:24:48.293] Chain head was updated                   number=16,422,618 hash=7c0bd3..bebea7 root=c3105d..28fe6f elapsed=6.572996ms
INFO [01-16|23:24:48.298] Unindexed transactions                   blocks=1    txs=167       tail=14,072,619 elapsed=3.938ms
INFO [01-16|23:25:00.669] Imported new potential chain segment     blocks=1    txs=249       mgas=17.426  elapsed=91.943ms    mgasps=189.528 number=16,422,619 hash=c5719d..30ffa7 dirty=1019.10MiB
INFO [01-16|23:25:00.695] Chain head was updated                   number=16,422,619 hash=c5719d..30ffa7 root=625abd..18ccf3 elapsed=9.71285ms
INFO [01-16|23:25:00.699] Unindexed transactions                   blocks=1    txs=190       tail=14,072,620 elapsed=4.128ms
ERROR[01-16|23:25:08.795] Error in block freeze operation          err="block receipts missing, can't freeze block 15256595"
INFO [01-16|23:25:13.307] Imported new potential chain segment     blocks=1    txs=150       mgas=15.404  elapsed=100.357ms   mgasps=153.494 number=16,422,620 hash=98f422..a29b7a dirty=1019.91MiB
INFO [01-16|23:25:13.356] Chain head was updated                   number=16,422,620 hash=98f422..a29b7a root=3581d2..764231 elapsed=4.352021ms
INFO [01-16|23:25:13.357] Unindexed transactions                   blocks=1    txs=29        tail=14,072,621 elapsed="534.087µs"
INFO [01-16|23:25:24.365] Imported new potential chain segment     blocks=1    txs=125       mgas=20.400  elapsed=101.456ms   mgasps=201.075 number=16,422,621 hash=e50066..136f07 dirty=1019.66MiB
INFO [01-16|23:25:24.382] Chain head was updated                   number=16,422,621 hash=e50066..136f07 root=f7427b..97d1b7 elapsed=4.361735ms
INFO [01-16|23:25:24.386] Unindexed transactions                   blocks=1    txs=138       tail=14,072,622 elapsed=3.311ms
INFO [01-16|23:25:35.962] Imported new potential chain segment     blocks=1    txs=137       mgas=14.746  elapsed=97.398ms    mgasps=151.397 number=16,422,622 hash=cea13f..9aaf60 dirty=1018.72MiB
INFO [01-16|23:25:35.978] Chain head was updated                   number=16,422,622 hash=cea13f..9aaf60 root=f8318f..567014 elapsed=6.699679ms
INFO [01-16|23:25:35.983] Unindexed transactions                   blocks=1    txs=367       tail=14,072,623 elapsed=4.773ms
INFO [01-16|23:25:48.580] Imported new potential chain segment     blocks=1    txs=141       mgas=14.047  elapsed=103.914ms   mgasps=135.180 number=16,422,623 hash=98af7f..8970ed dirty=1018.47MiB
INFO [01-16|23:25:48.593] Chain head was updated                   number=16,422,623 hash=98af7f..8970ed root=0313d1..9bc83a elapsed=4.7063ms
INFO [01-16|23:25:48.595] Unindexed transactions                   blocks=1    txs=67        tail=14,072,624 elapsed=1.828ms
INFO [01-16|23:26:00.719] Imported new potential chain segment     blocks=1    txs=107       mgas=16.925  elapsed=109.973ms   mgasps=153.899 number=16,422,624 hash=0b2c75..eb7c35 dirty=1018.14MiB
INFO [01-16|23:26:00.739] Chain head was updated                   number=16,422,624 hash=0b2c75..eb7c35 root=59f0d0..e776b0 elapsed=10.080343ms
INFO [01-16|23:26:00.740] Unindexed transactions                   blocks=1    txs=0         tail=14,072,625 elapsed="221.412µs"