INFO [01-16|23:15:36.893] Imported new potential chain segment     blocks=1    txs=458       mgas=28.156  elapsed=159.172ms   mgasps=176.888 number=16,422,572 hash=4beffa..a0e889 dirty=1015.78MiB
INFO [01-16|23:15:36.917] Chain head was updated                   number=16,422,572 hash=4beffa..a0e889 root=52e8e9..5935df elapsed=9.010537ms
INFO [01-16|23:15:36.920] Unindexed transactions                   blocks=1    txs=98        tail=14,072,573 elapsed=2.751ms
INFO [01-16|23:15:48.173] Imported new potential chain segment     blocks=1    txs=77        mgas=5.388   elapsed=62.790ms    mgasps=85.809  number=16,422,573 hash=af0a5b..b5e0ef dirty=1015.02MiB
INFO [01-16|23:15:48.181] Chain head was updated                   number=16,422,573 hash=af0a5b..b5e0ef root=3d073b..351f7a elapsed=1.186476ms
INFO [01-16|23:15:48.186] Unindexed transactions                   blocks=1    txs=263       tail=14,072,574 elapsed=5.148ms
WARN [01-16|23:15:48.475] Checkpoint challenge timed out, dropping id=9fbb1e863566e6fe conn=dyndial addr=3.80.12.255:30360     type=
INFO [01-16|23:16:01.294] Imported new potential chain segment     blocks=1    txs=158       mgas=21.015  elapsed=172.826ms   mgasps=121.597 number=16,422,574 hash=831d13..4fcb0b dirty=1015.49MiB
INFO [01-16|23:16:01.315] Chain head was updated                   number=16,422,574 hash=831d13..4fcb0b root=092c08..6e1122 elapsed=13.014503ms
INFO [01-16|23:16:01.319] Unindexed transactions                   blocks=1    txs=231       tail=14,072,575 elapsed=4.067ms
ERROR[01-16|23:16:08.707] Error in block freeze operation          err="block receipts missing, can't freeze block 15256595"
INFO [01-16|23:16:12.548] Imported new potential chain segment     blocks=1    txs=175       mgas=15.346  elapsed=209.050ms   mgasps=73.410  number=16,422,575 hash=7d288c..cc27f2 dirty=1015.62MiB
INFO [01-16|23:16:12.569] Chain head was updated                   number=16,422,575 hash=7d288c..cc27f2 root=d72b27..6e29e6 elapsed=8.862282ms
INFO [01-16|23:16:12.574] Unindexed transactions                   blocks=1    txs=128       tail=14,072,576 elapsed=4.329ms
INFO [01-16|23:16:15.829] Writing clean trie cache to disk         path=/home/long/nvme/data-dir/geth/triecache threads=1
INFO [01-16|23:16:15.831] Regenerated local transaction journal    transactions=0 accounts=0
INFO [01-16|23:16:16.673] Persisted the clean trie cache           path=/home/long/nvme/data-dir/geth/triecache elapsed=843.261ms
INFO [01-16|23:16:24.127] Imported new potential chain segment     blocks=1    txs=99        mgas=7.848   elapsed=80.645ms    mgasps=97.311  number=16,422,576 hash=968a95..4f0e0e dirty=1015.29MiB
INFO [01-16|23:16:24.185] Chain head was updated                   number=16,422,576 hash=968a95..4f0e0e root=d36b52..2323a8 elapsed=3.384951ms
INFO [01-16|23:16:24.188] Unindexed transactions                   blocks=1    txs=140       tail=14,072,577 elapsed=2.766ms
INFO [01-16|23:16:35.959] Imported new potential chain segment     blocks=1    txs=83        mgas=7.631   elapsed=68.259ms    mgasps=111.796 number=16,422,577 hash=193dd7..6a1b22 dirty=1014.58MiB
INFO [01-16|23:16:35.993] Chain head was updated                   number=16,422,577 hash=193dd7..6a1b22 root=e65dae..430190 elapsed=2.119969ms
INFO [01-16|23:16:35.995] Unindexed transactions                   blocks=1    txs=92        tail=14,072,578 elapsed=1.782ms
INFO [01-16|23:16:48.187] Imported new potential chain segment     blocks=1    txs=216       mgas=15.520  elapsed=120.877ms   mgasps=128.395 number=16,422,578 hash=638f7d..507118 dirty=1014.66MiB
INFO [01-16|23:16:48.207] Chain head was updated                   number=16,422,578 hash=638f7d..507118 root=8a6ac0..95da31 elapsed=9.932367ms
INFO [01-16|23:16:48.211] Unindexed transactions                   blocks=1    txs=425       tail=14,072,579 elapsed=3.458ms
INFO [01-16|23:17:00.896] Imported new potential chain segment     blocks=1    txs=140       mgas=15.527  elapsed=108.037ms   mgasps=143.714 number=16,422,579 hash=7e3260..b4b316 dirty=1014.73MiB
INFO [01-16|23:17:00.914] Chain head was updated                   number=16,422,579 hash=7e3260..b4b316 root=66e587..41c576 elapsed=5.377565ms
INFO [01-16|23:17:00.916] Unindexed transactions                   blocks=1    txs=92        tail=14,072,580 elapsed=2.495ms
ERROR[01-16|23:17:08.716] Error in block freeze operation          err="block receipts missing, can't freeze block 15256595"
INFO [01-16|23:17:13.076] Imported new potential chain segment     blocks=1    txs=143       mgas=11.616  elapsed=109.427ms   mgasps=106.156 number=16,422,580 hash=c35848..4056ed dirty=1014.60MiB
INFO [01-16|23:17:13.092] Chain head was updated                   number=16,422,580 hash=c35848..4056ed root=015de4..b88d8d elapsed=7.052542ms
INFO [01-16|23:17:13.094] Unindexed transactions                   blocks=1    txs=97        tail=14,072,581 elapsed=2.290ms
INFO [01-16|23:17:24.170] Imported new potential chain segment     blocks=1    txs=211       mgas=21.201  elapsed=151.930ms   mgasps=139.547 number=16,422,581 hash=a2664b..322faa dirty=1015.50MiB
INFO [01-16|23:17:24.194] Chain head was updated                   number=16,422,581 hash=a2664b..322faa root=d5492b..7fc665 elapsed=9.161204ms
INFO [01-16|23:17:24.197] Unindexed transactions                   blocks=1    txs=138       tail=14,072,582 elapsed=2.720ms
INFO [01-16|23:17:36.441] Imported new potential chain segment     blocks=1    txs=114       mgas=12.129  elapsed=100.880ms   mgasps=120.231 number=16,422,582 hash=26bb40..a57a82 dirty=1015.32MiB
INFO [01-16|23:17:36.455] Chain head was updated                   number=16,422,582 hash=26bb40..a57a82 root=844a79..f31294 elapsed=2.718783ms
INFO [01-16|23:17:36.455] Unindexed transactions                   blocks=1    txs=0         tail=14,072,583 elapsed="93.928µs"
INFO [01-16|23:17:48.370] Imported new potential chain segment     blocks=1    txs=32        mgas=2.118   elapsed=38.943ms    mgasps=54.382  number=16,422,583 hash=034ff5..f5ffea dirty=1013.91MiB
INFO [01-16|23:17:48.433] Chain head was updated                   number=16,422,583 hash=034ff5..f5ffea root=c6ba07..51c55c elapsed="771.784µs"
INFO [01-16|23:17:48.436] Unindexed transactions                   blocks=1    txs=100       tail=14,072,584 elapsed=2.074ms
INFO [01-16|23:18:00.571] Imported new potential chain segment     blocks=1    txs=508       mgas=29.989  elapsed=155.237ms   mgasps=193.183 number=16,422,584 hash=5adea5..e55e77 dirty=1015.12MiB
INFO [01-16|23:18:00.605] Chain head was updated                   number=16,422,584 hash=5adea5..e55e77 root=7c0852..e0eaab elapsed=15.006876ms
INFO [01-16|23:18:00.610] Unindexed transactions                   blocks=1    txs=245       tail=14,072,585 elapsed=4.855ms
ERROR[01-16|23:18:08.730] Error in block freeze operation          err="block receipts missing, can't freeze block 15256595"
INFO [01-16|23:18:12.450] Imported new potential chain segment     blocks=1    txs=254       mgas=26.440  elapsed=143.515ms   mgasps=184.231 number=16,422,585 hash=d8f993..5fbb80 dirty=1016.08MiB
INFO [01-16|23:18:12.474] Chain head was updated                   number=16,422,585 hash=d8f993..5fbb80 root=805e7e..cf3d32 elapsed=8.055252ms
INFO [01-16|23:18:12.477] Unindexed transactions                   blocks=1    txs=123       tail=14,072,586 elapsed=2.941ms
INFO [01-16|23:18:25.131] Imported new potential chain segment     blocks=1    txs=83        mgas=12.441  elapsed=80.494ms    mgasps=154.562 number=16,422,586 hash=9bf08a..1ba71d dirty=1015.86MiB
INFO [01-16|23:18:25.163] Chain head was updated                   number=16,422,586 hash=9bf08a..1ba71d root=ef6408..7a1a3a elapsed=4.114138ms
INFO [01-16|23:18:25.163] Unindexed transactions                   blocks=1    txs=20        tail=14,072,587 elapsed="419.186µs"
INFO [01-16|23:18:36.891] Imported new potential chain segment     blocks=1    txs=132       mgas=8.698   elapsed=72.419ms    mgasps=120.101 number=16,422,587 hash=6ef940..2baa70 dirty=1016.49MiB
INFO [01-16|23:18:36.903] Chain head was updated                   number=16,422,587 hash=6ef940..2baa70 root=3722ed..07b6e3 elapsed=2.950341ms
INFO [01-16|23:18:36.909] Unindexed transactions                   blocks=1    txs=246       tail=14,072,588 elapsed=5.891ms
INFO [01-16|23:18:48.476] Imported new potential chain segment     blocks=1    txs=100       mgas=9.838   elapsed=103.178ms   mgasps=95.347  number=16,422,588 hash=be4b2c..cc820b dirty=1014.92MiB
INFO [01-16|23:18:48.594] Chain head was updated                   number=16,422,588 hash=be4b2c..cc820b root=ccc9e9..f473b8 elapsed=2.663137ms
INFO [01-16|23:18:48.596] Unindexed transactions                   blocks=1    txs=241       tail=14,072,589 elapsed=2.356ms
INFO [01-16|23:19:00.464] Imported new potential chain segment     blocks=1    txs=134       mgas=20.068  elapsed=103.946ms   mgasps=193.057 number=16,422,589 hash=ae41f4..acef34 dirty=1015.61MiB
INFO [01-16|23:19:00.490] Chain head was updated                   number=16,422,589 hash=ae41f4..acef34 root=3208a3..015fad elapsed=13.819694ms
INFO [01-16|23:19:00.496] Unindexed transactions                   blocks=1    txs=271       tail=14,072,590 elapsed=6.131ms
ERROR[01-16|23:19:08.738] Error in block freeze operation          err="block receipts missing, can't freeze block 15256595"
INFO [01-16|23:19:12.961] Imported new potential chain segment     blocks=1    txs=103       mgas=9.711   elapsed=115.309ms   mgasps=84.220  number=16,422,590 hash=85e715..cce660 dirty=1014.61MiB
INFO [01-16|23:19:12.973] Chain head was updated                   number=16,422,590 hash=85e715..cce660 root=ccd6d8..0ada37 elapsed=3.737506ms
INFO [01-16|23:19:12.977] Unindexed transactions                   blocks=1    txs=19        tail=14,072,591 elapsed=1.010ms
INFO [01-16|23:19:24.425] Imported new potential chain segment     blocks=1    txs=97        mgas=9.465   elapsed=91.519ms    mgasps=103.425 number=16,422,591 hash=e8441e..210f81 dirty=1014.20MiB
INFO [01-16|23:19:24.444] Chain head was updated                   number=16,422,591 hash=e8441e..210f81 root=1428d4..7f221a elapsed=3.522331ms
INFO [01-16|23:19:24.445] Unindexed transactions                   blocks=1    txs=13        tail=14,072,592 elapsed="411.535µs"
INFO [01-16|23:19:36.613] Imported new potential chain segment     blocks=1    txs=302       mgas=18.070  elapsed=116.442ms   mgasps=155.182 number=16,422,592 hash=b3e43b..c38df7 dirty=1014.67MiB
INFO [01-16|23:19:36.627] Chain head was updated                   number=16,422,592 hash=b3e43b..c38df7 root=9ceef1..40eb0f elapsed=5.019937ms
INFO [01-16|23:19:36.629] Unindexed transactions                   blocks=1    txs=107       tail=14,072,593 elapsed=2.439ms
INFO [01-16|23:19:49.133] Imported new potential chain segment     blocks=1    txs=141       mgas=11.683  elapsed=89.256ms    mgasps=130.894 number=16,422,593 hash=205096..6e07ae dirty=1014.70MiB
INFO [01-16|23:19:49.160] Chain head was updated                   number=16,422,593 hash=205096..6e07ae root=b69b36..8a38ce elapsed=3.279213ms
INFO [01-16|23:19:49.161] Unindexed transactions                   blocks=1    txs=22        tail=14,072,594 elapsed="466.239µs"
INFO [01-16|23:20:00.238] Imported new potential chain segment     blocks=1    txs=123       mgas=9.724   elapsed=84.683ms    mgasps=114.830 number=16,422,594 hash=d988ef..21c7b7 dirty=1014.33MiB
INFO [01-16|23:20:00.263] Chain head was updated                   number=16,422,594 hash=d988ef..21c7b7 root=8c60ad..49cede elapsed=5.498667ms
INFO [01-16|23:20:00.268] Unindexed transactions                   blocks=1    txs=230       tail=14,072,595 elapsed=4.670ms
ERROR[01-16|23:20:08.747] Error in block freeze operation          err="block receipts missing, can't freeze block 15256595"
INFO [01-16|23:20:13.283] Imported new potential chain segment     blocks=1    txs=235       mgas=16.812  elapsed=158.025ms   mgasps=106.388 number=16,422,595 hash=9f28be..866e25 dirty=1014.76MiB
INFO [01-16|23:20:13.300] Chain head was updated                   number=16,422,595 hash=9f28be..866e25 root=8f2e76..fdd4a9 elapsed=6.647908ms
INFO [01-16|23:20:13.303] Unindexed transactions                   blocks=1    txs=199       tail=14,072,596 elapsed=2.621ms
INFO [01-16|23:20:25.279] Imported new potential chain segment     blocks=1    txs=158       mgas=16.023  elapsed=111.379ms   mgasps=143.857 number=16,422,596 hash=69349a..8789e4 dirty=1014.77MiB
INFO [01-16|23:20:25.296] Chain head was updated                   number=16,422,596 hash=69349a..8789e4 root=d631bf..316499 elapsed=4.676032ms
INFO [01-16|23:20:25.303] Unindexed transactions                   blocks=1    txs=326       tail=14,072,597 elapsed=6.255ms
INFO [01-16|23:20:35.765] Imported new potential chain segment     blocks=1    txs=89        mgas=10.913  elapsed=72.475ms    mgasps=150.577 number=16,422,597 hash=71fcaf..f0f545 dirty=1014.52MiB
INFO [01-16|23:20:35.809] Chain head was updated                   number=16,422,597 hash=71fcaf..f0f545 root=2efc08..d0f928 elapsed=5.243117ms
INFO [01-16|23:20:35.811] Unindexed transactions                   blocks=1    txs=71        tail=14,072,598 elapsed=1.814ms
INFO [01-16|23:20:49.359] Imported new potential chain segment     blocks=1    txs=329       mgas=22.324  elapsed=161.269ms   mgasps=138.423 number=16,422,598 hash=629e30..e9f8d5 dirty=1015.30MiB
INFO [01-16|23:20:49.377] Chain head was updated                   number=16,422,598 hash=629e30..e9f8d5 root=f59845..6cd015 elapsed=4.970482ms
INFO [01-16|23:20:49.380] Unindexed transactions                   blocks=1    txs=393       tail=14,072,599 elapsed=2.745ms
INFO [01-16|23:21:00.680] Imported new potential chain segment     blocks=1    txs=119       mgas=9.446   elapsed=71.663ms    mgasps=131.810 number=16,422,599 hash=60f153..a15503 dirty=1015.10MiB
INFO [01-16|23:21:00.721] Chain head was updated                   number=16,422,599 hash=60f153..a15503 root=10db0d..b5aacc elapsed=5.326807ms
INFO [01-16|23:21:00.727] Unindexed transactions                   blocks=1    txs=267       tail=14,072,600 elapsed=5.462ms