Sending build context to Docker daemon  35.16MB
Step 1/22 : FROM alpine as build
 ---> 0ac33e5f5afa
Step 2/22 : RUN apk add --update openssl ca-certificates bash wget
 ---> Using cache
 ---> 08091bf19725
Step 3/22 : ARG REPOSITORY=releases
 ---> Using cache
 ---> 9a121355d448
Step 4/22 : ARG VERSION=RELEASE
 ---> Using cache
 ---> 9cdd196f1c56
Step 5/22 : ARG REPOSITORY_URL=https://oss.sonatype.org/service/local/artifact/maven/redirect?r=${REPOSITORY}&g=org.mock-server&a=mockserver-netty&c=jar-with-dependencies&e=jar&v=${VERSION}
 ---> Using cache
 ---> d2b7671fcade
Step 6/22 : RUN wget --max-redirect=10 -O mockserver-netty-jar-with-dependencies.jar "$REPOSITORY_URL"
 ---> Using cache
 ---> 9fd61adbdee0
Step 7/22 : FROM gcr.io/distroless/java:11
 ---> 4c4b3da468da
Step 8/22 : MAINTAINER James Bloom "jamesdbloom@gmail.com"
 ---> Using cache
 ---> f4e44aa0c65f
Step 9/22 : EXPOSE 1080
 ---> Using cache
 ---> 9cafd75720ba
Step 10/22 : COPY --from=build mockserver-netty-jar-with-dependencies.jar /
 ---> Using cache
 ---> 10e99dabf09a
Step 11/22 : USER nonroot
 ---> Using cache
 ---> f01c36ee5357
Step 12/22 : CMD ["-serverPort", "1080"]
 ---> Running in cc8986b70c05
Removing intermediate container cc8986b70c05
 ---> 30e3737719d9
Step 13/22 : ADD https://github.com/just-containers/s6-overlay/releases/download/v2.2.0.1/s6-overlay-amd64-installer /tmp/


 ---> 38db5dc11f67
Step 14/22 : RUN chmod +x /tmp/s6-overlay-amd64-installer && /tmp/s6-overlay-amd64-installer /
 ---> Running in c1829e7b5b0f
