Sending build context to Docker daemon  17.57MB
Step 1/22 : FROM alpine as build
 ---> 0ac33e5f5afa
Step 2/22 : RUN apk add --update openssl ca-certificates bash wget
 ---> Using cache
 ---> a832fb6e3a32
Step 3/22 : ARG REPOSITORY=snapshots
 ---> Using cache
 ---> 0c9a1f617a1e
Step 4/22 : ARG VERSION=LATEST
 ---> Using cache
 ---> f878527b4560
Step 5/22 : ARG REPOSITORY_URL=https://oss.sonatype.org/service/local/artifact/maven/redirect?r=${REPOSITORY}&g=org.mock-server&a=mockserver-netty&c=jar-with-dependencies&e=jar&v=${VERSION}
 ---> Using cache
 ---> 2ed77ddeaeba
Step 6/22 : RUN wget --max-redirect=10 -O mockserver-netty-jar-with-dependencies.jar "$REPOSITORY_URL"
 ---> Using cache
 ---> f62e1712b0be
Step 7/22 : FROM gcr.io/distroless/java:11
 ---> 4c4b3da468da
Step 8/22 : MAINTAINER James Bloom "jamesdbloom@gmail.com"
 ---> Using cache
 ---> 51295da91e16
Step 9/22 : EXPOSE 1080
 ---> Using cache
 ---> 98d1b2d16417
Step 10/22 : COPY --from=build mockserver-netty-jar-with-dependencies.jar /
 ---> Using cache
 ---> 6959b7fb8613
Step 11/22 : USER nonroot
 ---> Using cache
 ---> 09c612709e30
Step 12/22 : CMD ["-serverPort", "1080"]
 ---> Running in c8eb70e34187
Removing intermediate container c8eb70e34187
 ---> b38911ae65a0
Step 13/22 : ADD https://github.com/just-containers/s6-overlay/releases/download/v2.2.0.1/s6-overlay-amd64-installer /tmp/


 ---> ae5ed87b3e40
Step 14/22 : RUN chmod +x /tmp/s6-overlay-amd64-installer && /tmp/s6-overlay-amd64-installer /
 ---> Running in 6d0e5d979fb4
