Sending build context to Docker daemon  46.64MB
Step 1/23 : FROM registry.cn-hangzhou.aliyuncs.com/kennylee/gradle-node:v5.4.1-v12 as build
 ---> ca21c30b0fdf
Step 2/23 : WORKDIR /app
 ---> Using cache
 ---> b0ca938b0973
Step 3/23 : COPY . .
 ---> 8a894512c152
Step 4/23 : RUN ./gradlew sekiro-server:bootJar
 ---> Running in 56a05155486b
Downloading https://services.gradle.org/distributions/gradle-5.1.1-all.zip
..........................................................................................................................................................................................................................................................................................................................................................................................................................................................................................................................................................................................................................................................................................................................................................................................................................................................................................................................................................................................................................................................................................................................................................................................................................................................................................................................................................................................................................................................................................................................................................................................................................................................................................................................................................................................................................................................................................................................................................................................................................................................................................................................................................................................................................................................................................................................................................................................................................................................................................................................................................................................................................................................................................................................................................................................................................................................................................................................................................................................................................................................................................................................................................................................................................................................................................................................................................................................................................................................................................................................................................................................................................................................................................................................................................................................................................................................................................................................................................................................................................................................................................................................................................................................................................................................................................................................................................................................................................................................................................................................................................................................................................................................................................................................................................................................................................................................................................................................................................................................................................................................................................................................................................................................................................................................................................................................................................................................................................................................................................................................................................................................................................................................................................................................................................................................................................................................................................................................................................................................................................................................................................................................................................................................................................................................................................................................................................................................................................................................................................................................................................................................................................................................................................................................................................................................................
Unzipping /root/.gradle/wrapper/dists/gradle-5.1.1-all/97z1ksx6lirer3kbvdnh7jtjg/gradle-5.1.1-all.zip to /root/.gradle/wrapper/dists/gradle-5.1.1-all/97z1ksx6lirer3kbvdnh7jtjg
Set executable permissions for: /root/.gradle/wrapper/dists/gradle-5.1.1-all/97z1ksx6lirer3kbvdnh7jtjg/gradle-5.1.1/bin/gradle

Welcome to Gradle 5.1.1!

Here are the highlights of this release:
 - Control which dependencies can be retrieved from which repositories
 - Production-ready configuration avoidance APIs

For more details see https://docs.gradle.org/5.1.1/release-notes.html

Starting a Gradle Daemon (subsequent builds will be faster)

> Task :sekiro-lib:compileJava
[91mwarning: [options] bootstrap class path not set in conjunction with -source 1.7
[0m[91mNote: /app/sekiro-lib/src/main/java/com/virjar/sekiro/api/Multimap.java uses or overrides a deprecated API.
Note: Recompile with -Xlint:deprecation for details.
Note: Some input files use unchecked or unsafe operations.
Note: Recompile with -Xlint:unchecked for details.
1 warning
[0m
> Task :sekiro-lib:processResources NO-SOURCE
> Task :sekiro-lib:classes
> Task :sekiro-lib:jar
> Task :sekiro-server:compileJava
[91mwarning: [options] bootstrap class path not set in conjunction with -source 1.7
[0m[91mNote: /app/sekiro-server/src/main/java/com/virjar/sekiro/server/util/CommonUtil.java uses or overrides a deprecated API.
Note: Recompile with -Xlint:deprecation for details.
[0m