2021-10-11 00:13:38 UTC Updated conversion rate to Ξ1 = US$3422.82 (1391222.6 wei/gas)
2021-10-11 00:13:46 UTC Imported #13394048 0xb9d9…e6e7 (260 txs, 29.99 Mgas, 3977 ms, 107.61 KiB)
2021-10-11 00:13:58 UTC   1/25 peers      6 MiB chain  254 KiB queue  RPC:  0 conn,    0 req/s,    0 µs
2021-10-11 00:14:15 UTC Imported #13394050 0xfd5c…0f0c (10 txs, 0.90 Mgas, 147 ms, 2.92 KiB)
2021-10-11 00:14:23 UTC   1/25 peers      5 MiB chain  0 bytes queue  RPC:  0 conn,    0 req/s,    0 µs
2021-10-11 00:14:53 UTC Syncing #13394050 0xfd5c…0f0c     0.00 blk/s    0.0 tx/s    0.0 Mgas/s      0+    0 Qed LI:#13394050    4/25 peers      5 MiB chain  0 bytes queue  RPC:  0 conn,    0 req/s,    0 µs
2021-10-11 00:15:04 UTC Syncing #13394054 0x76f2…88ef     0.40 blk/s   39.8 tx/s    3.9 Mgas/s      0+    7 Qed LI:#13394061    4/25 peers      5 MiB chain    2 MiB queue  RPC:  0 conn,    0 req/s,    0 µs
2021-10-11 00:15:04 UTC Syncing #13394051 0x3f3c…cd8c     0.20 blk/s    7.8 tx/s    0.9 Mgas/s      0+    9 Qed LI:#13394061    4/25 peers      5 MiB chain    2 MiB queue  RPC:  0 conn,    0 req/s,    0 µs
2021-10-11 00:15:11 UTC Syncing #13394054 0x76f2…88ef     0.60 blk/s   71.8 tx/s    6.9 Mgas/s      0+    6 Qed LI:#13394061    4/25 peers      5 MiB chain    1 MiB queue  RPC:  0 conn,    0 req/s,    0 µs
2021-10-11 00:15:27 UTC Imported #13394061 0x1bad…e764 (393 txs, 29.93 Mgas, 6418 ms, 121.48 KiB)
2021-10-11 00:15:41 UTC   2/25 peers      6 MiB chain  0 bytes queue  RPC:  0 conn,    0 req/s,    0 µs
2021-10-11 00:16:01 UTC Imported #13394064 0x6593…6dbd (35 txs, 3.45 Mgas, 893 ms, 16.29 KiB)
2021-10-11 00:16:51 UTC   4/25 peers      6 MiB chain  0 bytes queue  RPC:  0 conn,    0 req/s,    0 µs
2021-10-11 00:17:35 UTC   1/25 peers      6 MiB chain  0 bytes queue  RPC:  0 conn,    0 req/s,    0 µs
2021-10-11 00:18:04 UTC   1/25 peers      6 MiB chain  0 bytes queue  RPC:  0 conn,    0 req/s,    0 µs
2021-10-11 00:18:54 UTC   0/25 peers      6 MiB chain  0 bytes queue  RPC:  0 conn,    0 req/s,    0 µs
2021-10-11 00:19:13 UTC Syncing #13394064 0x6593…6dbd     0.00 blk/s    0.0 tx/s    0.0 Mgas/s      0+   12 Qed LI:#13394077    1/25 peers      6 MiB chain    3 MiB queue  RPC:  0 conn,    0 req/s,    0 µs
2021-10-11 00:19:35 UTC Syncing #13394068 0xe635…1068     0.40 blk/s   93.4 tx/s    9.0 Mgas/s      0+    8 Qed LI:#13394077    1/25 peers      6 MiB chain    2 MiB queue  RPC:  0 conn,    0 req/s,    0 µs
2021-10-11 00:19:35 UTC Syncing #13394068 0xe635…1068     0.00 blk/s    0.0 tx/s    0.0 Mgas/s      0+    8 Qed LI:#13394077    1/25 peers      6 MiB chain    2 MiB queue  RPC:  0 conn,    0 req/s,    0 µs
2021-10-11 00:19:35 UTC Syncing #13394068 0xe635…1068     0.00 blk/s    0.0 tx/s    0.0 Mgas/s      0+    8 Qed LI:#13394077    1/25 peers      6 MiB chain    2 MiB queue  RPC:  0 conn,    0 req/s,    0 µs
2021-10-11 00:19:35 UTC Syncing #13394066 0xbfa8…70a4     0.40 blk/s   80.4 tx/s    6.0 Mgas/s      0+   10 Qed LI:#13394077    1/25 peers      6 MiB chain    3 MiB queue  RPC:  0 conn,    0 req/s,    0 µs
2021-10-11 00:20:04 UTC   1/25 peers      4 MiB chain  0 bytes queue  RPC:  0 conn,    0 req/s,    0 µs
2021-10-11 00:20:04 UTC   1/25 peers      4 MiB chain   53 KiB queue  RPC:  0 conn,    0 req/s,    0 µs
2021-10-11 00:20:04 UTC Imported #13394077 0xb899…299b (62 txs, 4.47 Mgas, 914 ms, 15.46 KiB)