2021-10-11 00:08:16 UTC Syncing #13394019 0x0ad7…b561     0.60 blk/s  163.6 tx/s   18.0 Mgas/s      0+    7 Qed LI:#13394026    2/25 peers      6 MiB chain    2 MiB queue  RPC:  0 conn,    0 req/s,    0 µs
2021-10-11 00:08:23 UTC Syncing #13394021 0x548f…8758     0.40 blk/s   40.8 tx/s    4.1 Mgas/s      0+    5 Qed LI:#13394026    2/25 peers      6 MiB chain    1 MiB queue  RPC:  0 conn,    0 req/s,    0 µs
2021-10-11 00:08:23 UTC Syncing #13394022 0x5a5b…716f     0.20 blk/s   73.2 tx/s    6.0 Mgas/s      0+    4 Qed LI:#13394026    2/25 peers      6 MiB chain  865 KiB queue  RPC:  0 conn,    0 req/s,    0 µs
2021-10-11 00:08:31 UTC Reorg to #13394023 0x6325…ff55 (0x5a5b…716f #13394021 0x548f…8758 0xeaf6…8792)
2021-10-11 00:08:44 UTC Imported #13394027 0xdb0c…b274 (268 txs, 29.99 Mgas, 6523 ms, 161.67 KiB)
2021-10-11 00:08:56 UTC Imported #13394029 0x5ca0…b3cc (58 txs, 4.25 Mgas, 675 ms, 18.49 KiB)
2021-10-11 00:08:56 UTC   2/25 peers      6 MiB chain  0 bytes queue  RPC:  0 conn,    0 req/s,    0 µs
2021-10-11 00:09:27 UTC   2/25 peers      6 MiB chain   43 KiB queue  RPC:  0 conn,    0 req/s,    0 µs
2021-10-11 00:09:45 UTC Imported #13394032 0x325f…a11d (200 txs, 19.99 Mgas, 4281 ms, 89.15 KiB)
2021-10-11 00:09:57 UTC   2/25 peers      6 MiB chain  267 KiB queue  RPC:  0 conn,    0 req/s,    0 µs
2021-10-11 00:10:32 UTC   0/25 peers      6 MiB chain  0 bytes queue  RPC:  0 conn,    0 req/s,    0 µs
2021-10-11 00:10:35 UTC Imported #13394033 0x6f93…7cbb (186 txs, 22.87 Mgas, 3080 ms, 87.83 KiB)
2021-10-11 00:11:03 UTC   0/25 peers      6 MiB chain  0 bytes queue  RPC:  0 conn,    0 req/s,    0 µs
2021-10-11 00:11:23 UTC Syncing #13394033 0x6f93…7cbb     0.00 blk/s    0.0 tx/s    0.0 Mgas/s      0+    4 Qed LI:#13394038    5/25 peers      6 MiB chain  666 KiB queue  RPC:  0 conn,    0 req/s,    0 µs
2021-10-11 00:11:52 UTC Imported #13394038 0x3774…6672 (73 txs, 6.31 Mgas, 2277 ms, 28.84 KiB)
2021-10-11 00:11:54 UTC   5/25 peers      6 MiB chain  0 bytes queue  RPC:  0 conn,    0 req/s,    0 µs
2021-10-11 00:12:42 UTC Syncing #13394039 0x6a69…7dd3     0.02 blk/s    3.6 tx/s    0.4 Mgas/s      0+    4 Qed LI:#13394043    2/25 peers      6 MiB chain  885 KiB queue  RPC:  0 conn,    0 req/s,    0 µs
2021-10-11 00:13:00 UTC Syncing #13394039 0x6a69…7dd3     0.00 blk/s    0.0 tx/s    0.0 Mgas/s      0+    7 Qed LI:#13394047    2/25 peers      6 MiB chain    1 MiB queue  RPC:  0 conn,    0 req/s,    0 µs
2021-10-11 00:13:04 UTC Syncing #13394039 0x6a69…7dd3     0.00 blk/s    0.0 tx/s    0.0 Mgas/s      0+    8 Qed LI:#13394047    2/25 peers      6 MiB chain    2 MiB queue  RPC:  0 conn,    0 req/s,    0 µs
2021-10-11 00:13:13 UTC Syncing #13394040 0x0745…aaff     0.21 blk/s    3.5 tx/s    0.3 Mgas/s      0+    7 Qed LI:#13394048    2/25 peers      6 MiB chain    2 MiB queue  RPC:  0 conn,    0 req/s,    0 µs
2021-10-11 00:13:13 UTC Syncing #13394040 0x0745…aaff     0.00 blk/s    0.0 tx/s    0.0 Mgas/s      0+    7 Qed LI:#13394048    2/25 peers      6 MiB chain    2 MiB queue  RPC:  0 conn,    0 req/s,    0 µs
2021-10-11 00:13:13 UTC Syncing #13394039 0x6a69…7dd3     0.00 blk/s    0.0 tx/s    0.0 Mgas/s      0+    7 Qed LI:#13394047    2/25 peers      6 MiB chain    2 MiB queue  RPC:  0 conn,    0 req/s,    0 µs
2021-10-11 00:13:38 UTC Updated conversion rate to Ξ1 = US$3422.82 (1391222.6 wei/gas)
2021-10-11 00:13:46 UTC Imported #13394048 0xb9d9…e6e7 (260 txs, 29.99 Mgas, 3977 ms, 107.61 KiB)
2021-10-11 00:13:58 UTC   1/25 peers      6 MiB chain  254 KiB queue  RPC:  0 conn,    0 req/s,    0 µs
2021-10-11 00:14:15 UTC Imported #13394050 0xfd5c…0f0c (10 txs, 0.90 Mgas, 147 ms, 2.92 KiB)
2021-10-11 00:14:23 UTC   1/25 peers      5 MiB chain  0 bytes queue  RPC:  0 conn,    0 req/s,    0 µs
2021-10-11 00:14:53 UTC Syncing #13394050 0xfd5c…0f0c     0.00 blk/s    0.0 tx/s    0.0 Mgas/s      0+    0 Qed LI:#13394050    4/25 peers      5 MiB chain  0 bytes queue  RPC:  0 conn,    0 req/s,    0 µs
2021-10-11 00:15:04 UTC Syncing #13394054 0x76f2…88ef     0.40 blk/s   39.8 tx/s    3.9 Mgas/s      0+    7 Qed LI:#13394061    4/25 peers      5 MiB chain    2 MiB queue  RPC:  0 conn,    0 req/s,    0 µs
2021-10-11 00:15:04 UTC Syncing #13394051 0x3f3c…cd8c     0.20 blk/s    7.8 tx/s    0.9 Mgas/s      0+    9 Qed LI:#13394061    4/25 peers      5 MiB chain    2 MiB queue  RPC:  0 conn,    0 req/s,    0 µs
2021-10-11 00:15:11 UTC Syncing #13394054 0x76f2…88ef     0.60 blk/s   71.8 tx/s    6.9 Mgas/s      0+    6 Qed LI:#13394061    4/25 peers      5 MiB chain    1 MiB queue  RPC:  0 conn,    0 req/s,    0 µs
2021-10-11 00:15:27 UTC Imported #13394061 0x1bad…e764 (393 txs, 29.93 Mgas, 6418 ms, 121.48 KiB)