INFO [01-16|13:49:13.160] Chain head was updated                   number=16,419,752 hash=171416..b372e0 root=dbc827..e7d7af elapsed=4.516599ms
INFO [01-16|13:49:13.164] Unindexed transactions                   blocks=1    txs=157     tail=14,069,753 elapsed=4.035ms
INFO [01-16|13:49:24.550] Imported new potential chain segment     blocks=1    txs=111     mgas=10.108  elapsed=91.070ms    mgasps=110.990 number=16,419,753 hash=9fb0bd..fd5589 dirty=1022.39MiB
INFO [01-16|13:49:24.564] Chain head was updated                   number=16,419,753 hash=9fb0bd..fd5589 root=1bf4d7..a610b2 elapsed=4.819856ms
INFO [01-16|13:49:24.567] Unindexed transactions                   blocks=1    txs=280     tail=14,069,754 elapsed=3.027ms
WARN [01-16|13:49:26.878] Snapshot extension registration failed   peer=c5fb898d err="peer connected on snap without compatible eth support"
WARN [01-16|13:49:27.803] Snapshot extension registration failed   peer=bc8af532 err="peer connected on snap without compatible eth support"
INFO [01-16|13:49:39.611] Imported new potential chain segment     blocks=1    txs=199     mgas=19.723  elapsed=178.012ms   mgasps=110.795 number=16,419,754 hash=911530..d0ae2d dirty=1022.51MiB
INFO [01-16|13:49:39.626] Chain head was updated                   number=16,419,754 hash=911530..d0ae2d root=0a8729..59520a elapsed=5.215394ms
INFO [01-16|13:49:39.627] Unindexed transactions                   blocks=1    txs=26      tail=14,069,755 elapsed="701.335µs"
ERROR[01-16|13:49:47.619] Error in block freeze operation          err="block receipts missing, can't freeze block 15256595"
INFO [01-16|13:49:47.864] Imported new potential chain segment     blocks=1    txs=153     mgas=12.559  elapsed=88.237ms    mgasps=142.336 number=16,419,755 hash=c916b7..1fe5d7 dirty=1023.18MiB
INFO [01-16|13:49:47.882] Chain head was updated                   number=16,419,755 hash=c916b7..1fe5d7 root=1d7ab6..a6fe56 elapsed=3.869295ms
INFO [01-16|13:49:47.884] Unindexed transactions                   blocks=1    txs=143     tail=14,069,756 elapsed=1.240ms
WARN [01-16|13:49:53.326] Snapshot extension registration failed   peer=6a0bcd3f err="peer connected on snap without compatible eth support"
INFO [01-16|13:49:57.969] Writing clean trie cache to disk         path=/home/long/nvme/data-dir/geth/triecache threads=1
INFO [01-16|13:49:57.970] Regenerated local transaction journal    transactions=0 accounts=0
INFO [01-16|13:49:59.137] Persisted the clean trie cache           path=/home/long/nvme/data-dir/geth/triecache elapsed=1.167s
INFO [01-16|13:50:00.349] Imported new potential chain segment     blocks=1    txs=158     mgas=18.812  elapsed=128.923ms   mgasps=145.915 number=16,419,756 hash=3276cb..d95f8d dirty=1021.06MiB
INFO [01-16|13:50:00.362] Chain head was updated                   number=16,419,756 hash=3276cb..d95f8d root=5db5ea..de0547 elapsed=3.608202ms
INFO [01-16|13:50:00.367] Unindexed transactions                   blocks=1    txs=186     tail=14,069,757 elapsed=5.012ms
INFO [01-16|13:50:12.040] Imported new potential chain segment     blocks=1    txs=138     mgas=12.217  elapsed=84.977ms    mgasps=143.771 number=16,419,757 hash=5133f8..de6b45 dirty=1021.50MiB
INFO [01-16|13:50:12.058] Chain head was updated                   number=16,419,757 hash=5133f8..de6b45 root=f242c8..a34762 elapsed=2.393319ms
INFO [01-16|13:50:12.059] Unindexed transactions                   blocks=1    txs=44      tail=14,069,758 elapsed="750.634µs"
INFO [01-16|13:50:24.061] Imported new potential chain segment     blocks=1    txs=146     mgas=9.641   elapsed=86.075ms    mgasps=112.001 number=16,419,758 hash=9fbb74..47e180 dirty=1021.54MiB
INFO [01-16|13:50:24.095] Chain head was updated                   number=16,419,758 hash=9fbb74..47e180 root=61239f..6d4fb6 elapsed=2.806901ms
INFO [01-16|13:50:24.101] Unindexed transactions                   blocks=1    txs=221     tail=14,069,759 elapsed=5.915ms
INFO [01-16|13:50:36.114] Imported new potential chain segment     blocks=1    txs=157     mgas=17.077  elapsed=110.840ms   mgasps=154.063 number=16,419,759 hash=baebba..34de94 dirty=1021.93MiB
INFO [01-16|13:50:36.136] Chain head was updated                   number=16,419,759 hash=baebba..34de94 root=05e86e..2b453b elapsed=11.625436ms
INFO [01-16|13:50:36.143] Unindexed transactions                   blocks=1    txs=296     tail=14,069,760 elapsed=6.869ms
ERROR[01-16|13:50:47.630] Error in block freeze operation          err="block receipts missing, can't freeze block 15256595"
INFO [01-16|13:50:49.028] Imported new potential chain segment     blocks=1    txs=122     mgas=13.881  elapsed=85.947ms    mgasps=161.502 number=16,419,760 hash=a1337e..efae03 dirty=1022.35MiB
INFO [01-16|13:50:49.047] Chain head was updated                   number=16,419,760 hash=a1337e..efae03 root=c324ee..3f3182 elapsed=6.06199ms
INFO [01-16|13:50:49.053] Unindexed transactions                   blocks=1    txs=298     tail=14,069,761 elapsed=5.778ms
INFO [01-16|13:51:00.335] Imported new potential chain segment     blocks=1    txs=134     mgas=11.012  elapsed=88.955ms    mgasps=123.793 number=16,419,761 hash=bdf275..387962 dirty=1021.75MiB
INFO [01-16|13:51:00.350] Chain head was updated                   number=16,419,761 hash=bdf275..387962 root=ebbaec..827582 elapsed=2.827511ms
INFO [01-16|13:51:00.354] Unindexed transactions                   blocks=1    txs=184     tail=14,069,762 elapsed=3.300ms
INFO [01-16|13:51:12.982] Imported new potential chain segment     blocks=1    txs=168     mgas=15.117  elapsed=118.192ms   mgasps=127.897 number=16,419,762 hash=ce4d90..ad07cf dirty=1022.08MiB
INFO [01-16|13:51:12.993] Chain head was updated                   number=16,419,762 hash=ce4d90..ad07cf root=a361c0..204ffb elapsed=3.111743ms
INFO [01-16|13:51:12.997] Unindexed transactions                   blocks=1    txs=138     tail=14,069,763 elapsed=3.976ms
INFO [01-16|13:51:25.050] Imported new potential chain segment     blocks=1    txs=191     mgas=16.320  elapsed=112.812ms   mgasps=144.662 number=16,419,763 hash=be3eb2..21746f dirty=1023.05MiB
INFO [01-16|13:51:25.069] Chain head was updated                   number=16,419,763 hash=be3eb2..21746f root=58d850..f9d011 elapsed=7.741744ms
INFO [01-16|13:51:25.071] Unindexed transactions                   blocks=1    txs=70      tail=14,069,764 elapsed=1.844ms
INFO [01-16|13:51:37.308] Imported new potential chain segment     blocks=1    txs=133     mgas=17.106  elapsed=97.751ms    mgasps=174.997 number=16,419,764 hash=b00706..351027 dirty=1022.39MiB
INFO [01-16|13:51:37.319] Chain head was updated                   number=16,419,764 hash=b00706..351027 root=549009..fe2de1 elapsed=3.455743ms
INFO [01-16|13:51:37.319] Unindexed transactions                   blocks=1    txs=0       tail=14,069,765 elapsed="152.335µs"
ERROR[01-16|13:51:47.637] Error in block freeze operation          err="block receipts missing, can't freeze block 15256595"
INFO [01-16|13:51:48.696] Imported new potential chain segment     blocks=1    txs=149     mgas=13.509  elapsed=120.816ms   mgasps=111.813 number=16,419,765 hash=d839d4..20796f dirty=1022.76MiB
INFO [01-16|13:51:48.713] Chain head was updated                   number=16,419,765 hash=d839d4..20796f root=d796e7..1822ab elapsed=7.237194ms
INFO [01-16|13:51:48.718] Unindexed transactions                   blocks=1    txs=243     tail=14,069,766 elapsed=5.346ms
INFO [01-16|13:52:00.334] Imported new potential chain segment     blocks=1    txs=143     mgas=13.035  elapsed=126.263ms   mgasps=103.233 number=16,419,766 hash=f93374..bb592c dirty=1022.28MiB
INFO [01-16|13:52:00.345] Chain head was updated                   number=16,419,766 hash=f93374..bb592c root=c569ca..d72408 elapsed=3.594802ms
INFO [01-16|13:52:00.349] Unindexed transactions                   blocks=1    txs=156     tail=14,069,767 elapsed=3.377ms
INFO [01-16|13:52:12.531] Imported new potential chain segment     blocks=1    txs=148     mgas=19.436  elapsed=275.673ms   mgasps=70.503  number=16,419,767 hash=182c6c..6ccd56 dirty=1022.49MiB
INFO [01-16|13:52:12.548] Chain head was updated                   number=16,419,767 hash=182c6c..6ccd56 root=6ce243..6823f1 elapsed=3.312459ms
INFO [01-16|13:52:12.551] Unindexed transactions                   blocks=1    txs=343     tail=14,069,768 elapsed=2.745ms
INFO [01-16|13:52:24.455] Imported new potential chain segment     blocks=1    txs=137     mgas=15.135  elapsed=113.084ms   mgasps=133.837 number=16,419,768 hash=4202d7..8f403d dirty=1022.61MiB
INFO [01-16|13:52:24.472] Chain head was updated                   number=16,419,768 hash=4202d7..8f403d root=d7a839..4df9d7 elapsed=3.294036ms
INFO [01-16|13:52:24.473] Unindexed transactions                   blocks=1    txs=88      tail=14,069,769 elapsed="783.398µs"
INFO [01-16|13:52:36.272] Imported new potential chain segment     blocks=1    txs=125     mgas=11.475  elapsed=92.569ms    mgasps=123.958 number=16,419,769 hash=1aa938..acac8c dirty=1022.57MiB
INFO [01-16|13:52:36.284] Chain head was updated                   number=16,419,769 hash=1aa938..acac8c root=502078..6ab437 elapsed=4.532597ms
INFO [01-16|13:52:36.285] Unindexed transactions                   blocks=1    txs=109     tail=14,069,770 elapsed=1.348ms
ERROR[01-16|13:52:47.642] Error in block freeze operation          err="block receipts missing, can't freeze block 15256595"
INFO [01-16|13:52:48.229] Imported new potential chain segment     blocks=1    txs=133     mgas=10.842  elapsed=92.179ms    mgasps=117.620 number=16,419,770 hash=f280d6..e3c9c2 dirty=1022.53MiB
INFO [01-16|13:52:48.267] Chain head was updated                   number=16,419,770 hash=f280d6..e3c9c2 root=b04f4f..a56d98 elapsed=5.213646ms
INFO [01-16|13:52:48.275] Unindexed transactions                   blocks=1    txs=403     tail=14,069,771 elapsed=7.818ms
INFO [01-16|13:53:00.250] Imported new potential chain segment     blocks=1    txs=144     mgas=15.375  elapsed=102.800ms   mgasps=149.563 number=16,419,771 hash=3c3608..5bcdba dirty=1022.52MiB
INFO [01-16|13:53:00.262] Chain head was updated                   number=16,419,771 hash=3c3608..5bcdba root=df7d17..a7a132 elapsed=3.835026ms
INFO [01-16|13:53:00.268] Unindexed transactions                   blocks=1    txs=321     tail=14,069,772 elapsed=6.586ms
INFO [01-16|13:53:12.777] Imported new potential chain segment     blocks=1    txs=143     mgas=13.794  elapsed=130.915ms   mgasps=105.369 number=16,419,772 hash=70da31..b34f90 dirty=1022.84MiB
INFO [01-16|13:53:12.797] Chain head was updated                   number=16,419,772 hash=70da31..b34f90 root=5f62ef..330ee3 elapsed=7.15416ms
INFO [01-16|13:53:12.798] Unindexed transactions                   blocks=1    txs=116     tail=14,069,773 elapsed=1.454ms
INFO [01-16|13:53:24.520] Imported new potential chain segment     blocks=1    txs=135     mgas=13.979  elapsed=117.452ms   mgasps=119.020 number=16,419,773 hash=ba2e8d..2c5bc3 dirty=1022.52MiB
INFO [01-16|13:53:24.543] Chain head was updated                   number=16,419,773 hash=ba2e8d..2c5bc3 root=3db14d..6d3f41 elapsed=8.972105ms
INFO [01-16|13:53:24.546] Unindexed transactions                   blocks=1    txs=301     tail=14,069,774 elapsed=3.474ms
INFO [01-16|13:53:36.305] Imported new potential chain segment     blocks=1    txs=124     mgas=19.269  elapsed=153.654ms   mgasps=125.405 number=16,419,774 hash=e280bc..612cb7 dirty=1022.68MiB
INFO [01-16|13:53:36.319] Chain head was updated                   number=16,419,774 hash=e280bc..612cb7 root=d9a655..fc95a0 elapsed=3.342122ms
INFO [01-16|13:53:36.320] Unindexed transactions                   blocks=1    txs=30      tail=14,069,775 elapsed="945.349µs"
ERROR[01-16|13:53:47.650] Error in block freeze operation          err="block receipts missing, can't freeze block 15256595"
INFO [01-16|13:53:49.438] Imported new potential chain segment     blocks=1    txs=134     mgas=17.979  elapsed=103.523ms   mgasps=173.672 number=16,419,775 hash=c782cf..9ae712 dirty=1022.75MiB
INFO [01-16|13:53:49.450] Chain head was updated                   number=16,419,775 hash=c782cf..9ae712 root=b58474..9b053c elapsed=3.780743ms
INFO [01-16|13:53:49.452] Unindexed transactions                   blocks=1    txs=106     tail=14,069,776 elapsed=1.565ms
INFO [01-16|13:54:00.600] Imported new potential chain segment     blocks=1    txs=94      mgas=11.875  elapsed=83.595ms    mgasps=142.049 number=16,419,776 hash=5e6472..4bf0fa dirty=1022.60MiB
INFO [01-16|13:54:00.611] Chain head was updated                   number=16,419,776 hash=5e6472..4bf0fa root=c84a3c..295ae5 elapsed=3.910075ms
INFO [01-16|13:54:00.615] Unindexed transactions                   blocks=1    txs=281     tail=14,069,777 elapsed=3.420ms
INFO [01-16|13:54:12.095] Imported new potential chain segment     blocks=1    txs=99      mgas=11.931  elapsed=93.743ms    mgasps=127.272 number=16,419,777 hash=425260..42b1b9 dirty=1022.44MiB
INFO [01-16|13:54:12.109] Chain head was updated                   number=16,419,777 hash=425260..42b1b9 root=b975d8..f9aa1a elapsed=2.827907ms
INFO [01-16|13:54:12.111] Unindexed transactions                   blocks=1    txs=232     tail=14,069,778 elapsed=2.309ms
INFO [01-16|13:54:24.153] Imported new potential chain segment     blocks=1    txs=190     mgas=17.786  elapsed=123.017ms   mgasps=144.584 number=16,419,778 hash=e987dc..a6150b dirty=1022.80MiB
INFO [01-16|13:54:24.166] Chain head was updated                   number=16,419,778 hash=e987dc..a6150b root=2cba18..681be5 elapsed=4.577953ms
INFO [01-16|13:54:24.168] Unindexed transactions                   blocks=1    txs=179     tail=14,069,779 elapsed=1.466ms
INFO [01-16|13:54:37.397] Imported new potential chain segment     blocks=1    txs=160     mgas=12.988  elapsed=90.772ms    mgasps=143.085 number=16,419,779 hash=fba41f..2a08c7 dirty=1022.35MiB
INFO [01-16|13:54:37.429] Chain head was updated                   number=16,419,779 hash=fba41f..2a08c7 root=8b9140..9e7826 elapsed=8.255274ms
INFO [01-16|13:54:37.430] Unindexed transactions                   blocks=1    txs=0       tail=14,069,780 elapsed="108.415µs"