2021-10-10 21:53:27 UTC Imported #13393422 0x7283…559b (134 txs, 13.31 Mgas, 3977 ms, 75.63 KiB)
2021-10-10 21:53:30 UTC Imported #13393423 0x6b6a…014f (63 txs, 5.44 Mgas, 1765 ms, 26.27 KiB)
2021-10-10 21:53:44 UTC  30/50 peers      6 MiB chain  0 bytes queue  RPC:  0 conn,    0 req/s,    0 µs
2021-10-10 21:53:55 UTC Imported #13393426 0x6384…d1e8 (13 txs, 0.62 Mgas, 190 ms, 2.78 KiB)
2021-10-10 21:54:12 UTC Imported #13393429 0x1071…0cdb (43 txs, 5.73 Mgas, 1869 ms, 19.93 KiB)
2021-10-10 21:54:14 UTC  30/50 peers      6 MiB chain  0 bytes queue  RPC:  0 conn,    0 req/s,    0 µs
2021-10-10 21:54:27 UTC Imported #13393431 0xed9d…1c9c (216 txs, 16.47 Mgas, 3710 ms, 68.19 KiB)
2021-10-10 21:54:44 UTC  30/50 peers      5 MiB chain  0 bytes queue  RPC:  0 conn,    0 req/s,    0 µs
2021-10-10 21:54:55 UTC Imported #13393432 0x3958…dfc9 (325 txs, 29.66 Mgas, 9907 ms, 123.61 KiB)
2021-10-10 21:55:14 UTC  30/50 peers      5 MiB chain  0 bytes queue  RPC:  0 conn,    0 req/s,    0 µs
2021-10-10 21:55:28 UTC Imported #13393433 0xa90d…5601 (384 txs, 30.08 Mgas, 8459 ms, 168.03 KiB)
2021-10-10 21:55:33 UTC Imported #13393434 0xd71f…ae68 (73 txs, 10.31 Mgas, 963 ms, 42.27 KiB)
2021-10-10 21:55:44 UTC  10/25 peers      6 MiB chain  0 bytes queue  RPC:  0 conn,    0 req/s,    0 µs
2021-10-10 21:55:58 UTC Imported #13393436 0xb20b…894f (40 txs, 5.39 Mgas, 848 ms, 21.11 KiB)
2021-10-10 21:56:19 UTC   8/25 peers      6 MiB chain  0 bytes queue  RPC:  0 conn,    0 req/s,    0 µs
2021-10-10 21:56:27 UTC Imported #13393438 0x2d57…07b4 (33 txs, 4.48 Mgas, 1232 ms, 21.04 KiB)
2021-10-10 21:56:37 UTC Imported #13393439 0x4028…0f25 (107 txs, 12.68 Mgas, 3897 ms, 83.57 KiB)
2021-10-10 21:56:49 UTC   5/25 peers      2 MiB chain  0 bytes queue  RPC:  0 conn,    0 req/s,    0 µs
2021-10-10 21:57:09 UTC Reorg to #13393440 0x274a…5e5b (0x4028…0f25 #13393438 0x2d57…07b4 0x4e1c…04c0)
2021-10-10 21:57:17 UTC Imported #13393441 0x00c6…75d2 (316 txs, 29.90 Mgas, 7838 ms, 180.45 KiB)
2021-10-10 21:57:19 UTC   5/25 peers      3 MiB chain  0 bytes queue  RPC:  0 conn,    0 req/s,    0 µs
2021-10-10 21:57:41 UTC Imported #13393442 0x2952…2056 (427 txs, 29.91 Mgas, 7411 ms, 148.16 KiB)
2021-10-10 21:57:49 UTC   5/25 peers      3 MiB chain  0 bytes queue  RPC:  0 conn,    0 req/s,    0 µs
2021-10-10 21:58:10 UTC Imported #13393443 0x7716…7bb8 (295 txs, 27.53 Mgas, 5716 ms, 203.61 KiB)
2021-10-10 21:58:19 UTC   4/25 peers      3 MiB chain  0 bytes queue  RPC:  0 conn,    0 req/s,    0 µs
2021-10-10 21:58:26 UTC Imported #13393444 0x2a92…a95e (110 txs, 9.61 Mgas, 2019 ms, 50.50 KiB)
2021-10-10 21:58:49 UTC   5/25 peers      1 MiB chain  0 bytes queue  RPC:  0 conn,    0 req/s,    0 µs
2021-10-10 21:59:19 UTC   3/25 peers      1 MiB chain  0 bytes queue  RPC:  0 conn,    0 req/s,    0 µs
2021-10-10 21:59:21 UTC Imported #13393446 0xa64e…a7b6 (81 txs, 14.37 Mgas, 4093 ms, 42.05 KiB)
2021-10-10 21:59:49 UTC   5/25 peers      3 MiB chain  368 KiB queue  RPC:  0 conn,    0 req/s,    0 µs
2021-10-10 21:59:52 UTC Reorg to #13393448 0x8e69…24a2 (0x75ca…7785 #13393446 0xa64e…a7b6 0xc371…8255)
2021-10-10 21:59:53 UTC Imported #13393448 0x8e69…24a2 (41 txs, 4.34 Mgas, 855 ms, 18.11 KiB)
2021-10-10 21:59:56 UTC Imported #13393449 0xffbb…965c (51 txs, 5.15 Mgas, 1200 ms, 58.23 KiB)
2021-10-10 22:00:08 UTC Imported #13393450 0xd297…4b08 (163 txs, 16.00 Mgas, 4619 ms, 99.50 KiB)