INFO [01-16|20:55:00.421] Unindexed transactions                   blocks=1    txs=4         tail=14,071,873 elapsed="377.072µs"
INFO [01-16|20:55:11.647] Imported new potential chain segment     blocks=1    txs=119       mgas=10.764  elapsed=92.882ms     mgasps=115.894 number=16,421,873 hash=13904f..37bf1c dirty=1021.11MiB
INFO [01-16|20:55:11.663] Chain head was updated                   number=16,421,873 hash=13904f..37bf1c root=14cb18..9e71b2 elapsed=5.932269ms
INFO [01-16|20:55:11.666] Unindexed transactions                   blocks=1    txs=126       tail=14,071,874 elapsed=3.497ms
INFO [01-16|20:55:24.323] Imported new potential chain segment     blocks=1    txs=230       mgas=22.742  elapsed=168.331ms    mgasps=135.103 number=16,421,874 hash=1fba19..6a98bf dirty=1022.22MiB
INFO [01-16|20:55:24.349] Chain head was updated                   number=16,421,874 hash=1fba19..6a98bf root=ab3b05..d80fa4 elapsed=11.967485ms
INFO [01-16|20:55:24.351] Unindexed transactions                   blocks=1    txs=86        tail=14,071,875 elapsed=2.046ms
INFO [01-16|20:55:36.762] Imported new potential chain segment     blocks=1    txs=152       mgas=14.125  elapsed=125.628ms    mgasps=112.435 number=16,421,875 hash=b4ab32..477eee dirty=1022.63MiB
INFO [01-16|20:55:36.784] Chain head was updated                   number=16,421,875 hash=b4ab32..477eee root=1e72d6..ff8a9b elapsed=8.499624ms
INFO [01-16|20:55:36.791] Unindexed transactions                   blocks=1    txs=272       tail=14,071,876 elapsed=6.342ms
ERROR[01-16|20:55:40.792] Error in block freeze operation          err="block receipts missing, can't freeze block 15256595"
INFO [01-16|20:55:48.261] Imported new potential chain segment     blocks=1    txs=179       mgas=16.079  elapsed=134.721ms    mgasps=119.351 number=16,421,876 hash=2a9396..669a78 dirty=1022.81MiB
INFO [01-16|20:55:48.283] Chain head was updated                   number=16,421,876 hash=2a9396..669a78 root=3298d7..7d2298 elapsed=9.457357ms
INFO [01-16|20:55:48.288] Unindexed transactions                   blocks=1    txs=267       tail=14,071,877 elapsed=4.751ms
INFO [01-16|20:56:01.078] Imported new potential chain segment     blocks=1    txs=169       mgas=12.870  elapsed=94.781ms     mgasps=135.784 number=16,421,877 hash=f709f2..58ed87 dirty=1022.97MiB
INFO [01-16|20:56:01.093] Chain head was updated                   number=16,421,877 hash=f709f2..58ed87 root=4a30b6..ad0beb elapsed=5.094371ms
INFO [01-16|20:56:01.098] Unindexed transactions                   blocks=1    txs=309       tail=14,071,878 elapsed=4.626ms
INFO [01-16|20:56:11.923] Imported new potential chain segment     blocks=1    txs=188       mgas=14.378  elapsed=132.949ms    mgasps=108.143 number=16,421,878 hash=3be42d..bfc159 dirty=1021.50MiB
INFO [01-16|20:56:11.942] Chain head was updated                   number=16,421,878 hash=3be42d..bfc159 root=3d0067..2ef2fa elapsed=9.081566ms
INFO [01-16|20:56:11.945] Unindexed transactions                   blocks=1    txs=235       tail=14,071,879 elapsed=2.349ms
INFO [01-16|20:56:24.426] Imported new potential chain segment     blocks=1    txs=45        mgas=3.680   elapsed=55.080ms     mgasps=66.804  number=16,421,879 hash=d07a1f..d000d7 dirty=1020.17MiB
INFO [01-16|20:56:24.450] Chain head was updated                   number=16,421,879 hash=d07a1f..d000d7 root=9318fa..013441 elapsed=2.096653ms
INFO [01-16|20:56:24.453] Unindexed transactions                   blocks=1    txs=148       tail=14,071,880 elapsed=3.017ms
INFO [01-16|20:56:36.666] Imported new potential chain segment     blocks=1    txs=255       mgas=29.984  elapsed=189.355ms    mgasps=158.350 number=16,421,880 hash=a64a55..92ca6b dirty=1020.85MiB
INFO [01-16|20:56:36.692] Chain head was updated                   number=16,421,880 hash=a64a55..92ca6b root=a27598..4f43b4 elapsed=15.581248ms
INFO [01-16|20:56:36.697] Unindexed transactions                   blocks=1    txs=214       tail=14,071,881 elapsed=4.719ms
ERROR[01-16|20:56:40.806] Error in block freeze operation          err="block receipts missing, can't freeze block 15256595"
INFO [01-16|20:56:48.292] Imported new potential chain segment     blocks=1    txs=164       mgas=16.655  elapsed=107.821ms    mgasps=154.472 number=16,421,881 hash=5153da..0e3142 dirty=1021.67MiB
INFO [01-16|20:56:48.312] Chain head was updated                   number=16,421,881 hash=5153da..0e3142 root=daef34..f12c08 elapsed=10.719807ms
INFO [01-16|20:56:48.314] Unindexed transactions                   blocks=1    txs=67        tail=14,071,882 elapsed=1.804ms
INFO [01-16|20:57:01.464] Imported new potential chain segment     blocks=1    txs=169       mgas=21.758  elapsed=129.757ms    mgasps=167.679 number=16,421,882 hash=8fd0bf..0bec33 dirty=1022.77MiB
INFO [01-16|20:57:01.494] Chain head was updated                   number=16,421,882 hash=8fd0bf..0bec33 root=2868a0..36f6fc elapsed=10.765788ms
INFO [01-16|20:57:01.501] Unindexed transactions                   blocks=1    txs=375       tail=14,071,883 elapsed=6.664ms
INFO [01-16|20:57:12.265] Imported new potential chain segment     blocks=1    txs=125       mgas=13.285  elapsed=113.353ms    mgasps=117.199 number=16,421,883 hash=7ceb89..9be8b3 dirty=1022.68MiB
INFO [01-16|20:57:12.282] Chain head was updated                   number=16,421,883 hash=7ceb89..9be8b3 root=2296f5..a862df elapsed=8.356394ms
INFO [01-16|20:57:12.285] Unindexed transactions                   blocks=1    txs=166       tail=14,071,884 elapsed=2.958ms
INFO [01-16|20:57:24.560] Imported new potential chain segment     blocks=1    txs=107       mgas=11.117  elapsed=114.823ms    mgasps=96.819  number=16,421,884 hash=469854..939d45 dirty=1022.77MiB
INFO [01-16|20:57:24.575] Chain head was updated                   number=16,421,884 hash=469854..939d45 root=c67b7d..6f49f3 elapsed=2.632266ms
INFO [01-16|20:57:24.576] Unindexed transactions                   blocks=1    txs=24        tail=14,071,885 elapsed="858.12µs"
INFO [01-16|20:57:35.859] Imported new potential chain segment     blocks=1    txs=102       mgas=11.084  elapsed=81.864ms     mgasps=135.400 number=16,421,885 hash=69874a..3981c0 dirty=1022.54MiB
INFO [01-16|20:57:35.898] Chain head was updated                   number=16,421,885 hash=69874a..3981c0 root=835afe..0a4ef0 elapsed=5.959501ms
INFO [01-16|20:57:35.899] Unindexed transactions                   blocks=1    txs=42        tail=14,071,886 elapsed=1.234ms
ERROR[01-16|20:57:40.821] Error in block freeze operation          err="block receipts missing, can't freeze block 15256595"
INFO [01-16|20:57:49.830] Imported new potential chain segment     blocks=1    txs=136       mgas=10.820  elapsed=106.267ms    mgasps=101.818 number=16,421,886 hash=52a8fa..206751 dirty=1022.48MiB
INFO [01-16|20:57:49.847] Chain head was updated                   number=16,421,886 hash=52a8fa..206751 root=3e8b27..53772e elapsed=4.028263ms
INFO [01-16|20:57:49.851] Unindexed transactions                   blocks=1    txs=214       tail=14,071,887 elapsed=3.016ms
INFO [01-16|20:58:00.445] Imported new potential chain segment     blocks=1    txs=158       mgas=14.575  elapsed=106.630ms    mgasps=136.688 number=16,421,887 hash=d8a1ee..1d937b dirty=1022.38MiB
INFO [01-16|20:58:00.489] Chain head was updated                   number=16,421,887 hash=d8a1ee..1d937b root=9b1ad0..5c1d21 elapsed=8.928222ms
INFO [01-16|20:58:00.490] Unindexed transactions                   blocks=1    txs=50        tail=14,071,888 elapsed=1.038ms
INFO [01-16|20:58:12.803] Imported new potential chain segment     blocks=1    txs=145       mgas=18.083  elapsed=104.016ms    mgasps=173.848 number=16,421,888 hash=09ff15..d168ac dirty=1022.82MiB
INFO [01-16|20:58:12.832] Chain head was updated                   number=16,421,888 hash=09ff15..d168ac root=d843cc..d02936 elapsed=12.637903ms
INFO [01-16|20:58:12.833] Unindexed transactions                   blocks=1    txs=20        tail=14,071,889 elapsed="698.183µs"
INFO [01-16|20:58:28.846] Imported new potential chain segment     blocks=1    txs=211       mgas=18.452  elapsed=159.809ms    mgasps=115.461 number=16,421,889 hash=dc48d9..f4468f dirty=1021.37MiB
INFO [01-16|20:58:28.866] Chain head was updated                   number=16,421,889 hash=dc48d9..f4468f root=1266c0..6cc644 elapsed=11.694137ms
INFO [01-16|20:58:28.873] Unindexed transactions                   blocks=1    txs=346       tail=14,071,890 elapsed=6.591ms
INFO [01-16|20:58:36.040] Imported new potential chain segment     blocks=1    txs=5         mgas=0.261   elapsed=17.345ms     mgasps=15.032  number=16,421,890 hash=ef4f5a..cda77e dirty=1020.39MiB
INFO [01-16|20:58:36.172] Chain head was updated                   number=16,421,890 hash=ef4f5a..cda77e root=8fb33c..8833a6 elapsed="405.851µs"
INFO [01-16|20:58:36.174] Unindexed transactions                   blocks=1    txs=114       tail=14,071,891 elapsed=1.257ms
ERROR[01-16|20:58:40.835] Error in block freeze operation          err="block receipts missing, can't freeze block 15256595"
INFO [01-16|20:58:48.274] Imported new potential chain segment     blocks=1    txs=287       mgas=29.979  elapsed=224.239ms    mgasps=133.692 number=16,421,891 hash=cf0de8..2aa6e2 dirty=1022.10MiB
INFO [01-16|20:58:48.298] Chain head was updated                   number=16,421,891 hash=cf0de8..2aa6e2 root=62d40c..8c8e2e elapsed=15.07589ms
INFO [01-16|20:58:48.305] Unindexed transactions                   blocks=1    txs=296       tail=14,071,892 elapsed=6.823ms
INFO [01-16|20:59:00.058] Imported new potential chain segment     blocks=1    txs=167       mgas=17.702  elapsed=121.244ms    mgasps=146.003 number=16,421,892 hash=463d05..9fccb1 dirty=1022.43MiB
INFO [01-16|20:59:00.073] Chain head was updated                   number=16,421,892 hash=463d05..9fccb1 root=ec8984..ab0916 elapsed=4.142269ms
INFO [01-16|20:59:00.076] Unindexed transactions                   blocks=1    txs=107       tail=14,071,893 elapsed=2.717ms
INFO [01-16|20:59:15.244] Imported new potential chain segment     blocks=1    txs=174       mgas=16.055  elapsed=134.559ms    mgasps=119.314 number=16,421,893 hash=7fa3cd..b61e6b dirty=1022.21MiB
INFO [01-16|20:59:15.261] Chain head was updated                   number=16,421,893 hash=7fa3cd..b61e6b root=11af3e..b5f0e5 elapsed=5.916111ms
INFO [01-16|20:59:15.262] Unindexed transactions                   blocks=1    txs=52        tail=14,071,894 elapsed="915.758µs"
INFO [01-16|20:59:25.245] Imported new potential chain segment     blocks=1    txs=94        mgas=9.401   elapsed=94.295ms     mgasps=99.692  number=16,421,894 hash=46a039..cc4bc0 dirty=1021.69MiB
INFO [01-16|20:59:25.337] Chain head was updated                   number=16,421,894 hash=46a039..cc4bc0 root=4670f6..6ace7c elapsed=2.331419ms
INFO [01-16|20:59:25.339] Unindexed transactions                   blocks=1    txs=163       tail=14,071,895 elapsed=1.618ms
INFO [01-16|20:59:36.562] Imported new potential chain segment     blocks=1    txs=169       mgas=16.742  elapsed=116.314ms    mgasps=143.937 number=16,421,895 hash=f8f083..2101cb dirty=1022.25MiB
INFO [01-16|20:59:36.584] Chain head was updated                   number=16,421,895 hash=f8f083..2101cb root=b8bff8..d267ea elapsed=9.025138ms
INFO [01-16|20:59:36.586] Unindexed transactions                   blocks=1    txs=76        tail=14,071,896 elapsed=2.171ms
ERROR[01-16|20:59:40.852] Error in block freeze operation          err="block receipts missing, can't freeze block 15256595"
INFO [01-16|20:59:48.694] Imported new potential chain segment     blocks=1    txs=149       mgas=15.431  elapsed=113.800ms    mgasps=135.593 number=16,421,896 hash=edafdc..5fb278 dirty=1022.32MiB
INFO [01-16|20:59:48.706] Chain head was updated                   number=16,421,896 hash=edafdc..5fb278 root=9c61e5..aed8ed elapsed=3.715034ms
INFO [01-16|20:59:48.710] Unindexed transactions                   blocks=1    txs=176       tail=14,071,897 elapsed=4.511ms
INFO [01-16|21:00:00.844] Imported new potential chain segment     blocks=1    txs=189       mgas=15.444  elapsed=101.299ms    mgasps=152.461 number=16,421,897 hash=ce35ea..3c5a97 dirty=1022.66MiB
INFO [01-16|21:00:00.874] Chain head was updated                   number=16,421,897 hash=ce35ea..3c5a97 root=f94c79..655359 elapsed=3.734344ms
INFO [01-16|21:00:00.878] Unindexed transactions                   blocks=1    txs=328       tail=14,071,898 elapsed=3.753ms
INFO [01-16|21:00:13.057] Imported new potential chain segment     blocks=1    txs=349       mgas=19.973  elapsed=137.792ms    mgasps=144.950 number=16,421,898 hash=6443f6..552227 dirty=1023.68MiB
INFO [01-16|21:00:13.097] Chain head was updated                   number=16,421,898 hash=6443f6..552227 root=adb137..293d80 elapsed=24.352685ms
INFO [01-16|21:00:13.122] Unindexed transactions                   blocks=1    txs=248       tail=14,071,899 elapsed=22.465ms
INFO [01-16|21:00:24.536] Imported new potential chain segment     blocks=1    txs=268       mgas=13.929  elapsed=134.461ms    mgasps=103.592 number=16,421,899 hash=c0b2e6..41326b dirty=1021.53MiB
INFO [01-16|21:00:24.552] Chain head was updated                   number=16,421,899 hash=c0b2e6..41326b root=147210..70b54a elapsed=3.988352ms
INFO [01-16|21:00:24.553] Unindexed transactions                   blocks=1    txs=19        tail=14,071,900 elapsed="632.666µs"
INFO [01-16|21:00:36.291] Imported new potential chain segment     blocks=1    txs=52        mgas=4.106   elapsed=68.435ms     mgasps=59.993  number=16,421,900 hash=78a706..9df8e8 dirty=1020.82MiB
INFO [01-16|21:00:36.309] Chain head was updated                   number=16,421,900 hash=78a706..9df8e8 root=ce771a..8177bc elapsed=2.474857ms
INFO [01-16|21:00:36.313] Unindexed transactions                   blocks=1    txs=206       tail=14,071,901 elapsed=3.754ms