INFO [01-16|20:50:01.802] Unindexed transactions                   blocks=1    txs=256       tail=14,071,848 elapsed=6.644ms
INFO [01-16|20:50:12.848] Imported new potential chain segment     blocks=1    txs=152       mgas=17.544  elapsed=154.570ms    mgasps=113.504 number=16,421,848 hash=d104cf..03b28d dirty=1021.87MiB
INFO [01-16|20:50:12.866] Chain head was updated                   number=16,421,848 hash=d104cf..03b28d root=ee3ee0..3a6504 elapsed=4.088648ms
INFO [01-16|20:50:12.868] Unindexed transactions                   blocks=1    txs=95        tail=14,071,849 elapsed=2.272ms
INFO [01-16|20:50:24.484] Imported new potential chain segment     blocks=1    txs=170       mgas=20.212  elapsed=149.032ms    mgasps=135.619 number=16,421,849 hash=c493c7..d20d33 dirty=1023.06MiB
INFO [01-16|20:50:24.509] Chain head was updated                   number=16,421,849 hash=c493c7..d20d33 root=cbfcea..37847c elapsed=11.89ms
INFO [01-16|20:50:24.512] Unindexed transactions                   blocks=1    txs=113       tail=14,071,850 elapsed=2.652ms
INFO [01-16|20:50:36.008] Imported new potential chain segment     blocks=1    txs=136       mgas=13.122  elapsed=111.901ms    mgasps=117.265 number=16,421,850 hash=d1a7d8..2d9e45 dirty=1022.09MiB
INFO [01-16|20:50:36.025] Chain head was updated                   number=16,421,850 hash=d1a7d8..2d9e45 root=8e7582..e5e4af elapsed=4.240561ms
INFO [01-16|20:50:36.033] Unindexed transactions                   blocks=1    txs=360       tail=14,071,851 elapsed=7.399ms
ERROR[01-16|20:50:40.714] Error in block freeze operation          err="block receipts missing, can't freeze block 15256595"
INFO [01-16|20:50:46.669] Writing clean trie cache to disk         path=/home/long/nvme/data-dir/geth/triecache threads=1
INFO [01-16|20:50:46.670] Regenerated local transaction journal    transactions=0 accounts=0
INFO [01-16|20:50:47.515] Persisted the clean trie cache           path=/home/long/nvme/data-dir/geth/triecache elapsed=845.850ms
INFO [01-16|20:50:48.627] Imported new potential chain segment     blocks=1    txs=165       mgas=13.622  elapsed=186.938ms    mgasps=72.869  number=16,421,851 hash=8f0b03..14b865 dirty=1021.86MiB
INFO [01-16|20:50:48.641] Chain head was updated                   number=16,421,851 hash=8f0b03..14b865 root=9ebf8c..2a8bc7 elapsed=5.652191ms
INFO [01-16|20:50:48.648] Unindexed transactions                   blocks=1    txs=158       tail=14,071,852 elapsed=2.598ms
INFO [01-16|20:51:00.446] Imported new potential chain segment     blocks=1    txs=189       mgas=20.210  elapsed=147.369ms    mgasps=137.136 number=16,421,852 hash=242578..6f46db dirty=1022.30MiB
INFO [01-16|20:51:00.472] Chain head was updated                   number=16,421,852 hash=242578..6f46db root=f29b20..052b59 elapsed=11.965585ms
INFO [01-16|20:51:00.473] Unindexed transactions                   blocks=1    txs=21        tail=14,071,853 elapsed="770.395µs"
INFO [01-16|20:51:12.722] Imported new potential chain segment     blocks=1    txs=144       mgas=12.443  elapsed=88.926ms     mgasps=139.929 number=16,421,853 hash=869bf4..5dd018 dirty=1022.47MiB
INFO [01-16|20:51:12.738] Chain head was updated                   number=16,421,853 hash=869bf4..5dd018 root=4c70d3..fd6f7b elapsed=7.576516ms
INFO [01-16|20:51:12.740] Unindexed transactions                   blocks=1    txs=86        tail=14,071,854 elapsed=1.811ms
INFO [01-16|20:51:24.167] Imported new potential chain segment     blocks=1    txs=131       mgas=13.281  elapsed=97.520ms     mgasps=136.192 number=16,421,854 hash=16eab6..33888c dirty=1022.45MiB
INFO [01-16|20:51:24.214] Chain head was updated                   number=16,421,854 hash=16eab6..33888c root=227966..ee4b35 elapsed=7.823635ms
INFO [01-16|20:51:24.222] Unindexed transactions                   blocks=1    txs=425       tail=14,071,855 elapsed=7.862ms
INFO [01-16|20:51:37.705] Imported new potential chain segment     blocks=1    txs=162       mgas=17.680  elapsed=148.583ms    mgasps=118.990 number=16,421,855 hash=276c9d..d49db4 dirty=1022.44MiB
INFO [01-16|20:51:37.724] Chain head was updated                   number=16,421,855 hash=276c9d..d49db4 root=510180..b346e5 elapsed=10.10294ms
INFO [01-16|20:51:37.728] Unindexed transactions                   blocks=1    txs=193       tail=14,071,856 elapsed=4.574ms
ERROR[01-16|20:51:40.730] Error in block freeze operation          err="block receipts missing, can't freeze block 15256595"
INFO [01-16|20:51:49.377] Imported new potential chain segment     blocks=1    txs=132       mgas=11.177  elapsed=94.069ms     mgasps=118.815 number=16,421,856 hash=510586..1e1ff3 dirty=1021.90MiB
INFO [01-16|20:51:49.401] Chain head was updated                   number=16,421,856 hash=510586..1e1ff3 root=099a52..541a89 elapsed=7.356118ms
INFO [01-16|20:51:49.406] Unindexed transactions                   blocks=1    txs=188       tail=14,071,857 elapsed=4.254ms
INFO [01-16|20:52:01.285] Imported new potential chain segment     blocks=1    txs=150       mgas=13.720  elapsed=147.118ms    mgasps=93.259  number=16,421,857 hash=3fe2f0..582cbc dirty=1022.03MiB
INFO [01-16|20:52:01.307] Chain head was updated                   number=16,421,857 hash=3fe2f0..582cbc root=825401..f52e12 elapsed=8.035149ms
INFO [01-16|20:52:01.309] Unindexed transactions                   blocks=1    txs=85        tail=14,071,858 elapsed=2.078ms
INFO [01-16|20:52:12.005] Imported new potential chain segment     blocks=1    txs=164       mgas=15.888  elapsed=108.123ms    mgasps=146.946 number=16,421,858 hash=6ae248..bb75b8 dirty=1022.34MiB
INFO [01-16|20:52:12.018] Chain head was updated                   number=16,421,858 hash=6ae248..bb75b8 root=8de13a..a19654 elapsed=4.637414ms
INFO [01-16|20:52:12.020] Unindexed transactions                   blocks=1    txs=42        tail=14,071,859 elapsed=1.373ms
INFO [01-16|20:52:24.037] Imported new potential chain segment     blocks=1    txs=127       mgas=14.968  elapsed=94.989ms     mgasps=157.574 number=16,421,859 hash=8894ed..f46de5 dirty=1022.81MiB
INFO [01-16|20:52:24.055] Chain head was updated                   number=16,421,859 hash=8894ed..f46de5 root=ff1da7..29b936 elapsed=3.524979ms
INFO [01-16|20:52:24.059] Unindexed transactions                   blocks=1    txs=128       tail=14,071,860 elapsed=3.349ms
INFO [01-16|20:52:36.248] Imported new potential chain segment     blocks=1    txs=161       mgas=13.931  elapsed=141.537ms    mgasps=98.428  number=16,421,860 hash=37dd7b..3f62d8 dirty=1022.17MiB
INFO [01-16|20:52:36.268] Chain head was updated                   number=16,421,860 hash=37dd7b..3f62d8 root=99dc7f..fcfacf elapsed=8.450205ms
INFO [01-16|20:52:36.269] Unindexed transactions                   blocks=1    txs=4         tail=14,071,861 elapsed="374.827µs"
ERROR[01-16|20:52:40.746] Error in block freeze operation          err="block receipts missing, can't freeze block 15256595"
INFO [01-16|20:52:49.202] Imported new potential chain segment     blocks=1    txs=169       mgas=17.532  elapsed=129.951ms    mgasps=134.912 number=16,421,861 hash=9cb8b6..d1e076 dirty=1022.33MiB
INFO [01-16|20:52:49.226] Chain head was updated                   number=16,421,861 hash=9cb8b6..d1e076 root=5e5a7c..20f07f elapsed=10.618089ms
INFO [01-16|20:52:49.232] Unindexed transactions                   blocks=1    txs=330       tail=14,071,862 elapsed=6.454ms
INFO [01-16|20:53:00.426] Imported new potential chain segment     blocks=1    txs=139       mgas=10.821  elapsed=77.669ms     mgasps=139.323 number=16,421,862 hash=50464e..244cbc dirty=1022.12MiB
INFO [01-16|20:53:00.444] Chain head was updated                   number=16,421,862 hash=50464e..244cbc root=cfdcf8..ef9dec elapsed=7.593378ms
INFO [01-16|20:53:00.446] Unindexed transactions                   blocks=1    txs=108       tail=14,071,863 elapsed=2.728ms
INFO [01-16|20:53:12.183] Imported new potential chain segment     blocks=1    txs=204       mgas=16.479  elapsed=148.742ms    mgasps=110.791 number=16,421,863 hash=cf3026..078d1a dirty=1022.37MiB
INFO [01-16|20:53:12.200] Chain head was updated                   number=16,421,863 hash=cf3026..078d1a root=f34953..9aa2d3 elapsed=4.243091ms
INFO [01-16|20:53:12.201] Unindexed transactions                   blocks=1    txs=45        tail=14,071,864 elapsed=1.026ms
INFO [01-16|20:53:24.778] Imported new potential chain segment     blocks=1    txs=171       mgas=13.935  elapsed=121.481ms    mgasps=114.710 number=16,421,864 hash=e6b5ab..b210d2 dirty=1022.59MiB
INFO [01-16|20:53:24.795] Chain head was updated                   number=16,421,864 hash=e6b5ab..b210d2 root=df61a5..035dc8 elapsed=8.553597ms
INFO [01-16|20:53:24.796] Unindexed transactions                   blocks=1    txs=39        tail=14,071,865 elapsed=1.270ms
INFO [01-16|20:53:36.436] Imported new potential chain segment     blocks=1    txs=131       mgas=10.114  elapsed=105.911ms    mgasps=95.499  number=16,421,865 hash=04190c..305aac dirty=1022.22MiB
INFO [01-16|20:53:36.456] Chain head was updated                   number=16,421,865 hash=04190c..305aac root=75b632..3b6ad4 elapsed=6.462119ms
INFO [01-16|20:53:36.458] Unindexed transactions                   blocks=1    txs=146       tail=14,071,866 elapsed=1.842ms
ERROR[01-16|20:53:40.762] Error in block freeze operation          err="block receipts missing, can't freeze block 15256595"
INFO [01-16|20:53:48.987] Imported new potential chain segment     blocks=1    txs=210       mgas=19.791  elapsed=157.279ms    mgasps=125.835 number=16,421,866 hash=f0c867..0ce81e dirty=1022.46MiB
INFO [01-16|20:53:49.012] Chain head was updated                   number=16,421,866 hash=f0c867..0ce81e root=aeaeed..1c8277 elapsed=11.184ms
INFO [01-16|20:53:49.017] Unindexed transactions                   blocks=1    txs=240       tail=14,071,867 elapsed=5.367ms
INFO [01-16|20:54:00.127] Imported new potential chain segment     blocks=1    txs=123       mgas=12.963  elapsed=121.406ms    mgasps=106.774 number=16,421,867 hash=50fd8f..f2e6a9 dirty=1022.26MiB
INFO [01-16|20:54:00.142] Chain head was updated                   number=16,421,867 hash=50fd8f..f2e6a9 root=a04229..d18172 elapsed=3.693862ms
INFO [01-16|20:54:00.147] Unindexed transactions                   blocks=1    txs=278       tail=14,071,868 elapsed=5.017ms
INFO [01-16|20:54:13.145] Imported new potential chain segment     blocks=1    txs=89        mgas=8.246   elapsed=90.385ms     mgasps=91.233  number=16,421,868 hash=5fdef0..cd59a5 dirty=1022.05MiB
INFO [01-16|20:54:13.208] Chain head was updated                   number=16,421,868 hash=5fdef0..cd59a5 root=632a99..b5f33b elapsed=4.085002ms
INFO [01-16|20:54:13.215] Unindexed transactions                   blocks=1    txs=352       tail=14,071,869 elapsed=6.600ms
INFO [01-16|20:54:24.123] Imported new potential chain segment     blocks=1    txs=190       mgas=19.503  elapsed=138.180ms    mgasps=141.143 number=16,421,869 hash=6c1f1f..db055d dirty=1023.78MiB
INFO [01-16|20:54:24.143] Chain head was updated                   number=16,421,869 hash=6c1f1f..db055d root=142f7b..bbff0d elapsed=5.17686ms
INFO [01-16|20:54:24.149] Unindexed transactions                   blocks=1    txs=313       tail=14,071,870 elapsed=6.017ms
INFO [01-16|20:54:36.838] Imported new potential chain segment     blocks=1    txs=127       mgas=14.247  elapsed=133.487ms    mgasps=106.728 number=16,421,870 hash=682a43..5ff5fa dirty=1021.11MiB
INFO [01-16|20:54:36.856] Chain head was updated                   number=16,421,870 hash=682a43..5ff5fa root=2c9b64..bd9071 elapsed=4.693143ms
INFO [01-16|20:54:36.861] Unindexed transactions                   blocks=1    txs=252       tail=14,071,871 elapsed=4.921ms
ERROR[01-16|20:54:40.776] Error in block freeze operation          err="block receipts missing, can't freeze block 15256595"
INFO [01-16|20:54:48.033] Imported new potential chain segment     blocks=1    txs=123       mgas=12.560  elapsed=140.556ms    mgasps=89.360  number=16,421,871 hash=7b4d07..71e68b dirty=1021.02MiB
INFO [01-16|20:54:48.054] Chain head was updated                   number=16,421,871 hash=7b4d07..71e68b root=75f2db..0a8952 elapsed=7.159574ms
INFO [01-16|20:54:48.060] Unindexed transactions                   blocks=1    txs=223       tail=14,071,872 elapsed=6.202ms
INFO [01-16|20:55:00.405] Imported new potential chain segment     blocks=1    txs=134       mgas=13.029  elapsed=107.997ms    mgasps=120.640 number=16,421,872 hash=ef6000..6e1faf dirty=1020.94MiB
INFO [01-16|20:55:00.420] Chain head was updated                   number=16,421,872 hash=ef6000..6e1faf root=2bf2d9..dc6e3b elapsed=3.357609ms
INFO [01-16|20:55:00.421] Unindexed transactions                   blocks=1    txs=4         tail=14,071,873 elapsed="377.072µs"
INFO [01-16|20:55:11.647] Imported new potential chain segment     blocks=1    txs=119       mgas=10.764  elapsed=92.882ms     mgasps=115.894 number=16,421,873 hash=13904f..37bf1c dirty=1021.11MiB
INFO [01-16|20:55:11.663] Chain head was updated                   number=16,421,873 hash=13904f..37bf1c root=14cb18..9e71b2 elapsed=5.932269ms
INFO [01-16|20:55:11.666] Unindexed transactions                   blocks=1    txs=126       tail=14,071,874 elapsed=3.497ms
INFO [01-16|20:55:24.323] Imported new potential chain segment     blocks=1    txs=230       mgas=22.742  elapsed=168.331ms    mgasps=135.103 number=16,421,874 hash=1fba19..6a98bf dirty=1022.22MiB
INFO [01-16|20:55:24.349] Chain head was updated                   number=16,421,874 hash=1fba19..6a98bf root=ab3b05..d80fa4 elapsed=11.967485ms
INFO [01-16|20:55:24.351] Unindexed transactions                   blocks=1    txs=86        tail=14,071,875 elapsed=2.046ms
INFO [01-16|20:55:36.762] Imported new potential chain segment     blocks=1    txs=152       mgas=14.125  elapsed=125.628ms    mgasps=112.435 number=16,421,875 hash=b4ab32..477eee dirty=1022.63MiB
INFO [01-16|20:55:36.784] Chain head was updated                   number=16,421,875 hash=b4ab32..477eee root=1e72d6..ff8a9b elapsed=8.499624ms
INFO [01-16|20:55:36.791] Unindexed transactions                   blocks=1    txs=272       tail=14,071,876 elapsed=6.342ms