2021-10-11 21:06:15 UTC Syncing #13399578 0xa629…a8f3     0.80 blk/s   50.8 tx/s    4.1 Mgas/s      0+    5 Qed LI:#13399583    3/25 peers      5 MiB chain    2 MiB queue  RPC:  0 conn,    0 req/s,    0 µs
2021-10-11 21:06:27 UTC Reorg to #13399580 0x8c08…0264 (0x639f…9292 #13399578 0xa629…a8f3 0x7f92…3bb1)
2021-10-11 21:06:44 UTC Imported #13399583 0xa24e…957e (136 txs, 10.58 Mgas, 3982 ms, 50.03 KiB)
2021-10-11 21:06:44 UTC   3/25 peers      6 MiB chain 776 bytes queue  RPC:  0 conn,    0 req/s,    0 µs
2021-10-11 21:07:04 UTC Imported #13399584 0xc555…7e7a (364 txs, 27.20 Mgas, 8281 ms, 130.14 KiB)
2021-10-11 21:07:10 UTC   3/25 peers      6 MiB chain  430 KiB queue  RPC:  0 conn,    0 req/s,    0 µs
2021-10-11 21:07:38 UTC Syncing #13399584 0xc555…7e7a     0.00 blk/s    0.0 tx/s    0.0 Mgas/s      0+    4 Qed LI:#13399588    2/25 peers      6 MiB chain    1 MiB queue  RPC:  0 conn,    0 req/s,    0 µs
2021-10-11 21:08:00 UTC Updated conversion rate to Ξ1 = US$3481.50 (1367773.9 wei/gas)
2021-10-11 21:08:09 UTC Imported #13399588 0xf797…fac8 (569 txs, 29.83 Mgas, 7705 ms, 147.63 KiB)
2021-10-11 21:08:28 UTC   2/25 peers      6 MiB chain  294 KiB queue  RPC:  0 conn,    0 req/s,    0 µs
2021-10-11 21:09:01 UTC Syncing #13399588 0xf797…fac8     0.00 blk/s    0.0 tx/s    0.0 Mgas/s      0+    7 Qed LI:#13399595    1/25 peers      6 MiB chain    2 MiB queue  RPC:  0 conn,    0 req/s,    0 µs
2021-10-11 21:09:08 UTC Syncing #13399588 0xf797…fac8     0.00 blk/s    0.0 tx/s    0.0 Mgas/s      0+    6 Qed LI:#13399595    1/25 peers      6 MiB chain    1 MiB queue  RPC:  0 conn,    0 req/s,    0 µs
2021-10-11 21:09:26 UTC Syncing #13399590 0xac76…93e8     0.40 blk/s   39.8 tx/s    3.9 Mgas/s      0+    4 Qed LI:#13399595    1/25 peers      6 MiB chain  960 KiB queue  RPC:  0 conn,    0 req/s,    0 µs
2021-10-11 21:09:26 UTC Syncing #13399591 0x4200…f1f3     0.30 blk/s   45.7 tx/s    3.7 Mgas/s      0+    3 Qed LI:#13399595    1/25 peers      5 MiB chain  484 KiB queue  RPC:  0 conn,    0 req/s,    0 µs
2021-10-11 21:09:26 UTC Syncing #13399594 0x0c97…e967     1.14 blk/s  218.4 tx/s   15.2 Mgas/s      0+    0 Qed LI:#13399595    1/25 peers      5 MiB chain  0 bytes queue  RPC:  0 conn,    0 req/s,    0 µs
2021-10-11 21:09:26 UTC Syncing #13399594 0x0c97…e967     0.29 blk/s   61.8 tx/s    4.3 Mgas/s      0+    0 Qed LI:#13399595    1/25 peers      5 MiB chain  0 bytes queue  RPC:  0 conn,    0 req/s,    0 µs
2021-10-11 21:09:32 UTC Syncing #13399595 0x6c1c…618b     0.27 blk/s   11.8 tx/s    0.8 Mgas/s      0+    0 Qed LI:#13399595    1/25 peers      5 MiB chain  0 bytes queue  RPC:  0 conn,    0 req/s,    0 µs
2021-10-11 21:09:39 UTC Syncing #13399595 0x6c1c…618b     0.00 blk/s    0.0 tx/s    0.0 Mgas/s      0+    0 Qed LI:#13399595    1/25 peers      5 MiB chain  0 bytes queue  RPC:  0 conn,    0 req/s,    0 µs
2021-10-11 21:09:40 UTC Syncing #13399595 0x6c1c…618b     0.00 blk/s    0.0 tx/s    0.0 Mgas/s      0+    2 Qed LI:#13399598    1/25 peers      5 MiB chain  215 KiB queue  RPC:  0 conn,    0 req/s,    0 µs
2021-10-11 21:09:51 UTC Syncing #13399596 0x8f5c…66c4     0.20 blk/s   40.8 tx/s    3.2 Mgas/s      0+    1 Qed LI:#13399596    1/25 peers      5 MiB chain    3 KiB queue  RPC:  0 conn,    0 req/s,    0 µs
2021-10-11 21:09:51 UTC Syncing #13399598 0x9f0e…da73     0.30 blk/s   35.5 tx/s    2.7 Mgas/s      0+    0 Qed LI:#13399596    1/25 peers      5 MiB chain  0 bytes queue  RPC:  0 conn,    0 req/s,    0 µs
2021-10-11 21:10:16 UTC Imported #13399599 0x8897…1000 (450 txs, 29.84 Mgas, 13000 ms, 135.61 KiB) + another 2 block(s) containing 44 tx(s)
2021-10-11 21:10:34 UTC   0/25 peers      5 MiB chain  0 bytes queue  RPC:  0 conn,    0 req/s,    0 µs
2021-10-11 21:11:05 UTC   0/25 peers      5 MiB chain  0 bytes queue  RPC:  0 conn,    0 req/s,    0 µs
2021-10-11 21:11:30 UTC Syncing #13399599 0x8897…1000     0.00 blk/s    0.0 tx/s    0.0 Mgas/s      0+    4 Qed LI:#13399604    5/25 peers      5 MiB chain    1 MiB queue  RPC:  0 conn,    0 req/s,    0 µs
2021-10-11 21:12:01 UTC   2/25 peers      6 MiB chain  0 bytes queue  RPC:  0 conn,    0 req/s,    0 µs
2021-10-11 21:12:01 UTC Imported #13399604 0x5c3e…c384 (0 txs, 0.00 Mgas, 10 ms, 0.53 KiB)
2021-10-11 21:12:30 UTC Syncing #13399604 0x5c3e…c384     0.00 blk/s    0.0 tx/s    0.0 Mgas/s      0+    2 Qed LI:#13399607    5/25 peers    810 KiB chain    1 MiB queue  RPC:  0 conn,    0 req/s,    0 µs
2021-10-11 21:12:40 UTC Syncing #13399605 0x3af7…cd8a     0.10 blk/s   53.4 tx/s    3.0 Mgas/s      0+    1 Qed LI:#13399607   10/25 peers    845 KiB chain  497 KiB queue  RPC:  0 conn,    0 req/s,    0 µs
2021-10-11 21:12:40 UTC Syncing #13399605 0x3af7…cd8a     0.20 blk/s  106.8 tx/s    6.0 Mgas/s      0+    1 Qed LI:#13399607   10/25 peers    845 KiB chain  497 KiB queue  RPC:  0 conn,    0 req/s,    0 µs
2021-10-11 21:12:56 UTC Imported #13399607 0x1a43…a60b (279 txs, 25.98 Mgas, 7534 ms, 151.44 KiB)