2021-10-11 21:00:13 UTC Imported #13399555 0x93e9…9bd9 (184 txs, 14.79 Mgas, 4304 ms, 69.20 KiB)
2021-10-11 21:01:02 UTC   0/25 peers      5 MiB chain  477 KiB queue  RPC:  0 conn,    0 req/s,    0 µs
2021-10-11 21:01:10 UTC Imported #13399557 0xaf44…6c59 (274 txs, 30.02 Mgas, 7073 ms, 141.17 KiB)
2021-10-11 21:01:35 UTC Syncing #13399557 0xaf44…6c59     0.03 blk/s    8.4 tx/s    0.9 Mgas/s      0+    5 Qed LI:#13399563    5/25 peers      6 MiB chain    2 MiB queue  RPC:  0 conn,    0 req/s,    0 µs
2021-10-11 21:02:05 UTC   5/25 peers      6 MiB chain 776 bytes queue  RPC:  0 conn,    0 req/s,    0 µs
2021-10-11 21:02:12 UTC Imported #13399565 0x062f…c687 (146 txs, 9.01 Mgas, 2013 ms, 48.39 KiB)
2021-10-11 21:02:23 UTC Imported #13399566 0x7ec1…7891 (169 txs, 14.16 Mgas, 3190 ms, 69.20 KiB)
2021-10-11 21:02:46 UTC   3/25 peers      4 MiB chain  0 bytes queue  RPC:  0 conn,    0 req/s,    0 µs
2021-10-11 21:03:20 UTC   0/25 peers      4 MiB chain  0 bytes queue  RPC:  0 conn,    0 req/s,    0 µs
2021-10-11 21:03:29 UTC Imported #13399567 0xfaa3…2cfb (339 txs, 24.79 Mgas, 5822 ms, 168.67 KiB)
2021-10-11 21:04:50 UTC   0/25 peers      4 MiB chain  0 bytes queue  RPC:  0 conn,    0 req/s,    0 µs
2021-10-11 21:05:20 UTC   0/25 peers      4 MiB chain  0 bytes queue  RPC:  0 conn,    0 req/s,    0 µs
2021-10-11 21:05:25 UTC Syncing #13399567 0xfaa3…2cfb     0.00 blk/s    0.0 tx/s    0.0 Mgas/s      0+   11 Qed LI:#13399579    2/25 peers      4 MiB chain    3 MiB queue  RPC:  0 conn,    0 req/s,    0 µs
2021-10-11 21:05:39 UTC Syncing #13399567 0xfaa3…2cfb     0.00 blk/s    0.0 tx/s    0.0 Mgas/s      0+   13 Qed LI:#13399580    9/25 peers      4 MiB chain    3 MiB queue  RPC:  0 conn,    0 req/s,    0 µs
2021-10-11 21:05:39 UTC Syncing #13399568 0xd416…a8f1     0.10 blk/s   51.4 tx/s    3.0 Mgas/s      0+   12 Qed LI:#13399580    9/25 peers      4 MiB chain    3 MiB queue  RPC:  0 conn,    0 req/s,    0 µs
2021-10-11 21:05:48 UTC Syncing #13399569 0x9f7f…b6f8     0.20 blk/s   65.0 tx/s    6.0 Mgas/s      0+   11 Qed LI:#13399580    8/25 peers      5 MiB chain    3 MiB queue  RPC:  0 conn,    0 req/s,    0 µs
2021-10-11 21:05:48 UTC Syncing #13399571 0xdcca…7665     0.30 blk/s   79.5 tx/s    5.7 Mgas/s      0+    9 Qed LI:#13399580    8/25 peers      5 MiB chain    2 MiB queue  RPC:  0 conn,    0 req/s,    0 µs
2021-10-11 21:05:59 UTC Syncing #13399573 0x55d9…d708     0.20 blk/s   46.5 tx/s    3.4 Mgas/s      0+    7 Qed LI:#13399580    8/25 peers      5 MiB chain    2 MiB queue  RPC:  0 conn,    0 req/s,    0 µs
2021-10-11 21:05:59 UTC Syncing #13399572 0xfcd2…fdff     0.20 blk/s   17.0 tx/s    0.8 Mgas/s      0+    8 Qed LI:#13399580    8/25 peers      5 MiB chain    2 MiB queue  RPC:  0 conn,    0 req/s,    0 µs
2021-10-11 21:06:07 UTC Syncing #13399575 0xe788…8c68     0.40 blk/s   91.2 tx/s    7.2 Mgas/s      0+    8 Qed LI:#13399582    3/25 peers      5 MiB chain    2 MiB queue  RPC:  0 conn,    0 req/s,    0 µs
2021-10-11 21:06:07 UTC Syncing #13399578 0xa629…a8f3     0.60 blk/s   71.0 tx/s    5.6 Mgas/s      0+    4 Qed LI:#13399582    3/25 peers      5 MiB chain    1 MiB queue  RPC:  0 conn,    0 req/s,    0 µs
2021-10-11 21:06:15 UTC Syncing #13399578 0xa629…a8f3     0.80 blk/s   50.8 tx/s    4.1 Mgas/s      0+    5 Qed LI:#13399583    3/25 peers      5 MiB chain    2 MiB queue  RPC:  0 conn,    0 req/s,    0 µs
2021-10-11 21:06:27 UTC Reorg to #13399580 0x8c08…0264 (0x639f…9292 #13399578 0xa629…a8f3 0x7f92…3bb1)
2021-10-11 21:06:44 UTC Imported #13399583 0xa24e…957e (136 txs, 10.58 Mgas, 3982 ms, 50.03 KiB)
2021-10-11 21:06:44 UTC   3/25 peers      6 MiB chain 776 bytes queue  RPC:  0 conn,    0 req/s,    0 µs
2021-10-11 21:07:04 UTC Imported #13399584 0xc555…7e7a (364 txs, 27.20 Mgas, 8281 ms, 130.14 KiB)
2021-10-11 21:07:10 UTC   3/25 peers      6 MiB chain  430 KiB queue  RPC:  0 conn,    0 req/s,    0 µs
2021-10-11 21:07:38 UTC Syncing #13399584 0xc555…7e7a     0.00 blk/s    0.0 tx/s    0.0 Mgas/s      0+    4 Qed LI:#13399588    2/25 peers      6 MiB chain    1 MiB queue  RPC:  0 conn,    0 req/s,    0 µs
2021-10-11 21:08:00 UTC Updated conversion rate to Ξ1 = US$3481.50 (1367773.9 wei/gas)
2021-10-11 21:08:09 UTC Imported #13399588 0xf797…fac8 (569 txs, 29.83 Mgas, 7705 ms, 147.63 KiB)
2021-10-11 21:08:28 UTC   2/25 peers      6 MiB chain  294 KiB queue  RPC:  0 conn,    0 req/s,    0 µs