2021-10-11 14:05:48 UTC Syncing #13397712 0xcb44…879a     0.20 blk/s   72.6 tx/s    6.0 Mgas/s      0+    0 Qed LI:#13397712    5/25 peers      5 MiB chain  0 bytes queue  RPC:  0 conn,    0 req/s,    0 µs
2021-10-11 14:05:51 UTC Syncing #13397712 0xcb44…879a     0.00 blk/s    0.0 tx/s    0.0 Mgas/s      0+    0 Qed LI:#13397712    5/25 peers      5 MiB chain  0 bytes queue  RPC:  0 conn,    0 req/s,    0 µs
2021-10-11 14:05:56 UTC Syncing #13397712 0xcb44…879a     0.00 blk/s    0.0 tx/s    0.0 Mgas/s      0+    0 Qed LI:#13397712    3/25 peers      7 MiB chain  0 bytes queue  RPC:  0 conn,    0 req/s,    0 µs
2021-10-11 14:06:00 UTC Syncing #13397712 0xcb44…879a     0.00 blk/s    0.0 tx/s    0.0 Mgas/s      0+    0 Qed LI:#13397712    2/25 peers      6 MiB chain  0 bytes queue  RPC:  0 conn,    0 req/s,    0 µs
2021-10-11 14:06:05 UTC Syncing #13397712 0xcb44…879a     0.00 blk/s    0.0 tx/s    0.0 Mgas/s      0+    0 Qed LI:#13397712    2/25 peers      6 MiB chain  0 bytes queue  RPC:  0 conn,    0 req/s,    0 µs
2021-10-11 14:06:10 UTC Syncing #13397712 0xcb44…879a     0.00 blk/s    0.0 tx/s    0.0 Mgas/s      0+    0 Qed LI:#13397712    1/25 peers      6 MiB chain  0 bytes queue  RPC:  0 conn,    0 req/s,    0 µs
2021-10-11 14:06:15 UTC Syncing #13397712 0xcb44…879a     0.00 blk/s    0.0 tx/s    0.0 Mgas/s      0+    4 Qed LI:#13397717    4/25 peers      6 MiB chain    1 MiB queue  RPC:  0 conn,    0 req/s,    0 µs
2021-10-11 14:06:43 UTC Imported #13397718 0xf5a0…acd8 (94 txs, 6.33 Mgas, 2304 ms, 24.55 KiB) + another 1 block(s) containing 363 tx(s)
2021-10-11 14:06:50 UTC   4/25 peers    936 KiB chain  0 bytes queue  RPC:  0 conn,    0 req/s,    0 µs
2021-10-11 14:06:50 UTC   4/25 peers    936 KiB chain  0 bytes queue  RPC:  0 conn,    0 req/s,    0 µs
2021-10-11 14:07:43 UTC Imported #13397719 0xc9fc…8748 (245 txs, 23.45 Mgas, 5353 ms, 156.24 KiB)
2021-10-11 14:09:24 UTC   0/25 peers    963 KiB chain  509 KiB queue  RPC:  0 conn,    0 req/s,    0 µs
2021-10-11 14:09:32 UTC Imported #13397721 0xed2b…fa14 (41 txs, 3.15 Mgas, 985 ms, 20.77 KiB)
2021-10-11 14:09:55 UTC   0/25 peers      1 MiB chain  0 bytes queue  RPC:  0 conn,    0 req/s,    0 µs
2021-10-11 14:10:25 UTC   0/25 peers      1 MiB chain  0 bytes queue  RPC:  0 conn,    0 req/s,    0 µs
2021-10-11 14:10:55 UTC   1/25 peers      2 MiB chain  0 bytes queue  RPC:  0 conn,    0 req/s,    0 µs
2021-10-11 14:11:25 UTC   3/25 peers      3 MiB chain  0 bytes queue  RPC:  0 conn,    0 req/s,    0 µs
2021-10-11 14:11:45 UTC Syncing #13397721 0xed2b…fa14     0.00 blk/s    0.0 tx/s    0.0 Mgas/s      0+    0 Qed LI:#13397720    3/25 peers      3 MiB chain  0 bytes queue  RPC:  0 conn,    0 req/s,    0 µs
2021-10-11 14:12:05 UTC Syncing #13397721 0xed2b…fa14     0.00 blk/s    0.0 tx/s    0.0 Mgas/s      0+    0 Qed LI:#13397714    3/25 peers      3 MiB chain  0 bytes queue  RPC:  0 conn,    0 req/s,    0 µs
2021-10-11 14:12:10 UTC Syncing #13397721 0xed2b…fa14     0.00 blk/s    0.0 tx/s    0.0 Mgas/s      0+    0 Qed LI:#13397714    3/25 peers      3 MiB chain  0 bytes queue  RPC:  0 conn,    0 req/s,    0 µs