2021-10-11 14:01:21 UTC Syncing #13397675 0x63c2…81f1     0.30 blk/s   41.2 tx/s    3.2 Mgas/s      0+   14 Qed LI:#13397690    5/25 peers      6 MiB chain    3 MiB queue  RPC:  0 conn,    0 req/s,    0 µs
2021-10-11 14:01:30 UTC Syncing #13397677 0x231a…94a0     0.40 blk/s   39.8 tx/s    3.2 Mgas/s      0+   13 Qed LI:#13397691    4/25 peers      6 MiB chain    4 MiB queue  RPC:  0 conn,    0 req/s,    0 µs
2021-10-11 14:01:30 UTC Syncing #13397679 0xe858…72ae     0.40 blk/s   53.2 tx/s    4.0 Mgas/s      0+   11 Qed LI:#13397691    4/25 peers      6 MiB chain    3 MiB queue  RPC:  0 conn,    0 req/s,    0 µs
2021-10-11 14:01:39 UTC Syncing #13397679 0xe858…72ae     0.00 blk/s    0.0 tx/s    0.0 Mgas/s      0+   11 Qed LI:#13397691    4/25 peers      6 MiB chain    3 MiB queue  RPC:  0 conn,    0 req/s,    0 µs
2021-10-11 14:01:48 UTC Syncing #13397680 0x9941…9d22     0.20 blk/s  100.0 tx/s    6.0 Mgas/s      0+   11 Qed LI:#13397692    2/25 peers      6 MiB chain    3 MiB queue  RPC:  0 conn,    0 req/s,    0 µs
2021-10-11 14:01:48 UTC Syncing #13397681 0x04d6…0513     0.20 blk/s   79.5 tx/s    6.0 Mgas/s      0+   10 Qed LI:#13397692    2/25 peers      6 MiB chain    3 MiB queue  RPC:  0 conn,    0 req/s,    0 µs
2021-10-11 14:01:58 UTC Syncing #13397684 0x41c8…bcd4     0.30 blk/s   27.9 tx/s    2.7 Mgas/s      0+    7 Qed LI:#13397692    2/25 peers      6 MiB chain    2 MiB queue  RPC:  0 conn,    0 req/s,    0 µs
2021-10-11 14:01:58 UTC Syncing #13397681 0x04d6…0513     0.00 blk/s    0.0 tx/s    0.0 Mgas/s      0+   10 Qed LI:#13397692    2/25 peers      6 MiB chain    3 MiB queue  RPC:  0 conn,    0 req/s,    0 µs
2021-10-11 14:02:08 UTC Syncing #13397686 0x3e61…9cc6     0.50 blk/s   73.6 tx/s    6.7 Mgas/s      0+    5 Qed LI:#13397692    2/25 peers      6 MiB chain    2 MiB queue  RPC:  0 conn,    0 req/s,    0 µs
2021-10-11 14:02:08 UTC Syncing #13397685 0x6dd2…5ad1     0.80 blk/s  106.0 tx/s   10.1 Mgas/s      0+    6 Qed LI:#13397692    2/25 peers      6 MiB chain    2 MiB queue  RPC:  0 conn,    0 req/s,    0 µs
2021-10-11 14:02:29 UTC Updated conversion rate to Ξ1 = US$3587.88 (1327219.6 wei/gas)
2021-10-11 14:02:34 UTC Imported #13397692 0x2a90…2a9a (95 txs, 6.18 Mgas, 1400 ms, 65.57 KiB)
2021-10-11 14:02:46 UTC   2/25 peers      6 MiB chain  651 KiB queue  RPC:  0 conn,    0 req/s,    0 µs
2021-10-11 14:02:46 UTC   2/25 peers      6 MiB chain    1 MiB queue  RPC:  0 conn,    0 req/s,    0 µs
2021-10-11 14:03:13 UTC   2/25 peers      5 MiB chain  0 bytes queue  RPC:  0 conn,    0 req/s,    0 µs
2021-10-11 14:03:20 UTC Imported #13397700 0x4b88…5b0a (224 txs, 13.88 Mgas, 3149 ms, 83.61 KiB)
2021-10-11 14:03:33 UTC Imported #13397702 0x7373…7b77 (85 txs, 5.53 Mgas, 1110 ms, 24.94 KiB)
2021-10-11 14:03:57 UTC   1/25 peers      6 MiB chain  0 bytes queue  RPC:  0 conn,    0 req/s,    0 µs
2021-10-11 14:03:57 UTC Imported #13397703 0xe1f6…7f12 (364 txs, 27.03 Mgas, 7704 ms, 120.15 KiB)
2021-10-11 14:04:30 UTC   0/25 peers      5 MiB chain  0 bytes queue  RPC:  0 conn,    0 req/s,    0 µs
2021-10-11 14:05:00 UTC   0/25 peers      5 MiB chain  0 bytes queue  RPC:  0 conn,    0 req/s,    0 µs
2021-10-11 14:05:15 UTC Syncing #13397703 0xe1f6…7f12     0.00 blk/s    0.0 tx/s    0.0 Mgas/s      0+    0 Qed LI:#13397703    1/25 peers      5 MiB chain  0 bytes queue  RPC:  0 conn,    0 req/s,    0 µs
2021-10-11 14:05:27 UTC Syncing #13397705 0x06b4…8a56     0.40 blk/s   28.8 tx/s    3.1 Mgas/s      0+    6 Qed LI:#13397712    5/25 peers      5 MiB chain    1 MiB queue  RPC:  0 conn,    0 req/s,    0 µs
2021-10-11 14:05:27 UTC Syncing #13397707 0x011b…fccb     0.40 blk/s   43.3 tx/s    3.9 Mgas/s      0+    4 Qed LI:#13397712    5/25 peers      5 MiB chain  757 KiB queue  RPC:  0 conn,    0 req/s,    0 µs
2021-10-11 14:05:36 UTC Syncing #13397708 0x405c…1ece     0.20 blk/s   47.6 tx/s    3.7 Mgas/s      0+    3 Qed LI:#13397712    5/25 peers      5 MiB chain  686 KiB queue  RPC:  0 conn,    0 req/s,    0 µs
2021-10-11 14:05:36 UTC Syncing #13397710 0xcad3…791b     0.30 blk/s   55.4 tx/s    4.4 Mgas/s      0+    1 Qed LI:#13397712    5/25 peers      5 MiB chain  386 KiB queue  RPC:  0 conn,    0 req/s,    0 µs
2021-10-11 14:05:44 UTC Syncing #13397711 0x1d93…4819     0.20 blk/s    3.6 tx/s    0.2 Mgas/s      0+    0 Qed LI:#13397712    5/25 peers      5 MiB chain  0 bytes queue  RPC:  0 conn,    0 req/s,    0 µs
2021-10-11 14:05:48 UTC Syncing #13397712 0xcb44…879a     0.20 blk/s   72.6 tx/s    6.0 Mgas/s      0+    0 Qed LI:#13397712    5/25 peers      5 MiB chain  0 bytes queue  RPC:  0 conn,    0 req/s,    0 µs
2021-10-11 14:05:51 UTC Syncing #13397712 0xcb44…879a     0.00 blk/s    0.0 tx/s    0.0 Mgas/s      0+    0 Qed LI:#13397712    5/25 peers      5 MiB chain  0 bytes queue  RPC:  0 conn,    0 req/s,    0 µs
2021-10-11 14:05:56 UTC Syncing #13397712 0xcb44…879a     0.00 blk/s    0.0 tx/s    0.0 Mgas/s      0+    0 Qed LI:#13397712    3/25 peers      7 MiB chain  0 bytes queue  RPC:  0 conn,    0 req/s,    0 µs
2021-10-11 14:06:00 UTC Syncing #13397712 0xcb44…879a     0.00 blk/s    0.0 tx/s    0.0 Mgas/s      0+    0 Qed LI:#13397712    2/25 peers      6 MiB chain  0 bytes queue  RPC:  0 conn,    0 req/s,    0 µs
2021-10-11 14:06:05 UTC Syncing #13397712 0xcb44…879a     0.00 blk/s    0.0 tx/s    0.0 Mgas/s      0+    0 Qed LI:#13397712    2/25 peers      6 MiB chain  0 bytes queue  RPC:  0 conn,    0 req/s,    0 µs
2021-10-11 14:06:10 UTC Syncing #13397712 0xcb44…879a     0.00 blk/s    0.0 tx/s    0.0 Mgas/s      0+    0 Qed LI:#13397712    1/25 peers      6 MiB chain  0 bytes queue  RPC:  0 conn,    0 req/s,    0 µs
2021-10-11 14:06:15 UTC Syncing #13397712 0xcb44…879a     0.00 blk/s    0.0 tx/s    0.0 Mgas/s      0+    4 Qed LI:#13397717    4/25 peers      6 MiB chain    1 MiB queue  RPC:  0 conn,    0 req/s,    0 µs
2021-10-11 14:06:43 UTC Imported #13397718 0xf5a0…acd8 (94 txs, 6.33 Mgas, 2304 ms, 24.55 KiB) + another 1 block(s) containing 363 tx(s)
2021-10-11 14:06:50 UTC   4/25 peers    936 KiB chain  0 bytes queue  RPC:  0 conn,    0 req/s,    0 µs
2021-10-11 14:06:50 UTC   4/25 peers    936 KiB chain  0 bytes queue  RPC:  0 conn,    0 req/s,    0 µs