"0x649bbc62d0e31342afea4e5cd82d4049e7e1ee912fc0889aa790803be39038c5"
  ],
  "fromBlock": "0xfaf795",
  "toBlock": "0xfaf795",
  "address": [
    "0x00000000219ab540356cBB839Cbe05303d7705Fa"
  ]
}] 
2023-01-20 19:18:39.7992|Executing JSON RPC call eth_getBlockByNumber with params [0xfaf796, False] 
2023-01-20 19:18:39.7992|Executing JSON RPC call eth_getBlockByNumber with params [0xfaf795, False] 
2023-01-20 19:18:41.1999|Removing 901 out of 10901 peer candidates (candidates cleanup). 
2023-01-20 19:18:46.2885|Peers | with known best block: 90 | all: 91 | 
2023-01-20 19:18:46.2885|Sync peers 90(91)/100
===[Active][Sleep ][Peer (ProtocolVersion/Head/Host:Port)    ][Transfer Speeds (L/H/B/R/N/S)      ][Client Info (Name/Version/Operating System/Language)     ]
--------------------------------------------------------------------------------------------------------------------------------------------------------------
   [      ][      ][Peer|eth66|16449761| 221.216.137.69:30404][  300|     |     |     |     |     ][Nethermind/v1.15.0+2b708761/linux-x64/dotnet6.0.12]
   [      ][      ][Peer|eth66|16449761|   46.69.32.115:51898][  298|     |     |     |     |     ][Nethermind/v1.15.0+2b708761/linux-x64/dotnet6.0.12]
   [      ][      ][Peer|eth66|16449761|   95.149.82.92:30303][  145|     |     |     |     |     ][Nethermind/v1.15.0+2b708761/linux-x64/dotnet6.0.12]
   [      ][      ][Peer|eth66|16449760| 76.126.203.176:57884][     |     |     |     |     |     ][Nethermind/v1.16.0+c7df68c6/linux-x64/dotnet7.0.2]
   [      ][      ][Peer|eth66|16449470| 104.188.157.88:30303][  137|     |     |     |     |     ][Nethermind/v1.14.7+4fe81c6b/linux-x64/dotnet6.0.11]
   [      ][      ][Peer|eth66|16449465| 18.223.148.201:48254][  125|     |     |     |     |     ][Nethermind/v1.14.7+4fe81c6b/linux-x64/dotnet6.0.11]
   [      ][      ][Peer|eth66|16449457|  80.60.104.108:60902][   26|     |     |     |     |     ][Nethermind/v1.16.0+c7df68c6/linux-x64/dotnet7.0.2]
   [      ][      ][Peer|eth66|16449442|  178.85.108.79:30404][   77|     |     |     |     |     ][Nethermind/v1.15.0+2b708761/linux-x64/dotnet6.0.12]
   [      ][      ][Peer|eth66|16449380|    62.6.34.222:24963][   43|     |     |     |     |     ][Nethermind/v1.14.4+d7f8306a/linux-x64/dotnet6.0.10]
   [      ][      ][Peer|eth66|16449185|  194.11.224.87:30303][   29|     |     |     |     |     ][Nethermind/v1.15.0+2b708761/linux-x64/dotnet6.0.12]
   [      ][      ][Peer|eth66|16449169|  24.17.196.207:30303][  178|     |     |     |     |     ][Nethermind/v1.14.2-0-08354f9fa-20221115/X64-Linux/6.0.9]
   [      ][      ][Peer|eth66|16449167| 150.136.174.11:20112][  103|     |     |     |     |     ][Nethermind/v1.15.0+2b708761/linux-x64/dotnet6.0.12]
   [      ][      ][Peer|eth66|16449165| 193.32.249.139:55549][   28|     |     |     |     |     ][Nethermind/v1.15.0+2b708761/linux-x64/dotnet6.0.12]
   [      ][      ][Peer|eth66|16449165|  63.141.226.58:30303][  133|     |     |     |     |     ][Nethermind/v1.15.0+2b708761/linux-x64/dotnet6.0.12]
   [      ][      ][Peer|eth66|16449165| 153.92.111.197:51226][   85|     |     |     |     |     ][Nethermind/v1.14.7+4fe81c6b/linux-x64/dotnet6.0.11]
   [      ][      ][Peer|eth66|16449165|    65.109.49.3:30303][   25|     |     |     |     |     ][Nethermind/v1.14.7+4fe81c6b/linux-x64/dotnet6.0.11]
   [      ][      ][Peer|eth66|16449139|   3.122.193.60:30303][   83|    5|     |     |     |     ][Nethermind/v1.14.0-0-60f920b90-20221110/X64-Linux/6.0.8]
   [      ][      ][Peer|eth66|16257000|   82.18.186.80:37904][   41|     |     |     |     |     ][Nethermind/v1.15.0+2b708761/linux-x64/dotnet6.0.12]
   [      ][      ][Peer|eth66|16257000|   93.51.18.100:30303][ 1451|     |     |     |     |     ][Nethermind/v1.15.0+2b708761/linux-x64/dotnet6.0.12]
   [      ][      ][Peer|eth66|       0|109.190.129.148:40066][  150|     |     |     |     |     ][Nethermind/v1.15.0+2b708761/windows-x64/dotnet6.0.12] 
2023-01-20 19:18:48.2639|Received a new payload: 16449762 (0x4618edc4fa4525774b1439ced6fbc8977b375b90539fe0fca522afb9b6f8dff5) 
2023-01-20 19:18:49.0144|Processed   16449762 |      748ms of  11,332ms, mgasps   19.77 total   32.78, tps  184.37 total  360.76, bps    1.34 total    2.17, recv queue 0, proc queue 0 
2023-01-20 19:18:49.0145|Valid. Result of a new payload: 16449762 (0x4618edc4fa4525774b1439ced6fbc8977b375b90539fe0fca522afb9b6f8dff5). 
2023-01-20 19:18:49.0186|Received: ForkchoiceState: (HeadBlockHash: 0x4618edc4fa4525774b1439ced6fbc8977b375b90539fe0fca522afb9b6f8dff5, SafeBlockHash: 0xe02a816c3af04f3f9433531cee1618220635255dad487a02e3c85ad6dd70bf6f, FinalizedBlockHash: 0xe9e463f2cc89d85782a2dd064d9ada9957a9b181e767a531978f50e0a581935e)  
2023-01-20 19:18:49.0186|FCU - block 16449762 (0x4618ed...f8dff5) was processed. 
2023-01-20 19:18:49.0186|Block 0x4618edc4fa4525774b1439ced6fbc8977b375b90539fe0fca522afb9b6f8dff5 was set as head. 
2023-01-20 19:18:49.0186|Valid. Request: ForkchoiceState: (HeadBlockHash: 0x4618edc4fa4525774b1439ced6fbc8977b375b90539fe0fca522afb9b6f8dff5, SafeBlockHash: 0xe02a816c3af04f3f9433531cee1618220635255dad487a02e3c85ad6dd70bf6f, FinalizedBlockHash: 0xe9e463f2cc89d85782a2dd064d9ada9957a9b181e767a531978f50e0a581935e) . 
2023-01-20 19:18:51.8044|Executing JSON RPC call eth_getBlockByNumber with params [0xfaf797, False] 
2023-01-20 19:18:51.8044|Executing JSON RPC call eth_getLogs with params [{
  "topics": [
    "0x649bbc62d0e31342afea4e5cd82d4049e7e1ee912fc0889aa790803be39038c5"
  ],
  "fromBlock": "0xfaf796",
  "toBlock": "0xfaf796",
  "address": [
    "0x00000000219ab540356cBB839Cbe05303d7705Fa"
  ]
}] 
2023-01-20 19:18:51.8084|Executing JSON RPC call eth_getBlockByNumber with params [0xfaf796, False] 
2023-01-20 19:18:57.6034|37 % of nodes did not respond to a Ping message - 22/60 
2023-01-20 19:19:00.4439|Received a new payload: 16449763 (0x74d7884e12ea3f775151931b966a31edadc74b39e89b96d1c41e9f69abc2bd40) 
2023-01-20 19:19:00.6844|Processed   16449763 |      238ms of  11,670ms, mgasps   40.74 total   32.78, tps  567.45 total  360.89, bps    4.20 total    2.17, recv queue 0, proc queue 0 
2023-01-20 19:19:00.6844|Valid. Result of a new payload: 16449763 (0x74d7884e12ea3f775151931b966a31edadc74b39e89b96d1c41e9f69abc2bd40). 
2023-01-20 19:19:00.6894|Received: ForkchoiceState: (HeadBlockHash: 0x74d7884e12ea3f775151931b966a31edadc74b39e89b96d1c41e9f69abc2bd40, SafeBlockHash: 0xe02a816c3af04f3f9433531cee1618220635255dad487a02e3c85ad6dd70bf6f, FinalizedBlockHash: 0xe9e463f2cc89d85782a2dd064d9ada9957a9b181e767a531978f50e0a581935e)  
2023-01-20 19:19:00.6894|FCU - block 16449763 (0x74d788...c2bd40) was processed. 
2023-01-20 19:19:00.6894|Block 0x74d7884e12ea3f775151931b966a31edadc74b39e89b96d1c41e9f69abc2bd40 was set as head. 
2023-01-20 19:19:00.6894|Valid. Request: ForkchoiceState: (HeadBlockHash: 0x74d7884e12ea3f775151931b966a31edadc74b39e89b96d1c41e9f69abc2bd40, SafeBlockHash: 0xe02a816c3af04f3f9433531cee1618220635255dad487a02e3c85ad6dd70bf6f, FinalizedBlockHash: 0xe9e463f2cc89d85782a2dd064d9ada9957a9b181e767a531978f50e0a581935e) . 
2023-01-20 19:19:01.2957|Peers | with known best block: 58 | all: 58 | 
2023-01-20 19:19:03.8129|Executing JSON RPC call eth_getBlockByNumber with params [0xfaf798, False] 
2023-01-20 19:19:03.8129|Executing JSON RPC call eth_getLogs with params [{
  "topics": [
    "0x649bbc62d0e31342afea4e5cd82d4049e7e1ee912fc0889aa790803be39038c5"
  ],
  "fromBlock": "0xfaf797",
  "toBlock": "0xfaf797",
  "address": [
    "0x00000000219ab540356cBB839Cbe05303d7705Fa"
  ]
}] 
2023-01-20 19:19:03.8225|Executing JSON RPC call eth_getBlockByNumber with params [0xfaf797, False] 
2023-01-20 19:19:10.6092|57 % of nodes did not respond to a Ping message - 29/51 
2023-01-20 19:19:12.0664|Received a new payload: 16449764 (0x15e53e09b89994da4e169d999bd5e2d214146f66fdcf417a74db379e1be3b973) 
2023-01-20 19:19:12.4536|Processed   16449764 |      384ms of  11,769ms, mgasps   36.40 total   32.78, tps  406.08 total  360.93, bps    2.60 total    2.17, recv queue 0, proc queue 0 
2023-01-20 19:19:12.4536|Valid. Result of a new payload: 16449764 (0x15e53e09b89994da4e169d999bd5e2d214146f66fdcf417a74db379e1be3b973). 
2023-01-20 19:19:12.4596|Received: ForkchoiceState: (HeadBlockHash: 0x15e53e09b89994da4e169d999bd5e2d214146f66fdcf417a74db379e1be3b973, SafeBlockHash: 0xe02a816c3af04f3f9433531cee1618220635255dad487a02e3c85ad6dd70bf6f, FinalizedBlockHash: 0xe9e463f2cc89d85782a2dd064d9ada9957a9b181e767a531978f50e0a581935e)  
2023-01-20 19:19:12.4596|FCU - block 16449764 (0x15e53e...e3b973) was processed. 
2023-01-20 19:19:12.4596|Block 0x15e53e09b89994da4e169d999bd5e2d214146f66fdcf417a74db379e1be3b973 was set as head. 
2023-01-20 19:19:12.4596|Valid. Request: ForkchoiceState: (HeadBlockHash: 0x15e53e09b89994da4e169d999bd5e2d214146f66fdcf417a74db379e1be3b973, SafeBlockHash: 0xe02a816c3af04f3f9433531cee1618220635255dad487a02e3c85ad6dd70bf6f, FinalizedBlockHash: 0xe9e463f2cc89d85782a2dd064d9ada9957a9b181e767a531978f50e0a581935e) . 
2023-01-20 19:19:15.8202|Executing JSON RPC call eth_getBlockByNumber with params [0xfaf799, False] 
2023-01-20 19:19:15.8202|Executing JSON RPC call eth_getLogs with params [{
  "topics": [
    "0x649bbc62d0e31342afea4e5cd82d4049e7e1ee912fc0889aa790803be39038c5"
  ],
  "fromBlock": "0xfaf798",
  "toBlock": "0xfaf798",
  "address": [
    "0x00000000219ab540356cBB839Cbe05303d7705Fa"
  ]
}] 
2023-01-20 19:19:15.8202|Executing JSON RPC call eth_getBlockByNumber with params [0xfaf798, False] 
2023-01-20 19:19:16.0153|Removing 1070 out of 11070 peer candidates (candidates cleanup). 
2023-01-20 19:19:16.2960|Peers | with known best block: 48 | all: 48 | 
2023-01-20 19:19:16.2960|Sync peers 48(48)/100
===[Active][Sleep ][Peer (ProtocolVersion/Head/Host:Port)    ][Transfer Speeds (L/H/B/R/N/S)      ][Client Info (Name/Version/Operating System/Language)     ]
--------------------------------------------------------------------------------------------------------------------------------------------------------------
   [      ][      ][Peer|eth66|16449763|   76.131.86.57:30404][     |     |     |     |     |     ][Nethermind/v1.15.0+2b708761/linux-x64/dotnet6.0.12]
   [      ][      ][Peer|eth66|16449763|103.230.172.111:63198][     |     |     |     |     |     ][Nethermind/v1.14.4+d7f8306a/windows-x64/dotnet6.0.10]
   [      ][      ][Peer|eth66|16449763|  62.80.180.195:30303][     |     |     |     |     |     ][Nethermind/v1.14.2-0-08354f9fa-20230111/X64-Linux/6.0.9]
   [      ][      ][Peer|eth66|16449762|  213.47.230.75:30404][  789|    3|     |     |     |     ][Nethermind/v1.15.0+2b708761/linux-x64/dotnet6.0.12]
   [      ][      ][Peer|eth66|16449761|   46.69.32.115:51898][  191|     |     |     |     |     ][Nethermind/v1.15.0+2b708761/linux-x64/dotnet6.0.12]
   [      ][      ][Peer|eth66|16449761|   95.149.82.92:30303][  204|     |     |     |     |     ][Nethermind/v1.15.0+2b708761/linux-x64/dotnet6.0.12]
   [      ][      ][Peer|eth66|16449185|  194.11.224.87:30303][   29|     |     |     |     |     ][Nethermind/v1.15.0+2b708761/linux-x64/dotnet6.0.12] 
2023-01-20 19:19:23.6096|51 % of nodes did not respond to a Ping message - 18/35 
2023-01-20 19:19:24.9303|Received a new payload: 16449765 (0x1c4cff315c2aaebc7886eedcdae121afb49a8143bd332d3100d082cd21a5d3e7) 
2023-01-20 19:19:25.2572|Processed   16449765 |      322ms of  12,804ms, mgasps   46.06 total   32.79, tps  441.21 total  361.00, bps    3.11 total    2.17, recv queue 0, proc queue 0 
2023-01-20 19:19:25.2572|Valid. Result of a new payload: 16449765 (0x1c4cff315c2aaebc7886eedcdae121afb49a8143bd332d3100d082cd21a5d3e7). 
2023-01-20 19:19:27.0660|Received a new payload: 16449765 (0x1c4cff315c2aaebc7886eedcdae121afb49a8143bd332d3100d082cd21a5d3e7) 
2023-01-20 19:19:27.0674|Valid. Result of a new payload: 16449765 (0x1c4cff315c2aaebc7886eedcdae121afb49a8143bd332d3100d082cd21a5d3e7). 
2023-01-20 19:19:27.0975|Received: ForkchoiceState: (HeadBlockHash: 0x1c4cff315c2aaebc7886eedcdae121afb49a8143bd332d3100d082cd21a5d3e7, SafeBlockHash: 0xe02a816c3af04f3f9433531cee1618220635255dad487a02e3c85ad6dd70bf6f, FinalizedBlockHash: 0xe9e463f2cc89d85782a2dd064d9ada9957a9b181e767a531978f50e0a581935e)  
2023-01-20 19:19:27.0975|FCU - block 16449765 (0x1c4cff...a5d3e7) was processed. 
2023-01-20 19:19:27.0975|Block 0x1c4cff315c2aaebc7886eedcdae121afb49a8143bd332d3100d082cd21a5d3e7 was set as head. 
2023-01-20 19:19:27.0975|Valid. Request: ForkchoiceState: (HeadBlockHash: 0x1c4cff315c2aaebc7886eedcdae121afb49a8143bd332d3100d082cd21a5d3e7, SafeBlockHash: 0xe02a816c3af04f3f9433531cee1618220635255dad487a02e3c85ad6dd70bf6f, FinalizedBlockHash: 0xe9e463f2cc89d85782a2dd064d9ada9957a9b181e767a531978f50e0a581935e) . 
2023-01-20 19:19:27.8218|Executing JSON RPC call eth_getLogs with params [{
  "topics": [
    "0x649bbc62d0e31342afea4e5cd82d4049e7e1ee912fc0889aa790803be39038c5"
  ],
  "fromBlock": "0xfaf799",
  "toBlock": "0xfaf799",
  "address": [
    "0x00000000219ab540356cBB839Cbe05303d7705Fa"
  ]
}] 
2023-01-20 19:19:27.8231|Executing JSON RPC call eth_getBlockByNumber with params [0xfaf79a, False] 
2023-01-20 19:19:27.8274|Executing JSON RPC call eth_getBlockByNumber with params [0xfaf799, False] 
2023-01-20 19:19:29.2678|Executing JSON RPC call engine_exchangeTransitionConfigurationV1 with params [{
  "terminalTotalDifficulty": "0xc70d808a128d7380000",
  "terminalBlockHash": "0x0000000000000000000000000000000000000000000000000000000000000000",
  "terminalBlockNumber": "0x0"
}] 
2023-01-20 19:19:29.9223|Executing JSON RPC call eth_chainId with params [] 
2023-01-20 19:19:29.9228|Executing JSON RPC call eth_syncing with params [] 
2023-01-20 19:19:31.3002|Peers | with known best block: 41 | all: 41 | 
2023-01-20 19:19:36.6124|73 % of nodes did not respond to a Ping message - 19/26 
2023-01-20 19:19:37.2564|Received a new payload: 16449766 (0xc7ad53d63c18613f08348e828b0c741bbcc861747555e2dfccf81861a5539d51) 
2023-01-20 19:19:37.7021|Processed   16449766 |      439ms of  12,445ms, mgasps   42.22 total   32.80, tps  377.87 total  361.01, bps    2.28 total    2.17, recv queue 0, proc queue 0 
2023-01-20 19:19:37.7021|Valid. Result of a new payload: 16449766 (0xc7ad53d63c18613f08348e828b0c741bbcc861747555e2dfccf81861a5539d51). 
2023-01-20 19:19:37.7074|Received: ForkchoiceState: (HeadBlockHash: 0xc7ad53d63c18613f08348e828b0c741bbcc861747555e2dfccf81861a5539d51, SafeBlockHash: 0xe02a816c3af04f3f9433531cee1618220635255dad487a02e3c85ad6dd70bf6f, FinalizedBlockHash: 0xe9e463f2cc89d85782a2dd064d9ada9957a9b181e767a531978f50e0a581935e)  
2023-01-20 19:19:37.7074|FCU - block 16449766 (0xc7ad53...539d51) was processed. 
2023-01-20 19:19:37.7074|Block 0xc7ad53d63c18613f08348e828b0c741bbcc861747555e2dfccf81861a5539d51 was set as head. 
2023-01-20 19:19:37.7074|Valid. Request: ForkchoiceState: (HeadBlockHash: 0xc7ad53d63c18613f08348e828b0c741bbcc861747555e2dfccf81861a5539d51, SafeBlockHash: 0xe02a816c3af04f3f9433531cee1618220635255dad487a02e3c85ad6dd70bf6f, FinalizedBlockHash: 0xe9e463f2cc89d85782a2dd064d9ada9957a9b181e767a531978f50e0a581935e) . 
2023-01-20 19:19:39.8267|Executing JSON RPC call eth_getLogs with params [{
  "topics": [
    "0x649bbc62d0e31342afea4e5cd82d4049e7e1ee912fc0889aa790803be39038c5"
  ],
  "fromBlock": "0xfaf79a",
  "toBlock": "0xfaf79a",
  "address": [
    "0x00000000219ab540356cBB839Cbe05303d7705Fa"
  ]
}] 
2023-01-20 19:19:39.8267|Executing JSON RPC call eth_getBlockByNumber with params [0xfaf79b, False] 
2023-01-20 19:19:39.8267|Executing JSON RPC call eth_getBlockByNumber with params [0xfaf79a, False] 
2023-01-20 19:19:46.3057|Peers | with known best block: 33 | all: 33 | 
2023-01-20 19:19:46.3057|Sync peers - Initialized: 33 | All: 33 | Max: 100
===[Active][Sleep ][Peer (ProtocolVersion/Head/Host:Port)    ][Transfer Speeds (L/H/B/R/N/S)      ][Client Info (Name/Version/Operating System/Language)     ]
--------------------------------------------------------------------------------------------------------------------------------------------------------------
   [      ][      ][Peer|eth66|16449765|  146.86.153.40:30404][     |     |     |     |     |     ][Nethermind/v1.15.0+2b708761/linux-x64/dotnet6.0.12]
   [      ][      ][Peer|eth66|16449765| 65.108.196.111:30303][     |     |     |     |     |     ][Nethermind/v1.14.7+4fe81c6b/linux-x64/dotnet6.0.11]
   [      ][      ][Peer|eth66|16449765|  20.225.66.174:30303][     |     |     |     |     |     ][Nethermind/v1.14.1-0-1a32d4541-20221118/X64-Windows/6.0.8]
   [      ][      ][Peer|eth66|16449765|137.147.238.151:30303][ 2757|    0|     |     |     |     ][Geth/v1.10.26-stable-e5eb32ac/windows-amd64/go1.18.5]
   [      ][      ][Peer|eth66|16449765|    3.80.12.255:30382][     |     |     |     |     |     ][]
   [      ][      ][Peer|eth66|16449765|    3.80.12.255:30570][     |     |     |     |     |     ][]
   [      ][      ][Peer|eth66|16449765|    3.80.12.255:30403][     |     |     |     |     |     ][]
   [      ][      ][Peer|eth66|16449764| 54.175.160.107:43024][  116|     |     |     |     |     ][Geth/v1.1.9-5404d9d8-20220420/linux-amd64/go1.17.5]
   [      ][      ][Peer|eth66|16449764|    3.80.12.255:30445][     |     |     |     |     |     ][]
   [      ][      ][Peer|eth66|16449764|    3.80.12.255:30577][ 3000|     |     |     |     |     ][]
   [      ][      ][Peer|eth66|16449764|    3.80.12.255:30463][     |     |     |     |     |     ][]
   [      ][      ][Peer|eth66|16449764|    3.80.12.255:30354][ 3000|     |     |     |     |     ][]
   [      ][      ][Peer|eth66|16449764|    3.80.12.255:30317][ 3000|     |     |     |     |     ][]
   [      ][      ][Peer|eth66|16449764|    3.80.12.255:30373][ 3000|     |     |     |     |     ][]
   [      ][      ][Peer|eth66|16449764|    3.80.12.255:30539][  115|     |     |     |     |     ][]
   [      ][      ][Peer|eth66|16449764|    3.80.12.255:30360][ 3000|     |     |     |     |     ][]
   [      ][      ][Peer|eth66|16449764|    3.80.12.255:30553][     |     |     |     |     |     ][]
   [      ][      ][Peer|eth66|16449764|    3.80.12.255:30547][     |     |     |     |     |     ][]
   [      ][      ][Peer|eth66|16449755|    3.80.12.255:30329][  841|     |     |     |     |     ][]
   [      ][      ][Peer|eth66|16449744|    51.81.46.88:52150][  115|     |     |     |     |     ][Geth/1.10.23-stable-36c1449b/linux-amd64/go1.18]
   [      ][      ][Peer|eth66|16449547| 167.235.34.105:31537][ 1332|     |     |     |     |     ][]
   [      ][      ][Peer|eth66|16449195|    3.80.12.255:30430][  843|     |     |     |     |     ][]
   [      ][      ][Peer|eth66|16449190|    3.80.12.255:30314][  843|     |     |     |     |     ][]
   [      ][      ][Peer|eth66|16449182| 167.235.34.105:31365][   37|     |     |     |     |     ][]
   [      ][      ][Peer|eth66|16449169|  15.204.162.53:30303][  125|     |     |     |     |     ][Geth/v1.10.23-stable/linux-amd64/go1.18.1]
   [      ][      ][Peer|eth66|16449169| 167.235.34.105:31348][ 1334|     |     |     |     |     ][]
   [      ][      ][Peer|eth66|16449169|    3.80.12.255:30337][  843|     |     |     |     |     ][]
   [      ][      ][Peer|eth66|16449169|    3.80.12.255:30400][ 1384|     |     |     |     |     ][]
   [      ][      ][Peer|eth66|16449169|    3.80.12.255:30335][  843|     |     |     |     |     ][]
   [      ][      ][Peer|eth66|16449164|    3.80.12.255:30325][  122|     |     |     |     |     ][]
   [      ][      ][Peer|eth66|16449079|    51.81.93.21:55134][  834|     |     |     |     |     ][Geth/1.10.23-stable-36c1449b/linux-amd64/go1.18]
   [      ][      ][Peer|eth66|16285298| 136.55.242.123:30303][     |     |     |     |     |     ][Nethermind/v1.15.0+2b708761/linux-x64/dotnet6.0.12]
   [      ][      ][Peer|eth66| 5026419|  65.21.168.182:30303][ 3000|     |     |     |     |     ][Geth/v1.10.26-stable-e5eb32ac/linux-amd64/go1.18.5] 
2023-01-20 19:19:48.1438|Received a new payload: 16449767 (0x10581eee86c2508a7df1cc2659aab65b6cedc4246fc72b8a37c74399b4049baf) 
2023-01-20 19:19:48.4513|Processed   16449767 |      305ms of  10,749ms, mgasps   45.45 total   32.81, tps  432.59 total  361.07, bps    3.28 total    2.17, recv queue 0, proc queue 0 
2023-01-20 19:19:48.4513|Valid. Result of a new payload: 16449767 (0x10581eee86c2508a7df1cc2659aab65b6cedc4246fc72b8a37c74399b4049baf). 
2023-01-20 19:19:48.4561|Received: ForkchoiceState: (HeadBlockHash: 0x10581eee86c2508a7df1cc2659aab65b6cedc4246fc72b8a37c74399b4049baf, SafeBlockHash: 0xe02a816c3af04f3f9433531cee1618220635255dad487a02e3c85ad6dd70bf6f, FinalizedBlockHash: 0xe9e463f2cc89d85782a2dd064d9ada9957a9b181e767a531978f50e0a581935e)  
2023-01-20 19:19:48.4561|FCU - block 16449767 (0x10581e...049baf) was processed. 
2023-01-20 19:19:48.4561|Block 0x10581eee86c2508a7df1cc2659aab65b6cedc4246fc72b8a37c74399b4049baf was set as head. 
2023-01-20 19:19:48.4561|Valid. Request: ForkchoiceState: (HeadBlockHash: 0x10581eee86c2508a7df1cc2659aab65b6cedc4246fc72b8a37c74399b4049baf, SafeBlockHash: 0xe02a816c3af04f3f9433531cee1618220635255dad487a02e3c85ad6dd70bf6f, FinalizedBlockHash: 0xe9e463f2cc89d85782a2dd064d9ada9957a9b181e767a531978f50e0a581935e) . 
2023-01-20 19:19:49.6161|56 % of nodes did not respond to a Ping message - 18/32 
2023-01-20 19:19:51.8355|Executing JSON RPC call eth_getBlockByNumber with params [0xfaf79c, False] 
2023-01-20 19:19:51.8355|Executing JSON RPC call eth_getLogs with params [{
  "topics": [
    "0x649bbc62d0e31342afea4e5cd82d4049e7e1ee912fc0889aa790803be39038c5"
  ],
  "fromBlock": "0xfaf79b",
  "toBlock": "0xfaf79b",
  "address": [
    "0x00000000219ab540356cBB839Cbe05303d7705Fa"
  ]
}] 
2023-01-20 19:19:51.8407|Executing JSON RPC call eth_getBlockByNumber with params [0xfaf79b, False] 
2023-01-20 19:19:59.9270|Executing JSON RPC call eth_chainId with params [] 
2023-01-20 19:19:59.9270|Executing JSON RPC call eth_syncing with params [] 
2023-01-20 19:20:00.3899|Received a new payload: 16449768 (0x5c3529a29ca7bf31d2b954cff07801bc43f7485d652beef0009230dada3fc919) 
2023-01-20 19:20:00.8504|Processed   16449768 |      456ms of  12,399ms, mgasps   51.30 total   32.84, tps  232.29 total  360.92, bps    2.19 total    2.17, recv queue 0, proc queue 0 
2023-01-20 19:20:00.8504|Valid. Result of a new payload: 16449768 (0x5c3529a29ca7bf31d2b954cff07801bc43f7485d652beef0009230dada3fc919). 
2023-01-20 19:20:00.8549|Received: ForkchoiceState: (HeadBlockHash: 0x5c3529a29ca7bf31d2b954cff07801bc43f7485d652beef0009230dada3fc919, SafeBlockHash: 0xe02a816c3af04f3f9433531cee1618220635255dad487a02e3c85ad6dd70bf6f, FinalizedBlockHash: 0xe9e463f2cc89d85782a2dd064d9ada9957a9b181e767a531978f50e0a581935e)  
2023-01-20 19:20:00.8549|FCU - block 16449768 (0x5c3529...3fc919) was processed. 
2023-01-20 19:20:00.8549|Block 0x5c3529a29ca7bf31d2b954cff07801bc43f7485d652beef0009230dada3fc919 was set as head. 
2023-01-20 19:20:00.8549|Valid. Request: ForkchoiceState: (HeadBlockHash: 0x5c3529a29ca7bf31d2b954cff07801bc43f7485d652beef0009230dada3fc919, SafeBlockHash: 0xe02a816c3af04f3f9433531cee1618220635255dad487a02e3c85ad6dd70bf6f, FinalizedBlockHash: 0xe9e463f2cc89d85782a2dd064d9ada9957a9b181e767a531978f50e0a581935e) . 
2023-01-20 19:20:01.3049|Peers | with known best block: 23 | all: 23 | 
2023-01-20 19:20:02.6181|50 % of nodes did not respond to a Ping message - 10/20 
2023-01-20 19:20:03.8437|Executing JSON RPC call eth_getBlockByNumber with params [0xfaf79d, False] 
2023-01-20 19:20:03.8437|Executing JSON RPC call eth_getLogs with params [{
  "topics": [
    "0x649bbc62d0e31342afea4e5cd82d4049e7e1ee912fc0889aa790803be39038c5"
  ],
  "fromBlock": "0xfaf79c",
  "toBlock": "0xfaf79c",
  "address": [
    "0x00000000219ab540356cBB839Cbe05303d7705Fa"
  ]
}] 
2023-01-20 19:20:03.8530|Executing JSON RPC call eth_getBlockByNumber with params [0xfaf79c, False] 
2023-01-20 19:20:12.4356|Received a new payload: 16449769 (0xcafac081f469a7da49acef7591666fb2bd47cd8b7ac7f10089d298b39b73d406) 
2023-01-20 19:20:12.7368|Processed   16449769 |      299ms of  11,886ms, mgasps   46.93 total   32.85, tps  507.97 total  361.03, bps    3.34 total    2.17, recv queue 0, proc queue 0 
2023-01-20 19:20:12.7368|Valid. Result of a new payload: 16449769 (0xcafac081f469a7da49acef7591666fb2bd47cd8b7ac7f10089d298b39b73d406). 
2023-01-20 19:20:12.7412|Received: ForkchoiceState: (HeadBlockHash: 0xcafac081f469a7da49acef7591666fb2bd47cd8b7ac7f10089d298b39b73d406, SafeBlockHash: 0xe02a816c3af04f3f9433531cee1618220635255dad487a02e3c85ad6dd70bf6f, FinalizedBlockHash: 0xe9e463f2cc89d85782a2dd064d9ada9957a9b181e767a531978f50e0a581935e)  
2023-01-20 19:20:12.7412|FCU - block 16449769 (0xcafac0...73d406) was processed. 
2023-01-20 19:20:12.7412|Block 0xcafac081f469a7da49acef7591666fb2bd47cd8b7ac7f10089d298b39b73d406 was set as head. 
2023-01-20 19:20:12.7412|Valid. Request: ForkchoiceState: (HeadBlockHash: 0xcafac081f469a7da49acef7591666fb2bd47cd8b7ac7f10089d298b39b73d406, SafeBlockHash: 0xe02a816c3af04f3f9433531cee1618220635255dad487a02e3c85ad6dd70bf6f, FinalizedBlockHash: 0xe9e463f2cc89d85782a2dd064d9ada9957a9b181e767a531978f50e0a581935e) . 
2023-01-20 19:20:15.6174|50 % of nodes did not respond to a Ping message - 4/8 
2023-01-20 19:20:15.8526|Executing JSON RPC call eth_getLogs with params [{
  "topics": [
    "0x649bbc62d0e31342afea4e5cd82d4049e7e1ee912fc0889aa790803be39038c5"
  ],
  "fromBlock": "0xfaf79d",
  "toBlock": "0xfaf79d",
  "address": [
    "0x00000000219ab540356cBB839Cbe05303d7705Fa"
  ]
}] 
2023-01-20 19:20:15.8526|Executing JSON RPC call eth_getBlockByNumber with params [0xfaf79e, False] 
2023-01-20 19:20:15.8612|Executing JSON RPC call eth_getBlockByNumber with params [0xfaf79d, False] 
2023-01-20 19:20:16.3058|Peers | with known best block: 7 | all: 7 | 
2023-01-20 19:20:16.3058|Sync peers 7(7)/100
===[Active][Sleep ][Peer (ProtocolVersion/Head/Host:Port)    ][Transfer Speeds (L/H/B/R/N/S)      ][Client Info (Name/Version/Operating System/Language)     ]
--------------------------------------------------------------------------------------------------------------------------------------------------------------
   [      ][      ][Peer|eth66|16257000|  161.129.71.21:60536][     |     |     |     |     |     ][Nethermind/v1.15.0+2b708761/linux-x64/dotnet6.0.12] 
2023-01-20 19:20:25.4413|Received a new payload: 16449770 (0x3f05ea780f8d5a80e8ba03ff84d48dfba5c2fda3c9a831984f600214548a41ed) 
2023-01-20 19:20:25.7997|Processed   16449770 |      355ms of  13,063ms, mgasps   36.93 total   32.85, tps  315.11 total  360.99, bps    2.81 total    2.17, recv queue 0, proc queue 0 
2023-01-20 19:20:25.7997|Valid. Result of a new payload: 16449770 (0x3f05ea780f8d5a80e8ba03ff84d48dfba5c2fda3c9a831984f600214548a41ed). 
2023-01-20 19:20:25.8046|Received: ForkchoiceState: (HeadBlockHash: 0x3f05ea780f8d5a80e8ba03ff84d48dfba5c2fda3c9a831984f600214548a41ed, SafeBlockHash: 0xe02a816c3af04f3f9433531cee1618220635255dad487a02e3c85ad6dd70bf6f, FinalizedBlockHash: 0xe9e463f2cc89d85782a2dd064d9ada9957a9b181e767a531978f50e0a581935e)  
2023-01-20 19:20:25.8046|FCU - block 16449770 (0x3f05ea...8a41ed) was processed. 
2023-01-20 19:20:25.8046|Block 0x3f05ea780f8d5a80e8ba03ff84d48dfba5c2fda3c9a831984f600214548a41ed was set as head. 
2023-01-20 19:20:25.8046|Valid. Request: ForkchoiceState: (HeadBlockHash: 0x3f05ea780f8d5a80e8ba03ff84d48dfba5c2fda3c9a831984f600214548a41ed, SafeBlockHash: 0xe02a816c3af04f3f9433531cee1618220635255dad487a02e3c85ad6dd70bf6f, FinalizedBlockHash: 0xe9e463f2cc89d85782a2dd064d9ada9957a9b181e767a531978f50e0a581935e) . 
2023-01-20 19:20:27.8592|Executing JSON RPC call eth_getBlockByNumber with params [0xfaf79f, False] 
2023-01-20 19:20:27.8592|Executing JSON RPC call eth_getLogs with params [{
  "topics": [
    "0x649bbc62d0e31342afea4e5cd82d4049e7e1ee912fc0889aa790803be39038c5"
  ],
  "fromBlock": "0xfaf79e",
  "toBlock": "0xfaf79e",
  "address": [
    "0x00000000219ab540356cBB839Cbe05303d7705Fa"
  ]
}] 
2023-01-20 19:20:27.8680|Executing JSON RPC call eth_getBlockByNumber with params [0xfaf79e, False] 
2023-01-20 19:20:28.6161|40 % of nodes did not respond to a Ping message - 2/5 
2023-01-20 19:20:29.2678|Executing JSON RPC call engine_exchangeTransitionConfigurationV1 with params [{
  "terminalTotalDifficulty": "0xc70d808a128d7380000",
  "terminalBlockHash": "0x0000000000000000000000000000000000000000000000000000000000000000",
  "terminalBlockNumber": "0x0"
}] 
2023-01-20 19:20:31.3034|Peers | with known best block: 10 | all: 10 | 
2023-01-20 19:20:36.1340|Received a new payload: 16449771 (0xae1c31874f5b9ede05ea2055ecdc246c634011346008a3bd74cfd1a96e6c0cc0) 
2023-01-20 19:20:36.5696|Processed   16449771 |      433ms of  10,770ms, mgasps   45.17 total   32.86, tps  359.91 total  360.99, bps    2.31 total    2.17, recv queue 0, proc queue 0 
2023-01-20 19:20:36.5696|Valid. Result of a new payload: 16449771 (0xae1c31874f5b9ede05ea2055ecdc246c634011346008a3bd74cfd1a96e6c0cc0). 
2023-01-20 19:20:36.5743|Received: ForkchoiceState: (HeadBlockHash: 0xae1c31874f5b9ede05ea2055ecdc246c634011346008a3bd74cfd1a96e6c0cc0, SafeBlockHash: 0xe02a816c3af04f3f9433531cee1618220635255dad487a02e3c85ad6dd70bf6f, FinalizedBlockHash: 0xe9e463f2cc89d85782a2dd064d9ada9957a9b181e767a531978f50e0a581935e)  
2023-01-20 19:20:36.5743|FCU - block 16449771 (0xae1c31...6c0cc0) was processed. 
2023-01-20 19:20:36.5750|Block 0xae1c31874f5b9ede05ea2055ecdc246c634011346008a3bd74cfd1a96e6c0cc0 was set as head. 
2023-01-20 19:20:36.5750|Valid. Request: ForkchoiceState: (HeadBlockHash: 0xae1c31874f5b9ede05ea2055ecdc246c634011346008a3bd74cfd1a96e6c0cc0, SafeBlockHash: 0xe02a816c3af04f3f9433531cee1618220635255dad487a02e3c85ad6dd70bf6f, FinalizedBlockHash: 0xe9e463f2cc89d85782a2dd064d9ada9957a9b181e767a531978f50e0a581935e) . 
2023-01-20 19:20:39.8698|Executing JSON RPC call eth_getBlockByNumber with params [0xfaf7a0, False] 
2023-01-20 19:20:39.8715|Executing JSON RPC call eth_getLogs with params [{
  "topics": [
    "0x649bbc62d0e31342afea4e5cd82d4049e7e1ee912fc0889aa790803be39038c5"
  ],
  "fromBlock": "0xfaf79f",
  "toBlock": "0xfaf79f",
  "address": [
    "0x00000000219ab540356cBB839Cbe05303d7705Fa"
  ]
}] 
2023-01-20 19:20:39.8802|Executing JSON RPC call eth_getBlockByNumber with params [0xfaf79f, False] 
2023-01-20 19:20:41.6170|40 % of nodes did not respond to a Ping message - 2/5 
2023-01-20 19:20:46.3096|Peers | with known best block: 9 | all: 9 | 
2023-01-20 19:20:46.3096|Sync peers 9(9)/100 
2023-01-20 19:20:47.9303|Received a new payload: 16449772 (0xa06765b8cb2547bde274aa47abdfc9eafac6fc255db482e748db9e2b4dbd2b93) 
2023-01-20 19:20:48.2112|Processed   16449772 |      278ms of  11,642ms, mgasps   48.37 total   32.87, tps  525.78 total  361.10, bps    3.60 total    2.17, recv queue 0, proc queue 0 
2023-01-20 19:20:48.2112|Valid. Result of a new payload: 16449772 (0xa06765b8cb2547bde274aa47abdfc9eafac6fc255db482e748db9e2b4dbd2b93). 
2023-01-20 19:20:48.2165|Received: ForkchoiceState: (HeadBlockHash: 0xa06765b8cb2547bde274aa47abdfc9eafac6fc255db482e748db9e2b4dbd2b93, SafeBlockHash: 0xe02a816c3af04f3f9433531cee1618220635255dad487a02e3c85ad6dd70bf6f, FinalizedBlockHash: 0xe9e463f2cc89d85782a2dd064d9ada9957a9b181e767a531978f50e0a581935e)  
2023-01-20 19:20:48.2165|FCU - block 16449772 (0xa06765...bd2b93) was processed. 
2023-01-20 19:20:48.2165|Block 0xa06765b8cb2547bde274aa47abdfc9eafac6fc255db482e748db9e2b4dbd2b93 was set as head. 
2023-01-20 19:20:48.2165|Valid. Request: ForkchoiceState: (HeadBlockHash: 0xa06765b8cb2547bde274aa47abdfc9eafac6fc255db482e748db9e2b4dbd2b93, SafeBlockHash: 0xe02a816c3af04f3f9433531cee1618220635255dad487a02e3c85ad6dd70bf6f, FinalizedBlockHash: 0xe9e463f2cc89d85782a2dd064d9ada9957a9b181e767a531978f50e0a581935e) . 
2023-01-20 19:20:51.8782|Executing JSON RPC call eth_getLogs with params [{
  "topics": [
    "0x649bbc62d0e31342afea4e5cd82d4049e7e1ee912fc0889aa790803be39038c5"
  ],
  "fromBlock": "0xfaf7a0",
  "toBlock": "0xfaf7a0",
  "address": [
    "0x00000000219ab540356cBB839Cbe05303d7705Fa"
  ]
}] 
2023-01-20 19:20:51.8792|Executing JSON RPC call eth_getBlockByNumber with params [0xfaf7a1, False] 
2023-01-20 19:20:51.8862|Executing JSON RPC call eth_getBlockByNumber with params [0xfaf7a0, False] 
2023-01-20 19:20:54.6169|40 % of nodes did not respond to a Ping message - 2/5 
2023-01-20 19:20:59.9159|Received a new payload: 16449773 (0x815a81130a1257b04fa39664cadc993a7d369d4ad25aee728e98cbc6f6ce4143) 
2023-01-20 19:20:59.9291|Executing JSON RPC call eth_chainId with params [] 
2023-01-20 19:20:59.9291|Executing JSON RPC call eth_syncing with params [] 
2023-01-20 19:21:00.1813|Processed   16449773 |      257ms of  11,970ms, mgasps   46.76 total   32.88, tps  506.56 total  361.20, bps    3.90 total    2.18, recv queue 0, proc queue 0 
2023-01-20 19:21:00.1813|Valid. Result of a new payload: 16449773 (0x815a81130a1257b04fa39664cadc993a7d369d4ad25aee728e98cbc6f6ce4143). 
2023-01-20 19:21:00.1857|Received: ForkchoiceState: (HeadBlockHash: 0x815a81130a1257b04fa39664cadc993a7d369d4ad25aee728e98cbc6f6ce4143, SafeBlockHash: 0xe02a816c3af04f3f9433531cee1618220635255dad487a02e3c85ad6dd70bf6f, FinalizedBlockHash: 0xe9e463f2cc89d85782a2dd064d9ada9957a9b181e767a531978f50e0a581935e)  
2023-01-20 19:21:00.1857|FCU - block 16449773 (0x815a81...ce4143) was processed. 
2023-01-20 19:21:00.1857|Block 0x815a81130a1257b04fa39664cadc993a7d369d4ad25aee728e98cbc6f6ce4143 was set as head. 
2023-01-20 19:21:00.1857|Valid. Request: ForkchoiceState: (HeadBlockHash: 0x815a81130a1257b04fa39664cadc993a7d369d4ad25aee728e98cbc6f6ce4143, SafeBlockHash: 0xe02a816c3af04f3f9433531cee1618220635255dad487a02e3c85ad6dd70bf6f, FinalizedBlockHash: 0xe9e463f2cc89d85782a2dd064d9ada9957a9b181e767a531978f50e0a581935e) . 
2023-01-20 19:21:01.3071|Peers | with known best block: 9 | all: 9 | 
2023-01-20 19:21:03.8875|Executing JSON RPC call eth_getBlockByNumber with params [0xfaf7a2, False] 
2023-01-20 19:21:03.8875|Executing JSON RPC call eth_getLogs with params [{
  "topics": [
    "0x649bbc62d0e31342afea4e5cd82d4049e7e1ee912fc0889aa790803be39038c5"
  ],
  "fromBlock": "0xfaf7a1",
  "toBlock": "0xfaf7a1",
  "address": [
    "0x00000000219ab540356cBB839Cbe05303d7705Fa"
  ]
}] 
2023-01-20 19:21:03.8963|Executing JSON RPC call eth_getBlockByNumber with params [0xfaf7a1, False] 
2023-01-20 19:21:12.0445|Received a new payload: 16449774 (0xf88fc7fc189c4c45508748465eec21bd989295f81a7dc8ff1f0bf099208bb7da) 
2023-01-20 19:21:12.4487|Processed   16449774 |      402ms of  12,267ms, mgasps   36.17 total   32.89, tps  398.22 total  361.23, bps    2.49 total    2.18, recv queue 0, proc queue 0 
2023-01-20 19:21:12.4487|Valid. Result of a new payload: 16449774 (0xf88fc7fc189c4c45508748465eec21bd989295f81a7dc8ff1f0bf099208bb7da). 
2023-01-20 19:21:12.4556|Received: ForkchoiceState: (HeadBlockHash: 0xf88fc7fc189c4c45508748465eec21bd989295f81a7dc8ff1f0bf099208bb7da, SafeBlockHash: 0xe02a816c3af04f3f9433531cee1618220635255dad487a02e3c85ad6dd70bf6f, FinalizedBlockHash: 0xe9e463f2cc89d85782a2dd064d9ada9957a9b181e767a531978f50e0a581935e)  
2023-01-20 19:21:12.4556|FCU - block 16449774 (0xf88fc7...8bb7da) was processed. 
2023-01-20 19:21:12.4556|Block 0xf88fc7fc189c4c45508748465eec21bd989295f81a7dc8ff1f0bf099208bb7da was set as head. 
2023-01-20 19:21:12.4556|Valid. Request: ForkchoiceState: (HeadBlockHash: 0xf88fc7fc189c4c45508748465eec21bd989295f81a7dc8ff1f0bf099208bb7da, SafeBlockHash: 0xe02a816c3af04f3f9433531cee1618220635255dad487a02e3c85ad6dd70bf6f, FinalizedBlockHash: 0xe9e463f2cc89d85782a2dd064d9ada9957a9b181e767a531978f50e0a581935e) . 
2023-01-20 19:21:15.9009|Executing JSON RPC call eth_getLogs with params [{
  "topics": [
    "0x649bbc62d0e31342afea4e5cd82d4049e7e1ee912fc0889aa790803be39038c5"
  ],
  "fromBlock": "0xfaf7a2",
  "toBlock": "0xfaf7a2",
  "address": [
    "0x00000000219ab540356cBB839Cbe05303d7705Fa"
  ]
}] 
2023-01-20 19:21:15.9009|Executing JSON RPC call eth_getBlockByNumber with params [0xfaf7a3, False] 
2023-01-20 19:21:15.9076|Executing JSON RPC call eth_getBlockByNumber with params [0xfaf7a2, False] 
2023-01-20 19:21:16.3155|Peers | with known best block: 3 | all: 3 | 
2023-01-20 19:21:16.3155|Sync peers 3(3)/100
===[Active][Sleep ][Peer (ProtocolVersion/Head/Host:Port)    ][Transfer Speeds (L/H/B/R/N/S)      ][Client Info (Name/Version/Operating System/Language)     ]
--------------------------------------------------------------------------------------------------------------------------------------------------------------
   [      ][      ][Peer|eth66|16449772|  73.193.240.44:30303][  126|     |     |     |     |     ][Nethermind/v1.16.0+c7df68c6/linux-x64/dotnet7.0.2]
   [      ][      ][Peer|eth66|10092437|   78.159.97.17:41958][   51|     |     |     |     |     ][Nethermind/v1.15.0+2b708761/linux-x64/dotnet6.0.12] 
2023-01-20 19:21:24.0843|Received a new payload: 16449775 (0xe67f112fbd9aa00e0a9d22b2f43ab44a0add20c1d93b4e76cba317a79517ca53) 
2023-01-20 19:21:24.5139|Processed   16449775 |      427ms of  12,065ms, mgasps   36.16 total   32.89, tps  358.42 total  361.23, bps    2.34 total    2.18, recv queue 0, proc queue 0 
2023-01-20 19:21:24.5139|Valid. Result of a new payload: 16449775 (0xe67f112fbd9aa00e0a9d22b2f43ab44a0add20c1d93b4e76cba317a79517ca53). 
2023-01-20 19:21:24.5186|Received: ForkchoiceState: (HeadBlockHash: 0xe67f112fbd9aa00e0a9d22b2f43ab44a0add20c1d93b4e76cba317a79517ca53, SafeBlockHash: 0xe02a816c3af04f3f9433531cee1618220635255dad487a02e3c85ad6dd70bf6f, FinalizedBlockHash: 0xe9e463f2cc89d85782a2dd064d9ada9957a9b181e767a531978f50e0a581935e)  
2023-01-20 19:21:24.5186|FCU - block 16449775 (0xe67f11...17ca53) was processed. 
2023-01-20 19:21:24.5186|Block 0xe67f112fbd9aa00e0a9d22b2f43ab44a0add20c1d93b4e76cba317a79517ca53 was set as head. 
2023-01-20 19:21:24.5186|Valid. Request: ForkchoiceState: (HeadBlockHash: 0xe67f112fbd9aa00e0a9d22b2f43ab44a0add20c1d93b4e76cba317a79517ca53, SafeBlockHash: 0xe02a816c3af04f3f9433531cee1618220635255dad487a02e3c85ad6dd70bf6f, FinalizedBlockHash: 0xe9e463f2cc89d85782a2dd064d9ada9957a9b181e767a531978f50e0a581935e) . 
2023-01-20 19:21:27.9111|Executing JSON RPC call eth_getLogs with params [{
  "topics": [
    "0x649bbc62d0e31342afea4e5cd82d4049e7e1ee912fc0889aa790803be39038c5"
  ],
  "fromBlock": "0xfaf7a3",
  "toBlock": "0xfaf7a3",
  "address": [
    "0x00000000219ab540356cBB839Cbe05303d7705Fa"
  ]
}] 
2023-01-20 19:21:27.9111|Executing JSON RPC call eth_getBlockByNumber with params [0xfaf7a4, False] 
2023-01-20 19:21:27.9175|Executing JSON RPC call eth_getBlockByNumber with params [0xfaf7a3, False] 
2023-01-20 19:21:29.2665|Executing JSON RPC call engine_exchangeTransitionConfigurationV1 with params [{
  "terminalTotalDifficulty": "0xc70d808a128d7380000",
  "terminalBlockHash": "0x0000000000000000000000000000000000000000000000000000000000000000",
  "terminalBlockNumber": "0x0"
}] 
2023-01-20 19:21:29.2665|***** JSON RPC report *****
-------------------------------------------------------------------------------------------------------------------------------------------------------------
method                                  | successes |  avg time (µs) |  max time (µs) |    errors |  avg time (µs) |  max time (µs) | avg size | total size |
-------------------------------------------------------------------------------------------------------------------------------------------------------------
engine_exchangeTransitionConfigurationV1|         5 |            575 |            805 |         0 |              0 |              0 |      205 |       1025 | 
engine_forkchoiceUpdatedV1              |        25 |            899 |           1166 |         0 |              0 |              0 |      200 |       5000 | 
engine_newPayloadV1                     |        26 |         382593 |         792180 |         0 |              0 |              0 |      165 |       4290 | 
eth_chainId                             |         6 |            351 |            540 |         0 |              0 |              0 |       42 |        252 | 
eth_getBlockByNumber                    |        50 |           3230 |          10789 |         0 |              0 |              0 |    10243 |     512160 | 
eth_getLogs                             |        25 |           3960 |           7808 |         0 |              0 |              0 |       39 |        975 | 
eth_syncing                             |         6 |            249 |            473 |         0 |              0 |              0 |       42 |        252 | 
-------------------------------------------------------------------------------------------------------------------------------------------------------------
TOTAL                                   |       143 |          71587 |         792180 |         0 |              0 |              0 |     3664 |     523954 | 
-------------------------------------------------------------------------------------------------------------------------------------------------------------
 
2023-01-20 19:21:31.3187|Peers | with known best block: 7 | all: 7 | 
2023-01-20 19:21:36.5195|Received a new payload: 16449776 (0x82fd274606cf40ffb833eb1ac8f5a675fc4d52cd5ea72f24f5b2c05124a6cea3) 
2023-01-20 19:21:36.8279|Processed   16449776 |      306ms of  12,314ms, mgasps   38.57 total   32.89, tps  519.43 total  361.35, bps    3.27 total    2.18, recv queue 0, proc queue 0 
2023-01-20 19:21:36.8279|Valid. Result of a new payload: 16449776 (0x82fd274606cf40ffb833eb1ac8f5a675fc4d52cd5ea72f24f5b2c05124a6cea3). 
2023-01-20 19:21:36.8342|Received: ForkchoiceState: (HeadBlockHash: 0x82fd274606cf40ffb833eb1ac8f5a675fc4d52cd5ea72f24f5b2c05124a6cea3, SafeBlockHash: 0xe02a816c3af04f3f9433531cee1618220635255dad487a02e3c85ad6dd70bf6f, FinalizedBlockHash: 0xe9e463f2cc89d85782a2dd064d9ada9957a9b181e767a531978f50e0a581935e)  
2023-01-20 19:21:36.8342|FCU - block 16449776 (0x82fd27...a6cea3) was processed. 
2023-01-20 19:21:36.8348|Block 0x82fd274606cf40ffb833eb1ac8f5a675fc4d52cd5ea72f24f5b2c05124a6cea3 was set as head. 
2023-01-20 19:21:36.8348|Valid. Request: ForkchoiceState: (HeadBlockHash: 0x82fd274606cf40ffb833eb1ac8f5a675fc4d52cd5ea72f24f5b2c05124a6cea3, SafeBlockHash: 0xe02a816c3af04f3f9433531cee1618220635255dad487a02e3c85ad6dd70bf6f, FinalizedBlockHash: 0xe9e463f2cc89d85782a2dd064d9ada9957a9b181e767a531978f50e0a581935e) . 
2023-01-20 19:21:39.9211|Executing JSON RPC call eth_getLogs with params [{
  "topics": [
    "0x649bbc62d0e31342afea4e5cd82d4049e7e1ee912fc0889aa790803be39038c5"
  ],
  "fromBlock": "0xfaf7a4",
  "toBlock": "0xfaf7a4",
  "address": [
    "0x00000000219ab540356cBB839Cbe05303d7705Fa"
  ]
}] 
2023-01-20 19:21:39.9211|Executing JSON RPC call eth_getBlockByNumber with params [0xfaf7a5, False] 
2023-01-20 19:21:39.9297|Executing JSON RPC call eth_getBlockByNumber with params [0xfaf7a4, False] 
2023-01-20 19:21:46.3250|Peers | with known best block: 8 | all: 8 | 
2023-01-20 19:21:46.3250|Sync peers - Initialized: 8 | All: 8 | Max: 100
===[Active][Sleep ][Peer (ProtocolVersion/Head/Host:Port)    ][Transfer Speeds (L/H/B/R/N/S)      ][Client Info (Name/Version/Operating System/Language)     ]
--------------------------------------------------------------------------------------------------------------------------------------------------------------
   [      ][      ][Peer|eth66|16449776|  213.47.230.75:59126][  789|    3|     |     |     |     ][Nethermind/v1.15.0+2b708761/linux-x64/dotnet6.0.12]
   [      ][      ][Peer|eth66|16449776|    73.239.6.38:60638][     |     |     |     |     |     ][Nethermind/v1.15.0+2b708761/linux-x64/dotnet6.0.12]
   [      ][      ][Peer|eth66|16449776|  88.126.57.147:16946][     |     |     |     |     |     ][Geth/v1.10.26-stable-e5eb32ac/linux-amd64/go1.18.8]
   [      ][      ][Peer|eth66|16449775|103.100.225.112:52600][  294|     |     |     |     |     ][Nethermind/v1.15.0+2b708761/linux-x64/dotnet6.0.12]
   [      ][      ][Peer|eth66|16449775| 54.175.160.107:33168][  115|     |     |     |     |     ][Geth/v1.1.9-5404d9d8-20220420/linux-amd64/go1.17.5]
   [      ][      ][Peer|eth66|16449775|    3.80.12.255:30544][  115|     |     |     |     |     ][]
   [      ][      ][Peer|eth66|16449772|  73.193.240.44:30303][  128|     |     |     |     |     ][Nethermind/v1.16.0+c7df68c6/linux-x64/dotnet7.0.2]
   [      ][      ][Peer|eth66|15466495|  35.175.161.27:22370][  640|     |     |     |     |     ][Geth/v1.10.23-stable-d901d853/linux-amd64/go1.18.5] 
2023-01-20 19:21:48.7068|Received a new payload: 16449777 (0x85acaca47c51dade82ecc3a7d45b8c38d4c8ebbf257e7275bb469c30275b993e) 
2023-01-20 19:21:49.0896|Processed   16449777 |      381ms of  12,262ms, mgasps   57.35 total   32.92, tps  459.63 total  361.45, bps    2.63 total    2.18, recv queue 0, proc queue 0 
2023-01-20 19:21:49.0896|Valid. Result of a new payload: 16449777 (0x85acaca47c51dade82ecc3a7d45b8c38d4c8ebbf257e7275bb469c30275b993e). 
2023-01-20 19:21:49.0945|Received: ForkchoiceState: (HeadBlockHash: 0x85acaca47c51dade82ecc3a7d45b8c38d4c8ebbf257e7275bb469c30275b993e, SafeBlockHash: 0xe02a816c3af04f3f9433531cee1618220635255dad487a02e3c85ad6dd70bf6f, FinalizedBlockHash: 0xe9e463f2cc89d85782a2dd064d9ada9957a9b181e767a531978f50e0a581935e)  
2023-01-20 19:21:49.0945|FCU - block 16449777 (0x85acac...5b993e) was processed. 
2023-01-20 19:21:49.0945|Block 0x85acaca47c51dade82ecc3a7d45b8c38d4c8ebbf257e7275bb469c30275b993e was set as head. 
2023-01-20 19:21:49.0945|Valid. Request: ForkchoiceState: (HeadBlockHash: 0x85acaca47c51dade82ecc3a7d45b8c38d4c8ebbf257e7275bb469c30275b993e, SafeBlockHash: 0xe02a816c3af04f3f9433531cee1618220635255dad487a02e3c85ad6dd70bf6f, FinalizedBlockHash: 0xe9e463f2cc89d85782a2dd064d9ada9957a9b181e767a531978f50e0a581935e) . 
2023-01-20 19:21:51.9350|Executing JSON RPC call eth_getBlockByNumber with params [0xfaf7a6, False] 
2023-01-20 19:21:51.9350|Executing JSON RPC call eth_getLogs with params [{
  "topics": [
    "0x649bbc62d0e31342afea4e5cd82d4049e7e1ee912fc0889aa790803be39038c5"
  ],
  "fromBlock": "0xfaf7a5",
  "toBlock": "0xfaf7a5",
  "address": [
    "0x00000000219ab540356cBB839Cbe05303d7705Fa"
  ]
}] 
2023-01-20 19:21:51.9402|Executing JSON RPC call eth_getBlockByNumber with params [0xfaf7a5, False] 
2023-01-20 19:21:59.9363|Executing JSON RPC call eth_chainId with params [] 
2023-01-20 19:21:59.9363|Executing JSON RPC call eth_syncing with params [] 
2023-01-20 19:22:01.1285|Received a new payload: 16449778 (0xc4bcd651cc75b60eadb32e3f5d526e1b24346e00598ef49f09b7f87f04ab3dcc) 
2023-01-20 19:22:01.3271|Peers | with known best block: 8 | all: 8 | 
2023-01-20 19:22:01.4139|Processed   16449778 |      280ms of  12,324ms, mgasps   38.99 total   32.92, tps  439.61 total  361.50, bps    3.57 total    2.18, recv queue 0, proc queue 0 
2023-01-20 19:22:01.4139|Valid. Result of a new payload: 16449778 (0xc4bcd651cc75b60eadb32e3f5d526e1b24346e00598ef49f09b7f87f04ab3dcc). 
2023-01-20 19:22:01.4183|Received: ForkchoiceState: (HeadBlockHash: 0xc4bcd651cc75b60eadb32e3f5d526e1b24346e00598ef49f09b7f87f04ab3dcc, SafeBlockHash: 0xe02a816c3af04f3f9433531cee1618220635255dad487a02e3c85ad6dd70bf6f, FinalizedBlockHash: 0xe9e463f2cc89d85782a2dd064d9ada9957a9b181e767a531978f50e0a581935e)  
2023-01-20 19:22:01.4183|FCU - block 16449778 (0xc4bcd6...ab3dcc) was processed. 
2023-01-20 19:22:01.4188|Block 0xc4bcd651cc75b60eadb32e3f5d526e1b24346e00598ef49f09b7f87f04ab3dcc was set as head. 
2023-01-20 19:22:01.4188|Valid. Request: ForkchoiceState: (HeadBlockHash: 0xc4bcd651cc75b60eadb32e3f5d526e1b24346e00598ef49f09b7f87f04ab3dcc, SafeBlockHash: 0xe02a816c3af04f3f9433531cee1618220635255dad487a02e3c85ad6dd70bf6f, FinalizedBlockHash: 0xe9e463f2cc89d85782a2dd064d9ada9957a9b181e767a531978f50e0a581935e) . 
2023-01-20 19:22:03.9441|Executing JSON RPC call eth_getBlockByNumber with params [0xfaf7a7, False] 
2023-01-20 19:22:03.9441|Executing JSON RPC call eth_getLogs with params [{
  "topics": [
    "0x649bbc62d0e31342afea4e5cd82d4049e7e1ee912fc0889aa790803be39038c5"
  ],
  "fromBlock": "0xfaf7a6",
  "toBlock": "0xfaf7a6",
  "address": [
    "0x00000000219ab540356cBB839Cbe05303d7705Fa"
  ]
}] 
2023-01-20 19:22:03.9524|Executing JSON RPC call eth_getBlockByNumber with params [0xfaf7a6, False] 
2023-01-20 19:22:12.1050|Received a new payload: 16449779 (0x01bf524b683cca25f4a9e5d211cfc9c97d03e3ea124d8b86a1f651900ba181c6) 
2023-01-20 19:22:12.6670|Processed   16449779 |      558ms of  11,253ms, mgasps   31.96 total   32.92, tps  334.99 total  361.46, bps    1.79 total    2.18, recv queue 0, proc queue 0 
2023-01-20 19:22:12.6670|Valid. Result of a new payload: 16449779 (0x01bf524b683cca25f4a9e5d211cfc9c97d03e3ea124d8b86a1f651900ba181c6). 
2023-01-20 19:22:12.6721|Received: ForkchoiceState: (HeadBlockHash: 0x01bf524b683cca25f4a9e5d211cfc9c97d03e3ea124d8b86a1f651900ba181c6, SafeBlockHash: 0xe02a816c3af04f3f9433531cee1618220635255dad487a02e3c85ad6dd70bf6f, FinalizedBlockHash: 0xe9e463f2cc89d85782a2dd064d9ada9957a9b181e767a531978f50e0a581935e)  
2023-01-20 19:22:12.6721|FCU - block 16449779 (0x01bf52...a181c6) was processed. 
2023-01-20 19:22:12.6721|Block 0x01bf524b683cca25f4a9e5d211cfc9c97d03e3ea124d8b86a1f651900ba181c6 was set as head. 
2023-01-20 19:22:12.6721|Valid. Request: ForkchoiceState: (HeadBlockHash: 0x01bf524b683cca25f4a9e5d211cfc9c97d03e3ea124d8b86a1f651900ba181c6, SafeBlockHash: 0xe02a816c3af04f3f9433531cee1618220635255dad487a02e3c85ad6dd70bf6f, FinalizedBlockHash: 0xe9e463f2cc89d85782a2dd064d9ada9957a9b181e767a531978f50e0a581935e) . 
2023-01-20 19:22:15.9475|Executing JSON RPC call eth_getLogs with params [{
  "topics": [
    "0x649bbc62d0e31342afea4e5cd82d4049e7e1ee912fc0889aa790803be39038c5"
  ],
  "fromBlock": "0xfaf7a7",
  "toBlock": "0xfaf7a7",
  "address": [
    "0x00000000219ab540356cBB839Cbe05303d7705Fa"
  ]
}] 
2023-01-20 19:22:15.9475|Executing JSON RPC call eth_getBlockByNumber with params [0xfaf7a8, False] 
2023-01-20 19:22:15.9530|Executing JSON RPC call eth_getBlockByNumber with params [0xfaf7a7, False] 
2023-01-20 19:22:16.3333|Peers | with known best block: 4 | all: 4 | 
2023-01-20 19:22:16.3333|Sync peers 4(4)/100
===[Active][Sleep ][Peer (ProtocolVersion/Head/Host:Port)    ][Transfer Speeds (L/H/B/R/N/S)      ][Client Info (Name/Version/Operating System/Language)     ]
--------------------------------------------------------------------------------------------------------------------------------------------------------------
   [      ][      ][Peer|eth66|16449776|  213.47.230.75:59126][  471|    3|     |     |     |     ][Nethermind/v1.15.0+2b708761/linux-x64/dotnet6.0.12]
   [      ][      ][Peer|eth66|       0|109.190.129.148:48288][  150|     |     |     |     |     ][Nethermind/v1.15.0+2b708761/windows-x64/dotnet6.0.12] 
2023-01-20 19:22:24.2800|Received a new payload: 16449780 (0x93003cbd571e23b2e2aed3e5b975a08ab8ada021d04a9be190770bb13b8aad9f) 
2023-01-20 19:22:24.5365|Processed   16449780 |      254ms of  11,869ms, mgasps   45.47 total   32.93, tps  460.53 total  361.53, bps    3.94 total    2.18, recv queue 0, proc queue 0 
2023-01-20 19:22:24.5365|Valid. Result of a new payload: 16449780 (0x93003cbd571e23b2e2aed3e5b975a08ab8ada021d04a9be190770bb13b8aad9f). 
2023-01-20 19:22:24.5408|Received: ForkchoiceState: (HeadBlockHash: 0x93003cbd571e23b2e2aed3e5b975a08ab8ada021d04a9be190770bb13b8aad9f, SafeBlockHash: 0xe02a816c3af04f3f9433531cee1618220635255dad487a02e3c85ad6dd70bf6f, FinalizedBlockHash: 0xe9e463f2cc89d85782a2dd064d9ada9957a9b181e767a531978f50e0a581935e)  
2023-01-20 19:22:24.5408|FCU - block 16449780 (0x93003c...8aad9f) was processed. 
2023-01-20 19:22:24.5408|Block 0x93003cbd571e23b2e2aed3e5b975a08ab8ada021d04a9be190770bb13b8aad9f was set as head. 
2023-01-20 19:22:24.5408|Valid. Request: ForkchoiceState: (HeadBlockHash: 0x93003cbd571e23b2e2aed3e5b975a08ab8ada021d04a9be190770bb13b8aad9f, SafeBlockHash: 0xe02a816c3af04f3f9433531cee1618220635255dad487a02e3c85ad6dd70bf6f, FinalizedBlockHash: 0xe9e463f2cc89d85782a2dd064d9ada9957a9b181e767a531978f50e0a581935e) . 
2023-01-20 19:22:27.9538|Executing JSON RPC call eth_getLogs with params [{
  "topics": [
    "0x649bbc62d0e31342afea4e5cd82d4049e7e1ee912fc0889aa790803be39038c5"
  ],
  "fromBlock": "0xfaf7a8",
  "toBlock": "0xfaf7a8",
  "address": [
    "0x00000000219ab540356cBB839Cbe05303d7705Fa"
  ]
}] 
2023-01-20 19:22:27.9548|Executing JSON RPC call eth_getBlockByNumber with params [0xfaf7a9, False] 
2023-01-20 19:22:27.9588|Executing JSON RPC call eth_getBlockByNumber with params [0xfaf7a8, False] 
2023-01-20 19:22:29.2670|Executing JSON RPC call engine_exchangeTransitionConfigurationV1 with params [{
  "terminalTotalDifficulty": "0xc70d808a128d7380000",
  "terminalBlockHash": "0x0000000000000000000000000000000000000000000000000000000000000000",
  "terminalBlockNumber": "0x0"
}] 
2023-01-20 19:22:30.6473|100 % of nodes did not respond to a Ping message - 2/2 
2023-01-20 19:22:31.3363|Peers | with known best block: 5 | all: 5 | 
2023-01-20 19:22:36.5082|Received a new payload: 16449781 (0xeed98bc8d84ebf98488c9ad926814e53176ae0fc7d121aba8e7d17f5e53a99f1) 
2023-01-20 19:22:37.1270|Processed   16449781 |      596ms of  12,591ms, mgasps   22.83 total   32.91, tps  271.97 total  361.39, bps    1.68 total    2.18, recv queue 0, proc queue 0 
2023-01-20 19:22:37.1270|Valid. Result of a new payload: 16449781 (0xeed98bc8d84ebf98488c9ad926814e53176ae0fc7d121aba8e7d17f5e53a99f1). 
2023-01-20 19:22:37.1328|Received: ForkchoiceState: (HeadBlockHash: 0xeed98bc8d84ebf98488c9ad926814e53176ae0fc7d121aba8e7d17f5e53a99f1, SafeBlockHash: 0xe02a816c3af04f3f9433531cee1618220635255dad487a02e3c85ad6dd70bf6f, FinalizedBlockHash: 0xe9e463f2cc89d85782a2dd064d9ada9957a9b181e767a531978f50e0a581935e)  
2023-01-20 19:22:37.1328|FCU - block 16449781 (0xeed98b...3a99f1) was processed. 
2023-01-20 19:22:37.1328|Block 0xeed98bc8d84ebf98488c9ad926814e53176ae0fc7d121aba8e7d17f5e53a99f1 was set as head. 
2023-01-20 19:22:37.1328|Valid. Request: ForkchoiceState: (HeadBlockHash: 0xeed98bc8d84ebf98488c9ad926814e53176ae0fc7d121aba8e7d17f5e53a99f1, SafeBlockHash: 0xe02a816c3af04f3f9433531cee1618220635255dad487a02e3c85ad6dd70bf6f, FinalizedBlockHash: 0xe9e463f2cc89d85782a2dd064d9ada9957a9b181e767a531978f50e0a581935e) . 
2023-01-20 19:22:39.9632|Executing JSON RPC call eth_getLogs with params [{
  "topics": [
    "0x649bbc62d0e31342afea4e5cd82d4049e7e1ee912fc0889aa790803be39038c5"
  ],
  "fromBlock": "0xfaf7a9",
  "toBlock": "0xfaf7a9",
  "address": [
    "0x00000000219ab540356cBB839Cbe05303d7705Fa"
  ]
}] 
2023-01-20 19:22:39.9632|Executing JSON RPC call eth_getBlockByNumber with params [0xfaf7aa, False] 
2023-01-20 19:22:39.9632|Executing JSON RPC call eth_getBlockByNumber with params [0xfaf7a9, False] 
2023-01-20 19:22:43.6528|100 % of nodes did not respond to a Ping message - 1/1 
2023-01-20 19:22:46.3418|Peers | with known best block: 1 | all: 1 | 
2023-01-20 19:22:46.3418|Sync peers 1(1)/100 
2023-01-20 19:22:48.2563|Received a new payload: 16449782 (0x962a8dd6e1a176f583b21ccc42c2b8a4fab0207e61702db1db7f9cb289077eae) 
2023-01-20 19:22:48.6868|Processed   16449782 |      427ms of  11,560ms, mgasps   38.35 total   32.92, tps  374.50 total  361.41, bps    2.34 total    2.18, recv queue 0, proc queue 0 
2023-01-20 19:22:48.6868|Valid. Result of a new payload: 16449782 (0x962a8dd6e1a176f583b21ccc42c2b8a4fab0207e61702db1db7f9cb289077eae). 
2023-01-20 19:22:48.6918|Received: ForkchoiceState: (HeadBlockHash: 0x962a8dd6e1a176f583b21ccc42c2b8a4fab0207e61702db1db7f9cb289077eae, SafeBlockHash: 0xe02a816c3af04f3f9433531cee1618220635255dad487a02e3c85ad6dd70bf6f, FinalizedBlockHash: 0xe9e463f2cc89d85782a2dd064d9ada9957a9b181e767a531978f50e0a581935e)  
2023-01-20 19:22:48.6918|FCU - block 16449782 (0x962a8d...077eae) was processed. 
2023-01-20 19:22:48.6918|Block 0x962a8dd6e1a176f583b21ccc42c2b8a4fab0207e61702db1db7f9cb289077eae was set as head. 
2023-01-20 19:22:48.6918|Valid. Request: ForkchoiceState: (HeadBlockHash: 0x962a8dd6e1a176f583b21ccc42c2b8a4fab0207e61702db1db7f9cb289077eae, SafeBlockHash: 0xe02a816c3af04f3f9433531cee1618220635255dad487a02e3c85ad6dd70bf6f, FinalizedBlockHash: 0xe9e463f2cc89d85782a2dd064d9ada9957a9b181e767a531978f50e0a581935e) . 
2023-01-20 19:22:51.9684|Executing JSON RPC call eth_getBlockByNumber with params [0xfaf7ab, False] 
2023-01-20 19:22:51.9684|Executing JSON RPC call eth_getLogs with params [{
  "topics": [
    "0x649bbc62d0e31342afea4e5cd82d4049e7e1ee912fc0889aa790803be39038c5"
  ],
  "fromBlock": "0xfaf7aa",
  "toBlock": "0xfaf7aa",
  "address": [
    "0x00000000219ab540356cBB839Cbe05303d7705Fa"
  ]
}] 
2023-01-20 19:22:51.9727|Executing JSON RPC call eth_getBlockByNumber with params [0xfaf7aa, False] 
2023-01-20 19:22:56.6560|100 % of nodes did not respond to a Ping message - 1/1 
2023-01-20 19:22:59.9404|Executing JSON RPC call eth_chainId with params [] 
2023-01-20 19:22:59.9404|Executing JSON RPC call eth_syncing with params [] 
2023-01-20 19:23:01.3369|Peers | with known best block: 4 | all: 4 | 
2023-01-20 19:23:02.2825|Received a new payload: 16449783 (0x02da410f2d27465422f0e866381739b2f206376f444d554f5e86bac07c1a1d8c) 
2023-01-20 19:23:02.5330|Processed   16449783 |      246ms of  13,846ms, mgasps   59.22 total   32.93, tps  572.34 total  361.54, bps    4.06 total    2.18, recv queue 0, proc queue 0 
2023-01-20 19:23:02.5330|Valid. Result of a new payload: 16449783 (0x02da410f2d27465422f0e866381739b2f206376f444d554f5e86bac07c1a1d8c). 
2023-01-20 19:23:02.5379|Received: ForkchoiceState: (HeadBlockHash: 0x02da410f2d27465422f0e866381739b2f206376f444d554f5e86bac07c1a1d8c, SafeBlockHash: 0xe02a816c3af04f3f9433531cee1618220635255dad487a02e3c85ad6dd70bf6f, FinalizedBlockHash: 0xe9e463f2cc89d85782a2dd064d9ada9957a9b181e767a531978f50e0a581935e)  
2023-01-20 19:23:02.5379|FCU - block 16449783 (0x02da41...1a1d8c) was processed. 
2023-01-20 19:23:02.5385|Block 0x02da410f2d27465422f0e866381739b2f206376f444d554f5e86bac07c1a1d8c was set as head. 
2023-01-20 19:23:02.5385|Valid. Request: ForkchoiceState: (HeadBlockHash: 0x02da410f2d27465422f0e866381739b2f206376f444d554f5e86bac07c1a1d8c, SafeBlockHash: 0xe02a816c3af04f3f9433531cee1618220635255dad487a02e3c85ad6dd70bf6f, FinalizedBlockHash: 0xe9e463f2cc89d85782a2dd064d9ada9957a9b181e767a531978f50e0a581935e) . 
2023-01-20 19:23:03.9752|Executing JSON RPC call eth_getLogs with params [{
  "topics": [
    "0x649bbc62d0e31342afea4e5cd82d4049e7e1ee912fc0889aa790803be39038c5"
  ],
  "fromBlock": "0xfaf7ab",
  "toBlock": "0xfaf7ab",
  "address": [
    "0x00000000219ab540356cBB839Cbe05303d7705Fa"
  ]
}] 
2023-01-20 19:23:03.9752|Executing JSON RPC call eth_getBlockByNumber with params [0xfaf7ac, False] 
2023-01-20 19:23:03.9752|Executing JSON RPC call eth_getBlockByNumber with params [0xfaf7ab, False] 
2023-01-20 19:23:09.6547|100 % of nodes did not respond to a Ping message - 1/1 
2023-01-20 19:23:12.0378|Received a new payload: 16449784 (0x414dce1c69914b78f68976cf95ce0ec787d4823d31517a4bee5a428c727125e3) 
2023-01-20 19:23:12.5806|Processed   16449784 |      537ms of  10,048ms, mgasps   28.88 total   32.93, tps  290.72 total  361.44, bps    1.86 total    2.18, recv queue 0, proc queue 0 
2023-01-20 19:23:12.5806|Valid. Result of a new payload: 16449784 (0x414dce1c69914b78f68976cf95ce0ec787d4823d31517a4bee5a428c727125e3). 
2023-01-20 19:23:12.5871|Received: ForkchoiceState: (HeadBlockHash: 0x414dce1c69914b78f68976cf95ce0ec787d4823d31517a4bee5a428c727125e3, SafeBlockHash: 0xe02a816c3af04f3f9433531cee1618220635255dad487a02e3c85ad6dd70bf6f, FinalizedBlockHash: 0xe9e463f2cc89d85782a2dd064d9ada9957a9b181e767a531978f50e0a581935e)  
2023-01-20 19:23:12.5871|FCU - block 16449784 (0x414dce...7125e3) was processed. 
2023-01-20 19:23:12.5871|Block 0x414dce1c69914b78f68976cf95ce0ec787d4823d31517a4bee5a428c727125e3 was set as head. 
2023-01-20 19:23:12.5871|Valid. Request: ForkchoiceState: (HeadBlockHash: 0x414dce1c69914b78f68976cf95ce0ec787d4823d31517a4bee5a428c727125e3, SafeBlockHash: 0xe02a816c3af04f3f9433531cee1618220635255dad487a02e3c85ad6dd70bf6f, FinalizedBlockHash: 0xe9e463f2cc89d85782a2dd064d9ada9957a9b181e767a531978f50e0a581935e) . 
2023-01-20 19:23:13.9810|Executing JSON RPC call eth_getBlockByNumber with params [0xfaf7ac, False] 
2023-01-20 19:23:15.9890|Executing JSON RPC call eth_getBlockByNumber with params [0xfaf7ad, False] 
2023-01-20 19:23:15.9890|Executing JSON RPC call eth_getLogs with params [{
  "topics": [
    "0x649bbc62d0e31342afea4e5cd82d4049e7e1ee912fc0889aa790803be39038c5"
  ],
  "fromBlock": "0xfaf7ac",
  "toBlock": "0xfaf7ac",
  "address": [
    "0x00000000219ab540356cBB839Cbe05303d7705Fa"
  ]
}] 
2023-01-20 19:23:15.9967|Executing JSON RPC call eth_getBlockByNumber with params [0xfaf7ac, False] 
2023-01-20 19:23:16.3451|Peers | with known best block: 8 | all: 8 | 
2023-01-20 19:23:16.3451|Sync peers 8(8)/100
===[Active][Sleep ][Peer (ProtocolVersion/Head/Host:Port)    ][Transfer Speeds (L/H/B/R/N/S)      ][Client Info (Name/Version/Operating System/Language)     ]
--------------------------------------------------------------------------------------------------------------------------------------------------------------
   [      ][      ][Peer|eth66|16257000|  161.129.71.21:52128][     |     |     |     |     |     ][Nethermind/v1.15.0+2b708761/linux-x64/dotnet6.0.12] 
2023-01-20 19:23:22.6564|50 % of nodes did not respond to a Ping message - 1/2 
2023-01-20 19:23:23.9394|Received a new payload: 16449785 (0x47007fba77ddffa6901a0b3f53b7396a16a060d6a50c279dc44a9c569bc77a90) 
2023-01-20 19:23:24.2823|Processed   16449785 |      341ms of  11,702ms, mgasps   40.66 total   32.94, tps  358.24 total  361.44, bps    2.94 total    2.18, recv queue 0, proc queue 0 
2023-01-20 19:23:24.2823|Valid. Result of a new payload: 16449785 (0x47007fba77ddffa6901a0b3f53b7396a16a060d6a50c279dc44a9c569bc77a90). 
2023-01-20 19:23:24.2878|Received: ForkchoiceState: (HeadBlockHash: 0x47007fba77ddffa6901a0b3f53b7396a16a060d6a50c279dc44a9c569bc77a90, SafeBlockHash: 0xe02a816c3af04f3f9433531cee1618220635255dad487a02e3c85ad6dd70bf6f, FinalizedBlockHash: 0xe9e463f2cc89d85782a2dd064d9ada9957a9b181e767a531978f50e0a581935e)  
2023-01-20 19:23:24.2878|FCU - block 16449785 (0x47007f...c77a90) was processed. 
2023-01-20 19:23:24.2878|Block 0x47007fba77ddffa6901a0b3f53b7396a16a060d6a50c279dc44a9c569bc77a90 was set as head. 
2023-01-20 19:23:24.2878|Valid. Request: ForkchoiceState: (HeadBlockHash: 0x47007fba77ddffa6901a0b3f53b7396a16a060d6a50c279dc44a9c569bc77a90, SafeBlockHash: 0xe02a816c3af04f3f9433531cee1618220635255dad487a02e3c85ad6dd70bf6f, FinalizedBlockHash: 0xe9e463f2cc89d85782a2dd064d9ada9957a9b181e767a531978f50e0a581935e) . 
2023-01-20 19:23:27.9977|Executing JSON RPC call eth_getBlockByNumber with params [0xfaf7ae, False] 
2023-01-20 19:23:28.0000|Executing JSON RPC call eth_getLogs with params [{
  "topics": [
    "0x649bbc62d0e31342afea4e5cd82d4049e7e1ee912fc0889aa790803be39038c5"
  ],
  "fromBlock": "0xfaf7ad",
  "toBlock": "0xfaf7ad",
  "address": [
    "0x00000000219ab540356cBB839Cbe05303d7705Fa"
  ]
}] 
2023-01-20 19:23:28.0032|Executing JSON RPC call eth_getBlockByNumber with params [0xfaf7ad, False] 
2023-01-20 19:23:29.2681|Executing JSON RPC call engine_exchangeTransitionConfigurationV1 with params [{
  "terminalTotalDifficulty": "0xc70d808a128d7380000",
  "terminalBlockHash": "0x0000000000000000000000000000000000000000000000000000000000000000",
  "terminalBlockNumber": "0x0"
}] 
2023-01-20 19:23:31.3520|Peers | with known best block: 9 | all: 9 | 
2023-01-20 19:23:36.5759|Received a new payload: 16449786 (0x9a045a349dbe586b4bd0afec4b1d2c4d88890ac7738048b6de3eefa27d3157ab) 
2023-01-20 19:23:37.0770|Processed   16449786 |      499ms of  12,795ms, mgasps   25.03 total   32.93, tps  304.42 total  361.37, bps    2.00 total    2.18, recv queue 0, proc queue 0 
2023-01-20 19:23:37.0770|Valid. Result of a new payload: 16449786 (0x9a045a349dbe586b4bd0afec4b1d2c4d88890ac7738048b6de3eefa27d3157ab). 
2023-01-20 19:23:37.0818|Received: ForkchoiceState: (HeadBlockHash: 0x9a045a349dbe586b4bd0afec4b1d2c4d88890ac7738048b6de3eefa27d3157ab, SafeBlockHash: 0xe02a816c3af04f3f9433531cee1618220635255dad487a02e3c85ad6dd70bf6f, FinalizedBlockHash: 0xe9e463f2cc89d85782a2dd064d9ada9957a9b181e767a531978f50e0a581935e)  
2023-01-20 19:23:37.0818|FCU - block 16449786 (0x9a045a...3157ab) was processed. 
2023-01-20 19:23:37.0825|Block 0x9a045a349dbe586b4bd0afec4b1d2c4d88890ac7738048b6de3eefa27d3157ab was set as head. 
2023-01-20 19:23:37.0825|Valid. Request: ForkchoiceState: (HeadBlockHash: 0x9a045a349dbe586b4bd0afec4b1d2c4d88890ac7738048b6de3eefa27d3157ab, SafeBlockHash: 0xe02a816c3af04f3f9433531cee1618220635255dad487a02e3c85ad6dd70bf6f, FinalizedBlockHash: 0xe9e463f2cc89d85782a2dd064d9ada9957a9b181e767a531978f50e0a581935e) . 
2023-01-20 19:23:39.0050|Executing JSON RPC call eth_getLogs with params [{
  "topics": [
    "0x649bbc62d0e31342afea4e5cd82d4049e7e1ee912fc0889aa790803be39038c5"
  ],
  "fromBlock": "0xfaf7ae",
  "toBlock": "0xfaf7ae",
  "address": [
    "0x00000000219ab540356cBB839Cbe05303d7705Fa"
  ]
}] 
2023-01-20 19:23:39.0050|Executing JSON RPC call eth_getBlockByNumber with params [0xfaf7af, False] 
2023-01-20 19:23:39.0078|Executing JSON RPC call eth_getBlockByNumber with params [0xfaf7ae, False]