2021-10-12 01:45:50 UTC Syncing #13400857 0xe817…c4fb     0.00 blk/s    0.0 tx/s    0.0 Mgas/s      0+    6 Qed LI:#13400864    2/25 peers      3 MiB chain    2 MiB queue  RPC:  0 conn,    0 req/s,    0 µs
2021-10-12 01:45:50 UTC   2/25 peers      3 MiB chain  778 KiB queue  RPC:  0 conn,    0 req/s,    0 µs
2021-10-12 01:45:50 UTC   2/25 peers      3 MiB chain  778 KiB queue  RPC:  0 conn,    0 req/s,    0 µs
2021-10-12 01:46:09 UTC Imported #13400864 0x80f2…5521 (139 txs, 11.33 Mgas, 1869 ms, 139.50 KiB)
2021-10-12 01:46:16 UTC   1/25 peers      3 MiB chain  0 bytes queue  RPC:  0 conn,    0 req/s,    0 µs
2021-10-12 01:46:28 UTC Syncing #13400864 0x80f2…5521     0.00 blk/s    0.0 tx/s    0.0 Mgas/s      0+    3 Qed LI:#13400868    1/25 peers      3 MiB chain  448 KiB queue  RPC:  0 conn,    0 req/s,    0 µs
2021-10-12 01:46:45 UTC Imported #13400868 0xb5f7…ce2d (99 txs, 5.81 Mgas, 1436 ms, 29.60 KiB)
2021-10-12 01:48:59 UTC   1/25 peers      4 MiB chain  0 bytes queue  RPC:  0 conn,    0 req/s,    0 µs
2021-10-12 01:48:59 UTC   1/25 peers      4 MiB chain  0 bytes queue  RPC:  0 conn,    0 req/s,    0 µs
2021-10-12 01:48:59 UTC   1/25 peers      4 MiB chain  0 bytes queue  RPC:  0 conn,    0 req/s,    0 µs
2021-10-12 01:49:33 UTC   0/25 peers      4 MiB chain  0 bytes queue  RPC:  0 conn,    0 req/s,    0 µs
2021-10-12 01:50:03 UTC   0/25 peers      4 MiB chain  0 bytes queue  RPC:  0 conn,    0 req/s,    0 µs
2021-10-12 01:50:23 UTC Syncing #13400868 0xb5f7…ce2d     0.00 blk/s    0.0 tx/s    0.0 Mgas/s      0+   17 Qed LI:#13400886    3/25 peers      4 MiB chain    4 MiB queue  RPC:  0 conn,    0 req/s,    0 µs
2021-10-12 01:50:28 UTC Syncing #13400868 0xb5f7…ce2d     0.00 blk/s    0.0 tx/s    0.0 Mgas/s      0+   18 Qed LI:#13400887    7/25 peers      4 MiB chain    4 MiB queue  RPC:  0 conn,    0 req/s,    0 µs
2021-10-12 01:50:40 UTC Syncing #13400872 0xb653…a718     0.40 blk/s   65.0 tx/s    5.8 Mgas/s      0+   14 Qed LI:#13400887    6/25 peers      5 MiB chain    4 MiB queue  RPC:  0 conn,    0 req/s,    0 µs
2021-10-12 01:50:40 UTC Syncing #13400871 0x9d13…b955     0.60 blk/s  116.6 tx/s   10.3 Mgas/s      0+   15 Qed LI:#13400887    6/25 peers      5 MiB chain    4 MiB queue  RPC:  0 conn,    0 req/s,    0 µs
2021-10-12 01:50:50 UTC Syncing #13400874 0x3bba…dfbc     0.60 blk/s   80.6 tx/s    5.7 Mgas/s      0+   13 Qed LI:#13400888    5/25 peers      5 MiB chain    3 MiB queue  RPC:  0 conn,    0 req/s,    0 µs
2021-10-12 01:50:50 UTC Syncing #13400876 0x1f13…f247     0.50 blk/s   67.6 tx/s    5.4 Mgas/s      0+   11 Qed LI:#13400888    5/25 peers      5 MiB chain    3 MiB queue  RPC:  0 conn,    0 req/s,    0 µs
2021-10-12 01:50:59 UTC Syncing #13400878 0xc295…d250     0.20 blk/s   32.2 tx/s    2.3 Mgas/s      0+    9 Qed LI:#13400888    4/25 peers      5 MiB chain    2 MiB queue  RPC:  0 conn,    0 req/s,    0 µs
2021-10-12 01:50:59 UTC Syncing #13400877 0x87f0…b7c8     0.20 blk/s   35.4 tx/s    2.6 Mgas/s      0+   10 Qed LI:#13400888    4/25 peers      5 MiB chain    3 MiB queue  RPC:  0 conn,    0 req/s,    0 µs
2021-10-12 01:51:08 UTC Syncing #13400881 0x6145…4fd3     0.40 blk/s   68.9 tx/s    6.2 Mgas/s      0+    7 Qed LI:#13400889    4/25 peers      6 MiB chain    2 MiB queue  RPC:  0 conn,    0 req/s,    0 µs
2021-10-12 01:51:08 UTC Syncing #13400879 0x3724…5608     0.40 blk/s   92.2 tx/s    7.7 Mgas/s      0+    9 Qed LI:#13400889    4/25 peers      6 MiB chain    2 MiB queue  RPC:  0 conn,    0 req/s,    0 µs
2021-10-12 01:51:18 UTC Syncing #13400882 0x77ff…7b08     0.60 blk/s   93.2 tx/s    8.6 Mgas/s      0+    6 Qed LI:#13400889    4/25 peers      6 MiB chain    2 MiB queue  RPC:  0 conn,    0 req/s,    0 µs
2021-10-12 01:51:45 UTC Imported #13400889 0x52a1…45df (195 txs, 15.38 Mgas, 3295 ms, 70.68 KiB)
2021-10-12 01:51:45 UTC   4/25 peers      6 MiB chain  0 bytes queue  RPC:  0 conn,    0 req/s,    0 µs
2021-10-12 01:51:45 UTC Failed to auto-update latest ETH price: Fetch(Timeout)
2021-10-12 01:52:21 UTC   4/25 peers      6 MiB chain  0 bytes queue  RPC:  0 conn,    0 req/s,    0 µs
2021-10-12 01:52:21 UTC Imported #13400892 0xd5b0…1656 (45 txs, 4.22 Mgas, 911 ms, 21.10 KiB)
2021-10-12 01:52:48 UTC   4/25 peers      5 MiB chain  0 bytes queue  RPC:  0 conn,    0 req/s,    0 µs
2021-10-12 01:52:54 UTC Imported #13400895 0x9041…d640 (284 txs, 22.08 Mgas, 5871 ms, 100.53 KiB)
2021-10-12 01:53:17 UTC Imported #13400896 0xcab1…f9eb (344 txs, 27.13 Mgas, 5950 ms, 151.20 KiB)
2021-10-12 01:53:36 UTC Imported #13400897 0x2e41…1aa0 (212 txs, 17.47 Mgas, 4641 ms, 101.25 KiB)
2021-10-12 01:53:41 UTC   1/25 peers      5 MiB chain  0 bytes queue  RPC:  0 conn,    0 req/s,    0 µs