2021-10-12 01:40:33 UTC   0/25 peers      2 MiB chain  0 bytes queue  RPC:  0 conn,    0 req/s,    0 µs
2021-10-12 01:41:03 UTC   0/25 peers      2 MiB chain  0 bytes queue  RPC:  0 conn,    0 req/s,    0 µs
2021-10-12 01:41:18 UTC Syncing #13400842 0x7c7c…1b66     0.00 blk/s    0.0 tx/s    0.0 Mgas/s      0+    6 Qed LI:#13400849    2/25 peers      2 MiB chain    2 MiB queue  RPC:  0 conn,    0 req/s,    0 µs
2021-10-12 01:41:49 UTC   2/25 peers      2 MiB chain  0 bytes queue  RPC:  0 conn,    0 req/s,    0 µs
2021-10-12 01:41:51 UTC Imported #13400849 0x597e…322e (84 txs, 3.58 Mgas, 925 ms, 16.68 KiB)
2021-10-12 01:42:45 UTC   1/25 peers      2 MiB chain  0 bytes queue  RPC:  0 conn,    0 req/s,    0 µs
2021-10-12 01:43:18 UTC   0/25 peers      2 MiB chain  0 bytes queue  RPC:  0 conn,    0 req/s,    0 µs
2021-10-12 01:43:23 UTC Syncing #13400849 0x597e…322e     0.00 blk/s    0.0 tx/s    0.0 Mgas/s      0+    7 Qed LI:#13400857    1/25 peers      2 MiB chain    1 MiB queue  RPC:  0 conn,    0 req/s,    0 µs
2021-10-12 01:44:02 UTC   1/25 peers      3 MiB chain  0 bytes queue  RPC:  0 conn,    0 req/s,    0 µs
2021-10-12 01:44:02 UTC Imported #13400857 0xe817…c4fb (199 txs, 15.94 Mgas, 3644 ms, 93.22 KiB)
2021-10-12 01:44:24 UTC   3/25 peers      3 MiB chain  0 bytes queue  RPC:  0 conn,    0 req/s,    0 µs
2021-10-12 01:45:06 UTC   1/25 peers      3 MiB chain  0 bytes queue  RPC:  0 conn,    0 req/s,    0 µs
2021-10-12 01:45:50 UTC Syncing #13400860 0xf5df…508f     0.09 blk/s   25.9 tx/s    2.2 Mgas/s      0+    4 Qed LI:#13400864    2/25 peers      3 MiB chain    1 MiB queue  RPC:  0 conn,    0 req/s,    0 µs
2021-10-12 01:45:50 UTC Syncing #13400857 0xe817…c4fb     0.00 blk/s    0.0 tx/s    0.0 Mgas/s      0+    6 Qed LI:#13400864    2/25 peers      3 MiB chain    2 MiB queue  RPC:  0 conn,    0 req/s,    0 µs
2021-10-12 01:45:50 UTC   2/25 peers      3 MiB chain  778 KiB queue  RPC:  0 conn,    0 req/s,    0 µs
2021-10-12 01:45:50 UTC   2/25 peers      3 MiB chain  778 KiB queue  RPC:  0 conn,    0 req/s,    0 µs
2021-10-12 01:46:09 UTC Imported #13400864 0x80f2…5521 (139 txs, 11.33 Mgas, 1869 ms, 139.50 KiB)
2021-10-12 01:46:16 UTC   1/25 peers      3 MiB chain  0 bytes queue  RPC:  0 conn,    0 req/s,    0 µs
2021-10-12 01:46:28 UTC Syncing #13400864 0x80f2…5521     0.00 blk/s    0.0 tx/s    0.0 Mgas/s      0+    3 Qed LI:#13400868    1/25 peers      3 MiB chain  448 KiB queue  RPC:  0 conn,    0 req/s,    0 µs
2021-10-12 01:46:45 UTC Imported #13400868 0xb5f7…ce2d (99 txs, 5.81 Mgas, 1436 ms, 29.60 KiB)
2021-10-12 01:48:59 UTC   1/25 peers      4 MiB chain  0 bytes queue  RPC:  0 conn,    0 req/s,    0 µs
2021-10-12 01:48:59 UTC   1/25 peers      4 MiB chain  0 bytes queue  RPC:  0 conn,    0 req/s,    0 µs
2021-10-12 01:48:59 UTC   1/25 peers      4 MiB chain  0 bytes queue  RPC:  0 conn,    0 req/s,    0 µs