2021-10-11 04:49:17 UTC Imported #13395265 0x8c78…9b25 (85 txs, 7.05 Mgas, 1542 ms, 38.72 KiB)
2021-10-11 04:49:28 UTC  39/50 peers      6 MiB chain  0 bytes queue  RPC:  0 conn,    0 req/s,    0 µs
2021-10-11 04:49:43 UTC Imported #13395268 0x60c2…45d7 (77 txs, 6.42 Mgas, 1686 ms, 60.45 KiB)
2021-10-11 04:49:58 UTC  38/50 peers      6 MiB chain  0 bytes queue  RPC:  0 conn,    0 req/s,    0 µs
2021-10-11 04:50:01 UTC Imported #13395269 0x3b7e…8879 (312 txs, 23.14 Mgas, 5435 ms, 89.60 KiB)
2021-10-11 04:50:05 UTC Imported #13395270 0xe767…a446 (77 txs, 7.84 Mgas, 1830 ms, 42.46 KiB)
2021-10-11 04:50:14 UTC Imported #13395271 0xe9da…6943 (112 txs, 10.14 Mgas, 2238 ms, 37.33 KiB)
2021-10-11 04:50:28 UTC  38/50 peers      5 MiB chain  231 KiB queue  RPC:  0 conn,    0 req/s,    0 µs
2021-10-11 04:50:55 UTC Imported #13395277 0xfded…996c (1320 txs, 30.00 Mgas, 13838 ms, 166.09 KiB)
2021-10-11 04:50:58 UTC  38/50 peers      6 MiB chain  0 bytes queue  RPC:  0 conn,    0 req/s,    0 µs
2021-10-11 04:51:25 UTC Imported #13395278 0xc28a…0456 (402 txs, 30.06 Mgas, 5967 ms, 133.92 KiB)
2021-10-11 04:51:28 UTC  39/50 peers      5 MiB chain  0 bytes queue  RPC:  0 conn,    0 req/s,    0 µs
2021-10-11 04:51:31 UTC Imported #13395279 0x4460…8e7b (154 txs, 19.54 Mgas, 4606 ms, 73.43 KiB)
2021-10-11 04:51:36 UTC Imported #13395280 0x52ad…e027 (82 txs, 8.34 Mgas, 1670 ms, 29.46 KiB)
2021-10-11 04:51:49 UTC Imported #13395281 0x22f7…ad7f (145 txs, 14.77 Mgas, 3302 ms, 51.39 KiB)
2021-10-11 04:51:58 UTC  39/50 peers      5 MiB chain  0 bytes queue  RPC:  0 conn,    0 req/s,    0 µs
2021-10-11 04:52:10 UTC Updated conversion rate to Ξ1 = US$3512.55 (1355683 wei/gas)
2021-10-11 04:52:10 UTC Imported #13395282 0xa8ea…3d76 (231 txs, 19.86 Mgas, 3413 ms, 81.30 KiB)
2021-10-11 04:52:12 UTC Imported #13395283 0xf482…aa0c (62 txs, 4.88 Mgas, 886 ms, 20.48 KiB)
2021-10-11 04:52:28 UTC  39/50 peers      5 MiB chain  0 bytes queue  RPC:  0 conn,    0 req/s,    0 µs
2021-10-11 04:52:58 UTC  39/50 peers      5 MiB chain  717 KiB queue  RPC:  0 conn,    0 req/s,    0 µs
2021-10-11 04:53:03 UTC Imported #13395286 0x7e7c…25b4 (10 txs, 0.36 Mgas, 95 ms, 2.12 KiB)
2021-10-11 04:53:23 UTC Imported #13395287 0x67ef…53de (0 txs, 0.00 Mgas, 6 ms, 0.52 KiB)
2021-10-11 04:53:28 UTC  39/50 peers      6 MiB chain  0 bytes queue  RPC:  0 conn,    0 req/s,    0 µs
2021-10-11 04:53:58 UTC  39/50 peers      6 MiB chain  0 bytes queue  RPC:  0 conn,    0 req/s,    0 µs
2021-10-11 04:54:09 UTC Imported #13395289 0x682f…132d (236 txs, 30.00 Mgas, 4762 ms, 128.12 KiB)
2021-10-11 04:54:20 UTC Imported #13395290 0xb6f8…d31a (129 txs, 15.28 Mgas, 5577 ms, 49.35 KiB)
2021-10-11 04:54:25 UTC Imported #13395291 0x772c…2cd6 (67 txs, 6.70 Mgas, 1292 ms, 27.01 KiB)
2021-10-11 04:54:28 UTC  37/50 peers      8 MiB chain  0 bytes queue  RPC:  0 conn,    0 req/s,    0 µs
2021-10-11 04:54:34 UTC Imported #13395292 0x1e2f…2342 (122 txs, 10.99 Mgas, 2037 ms, 41.89 KiB)
2021-10-11 04:54:43 UTC Imported #13395293 0x967d…eb4c (62 txs, 3.86 Mgas, 1118 ms, 14.57 KiB)
2021-10-11 04:54:49 UTC Imported #13395294 0x6df0…1d64 (148 txs, 14.97 Mgas, 2763 ms, 59.37 KiB)
2021-10-11 04:54:57 UTC Imported #13395295 0xa4d3…0915 (68 txs, 6.66 Mgas, 509 ms, 24.79 KiB)
2021-10-11 04:54:58 UTC  36/50 peers    630 KiB chain  0 bytes queue  RPC:  0 conn,    0 req/s,    0 µs
2021-10-11 04:55:20 UTC Reorg to #13395296 0xd019…98c0 (0xb42c…ed7d #13395294 0x6df0…1d64 0xa4d3…0915)
2021-10-11 04:55:20 UTC Imported #13395296 0xd019…98c0 (470 txs, 30.01 Mgas, 6154 ms, 132.79 KiB)
2021-10-11 04:55:28 UTC  37/50 peers    740 KiB chain  0 bytes queue  RPC:  0 conn,    0 req/s,    0 µs
2021-10-11 04:55:32 UTC Imported #13395297 0x58c5…48e7 (134 txs, 11.53 Mgas, 1571 ms, 45.60 KiB)
2021-10-11 04:55:44 UTC Imported #13395298 0x5a71…3b22 (13 txs, 1.54 Mgas, 372 ms, 7.23 KiB)
2021-10-11 04:55:54 UTC Imported #13395299 0xc6b7…c3be (337 txs, 30.07 Mgas, 7882 ms, 137.17 KiB)
2021-10-11 04:55:58 UTC  37/50 peers    977 KiB chain  0 bytes queue  RPC:  0 conn,    0 req/s,    0 µs
2021-10-11 04:55:59 UTC Imported #13395300 0xe417…e498 (91 txs, 9.56 Mgas, 2062 ms, 36.31 KiB)
2021-10-11 04:56:04 UTC Imported #13395301 0x9f3a…16f1 (132 txs, 11.56 Mgas, 2697 ms, 68.50 KiB)