INFO [10-11|00:15:13.830] Downloader queue stats                   receiptTasks=0    blockTasks=0    itemSize=202.15KiB throttle=1297
WARN [10-11|00:15:15.118] Unexpected trienode heal packet          peer=ff848285 reqid=1,483,186,199,593,825,826
WARN [10-11|00:15:15.152] Unexpected trienode heal packet          peer=2d210742 reqid=1,776,137,844,370,728,458
WARN [10-11|00:15:15.167] Unexpected trienode heal packet          peer=ddc6f00a reqid=4,747,339,175,757,062,900
WARN [10-11|00:15:15.204] Unexpected trienode heal packet          peer=bf909c9e reqid=6,694,116,362,469,711,172
WARN [10-11|00:15:15.219] Unexpected trienode heal packet          peer=57ff7296 reqid=5,568,820,255,013,986,537
WARN [10-11|00:15:15.220] Unexpected trienode heal packet          peer=57e878a9 reqid=5,716,994,908,869,904,055
WARN [10-11|00:15:15.238] Unexpected trienode heal packet          peer=0e4cd704 reqid=5,138,787,754,914,167,416
INFO [10-11|00:15:16.923] Imported new block headers               count=1    elapsed=7.929ms   number=13,394,062 hash=3a74d5..5f4370
INFO [10-11|00:15:20.938] State heal in progress                   accounts=37085@2.03MiB    slots=149,128@11.33MiB codes=13569@115.34MiB nodes=326,670,596@96.26GiB pending=61907
INFO [10-11|00:15:30.654] State heal in progress                   accounts=37085@2.03MiB    slots=149,128@11.33MiB codes=13569@115.34MiB nodes=326,671,462@96.26GiB pending=66347
INFO [10-11|00:15:44.383] State heal in progress                   accounts=37085@2.03MiB    slots=149,128@11.33MiB codes=13569@115.34MiB nodes=326,672,686@96.27GiB pending=72671
INFO [10-11|00:15:54.614] State heal in progress                   accounts=37085@2.03MiB    slots=149,128@11.33MiB codes=13569@115.34MiB nodes=326,673,063@96.27GiB pending=73630
INFO [10-11|00:15:55.151] Imported new block headers               count=2    elapsed=8.057ms   number=13,394,064 hash=659345..8b6dbd
INFO [10-11|00:16:01.567] Imported new block headers               count=1    elapsed=7.602ms   number=13,394,065 hash=9ece39..6a2d5c
INFO [10-11|00:16:02.835] State heal in progress                   accounts=37085@2.03MiB    slots=149,128@11.33MiB codes=13569@115.34MiB nodes=326,673,334@96.27GiB pending=74384
INFO [10-11|00:16:11.538] State heal in progress                   accounts=37085@2.03MiB    slots=149,128@11.33MiB codes=13569@115.34MiB nodes=326,673,866@96.27GiB pending=76708
WARN [10-11|00:16:14.327] Unexpected trienode heal packet          peer=2d210742 reqid=5,883,769,234,855,016,175
WARN [10-11|00:16:14.417] Unexpected trienode heal packet          peer=ddc6f00a reqid=6,189,257,198,130,667,807
WARN [10-11|00:16:14.486] Unexpected trienode heal packet          peer=bf909c9e reqid=211,430,055,271,128,580
WARN [10-11|00:16:14.593] Unexpected trienode heal packet          peer=57e6b6b6 reqid=937,012,656,443,657,498
WARN [10-11|00:16:15.131] Unexpected trienode heal packet          peer=f76ca5b7 reqid=6,620,095,577,115,793,340
WARN [10-11|00:16:15.209] Unexpected trienode heal packet          peer=0dc4cb3f reqid=6,090,191,399,393,789,307
WARN [10-11|00:16:15.396] Unexpected trienode heal packet          peer=07d40f6f reqid=3,314,563,175,447,492,969
WARN [10-11|00:16:15.525] Unexpected trienode heal packet          peer=0e4cd704 reqid=4,382,134,500,460,199,177
INFO [10-11|00:16:18.455] Imported new block headers               count=1    elapsed=6.080ms   number=13,394,066 hash=bfa892..6270a4
INFO [10-11|00:16:18.874] Downloader queue stats                   receiptTasks=0    blockTasks=0    itemSize=182.01KiB throttle=1441
INFO [10-11|00:16:30.390] State heal in progress                   accounts=37085@2.03MiB    slots=149,128@11.33MiB codes=13569@115.34MiB nodes=326,674,482@96.27GiB pending=78179
WARN [10-11|00:16:30.437] Unexpected trienode heal packet          peer=07d40f6f reqid=8,107,235,938,175,573,749
INFO [10-11|00:16:48.696] State heal in progress                   accounts=37085@2.03MiB    slots=149,128@11.33MiB codes=13569@115.34MiB nodes=326,674,966@96.27GiB pending=78777
INFO [10-11|00:16:52.455] Imported new block headers               count=1    elapsed=7.053ms   number=13,394,067 hash=aa0e5f..1534f1 age=1m
WARN [10-11|00:16:56.065] Unexpected trienode heal packet          peer=bf909c9e reqid=597,511,067,534,542,317
WARN [10-11|00:16:56.152] Unexpected trienode heal packet          peer=57e6b6b6 reqid=2,350,864,641,621,792,381
INFO [10-11|00:16:57.863] State heal in progress                   accounts=37085@2.03MiB    slots=149,128@11.33MiB codes=13569@115.34MiB nodes=326,675,233@96.27GiB pending=79235
WARN [10-11|00:16:57.864] Unexpected trienode heal packet          peer=f76ca5b7 reqid=4,605,635,643,017,492,035
WARN [10-11|00:16:58.163] Unexpected trienode heal packet          peer=0dc4cb3f reqid=2,071,228,761,998,274,031
WARN [10-11|00:16:58.426] Unexpected trienode heal packet          peer=57e878a9 reqid=8,946,632,512,752,577,466
INFO [10-11|00:17:12.310] Imported new block headers               count=1    elapsed=6.703ms   number=13,394,068 hash=e6355b..851068 age=1m17s
INFO [10-11|00:17:13.381] State heal in progress                   accounts=37085@2.03MiB    slots=149,128@11.33MiB codes=13569@115.34MiB nodes=326,675,705@96.27GiB pending=80182
WARN [10-11|00:17:13.382] Unexpected trienode heal packet          peer=0e4cd704 reqid=3,095,892,643,883,715,262
WARN [10-11|00:17:13.458] Unexpected trienode heal packet          peer=fef0da22 reqid=2,592,280,658,346,031,878
WARN [10-11|00:17:15.051] Unexpected trienode heal packet          peer=07d40f6f reqid=3,589,029,794,316,776,842
WARN [10-11|00:17:15.080] Unexpected trienode heal packet          peer=57ff7296 reqid=6,219,892,979,190,029,253
WARN [10-11|00:17:15.575] Unexpected trienode heal packet          peer=973c7515 reqid=3,919,389,293,743,040,176
WARN [10-11|00:17:15.728] Unexpected trienode heal packet          peer=ff848285 reqid=3,710,914,143,325,179,963
WARN [10-11|00:17:15.837] Unexpected trienode heal packet          peer=bf909c9e reqid=500,088,666,966,077,319
INFO [10-11|00:17:21.395] State heal in progress                   accounts=37085@2.03MiB    slots=149,128@11.33MiB codes=13569@115.34MiB nodes=326,676,047@96.27GiB pending=80828
INFO [10-11|00:17:29.200] Imported new block headers               count=1    elapsed=6.217ms   number=13,394,069 hash=154648..1c7ca1 age=1m14s
INFO [10-11|00:17:29.914] Downloader queue stats                   receiptTasks=0    blockTasks=0    itemSize=233.01KiB throttle=1126
INFO [10-11|00:17:31.536] State heal in progress                   accounts=37085@2.03MiB    slots=149,128@11.33MiB codes=13569@115.34MiB nodes=326,676,401@96.27GiB pending=81518
INFO [10-11|00:17:45.957] State heal in progress                   accounts=37085@2.03MiB    slots=149,128@11.33MiB codes=13569@115.34MiB nodes=326,676,935@96.27GiB pending=82485
WARN [10-11|00:17:45.958] Unexpected trienode heal packet          peer=973c7515 reqid=3,378,573,991,042,503,795
INFO [10-11|00:17:54.064] State heal in progress                   accounts=37085@2.03MiB    slots=149,128@11.33MiB codes=13569@115.34MiB nodes=326,677,305@96.27GiB pending=83411
WARN [10-11|00:17:54.065] Unexpected trienode heal packet          peer=ddc6f00a reqid=2,641,588,321,580,299,476
WARN [10-11|00:17:54.255] Unexpected trienode heal packet          peer=57e6b6b6 reqid=963,460,908,542,676,980
INFO [10-11|00:17:54.904] Imported new block headers               count=1    elapsed=6.014ms   number=13,394,070 hash=44bf6a..4f8f8b age=1m6s
INFO [10-11|00:17:58.396] Imported new block headers               count=1    elapsed=6.416ms   number=13,394,071 hash=0a8474..7f3ded
INFO [10-11|00:18:03.013] State heal in progress                   accounts=37085@2.03MiB    slots=149,128@11.33MiB codes=13569@115.34MiB nodes=326,677,675@96.27GiB pending=84149
WARN [10-11|00:18:03.014] Unexpected trienode heal packet          peer=bf909c9e reqid=7,767,408,016,566,972,696
WARN [10-11|00:18:03.074] Unexpected trienode heal packet          peer=0dc4cb3f reqid=4,900,393,069,788,100,110
WARN [10-11|00:18:03.292] Unexpected trienode heal packet          peer=57e878a9 reqid=2,961,599,058,091,642,386
WARN [10-11|00:18:03.800] Unexpected trienode heal packet          peer=0e4cd704 reqid=4,099,418,523,630,695,522
WARN [10-11|00:18:03.875] Unexpected trienode heal packet          peer=f76ca5b7 reqid=4,972,945,584,308,190,032
WARN [10-11|00:18:03.881] Unexpected trienode heal packet          peer=ff848285 reqid=5,298,722,902,729,086,064
WARN [10-11|00:18:03.912] Unexpected trienode heal packet          peer=fef0da22 reqid=4,843,316,119,116,107,650
INFO [10-11|00:18:06.210] Imported new block headers               count=1    elapsed=5.307ms   number=13,394,072 hash=2ecc3b..580385
INFO [10-11|00:18:12.374] State heal in progress                   accounts=37117@2.03MiB    slots=149,128@11.33MiB codes=13569@115.34MiB nodes=326,678,115@96.27GiB pending=84588
INFO [10-11|00:18:22.263] State heal in progress                   accounts=37129@2.03MiB    slots=149,128@11.33MiB codes=13569@115.34MiB nodes=326,678,467@96.27GiB pending=84960
INFO [10-11|00:18:34.783] State heal in progress                   accounts=37145@2.04MiB    slots=149,128@11.33MiB codes=13569@115.34MiB nodes=326,678,970@96.27GiB pending=85847
INFO [10-11|00:18:34.885] Imported new block headers               count=1    elapsed=10.714ms  number=13,394,073 hash=8a40cf..5f51d9
INFO [10-11|00:18:34.952] Downloader queue stats                   receiptTasks=0    blockTasks=0    itemSize=210.67KiB throttle=1245
INFO [10-11|00:18:43.465] State heal in progress                   accounts=37156@2.04MiB    slots=149,128@11.33MiB codes=13569@115.34MiB nodes=326,679,306@96.27GiB pending=86358
INFO [10-11|00:18:53.589] State heal in progress                   accounts=37164@2.04MiB    slots=149,128@11.33MiB codes=13569@115.34MiB nodes=326,679,648@96.27GiB pending=86728
INFO [10-11|00:18:58.583] Imported new block headers               count=2    elapsed=16.024ms  number=13,394,075 hash=2ff301..dca30d
INFO [10-11|00:19:01.615] State heal in progress                   accounts=37166@2.04MiB    slots=149,128@11.33MiB codes=13569@115.34MiB nodes=326,680,098@96.27GiB pending=88127
INFO [10-11|00:19:17.074] State heal in progress                   accounts=37211@2.04MiB    slots=149,128@11.33MiB codes=13569@115.34MiB nodes=326,680,883@96.27GiB pending=88855
WARN [10-11|00:19:17.668] Unexpected trienode heal packet          peer=bf909c9e reqid=2,011,500,351,406,136,379
WARN [10-11|00:19:17.844] Unexpected trienode heal packet          peer=57e878a9 reqid=9,110,718,068,640,578,276
WARN [10-11|00:19:22.083] Unexpected trienode heal packet          peer=973c7515 reqid=3,395,083,108,114,160,520
WARN [10-11|00:19:23.011] Unexpected trienode heal packet          peer=0e4cd704 reqid=8,401,398,776,145,479,665
INFO [10-11|00:19:26.828] State heal in progress                   accounts=37334@2.04MiB    slots=149,128@11.33MiB codes=13569@115.34MiB nodes=326,681,519@96.27GiB pending=89427
INFO [10-11|00:19:34.848] State heal in progress                   accounts=37387@2.05MiB    slots=149,128@11.33MiB codes=13569@115.34MiB nodes=326,681,945@96.27GiB pending=89695
INFO [10-11|00:19:48.865] State heal in progress                   accounts=37487@2.05MiB    slots=149,128@11.33MiB codes=13569@115.34MiB nodes=326,682,714@96.27GiB pending=90464
WARN [10-11|00:19:54.272] Unexpected trienode heal packet          peer=57e878a9 reqid=1,489,597,799,999,791,535
INFO [10-11|00:19:58.044] State heal in progress                   accounts=37568@2.06MiB    slots=149,128@11.33MiB codes=13569@115.34MiB nodes=326,683,315@96.27GiB pending=90891
INFO [10-11|00:19:58.298] Imported new block headers               count=1    elapsed=7.237ms   number=13,394,076 hash=75d1ea..74a590 age=1m26s
INFO [10-11|00:19:59.001] Downloader queue stats                   receiptTasks=0    blockTasks=0    itemSize=229.43KiB throttle=1143
WARN [10-11|00:20:01.702] Unexpected trienode heal packet          peer=973c7515 reqid=7,568,835,183,005,292,474
WARN [10-11|00:20:02.906] Unexpected trienode heal packet          peer=57e6b6b6 reqid=1,952,895,537,300,942,596
WARN [10-11|00:20:02.907] Unexpected bytecode heal packet          peer=57e6b6b6 reqid=3,706,321,624,728,666,750
INFO [10-11|00:20:04.698] Imported new block headers               count=1    elapsed=6.758ms   number=13,394,077 hash=b89980..e1299b age=1m12s
INFO [10-11|00:20:09.174] State heal in progress                   accounts=37628@2.06MiB    slots=149,128@11.33MiB codes=13569@115.34MiB nodes=326,683,888@96.27GiB pending=91426
WARN [10-11|00:20:12.736] Unexpected trienode heal packet          peer=fef0da22 reqid=7,565,362,971,597,949,603
INFO [10-11|00:20:17.261] State heal in progress                   accounts=37837@2.07MiB    slots=149,128@11.33MiB codes=13570@115.34MiB nodes=326,684,551@96.27GiB pending=91396