INFO [10-11|00:09:36.668] State heal in progress                   accounts=36225@1.98MiB    slots=140,827@10.71MiB codes=13569@115.34MiB nodes=326,634,487@96.26GiB pending=95018
ERROR[10-11|00:09:41.550] Snapshot extension registration failed   peer=1125cc47 err="peer connected on snap without compatible eth support"
INFO [10-11|00:09:45.872] State heal in progress                   accounts=36225@1.98MiB    slots=141,111@10.73MiB codes=13569@115.34MiB nodes=326,635,398@96.26GiB pending=94997
INFO [10-11|00:09:46.810] Imported new block headers               count=1    elapsed=6.650ms   number=13,394,031 hash=4714b4..a13557
INFO [10-11|00:09:47.308] Downloader queue stats                   receiptTasks=0    blockTasks=0    itemSize=223.48KiB throttle=1174
INFO [10-11|00:09:53.963] State heal in progress                   accounts=36225@1.98MiB    slots=141,428@10.75MiB codes=13569@115.34MiB nodes=326,636,283@96.26GiB pending=94794
INFO [10-11|00:10:02.903] State heal in progress                   accounts=36225@1.98MiB    slots=141,710@10.78MiB codes=13569@115.34MiB nodes=326,637,157@96.26GiB pending=94647
WARN [10-11|00:10:10.152] Unexpected trienode heal packet          peer=07d40f6f reqid=4,379,636,664,895,736,844
INFO [10-11|00:10:10.979] State heal in progress                   accounts=36225@1.98MiB    slots=141,969@10.79MiB codes=13569@115.34MiB nodes=326,637,904@96.26GiB pending=94447
INFO [10-11|00:10:20.517] State heal in progress                   accounts=36225@1.98MiB    slots=142,357@10.82MiB codes=13569@115.34MiB nodes=326,638,905@96.26GiB pending=94116
INFO [10-11|00:10:25.875] Writing clean trie cache to disk         path=/data/eth-data/geth/triecache threads=1
INFO [10-11|00:10:25.889] Regenerated local transaction journal    transactions=0 accounts=0
INFO [10-11|00:10:28.138] Persisted the clean trie cache           path=/data/eth-data/geth/triecache elapsed=2.259s
INFO [10-11|00:10:28.780] State heal in progress                   accounts=36225@1.98MiB    slots=142,612@10.84MiB codes=13569@115.34MiB nodes=326,639,680@96.26GiB pending=94041
WARN [10-11|00:10:34.184] Unexpected trienode heal packet          peer=2d210742 reqid=1,698,392,957,999,383,562
INFO [10-11|00:10:37.398] State heal in progress                   accounts=36225@1.98MiB    slots=142,849@10.86MiB codes=13569@115.34MiB nodes=326,640,380@96.26GiB pending=93870
WARN [10-11|00:10:37.399] Unexpected trienode heal packet          peer=07d40f6f reqid=7,942,916,606,844,942,204
WARN [10-11|00:10:39.336] Unexpected trienode heal packet          peer=ff848285 reqid=4,521,267,330,139,036,883
WARN [10-11|00:10:41.903] Unexpected trienode heal packet          peer=0dc4cb3f reqid=7,333,384,580,852,065,877
INFO [10-11|00:10:46.418] State heal in progress                   accounts=36225@1.98MiB    slots=143,176@10.88MiB codes=13569@115.34MiB nodes=326,641,285@96.26GiB pending=93850
INFO [10-11|00:10:49.129] Imported new block headers               count=1    elapsed=6.581ms   number=13,394,032 hash=325fc5..e3a11d age=1m46s
INFO [10-11|00:10:49.349] Downloader queue stats                   receiptTasks=0    blockTasks=0    itemSize=229.57KiB throttle=1142
INFO [10-11|00:10:56.188] State heal in progress                   accounts=36225@1.98MiB    slots=143,521@10.91MiB codes=13569@115.34MiB nodes=326,642,261@96.26GiB pending=93923
INFO [10-11|00:10:58.599] Imported new block headers               count=2    elapsed=12.564ms  number=13,394,034 hash=a9b6eb..4cc5d0 age=1m14s
INFO [10-11|00:11:05.057] State heal in progress                   accounts=36225@1.98MiB    slots=143,899@10.94MiB codes=13569@115.34MiB nodes=326,643,350@96.26GiB pending=93952
INFO [10-11|00:11:13.980] State heal in progress                   accounts=36225@1.98MiB    slots=144,185@10.96MiB codes=13569@115.34MiB nodes=326,644,261@96.26GiB pending=94050
INFO [10-11|00:11:14.292] Imported new block headers               count=1    elapsed=8.180ms   number=13,394,035 hash=e8a575..dfe7a6
INFO [10-11|00:11:17.724] Imported new block headers               count=1    elapsed=7.189ms   number=13,394,036 hash=344542..f02946
INFO [10-11|00:11:22.438] State heal in progress                   accounts=36225@1.98MiB    slots=144,467@10.98MiB codes=13569@115.34MiB nodes=326,645,205@96.26GiB pending=94343
WARN [10-11|00:11:26.463] Checkpoint challenge timed out, dropping id=57f3b95f17d1ea91 conn=dyndial addr=34.133.122.24:30303   type=erigon/v2021.09.5/li...
INFO [10-11|00:11:30.995] State heal in progress                   accounts=36225@1.98MiB    slots=144,747@11.00MiB codes=13569@115.34MiB nodes=326,646,146@96.26GiB pending=94467
INFO [10-11|00:11:34.372] Imported new block headers               count=1    elapsed=7.517ms   number=13,394,037 hash=b99dd1..6b7ac9
INFO [10-11|00:11:37.606] Imported new block headers               count=1    elapsed=10.188ms  number=13,394,038 hash=3774eb..936672
WARN [10-11|00:11:38.960] Unexpected trienode heal packet          peer=07d40f6f reqid=8,412,967,722,476,774,431
INFO [10-11|00:11:39.093] State heal in progress                   accounts=36225@1.98MiB    slots=144,975@11.02MiB codes=13569@115.34MiB nodes=326,646,874@96.26GiB pending=94424
INFO [10-11|00:11:47.185] State heal in progress                   accounts=36225@1.98MiB    slots=145,184@11.04MiB codes=13569@115.34MiB nodes=326,647,601@96.26GiB pending=94454
WARN [10-11|00:11:52.944] Unexpected trienode heal packet          peer=07d40f6f reqid=9,058,777,010,911,694,477
WARN [10-11|00:11:52.946] Unexpected trienode heal packet          peer=ff848285 reqid=2,031,460,664,504,048,274
WARN [10-11|00:11:53.006] Unexpected trienode heal packet          peer=ddc6f00a reqid=7,619,793,575,733,919,632
WARN [10-11|00:11:54.782] Unexpected trienode heal packet          peer=f76ca5b7 reqid=3,847,607,783,562,076,445
INFO [10-11|00:11:57.214] State heal in progress                   accounts=36225@1.98MiB    slots=145,411@11.05MiB codes=13569@115.34MiB nodes=326,648,421@96.26GiB pending=94474
WARN [10-11|00:12:04.301] Unexpected trienode heal packet          peer=ddc6f00a reqid=2,772,842,421,987,762,805
INFO [10-11|00:12:05.649] Imported new block headers               count=2    elapsed=8.028ms   number=13,394,040 hash=0745ed..a0aaff
INFO [10-11|00:12:06.393] Downloader queue stats                   receiptTasks=0    blockTasks=0    itemSize=200.39KiB throttle=1309
INFO [10-11|00:12:06.510] State heal in progress                   accounts=36225@1.98MiB    slots=145,648@11.07MiB codes=13569@115.34MiB nodes=326,649,212@96.26GiB pending=94360
WARN [10-11|00:12:08.738] Unexpected trienode heal packet          peer=0dc4cb3f reqid=3,670,177,439,076,754,915
INFO [10-11|00:12:09.195] Imported new block headers               count=1    elapsed=13.512ms  number=13,394,041 hash=b1725c..cee9cd
INFO [10-11|00:12:15.118] State heal in progress                   accounts=36225@1.98MiB    slots=145,871@11.09MiB codes=13569@115.34MiB nodes=326,649,992@96.26GiB pending=94246
INFO [10-11|00:12:18.619] Imported new block headers               count=1    elapsed=7.049ms   number=13,394,042 hash=38861a..2aeb71
INFO [10-11|00:12:22.385] Imported new block headers               count=1    elapsed=7.307ms   number=13,394,043 hash=81f34a..678a15
INFO [10-11|00:12:23.586] State heal in progress                   accounts=36225@1.98MiB    slots=146,086@11.10MiB codes=13569@115.34MiB nodes=326,650,767@96.26GiB pending=94117
INFO [10-11|00:12:25.726] Imported new block headers               count=1    elapsed=6.851ms   number=13,394,044 hash=8bce5a..9a66eb
INFO [10-11|00:12:31.885] State heal in progress                   accounts=36225@1.98MiB    slots=146,333@11.12MiB codes=13569@115.34MiB nodes=326,651,570@96.26GiB pending=93920
INFO [10-11|00:12:43.961] State heal in progress                   accounts=36229@1.98MiB    slots=146,583@11.14MiB codes=13569@115.34MiB nodes=326,652,638@96.26GiB pending=94851
INFO [10-11|00:12:52.975] State heal in progress                   accounts=36245@1.98MiB    slots=146,701@11.15MiB codes=13569@115.34MiB nodes=326,653,322@96.26GiB pending=95965
INFO [10-11|00:12:57.372] Imported new block headers               count=1    elapsed=6.930ms   number=13,394,045 hash=c4ae8e..f8c32c
INFO [10-11|00:13:01.393] State heal in progress                   accounts=36487@2.00MiB    slots=146,790@11.16MiB codes=13569@115.34MiB nodes=326,654,211@96.26GiB pending=95916
INFO [10-11|00:13:09.848] State heal in progress                   accounts=36610@2.00MiB    slots=146,860@11.16MiB codes=13569@115.34MiB nodes=326,654,931@96.26GiB pending=96371
INFO [10-11|00:13:10.848] Imported new block headers               count=1    elapsed=5.747ms   number=13,394,046 hash=6f9ae7..814a0c
INFO [10-11|00:13:11.427] Downloader queue stats                   receiptTasks=0    blockTasks=0    itemSize=183.94KiB throttle=1426
WARN [10-11|00:13:12.883] Unexpected trienode heal packet          peer=973c7515 reqid=2,215,524,526,063,881,643
WARN [10-11|00:13:13.909] Unexpected trienode heal packet          peer=57ff7296 reqid=5,175,807,305,286,671,075
WARN [10-11|00:13:15.156] Unexpected trienode heal packet          peer=bf909c9e reqid=1,349,629,793,163,721,270
WARN [10-11|00:13:16.265] Unexpected trienode heal packet          peer=f76ca5b7 reqid=1,028,854,382,148,323,096
WARN [10-11|00:13:16.691] Unexpected trienode heal packet          peer=07d40f6f reqid=3,854,166,005,570,999,578
WARN [10-11|00:13:16.874] Unexpected trienode heal packet          peer=ff848285 reqid=8,384,869,583,511,880,521
WARN [10-11|00:13:17.021] Unexpected trienode heal packet          peer=ddc6f00a reqid=5,244,182,870,606,744,056
WARN [10-11|00:13:17.121] Unexpected trienode heal packet          peer=0e4cd704 reqid=5,252,328,857,194,664,264
INFO [10-11|00:13:19.829] State heal in progress                   accounts=36734@2.01MiB    slots=147,015@11.17MiB codes=13569@115.34MiB nodes=326,655,957@96.26GiB pending=96672
WARN [10-11|00:13:19.829] Unexpected trienode heal packet          peer=0dc4cb3f reqid=2,486,872,076,487,641,490
WARN [10-11|00:13:19.958] Unexpected trienode heal packet          peer=2d210742 reqid=5,328,480,204,877,854,659
WARN [10-11|00:13:20.146] Unexpected trienode heal packet          peer=57e6b6b6 reqid=6,307,796,226,292,838,263
WARN [10-11|00:13:22.432] Unexpected trienode heal packet          peer=62408054 reqid=5,161,950,820,030,531,430
INFO [10-11|00:13:24.226] Imported new block headers               count=2    elapsed=6.359ms   number=13,394,048 hash=b9d9ac..75e6e7
WARN [10-11|00:13:24.736] Unexpected trienode heal packet          peer=57e878a9 reqid=8,533,901,471,522,186,279
WARN [10-11|00:13:27.524] Unexpected trienode heal packet          peer=973c7515 reqid=4,003,190,385,792,973,818
WARN [10-11|00:13:27.569] Unexpected trienode heal packet          peer=57ff7296 reqid=9,154,974,884,117,482,860
WARN [10-11|00:13:27.586] Unexpected trienode heal packet          peer=bf909c9e reqid=5,719,436,076,158,391,555
WARN [10-11|00:13:27.599] Unexpected trienode heal packet          peer=f76ca5b7 reqid=5,740,980,764,855,808,172
WARN [10-11|00:13:27.605] Unexpected trienode heal packet          peer=07d40f6f reqid=6,945,644,514,940,697,315
INFO [10-11|00:13:27.922] State heal in progress                   accounts=36744@2.01MiB    slots=147,108@11.18MiB codes=13569@115.34MiB nodes=326,656,626@96.26GiB pending=97145
INFO [10-11|00:13:30.705] Imported new block headers               count=1    elapsed=5.870ms   number=13,394,049 hash=76588e..7fa032
INFO [10-11|00:13:37.661] Imported new block headers               count=1    elapsed=6.644ms   number=13,394,050 hash=fd5c62..ad0f0c
INFO [10-11|00:13:38.056] State heal in progress                   accounts=36808@2.02MiB    slots=147,212@11.19MiB codes=13569@115.34MiB nodes=326,657,443@96.26GiB pending=97901
INFO [10-11|00:13:47.718] State heal in progress                   accounts=36865@2.02MiB    slots=147,304@11.20MiB codes=13569@115.34MiB nodes=326,658,234@96.26GiB pending=98713
INFO [10-11|00:13:54.957] Imported new block headers               count=2    elapsed=11.571ms  number=13,394,052 hash=22f3bf..e88e2a
INFO [10-11|00:13:55.795] State heal in progress                   accounts=36928@2.02MiB    slots=147,394@11.20MiB codes=13569@115.34MiB nodes=326,658,914@96.26GiB pending=99193
INFO [10-11|00:14:02.333] Imported new block headers               count=1    elapsed=6.205ms   number=13,394,053 hash=c6c9c6..bd7301
INFO [10-11|00:14:06.462] State heal in progress                   accounts=36980@2.03MiB    slots=147,536@11.21MiB codes=13569@115.34MiB nodes=326,659,807@96.26GiB pending=99799
WARN [10-11|00:14:08.014] Unexpected trienode heal packet          peer=ddc6f00a reqid=6,182,265,001,444,670,741
WARN [10-11|00:14:08.079] Unexpected trienode heal packet          peer=f76ca5b7 reqid=6,252,931,745,303,223,579
WARN [10-11|00:14:08.299] Unexpected trienode heal packet          peer=2d210742 reqid=1,632,102,138,882,244,110
INFO [10-11|00:14:09.087] Imported new block headers               count=1    elapsed=6.495ms   number=13,394,054 hash=76f248..d788ef
INFO [10-11|00:14:12.472] Imported new block headers               count=1    elapsed=7.610ms   number=13,394,055 hash=829cdf..9d3870
INFO [10-11|00:14:13.474] Downloader queue stats                   receiptTasks=0    blockTasks=0    itemSize=199.50KiB throttle=1314
INFO [10-11|00:14:14.509] State heal in progress                   accounts=37002@2.03MiB    slots=147,906@11.24MiB codes=13569@115.34MiB nodes=326,661,074@96.26GiB pending=100,056
INFO [10-11|00:14:23.500] State heal in progress                   accounts=37023@2.03MiB    slots=148,063@11.26MiB codes=13569@115.34MiB nodes=326,662,086@96.26GiB pending=101,074
INFO [10-11|00:14:32.484] State heal in progress                   accounts=37046@2.03MiB    slots=148,438@11.28MiB codes=13569@115.34MiB nodes=326,663,388@96.26GiB pending=101,257
INFO [10-11|00:14:34.610] Imported new block headers               count=1    elapsed=5.890ms   number=13,394,056 hash=6e69c9..feb335
INFO [10-11|00:14:38.541] Imported new block headers               count=1    elapsed=5.848ms   number=13,394,057 hash=814038..3acf69
WARN [10-11|00:14:39.488] Pivot became stale, moving               old=13,393,931 new=13,393,995
INFO [10-11|00:14:39.721] Imported new block receipts              count=64   elapsed=229.856ms number=13,393,994 hash=5151aa..d5ef60 age=15m30s    size=8.26MiB
INFO [10-11|00:14:39.793] State heal in progress                   accounts=37085@2.03MiB    slots=149,128@11.33MiB codes=13569@115.34MiB nodes=326,664,923@96.26GiB pending=100,918
WARN [10-11|00:14:39.877] Unexpected trienode heal packet          peer=62408054 reqid=1,559,323,605,325,591,438
WARN [10-11|00:14:39.972] Unexpected trienode heal packet          peer=07d40f6f reqid=4,724,266,502,234,227,434
INFO [10-11|00:14:42.241] Imported new block headers               count=1    elapsed=6.563ms   number=13,394,058 hash=f0e2b5..b3b7e5
INFO [10-11|00:14:49.296] State heal in progress                   accounts=37085@2.03MiB    slots=149,128@11.33MiB codes=13569@115.34MiB nodes=326,666,354@96.26GiB pending=21038
WARN [10-11|00:14:54.487] Unexpected trienode heal packet          peer=bf909c9e reqid=8,810,589,915,723,507,803
WARN [10-11|00:14:54.493] Unexpected trienode heal packet          peer=57e878a9 reqid=1,441,863,074,102,037,692
INFO [10-11|00:14:59.727] State heal in progress                   accounts=37085@2.03MiB    slots=149,128@11.33MiB codes=13569@115.34MiB nodes=326,668,248@96.26GiB pending=41318
WARN [10-11|00:14:59.728] Unexpected trienode heal packet          peer=57ff7296 reqid=3,592,293,979,426,653,148
INFO [10-11|00:15:01.062] Imported new block headers               count=1    elapsed=8.749ms   number=13,394,059 hash=77c29f..0d9ccd
WARN [10-11|00:15:03.070] Unexpected trienode heal packet          peer=0e4cd704 reqid=2,063,854,960,918,523,238
WARN [10-11|00:15:03.334] Unexpected trienode heal packet          peer=973c7515 reqid=8,259,358,600,211,520,314
WARN [10-11|00:15:03.584] Unexpected trienode heal packet          peer=57e6b6b6 reqid=6,302,687,785,314,822,981
INFO [10-11|00:15:04.287] Imported new block headers               count=1    elapsed=7.293ms   number=13,394,060 hash=65602b..80b787
INFO [10-11|00:15:12.913] State heal in progress                   accounts=37085@2.03MiB    slots=149,128@11.33MiB codes=13569@115.34MiB nodes=326,669,868@96.26GiB pending=57981
WARN [10-11|00:15:12.914] Unexpected trienode heal packet          peer=f76ca5b7 reqid=3,641,701,195,602,533,008
WARN [10-11|00:15:13.075] Unexpected trienode heal packet          peer=0dc4cb3f reqid=1,114,101,567,847,648,459
WARN [10-11|00:15:13.219] Unexpected trienode heal packet          peer=07d40f6f reqid=5,685,225,544,684,151,145
WARN [10-11|00:15:13.228] Unexpected trienode heal packet          peer=62408054 reqid=3,989,238,654,967,631,474
INFO [10-11|00:15:13.714] Imported new block headers               count=1    elapsed=7.190ms   number=13,394,061 hash=1bad70..f6e764
INFO [10-11|00:15:13.830] Downloader queue stats                   receiptTasks=0    blockTasks=0    itemSize=202.15KiB throttle=1297
WARN [10-11|00:15:15.118] Unexpected trienode heal packet          peer=ff848285 reqid=1,483,186,199,593,825,826
WARN [10-11|00:15:15.152] Unexpected trienode heal packet          peer=2d210742 reqid=1,776,137,844,370,728,458
WARN [10-11|00:15:15.167] Unexpected trienode heal packet          peer=ddc6f00a reqid=4,747,339,175,757,062,900
WARN [10-11|00:15:15.204] Unexpected trienode heal packet          peer=bf909c9e reqid=6,694,116,362,469,711,172
WARN [10-11|00:15:15.219] Unexpected trienode heal packet          peer=57ff7296 reqid=5,568,820,255,013,986,537
WARN [10-11|00:15:15.220] Unexpected trienode heal packet          peer=57e878a9 reqid=5,716,994,908,869,904,055
WARN [10-11|00:15:15.238] Unexpected trienode heal packet          peer=0e4cd704 reqid=5,138,787,754,914,167,416
INFO [10-11|00:15:16.923] Imported new block headers               count=1    elapsed=7.929ms   number=13,394,062 hash=3a74d5..5f4370
INFO [10-11|00:15:20.938] State heal in progress                   accounts=37085@2.03MiB    slots=149,128@11.33MiB codes=13569@115.34MiB nodes=326,670,596@96.26GiB pending=61907