2021-10-11 18:44:54 UTC Syncing #13398950 0x312f…40d3     0.00 blk/s    0.0 tx/s    0.0 Mgas/s      0+    9 Qed LI:#13398960    3/25 peers      5 MiB chain    2 MiB queue  RPC:  0 conn,    0 req/s,    0 µs
2021-10-11 18:45:07 UTC Syncing #13398952 0xdf1d…a290     0.20 blk/s   53.0 tx/s    4.1 Mgas/s      0+    7 Qed LI:#13398960    7/25 peers      5 MiB chain    1 MiB queue  RPC:  0 conn,    0 req/s,    0 µs
2021-10-11 18:45:07 UTC Syncing #13398951 0xc782…66f2     0.20 blk/s   34.2 tx/s    2.2 Mgas/s      0+    8 Qed LI:#13398960    7/25 peers      5 MiB chain    1 MiB queue  RPC:  0 conn,    0 req/s,    0 µs
2021-10-11 18:45:17 UTC Syncing #13398952 0xdf1d…a290     0.20 blk/s   71.8 tx/s    6.0 Mgas/s      0+    7 Qed LI:#13398960    8/25 peers      5 MiB chain    1 MiB queue  RPC:  0 conn,    0 req/s,    0 µs
2021-10-11 18:45:17 UTC Syncing #13398954 0x3746…805d     0.30 blk/s   67.6 tx/s    5.7 Mgas/s      0+    5 Qed LI:#13398960    8/25 peers      5 MiB chain  548 KiB queue  RPC:  0 conn,    0 req/s,    0 µs
2021-10-11 18:45:50 UTC Imported #13398960 0xba22…a08b (238 txs, 23.56 Mgas, 4803 ms, 93.70 KiB)
2021-10-11 18:46:30 UTC Imported #13398961 0x4c38…e04a (360 txs, 30.00 Mgas, 6852 ms, 145.40 KiB)
2021-10-11 18:46:55 UTC Imported #13398962 0x2c47…833e (388 txs, 29.98 Mgas, 7106 ms, 125.00 KiB)
2021-10-11 18:47:04 UTC   4/25 peers      4 MiB chain  0 bytes queue  RPC:  0 conn,    0 req/s,    0 µs
2021-10-11 18:48:09 UTC   2/25 peers      4 MiB chain  0 bytes queue  RPC:  0 conn,    0 req/s,    0 µs
2021-10-11 18:48:39 UTC   0/25 peers      4 MiB chain  0 bytes queue  RPC:  0 conn,    0 req/s,    0 µs
2021-10-11 18:49:09 UTC   0/25 peers      4 MiB chain  0 bytes queue  RPC:  0 conn,    0 req/s,    0 µs
2021-10-11 18:49:29 UTC Reorg to #13398962 0x9d41…98fb (0x2c47…833e #13398961 0x4c38…e04a )
2021-10-11 18:49:38 UTC Syncing #13398962 0x9d41…98fb     0.05 blk/s   22.0 tx/s    1.5 Mgas/s      0+   13 Qed LI:#13398976    6/25 peers      4 MiB chain    3 MiB queue  RPC:  0 conn,    0 req/s,    0 µs
2021-10-11 18:49:38 UTC Syncing #13398965 0xe5e9…2421     0.37 blk/s   25.1 tx/s    4.4 Mgas/s      0+   10 Qed LI:#13398976    6/25 peers      4 MiB chain    3 MiB queue  RPC:  0 conn,    0 req/s,    0 µs
2021-10-11 18:49:47 UTC Syncing #13398966 0x5b0c…cdf5     0.51 blk/s  141.2 tx/s   13.9 Mgas/s      0+    9 Qed LI:#13398976    6/25 peers      4 MiB chain    2 MiB queue  RPC:  0 conn,    0 req/s,    0 µs
2021-10-11 18:49:47 UTC Syncing #13398969 0x7699…6f1f     0.35 blk/s   61.5 tx/s    4.0 Mgas/s      0+    6 Qed LI:#13398976    6/25 peers      4 MiB chain    2 MiB queue  RPC:  0 conn,    0 req/s,    0 µs
2021-10-11 18:49:56 UTC Syncing #13398969 0x7699…6f1f     0.00 blk/s    0.0 tx/s    0.0 Mgas/s      0+    8 Qed LI:#13398978    2/25 peers      4 MiB chain    2 MiB queue  RPC:  0 conn,    0 req/s,    0 µs
2021-10-11 18:49:56 UTC Syncing #13398970 0x862e…938d     0.16 blk/s   43.3 tx/s    3.2 Mgas/s      0+    7 Qed LI:#13398978    2/25 peers      4 MiB chain    2 MiB queue  RPC:  0 conn,    0 req/s,    0 µs
2021-10-11 18:50:08 UTC Syncing #13398970 0x862e…938d     0.00 blk/s    0.0 tx/s    0.0 Mgas/s      0+    7 Qed LI:#13398978    2/25 peers      4 MiB chain    2 MiB queue  RPC:  0 conn,    0 req/s,    0 µs
2021-10-11 18:50:08 UTC Syncing #13398972 0x9ade…96bb     0.24 blk/s   46.8 tx/s    3.5 Mgas/s      0+    5 Qed LI:#13398978    2/25 peers      5 MiB chain    1 MiB queue  RPC:  0 conn,    0 req/s,    0 µs
2021-10-11 18:50:41 UTC   2/25 peers      6 MiB chain  0 bytes queue  RPC:  0 conn,    0 req/s,    0 µs
2021-10-11 18:50:41 UTC Imported #13398979 0x0f03…6c28 (361 txs, 29.95 Mgas, 9212 ms, 129.95 KiB)
2021-10-11 18:50:58 UTC Imported #13398980 0x43ca…d427 (324 txs, 18.16 Mgas, 4311 ms, 76.39 KiB)
2021-10-11 18:51:14 UTC   1/25 peers      5 MiB chain  0 bytes queue  RPC:  0 conn,    0 req/s,    0 µs
2021-10-11 18:51:45 UTC   4/25 peers      5 MiB chain   40 KiB queue  RPC:  0 conn,    0 req/s,    0 µs
2021-10-11 18:51:53 UTC Imported #13398988 0xd422…27ff (29 txs, 2.22 Mgas, 796 ms, 14.60 KiB)
2021-10-11 18:53:13 UTC   1/25 peers      5 MiB chain  0 bytes queue  RPC:  0 conn,    0 req/s,    0 µs
2021-10-11 18:53:13 UTC   1/25 peers      5 MiB chain  0 bytes queue  RPC:  0 conn,    0 req/s,    0 µs
2021-10-11 18:53:13 UTC   1/25 peers      5 MiB chain  0 bytes queue  RPC:  0 conn,    0 req/s,    0 µs
2021-10-11 18:53:13 UTC   1/25 peers      5 MiB chain  0 bytes queue  RPC:  0 conn,    0 req/s,    0 µs