2021-10-11 18:39:34 UTC Imported #13398928 0xca76…bfa4 (0 txs, 0.00 Mgas, 9 ms, 0.52 KiB)
2021-10-11 18:39:49 UTC   0/25 peers      5 MiB chain  0 bytes queue  RPC:  0 conn,    0 req/s,    0 µs
2021-10-11 18:40:19 UTC   0/25 peers      5 MiB chain  0 bytes queue  RPC:  0 conn,    0 req/s,    0 µs
2021-10-11 18:40:29 UTC Syncing #13398928 0xca76…bfa4     0.00 blk/s    0.0 tx/s    0.0 Mgas/s      0+   10 Qed LI:#13398938    4/25 peers      5 MiB chain    2 MiB queue  RPC:  0 conn,    0 req/s,    0 µs
2021-10-11 18:40:34 UTC Syncing #13398928 0xca76…bfa4     0.20 blk/s   11.4 tx/s    0.8 Mgas/s      0+    9 Qed LI:#13398938    4/25 peers      5 MiB chain    2 MiB queue  RPC:  0 conn,    0 req/s,    0 µs
2021-10-11 18:40:37 UTC Reorg to #13398929 0xbfbf…7125 (0xca76…bfa4 #13398927 0x8f6f…be04 0x25ff…e69e)
2021-10-11 18:40:46 UTC Syncing #13398930 0x432b…d5c4     0.40 blk/s   81.4 tx/s    6.6 Mgas/s      0+    7 Qed LI:#13398938    8/25 peers      5 MiB chain    1 MiB queue  RPC:  0 conn,    0 req/s,    0 µs
2021-10-11 18:40:46 UTC Syncing #13398931 0xa443…77c4     0.10 blk/s   46.6 tx/s    3.0 Mgas/s      0+    6 Qed LI:#13398938    8/25 peers      5 MiB chain    1 MiB queue  RPC:  0 conn,    0 req/s,    0 µs
2021-10-11 18:41:19 UTC Imported #13398938 0xa8f6…4e45 (216 txs, 21.58 Mgas, 6018 ms, 188.61 KiB)
2021-10-11 18:42:32 UTC Syncing #13398938 0xa8f6…4e45     0.07 blk/s    8.5 tx/s    0.7 Mgas/s      0+    7 Qed LI:#13398946    4/25 peers      6 MiB chain    2 MiB queue  RPC:  0 conn,    0 req/s,    0 µs
2021-10-11 18:43:38 UTC Syncing #13398938 0xa8f6…4e45     0.00 blk/s    0.0 tx/s    0.0 Mgas/s      0+   12 Qed LI:#13398950    0/25 peers      6 MiB chain    3 MiB queue  RPC:  0 conn,    0 req/s,    0 µs
2021-10-11 18:43:44 UTC Syncing #13398938 0xa8f6…4e45     0.00 blk/s    0.0 tx/s    0.0 Mgas/s      0+   11 Qed LI:#13398950    0/25 peers      6 MiB chain    2 MiB queue  RPC:  0 conn,    0 req/s,    0 µs
2021-10-11 18:43:49 UTC Syncing #13398939 0x9611…4f12     0.20 blk/s  102.6 tx/s    6.0 Mgas/s      0+   10 Qed LI:#13398950    0/25 peers      5 MiB chain    2 MiB queue  RPC:  0 conn,    0 req/s,    0 µs
2021-10-11 18:44:01 UTC Syncing #13398940 0x0957…96ab     0.20 blk/s   70.0 tx/s    6.0 Mgas/s      0+    9 Qed LI:#13398950    0/25 peers      5 MiB chain    2 MiB queue  RPC:  0 conn,    0 req/s,    0 µs
2021-10-11 18:44:01 UTC Syncing #13398942 0x6c64…0ada     0.30 blk/s   64.1 tx/s    5.7 Mgas/s      0+    7 Qed LI:#13398950    0/25 peers      5 MiB chain    1 MiB queue  RPC:  0 conn,    0 req/s,    0 µs
2021-10-11 18:44:04 UTC Syncing #13398944 0x5729…b680     0.40 blk/s   43.2 tx/s    3.0 Mgas/s      0+    5 Qed LI:#13398950    0/25 peers      5 MiB chain  828 KiB queue  RPC:  0 conn,    0 req/s,    0 µs
2021-10-11 18:44:21 UTC Imported #13398950 0x312f…40d3 (242 txs, 19.83 Mgas, 4295 ms, 88.83 KiB)
2021-10-11 18:44:21 UTC Updated conversion rate to Ξ1 = US$3548.86 (1341812.5 wei/gas)
2021-10-11 18:44:34 UTC   0/25 peers      5 MiB chain  0 bytes queue  RPC:  0 conn,    0 req/s,    0 µs
2021-10-11 18:44:49 UTC Syncing #13398950 0x312f…40d3     0.00 blk/s    0.0 tx/s    0.0 Mgas/s      0+    0 Qed LI:#13398950    3/25 peers      5 MiB chain  0 bytes queue  RPC:  0 conn,    0 req/s,    0 µs
2021-10-11 18:44:54 UTC Syncing #13398950 0x312f…40d3     0.00 blk/s    0.0 tx/s    0.0 Mgas/s      0+    9 Qed LI:#13398960    3/25 peers      5 MiB chain    2 MiB queue  RPC:  0 conn,    0 req/s,    0 µs
2021-10-11 18:45:07 UTC Syncing #13398952 0xdf1d…a290     0.20 blk/s   53.0 tx/s    4.1 Mgas/s      0+    7 Qed LI:#13398960    7/25 peers      5 MiB chain    1 MiB queue  RPC:  0 conn,    0 req/s,    0 µs
2021-10-11 18:45:07 UTC Syncing #13398951 0xc782…66f2     0.20 blk/s   34.2 tx/s    2.2 Mgas/s      0+    8 Qed LI:#13398960    7/25 peers      5 MiB chain    1 MiB queue  RPC:  0 conn,    0 req/s,    0 µs
2021-10-11 18:45:17 UTC Syncing #13398952 0xdf1d…a290     0.20 blk/s   71.8 tx/s    6.0 Mgas/s      0+    7 Qed LI:#13398960    8/25 peers      5 MiB chain    1 MiB queue  RPC:  0 conn,    0 req/s,    0 µs
2021-10-11 18:45:17 UTC Syncing #13398954 0x3746…805d     0.30 blk/s   67.6 tx/s    5.7 Mgas/s      0+    5 Qed LI:#13398960    8/25 peers      5 MiB chain  548 KiB queue  RPC:  0 conn,    0 req/s,    0 µs
2021-10-11 18:45:50 UTC Imported #13398960 0xba22…a08b (238 txs, 23.56 Mgas, 4803 ms, 93.70 KiB)
2021-10-11 18:46:30 UTC Imported #13398961 0x4c38…e04a (360 txs, 30.00 Mgas, 6852 ms, 145.40 KiB)
2021-10-11 18:46:55 UTC Imported #13398962 0x2c47…833e (388 txs, 29.98 Mgas, 7106 ms, 125.00 KiB)
2021-10-11 18:47:04 UTC   4/25 peers      4 MiB chain  0 bytes queue  RPC:  0 conn,    0 req/s,    0 µs
2021-10-11 18:48:09 UTC   2/25 peers      4 MiB chain  0 bytes queue  RPC:  0 conn,    0 req/s,    0 µs