INFO [01-15|23:52:12.344] Imported new potential chain segment     blocks=1   txs=183     mgas=17.163  elapsed=107.576ms   mgasps=159.544 number=16,415,595 hash=4c7c6c..97ccc8 dirty=963.68MiB
INFO [01-15|23:52:12.363] Chain head was updated                   number=16,415,595 hash=4c7c6c..97ccc8 root=86d429..563dee elapsed=5.721112ms
INFO [01-15|23:52:12.369] Unindexed transactions                   blocks=1   txs=369     tail=14,065,596 elapsed=6.235ms
ERROR[01-15|23:52:22.620] Error in block freeze operation          err="block receipts missing, can't freeze block 15256595"
INFO [01-15|23:52:25.927] Imported new potential chain segment     blocks=1   txs=110     mgas=11.074  elapsed=940.652ms   mgasps=11.773  number=16,415,596 hash=f8e438..4c1af7 dirty=963.82MiB
INFO [01-15|23:52:25.939] Chain head was updated                   number=16,415,596 hash=f8e438..4c1af7 root=859f52..95e2cb elapsed=4.02313ms
INFO [01-15|23:52:25.947] Unindexed transactions                   blocks=1   txs=215     tail=14,065,597 elapsed=7.677ms
INFO [01-15|23:52:36.941] Imported new potential chain segment     blocks=1   txs=106     mgas=11.770  elapsed=98.286ms    mgasps=119.749 number=16,415,597 hash=f06d49..3733dc dirty=963.43MiB
INFO [01-15|23:52:36.954] Chain head was updated                   number=16,415,597 hash=f06d49..3733dc root=1917b8..b6b0f1 elapsed=5.091038ms
INFO [01-15|23:52:36.960] Unindexed transactions                   blocks=1   txs=198     tail=14,065,598 elapsed=5.415ms
INFO [01-15|23:52:48.158] Imported new potential chain segment     blocks=1   txs=182     mgas=15.822  elapsed=156.088ms   mgasps=101.367 number=16,415,598 hash=1d7ff9..8424c1 dirty=964.14MiB
INFO [01-15|23:52:48.179] Chain head was updated                   number=16,415,598 hash=1d7ff9..8424c1 root=3a10af..59895a elapsed=10.815952ms
INFO [01-15|23:52:48.182] Unindexed transactions                   blocks=1   txs=116     tail=14,065,599 elapsed=2.957ms
INFO [01-15|23:53:00.077] Imported new potential chain segment     blocks=1   txs=168     mgas=13.563  elapsed=131.156ms   mgasps=103.414 number=16,415,599 hash=f11340..8db7b5 dirty=964.61MiB
INFO [01-15|23:53:00.092] Chain head was updated                   number=16,415,599 hash=f11340..8db7b5 root=d945b3..c22b65 elapsed=6.662595ms
INFO [01-15|23:53:00.097] Unindexed transactions                   blocks=1   txs=306     tail=14,065,600 elapsed=4.345ms
INFO [01-15|23:53:12.241] Imported new potential chain segment     blocks=1   txs=164     mgas=17.582  elapsed=132.106ms   mgasps=133.091 number=16,415,600 hash=fd6318..3e7ed9 dirty=964.50MiB
INFO [01-15|23:53:12.259] Chain head was updated                   number=16,415,600 hash=fd6318..3e7ed9 root=01c78e..bf866b elapsed=10.273474ms
INFO [01-15|23:53:12.265] Unindexed transactions                   blocks=1   txs=175     tail=14,065,601 elapsed=5.358ms
ERROR[01-15|23:53:22.629] Error in block freeze operation          err="block receipts missing, can't freeze block 15256595"
INFO [01-15|23:53:24.639] Imported new potential chain segment     blocks=1   txs=143     mgas=13.896  elapsed=98.771ms    mgasps=140.689 number=16,415,601 hash=37c835..1510a2 dirty=964.96MiB
INFO [01-15|23:53:24.669] Chain head was updated                   number=16,415,601 hash=37c835..1510a2 root=d53f90..54d0df elapsed=3.984527ms
INFO [01-15|23:53:24.671] Unindexed transactions                   blocks=1   txs=225     tail=14,065,602 elapsed=2.221ms
INFO [01-15|23:53:36.682] Imported new potential chain segment     blocks=1   txs=140     mgas=18.405  elapsed=156.997ms   mgasps=117.229 number=16,415,602 hash=a2a263..c063e9 dirty=965.38MiB
INFO [01-15|23:53:36.709] Chain head was updated                   number=16,415,602 hash=a2a263..c063e9 root=313987..d3c152 elapsed=12.964807ms
INFO [01-15|23:53:36.710] Unindexed transactions                   blocks=1   txs=20      tail=14,065,603 elapsed="803.709µs"
INFO [01-15|23:54:00.758] Imported new potential chain segment     blocks=1   txs=229     mgas=29.783  elapsed=201.683ms   mgasps=147.670 number=16,415,603 hash=1cd5e1..0cecd5 dirty=967.53MiB
INFO [01-15|23:54:00.803] Chain head was updated                   number=16,415,603 hash=1cd5e1..0cecd5 root=94e5ec..94656b elapsed=22.25189ms
INFO [01-15|23:54:00.804] Unindexed transactions                   blocks=1   txs=93      tail=14,065,604 elapsed=1.154ms
INFO [01-15|23:54:12.062] Imported new potential chain segment     blocks=1   txs=114     mgas=10.671  elapsed=80.913ms    mgasps=131.884 number=16,415,604 hash=84aef0..e675dc dirty=968.09MiB
INFO [01-15|23:54:12.080] Chain head was updated                   number=16,415,604 hash=84aef0..e675dc root=36215d..fefe20 elapsed=4.802141ms
INFO [01-15|23:54:12.083] Unindexed transactions                   blocks=1   txs=164     tail=14,065,605 elapsed=2.510ms
ERROR[01-15|23:54:22.634] Error in block freeze operation          err="block receipts missing, can't freeze block 15256595"
INFO [01-15|23:54:24.581] Imported new potential chain segment     blocks=1   txs=88      mgas=8.033   elapsed=74.688ms    mgasps=107.559 number=16,415,605 hash=0c4767..16332c dirty=967.63MiB
INFO [01-15|23:54:24.592] Chain head was updated                   number=16,415,605 hash=0c4767..16332c root=797ce4..911976 elapsed=2.791731ms
INFO [01-15|23:54:24.593] Unindexed transactions                   blocks=1   txs=86      tail=14,065,606 elapsed=1.479ms
INFO [01-15|23:54:36.115] Imported new potential chain segment     blocks=1   txs=118     mgas=11.438  elapsed=96.611ms    mgasps=118.387 number=16,415,606 hash=c5a83b..bdf7ef dirty=968.03MiB
INFO [01-15|23:54:36.125] Chain head was updated                   number=16,415,606 hash=c5a83b..bdf7ef root=5d51e2..3c9f63 elapsed=3.637295ms
INFO [01-15|23:54:36.126] Unindexed transactions                   blocks=1   txs=45      tail=14,065,607 elapsed="628.55µs"
INFO [01-15|23:54:48.134] Imported new potential chain segment     blocks=1   txs=122     mgas=12.866  elapsed=78.736ms    mgasps=163.401 number=16,415,607 hash=21a188..64b5ef dirty=967.92MiB
INFO [01-15|23:54:48.162] Chain head was updated                   number=16,415,607 hash=21a188..64b5ef root=deea4f..aeeb99 elapsed=2.80103ms
INFO [01-15|23:54:48.169] Unindexed transactions                   blocks=1   txs=423     tail=14,065,608 elapsed=6.420ms
INFO [01-15|23:55:00.036] Imported new potential chain segment     blocks=1   txs=126     mgas=13.092  elapsed=158.562ms   mgasps=82.566  number=16,415,608 hash=296ccd..130da4 dirty=967.78MiB
INFO [01-15|23:55:00.057] Chain head was updated                   number=16,415,608 hash=296ccd..130da4 root=5b0a58..fef3ab elapsed=7.65105ms
INFO [01-15|23:55:00.062] Unindexed transactions                   blocks=1   txs=244     tail=14,065,609 elapsed=4.918ms
INFO [01-15|23:55:12.663] Imported new potential chain segment     blocks=1   txs=190     mgas=22.719  elapsed=531.818ms   mgasps=42.719  number=16,415,609 hash=2d9ef1..593056 dirty=969.14MiB
INFO [01-15|23:55:12.697] Unindexed transactions                   blocks=1   txs=154     tail=14,065,610 elapsed=4.681ms
INFO [01-15|23:55:12.692] Chain head was updated                   number=16,415,609 hash=2d9ef1..593056 root=7bb0ce..48aa93 elapsed=15.208414ms
ERROR[01-15|23:55:22.643] Error in block freeze operation          err="block receipts missing, can't freeze block 15256595"
INFO [01-15|23:55:24.015] Imported new potential chain segment     blocks=1   txs=106     mgas=13.085  elapsed=85.724ms    mgasps=152.644 number=16,415,610 hash=a4deee..4a11ab dirty=969.26MiB
INFO [01-15|23:55:24.030] Chain head was updated                   number=16,415,610 hash=a4deee..4a11ab root=2cda17..316c9b elapsed=5.301277ms
INFO [01-15|23:55:24.035] Unindexed transactions                   blocks=1   txs=284     tail=14,065,611 elapsed=4.052ms
INFO [01-15|23:55:36.267] Imported new potential chain segment     blocks=1   txs=151     mgas=17.603  elapsed=124.176ms   mgasps=141.755 number=16,415,611 hash=e41a99..fd1bae dirty=969.44MiB
INFO [01-15|23:55:36.281] Chain head was updated                   number=16,415,611 hash=e41a99..fd1bae root=c10d56..4e37d6 elapsed=4.522177ms
INFO [01-15|23:55:36.283] Unindexed transactions                   blocks=1   txs=116     tail=14,065,612 elapsed=1.830ms
INFO [01-15|23:55:48.334] Imported new potential chain segment     blocks=1   txs=152     mgas=15.375  elapsed=133.255ms   mgasps=115.376 number=16,415,612 hash=725021..85c887 dirty=968.65MiB
INFO [01-15|23:55:48.357] Chain head was updated                   number=16,415,612 hash=725021..85c887 root=753656..1449b8 elapsed=9.419099ms
INFO [01-15|23:55:48.358] Unindexed transactions                   blocks=1   txs=81      tail=14,065,613 elapsed=1.356ms
INFO [01-15|23:56:00.750] Imported new potential chain segment     blocks=1   txs=133     mgas=13.746  elapsed=111.655ms   mgasps=123.110 number=16,415,613 hash=2548dc..2f77bf dirty=968.57MiB
INFO [01-15|23:56:00.771] Chain head was updated                   number=16,415,613 hash=2548dc..2f77bf root=f7dff6..9e19b7 elapsed=7.121153ms
INFO [01-15|23:56:00.772] Unindexed transactions                   blocks=1   txs=108     tail=14,065,614 elapsed=1.731ms
INFO [01-15|23:56:13.434] Imported new potential chain segment     blocks=1   txs=176     mgas=18.098  elapsed=120.438ms   mgasps=150.270 number=16,415,614 hash=c7faff..cf6f0a dirty=969.50MiB
INFO [01-15|23:56:13.447] Chain head was updated                   number=16,415,614 hash=c7faff..cf6f0a root=fd3fcb..4418e7 elapsed=5.169023ms
INFO [01-15|23:56:13.449] Unindexed transactions                   blocks=1   txs=123     tail=14,065,615 elapsed=1.799ms
ERROR[01-15|23:56:22.652] Error in block freeze operation          err="block receipts missing, can't freeze block 15256595"
INFO [01-15|23:56:24.825] Imported new potential chain segment     blocks=1   txs=127     mgas=14.826  elapsed=85.372ms    mgasps=173.659 number=16,415,615 hash=a751d8..b68131 dirty=969.80MiB
INFO [01-15|23:56:24.852] Chain head was updated                   number=16,415,615 hash=a751d8..b68131 root=ae56c1..4cea60 elapsed=4.420107ms
INFO [01-15|23:56:24.858] Unindexed transactions                   blocks=1   txs=364     tail=14,065,616 elapsed=5.296ms
INFO [01-15|23:56:36.414] Imported new potential chain segment     blocks=1   txs=117     mgas=11.474  elapsed=95.852ms    mgasps=119.708 number=16,415,616 hash=b4476e..a0bcc2 dirty=969.43MiB
INFO [01-15|23:56:36.435] Chain head was updated                   number=16,415,616 hash=b4476e..a0bcc2 root=c1d978..60586e elapsed=4.161938ms
INFO [01-15|23:56:36.439] Unindexed transactions                   blocks=1   txs=210     tail=14,065,617 elapsed=4.308ms
INFO [01-15|23:56:48.106] Imported new potential chain segment     blocks=1   txs=132     mgas=9.173   elapsed=88.764ms    mgasps=103.338 number=16,415,617 hash=567ac8..36efd6 dirty=968.96MiB
INFO [01-15|23:56:48.122] Chain head was updated                   number=16,415,617 hash=567ac8..36efd6 root=e926b2..11bced elapsed=5.844826ms
INFO [01-15|23:56:48.123] Unindexed transactions                   blocks=1   txs=34      tail=14,065,618 elapsed="729.919µs"
INFO [01-15|23:57:00.244] Imported new potential chain segment     blocks=1   txs=145     mgas=16.019  elapsed=121.532ms   mgasps=131.810 number=16,415,618 hash=d765c7..3415f6 dirty=969.32MiB
INFO [01-15|23:57:00.268] Chain head was updated                   number=16,415,618 hash=d765c7..3415f6 root=3b8ba6..80441c elapsed=10.201507ms
INFO [01-15|23:57:00.272] Unindexed transactions                   blocks=1   txs=144     tail=14,065,619 elapsed=4.590ms
INFO [01-15|23:57:13.486] Imported new potential chain segment     blocks=1   txs=174     mgas=12.472  elapsed=120.515ms   mgasps=103.490 number=16,415,619 hash=2e2d93..555ca8 dirty=969.67MiB
INFO [01-15|23:57:13.543] Chain head was updated                   number=16,415,619 hash=2e2d93..555ca8 root=28fbcc..6e0b0c elapsed=3.185312ms
INFO [01-15|23:57:13.547] Unindexed transactions                   blocks=1   txs=183     tail=14,065,620 elapsed=4.271ms
ERROR[01-15|23:57:22.660] Error in block freeze operation          err="block receipts missing, can't freeze block 15256595"
INFO [01-15|23:57:24.642] Imported new potential chain segment     blocks=1   txs=117     mgas=14.190  elapsed=591.853ms   mgasps=23.976  number=16,415,620 hash=3cf1f5..830c20 dirty=970.60MiB
INFO [01-15|23:57:24.657] Chain head was updated                   number=16,415,620 hash=3cf1f5..830c20 root=08de34..f89575 elapsed=5.80534ms
INFO [01-15|23:57:24.659] Unindexed transactions                   blocks=1   txs=33      tail=14,065,621 elapsed="833.403µs"
INFO [01-15|23:57:37.771] Imported new potential chain segment     blocks=1   txs=156     mgas=26.893  elapsed=828.997ms   mgasps=32.440  number=16,415,621 hash=89c231..3f6725 dirty=974.02MiB
INFO [01-15|23:57:37.798] Chain head was updated                   number=16,415,621 hash=89c231..3f6725 root=473607..d3e386 elapsed=16.306591ms
INFO [01-15|23:57:37.803] Unindexed transactions                   blocks=1   txs=238     tail=14,065,622 elapsed=5.002ms