INFO [01-15|23:47:12.866] Imported new potential chain segment     blocks=1   txs=131     mgas=13.835  elapsed=165.764ms   mgasps=83.465  number=16,415,570 hash=049762..78cc61 dirty=955.32MiB
INFO [01-15|23:47:12.881] Chain head was updated                   number=16,415,570 hash=049762..78cc61 root=3f63a7..278235 elapsed=5.192653ms
INFO [01-15|23:47:12.885] Unindexed transactions                   blocks=1   txs=238     tail=14,065,571 elapsed=3.683ms
ERROR[01-15|23:47:22.578] Error in block freeze operation          err="block receipts missing, can't freeze block 15256595"
INFO [01-15|23:47:23.934] Imported new potential chain segment     blocks=1   txs=120     mgas=12.567  elapsed=97.674ms    mgasps=128.659 number=16,415,571 hash=2aa961..0460a1 dirty=955.28MiB
INFO [01-15|23:47:23.946] Chain head was updated                   number=16,415,571 hash=2aa961..0460a1 root=3d0154..31d43f elapsed=3.757646ms
INFO [01-15|23:47:23.951] Unindexed transactions                   blocks=1   txs=273     tail=14,065,572 elapsed=5.794ms
INFO [01-15|23:47:35.615] Imported new potential chain segment     blocks=1   txs=101     mgas=13.557  elapsed=122.537ms   mgasps=110.638 number=16,415,572 hash=10da78..43437e dirty=955.17MiB
INFO [01-15|23:47:35.628] Chain head was updated                   number=16,415,572 hash=10da78..43437e root=e1bb47..45471a elapsed=2.531454ms
INFO [01-15|23:47:35.631] Unindexed transactions                   blocks=1   txs=266     tail=14,065,573 elapsed=2.889ms
INFO [01-15|23:47:48.971] Imported new potential chain segment     blocks=1   txs=118     mgas=10.350  elapsed=95.261ms    mgasps=108.651 number=16,415,573 hash=6acec2..33d170 dirty=955.26MiB
INFO [01-15|23:47:48.989] Chain head was updated                   number=16,415,573 hash=6acec2..33d170 root=a03ea5..31d94a elapsed=5.199435ms
INFO [01-15|23:47:48.990] Unindexed transactions                   blocks=1   txs=64      tail=14,065,574 elapsed=1.617ms
INFO [01-15|23:48:00.414] Imported new potential chain segment     blocks=1   txs=153     mgas=21.461  elapsed=239.053ms   mgasps=89.774  number=16,415,574 hash=9a93bb..fe03b4 dirty=957.00MiB
INFO [01-15|23:48:00.429] Chain head was updated                   number=16,415,574 hash=9a93bb..fe03b4 root=1ec69d..a22d1f elapsed=5.713641ms
INFO [01-15|23:48:00.430] Unindexed transactions                   blocks=1   txs=55      tail=14,065,575 elapsed=1.046ms
INFO [01-15|23:48:12.133] Imported new potential chain segment     blocks=1   txs=140     mgas=14.681  elapsed=97.507ms    mgasps=150.563 number=16,415,575 hash=986224..0b9244 dirty=957.75MiB
INFO [01-15|23:48:12.154] Chain head was updated                   number=16,415,575 hash=986224..0b9244 root=508b6d..e46cd3 elapsed=7.362405ms
INFO [01-15|23:48:12.158] Unindexed transactions                   blocks=1   txs=142     tail=14,065,576 elapsed=3.776ms
ERROR[01-15|23:48:22.586] Error in block freeze operation          err="block receipts missing, can't freeze block 15256595"
INFO [01-15|23:48:24.165] Imported new potential chain segment     blocks=1   txs=155     mgas=17.181  elapsed=146.215ms   mgasps=117.503 number=16,415,576 hash=9c7ce1..c76dd8 dirty=958.53MiB
INFO [01-15|23:48:24.193] Chain head was updated                   number=16,415,576 hash=9c7ce1..c76dd8 root=6d50d6..05fad3 elapsed=10.351571ms
INFO [01-15|23:48:24.197] Unindexed transactions                   blocks=1   txs=255     tail=14,065,577 elapsed=3.812ms
INFO [01-15|23:48:36.154] Imported new potential chain segment     blocks=1   txs=91      mgas=10.316  elapsed=125.645ms   mgasps=82.100  number=16,415,577 hash=766f07..e8b2ae dirty=957.97MiB
INFO [01-15|23:48:36.169] Chain head was updated                   number=16,415,577 hash=766f07..e8b2ae root=eced70..055f73 elapsed=6.092906ms
INFO [01-15|23:48:36.172] Unindexed transactions                   blocks=1   txs=283     tail=14,065,578 elapsed=3.063ms
INFO [01-15|23:48:48.089] Imported new potential chain segment     blocks=1   txs=173     mgas=19.156  elapsed=127.436ms   mgasps=150.317 number=16,415,578 hash=f54855..e44a7a dirty=958.84MiB
INFO [01-15|23:48:48.113] Chain head was updated                   number=16,415,578 hash=f54855..e44a7a root=214f04..872fba elapsed=12.594956ms
INFO [01-15|23:48:48.115] Unindexed transactions                   blocks=1   txs=94      tail=14,065,579 elapsed=2.632ms
INFO [01-15|23:49:00.266] Imported new potential chain segment     blocks=1   txs=94      mgas=10.825  elapsed=100.996ms   mgasps=107.178 number=16,415,579 hash=fbe596..215459 dirty=958.86MiB
INFO [01-15|23:49:00.291] Chain head was updated                   number=16,415,579 hash=fbe596..215459 root=b6c40b..b1dd64 elapsed=5.258965ms
INFO [01-15|23:49:00.293] Unindexed transactions                   blocks=1   txs=226     tail=14,065,580 elapsed=2.091ms
INFO [01-15|23:49:12.020] Imported new potential chain segment     blocks=1   txs=201     mgas=19.588  elapsed=196.699ms   mgasps=99.583  number=16,415,580 hash=20397c..4707bd dirty=959.70MiB
INFO [01-15|23:49:12.046] Chain head was updated                   number=16,415,580 hash=20397c..4707bd root=103184..d81546 elapsed=10.000969ms
INFO [01-15|23:49:12.048] Unindexed transactions                   blocks=1   txs=129     tail=14,065,581 elapsed=2.076ms
ERROR[01-15|23:49:22.594] Error in block freeze operation          err="block receipts missing, can't freeze block 15256595"
INFO [01-15|23:49:25.099] Imported new potential chain segment     blocks=1   txs=128     mgas=16.271  elapsed=187.932ms   mgasps=86.580  number=16,415,581 hash=66435d..13dcd7 dirty=959.78MiB
INFO [01-15|23:49:25.121] Chain head was updated                   number=16,415,581 hash=66435d..13dcd7 root=e1d451..7a0239 elapsed=7.904893ms
INFO [01-15|23:49:25.124] Unindexed transactions                   blocks=1   txs=122     tail=14,065,582 elapsed=3.029ms
INFO [01-15|23:49:35.863] Imported new potential chain segment     blocks=1   txs=113     mgas=10.128  elapsed=81.808ms    mgasps=123.804 number=16,415,582 hash=c6f2fb..f7d6bf dirty=960.12MiB
INFO [01-15|23:49:35.887] Chain head was updated                   number=16,415,582 hash=c6f2fb..f7d6bf root=934cb4..0c0522 elapsed=3.091701ms
INFO [01-15|23:49:35.888] Unindexed transactions                   blocks=1   txs=10      tail=14,065,583 elapsed="249.947µs"
INFO [01-15|23:49:48.109] Imported new potential chain segment     blocks=1   txs=109     mgas=12.347  elapsed=113.505ms   mgasps=108.777 number=16,415,583 hash=65c7f5..c5c85a dirty=959.76MiB
INFO [01-15|23:49:48.122] Chain head was updated                   number=16,415,583 hash=65c7f5..c5c85a root=8313ac..4207e7 elapsed=2.810023ms
INFO [01-15|23:49:48.128] Unindexed transactions                   blocks=1   txs=193     tail=14,065,584 elapsed=5.324ms
INFO [01-15|23:49:59.704] Imported new potential chain segment     blocks=1   txs=140     mgas=12.804  elapsed=153.474ms   mgasps=83.430  number=16,415,584 hash=da1db6..bcbbc2 dirty=959.95MiB
INFO [01-15|23:49:59.721] Chain head was updated                   number=16,415,584 hash=da1db6..bcbbc2 root=663500..8d1ec4 elapsed=4.254251ms
INFO [01-15|23:49:59.721] Unindexed transactions                   blocks=1   txs=12      tail=14,065,585 elapsed="602.742µs"
INFO [01-15|23:50:13.466] Imported new potential chain segment     blocks=1   txs=174     mgas=22.683  elapsed=161.884ms   mgasps=140.116 number=16,415,585 hash=1f3b42..301bd3 dirty=960.68MiB
INFO [01-15|23:50:13.489] Chain head was updated                   number=16,415,585 hash=1f3b42..301bd3 root=258ba1..1973a2 elapsed=10.736358ms
INFO [01-15|23:50:13.493] Unindexed transactions                   blocks=1   txs=172     tail=14,065,586 elapsed=3.764ms
ERROR[01-15|23:50:22.603] Error in block freeze operation          err="block receipts missing, can't freeze block 15256595"
INFO [01-15|23:50:24.333] Imported new potential chain segment     blocks=1   txs=123     mgas=11.038  elapsed=138.721ms   mgasps=79.573  number=16,415,586 hash=8bb5bf..880006 dirty=960.55MiB
INFO [01-15|23:50:24.345] Chain head was updated                   number=16,415,586 hash=8bb5bf..880006 root=b1b9a7..4d2d70 elapsed=3.645387ms
INFO [01-15|23:50:24.347] Unindexed transactions                   blocks=1   txs=217     tail=14,065,587 elapsed=2.366ms
INFO [01-15|23:50:36.594] Imported new potential chain segment     blocks=1   txs=72      mgas=29.969  elapsed=123.462ms   mgasps=242.737 number=16,415,587 hash=68410b..fb554f dirty=962.07MiB
INFO [01-15|23:50:36.612] Chain head was updated                   number=16,415,587 hash=68410b..fb554f root=e21bb7..723856 elapsed=5.218796ms
INFO [01-15|23:50:36.619] Unindexed transactions                   blocks=1   txs=279     tail=14,065,588 elapsed=6.263ms
INFO [01-15|23:50:48.273] Imported new potential chain segment     blocks=1   txs=142     mgas=17.061  elapsed=108.520ms   mgasps=157.210 number=16,415,588 hash=b6da0c..837745 dirty=962.76MiB
INFO [01-15|23:50:48.323] Chain head was updated                   number=16,415,588 hash=b6da0c..837745 root=7c2e2e..a4ac16 elapsed=4.154174ms
INFO [01-15|23:50:48.326] Unindexed transactions                   blocks=1   txs=261     tail=14,065,589 elapsed=2.779ms
INFO [01-15|23:51:00.286] Imported new potential chain segment     blocks=1   txs=118     mgas=14.211  elapsed=95.365ms    mgasps=149.018 number=16,415,589 hash=e2b7a8..7ef3ad dirty=962.99MiB
INFO [01-15|23:51:00.298] Chain head was updated                   number=16,415,589 hash=e2b7a8..7ef3ad root=d77a1a..9e2535 elapsed=5.47402ms
INFO [01-15|23:51:00.302] Unindexed transactions                   blocks=1   txs=158     tail=14,065,590 elapsed=3.516ms
INFO [01-15|23:51:12.228] Imported new potential chain segment     blocks=1   txs=144     mgas=19.855  elapsed=116.738ms   mgasps=170.080 number=16,415,590 hash=651fb5..2f3982 dirty=963.54MiB
INFO [01-15|23:51:12.282] Chain head was updated                   number=16,415,590 hash=651fb5..2f3982 root=191e36..483648 elapsed=4.593818ms
INFO [01-15|23:51:12.284] Unindexed transactions                   blocks=1   txs=64      tail=14,065,591 elapsed=1.091ms
ERROR[01-15|23:51:22.612] Error in block freeze operation          err="block receipts missing, can't freeze block 15256595"
INFO [01-15|23:51:24.213] Imported new potential chain segment     blocks=1   txs=128     mgas=11.090  elapsed=96.000ms    mgasps=115.522 number=16,415,591 hash=a548cd..a23f9a dirty=963.29MiB
INFO [01-15|23:51:24.225] Chain head was updated                   number=16,415,591 hash=a548cd..a23f9a root=e8b55a..f8397c elapsed=4.075094ms
INFO [01-15|23:51:24.229] Unindexed transactions                   blocks=1   txs=328     tail=14,065,592 elapsed=4.360ms
INFO [01-15|23:51:36.329] Imported new potential chain segment     blocks=1   txs=120     mgas=11.218  elapsed=101.283ms   mgasps=110.758 number=16,415,592 hash=d98549..60af48 dirty=963.08MiB
INFO [01-15|23:51:36.371] Chain head was updated                   number=16,415,592 hash=d98549..60af48 root=a02472..a96803 elapsed=6.999119ms
INFO [01-15|23:51:36.377] Unindexed transactions                   blocks=1   txs=224     tail=14,065,593 elapsed=5.150ms
INFO [01-15|23:51:48.235] Imported new potential chain segment     blocks=1   txs=110     mgas=10.946  elapsed=79.361ms    mgasps=137.923 number=16,415,593 hash=c69620..fc1da4 dirty=963.14MiB
INFO [01-15|23:51:48.266] Chain head was updated                   number=16,415,593 hash=c69620..fc1da4 root=aad699..1e0cac elapsed=4.525773ms
INFO [01-15|23:51:48.270] Unindexed transactions                   blocks=1   txs=241     tail=14,065,594 elapsed=4.228ms
INFO [01-15|23:51:59.855] Imported new potential chain segment     blocks=1   txs=106     mgas=9.206   elapsed=108.540ms   mgasps=84.818  number=16,415,594 hash=ab1ef0..3c7602 dirty=963.14MiB
INFO [01-15|23:51:59.876] Chain head was updated                   number=16,415,594 hash=ab1ef0..3c7602 root=e31d00..e17e0f elapsed=7.723826ms
INFO [01-15|23:51:59.877] Unindexed transactions                   blocks=1   txs=24      tail=14,065,595 elapsed=1.036ms
INFO [01-15|23:52:12.344] Imported new potential chain segment     blocks=1   txs=183     mgas=17.163  elapsed=107.576ms   mgasps=159.544 number=16,415,595 hash=4c7c6c..97ccc8 dirty=963.68MiB
INFO [01-15|23:52:12.363] Chain head was updated                   number=16,415,595 hash=4c7c6c..97ccc8 root=86d429..563dee elapsed=5.721112ms
INFO [01-15|23:52:12.369] Unindexed transactions                   blocks=1   txs=369     tail=14,065,596 elapsed=6.235ms
ERROR[01-15|23:52:22.620] Error in block freeze operation          err="block receipts missing, can't freeze block 15256595"
INFO [01-15|23:52:25.927] Imported new potential chain segment     blocks=1   txs=110     mgas=11.074  elapsed=940.652ms   mgasps=11.773  number=16,415,596 hash=f8e438..4c1af7 dirty=963.82MiB
INFO [01-15|23:52:25.939] Chain head was updated                   number=16,415,596 hash=f8e438..4c1af7 root=859f52..95e2cb elapsed=4.02313ms
INFO [01-15|23:52:25.947] Unindexed transactions                   blocks=1   txs=215     tail=14,065,597 elapsed=7.677ms
INFO [01-15|23:52:36.941] Imported new potential chain segment     blocks=1   txs=106     mgas=11.770  elapsed=98.286ms    mgasps=119.749 number=16,415,597 hash=f06d49..3733dc dirty=963.43MiB
INFO [01-15|23:52:36.954] Chain head was updated                   number=16,415,597 hash=f06d49..3733dc root=1917b8..b6b0f1 elapsed=5.091038ms
INFO [01-15|23:52:36.960] Unindexed transactions                   blocks=1   txs=198     tail=14,065,598 elapsed=5.415ms