Sending build context to Docker daemon  336.4kB
Step 1/2 : FROM sdaschner/wildfly:javaee8-kafka-b1
javaee8-kafka-b1: Pulling from sdaschner/wildfly
469cfcc7a4b3: Pulling fs layer
05677e4d61f0: Pulling fs layer
a9520f492457: Pulling fs layer
4d201219d6b1: Pulling fs layer
ea67bbe40b46: Pulling fs layer
11e2b40d2810: Pulling fs layer
12be7d4a7e82: Pulling fs layer
d3574ef9e970: Pulling fs layer
0adc2262afcb: Pulling fs layer
4d201219d6b1: Waiting
ea67bbe40b46: Waiting
11e2b40d2810: Waiting
d3574ef9e970: Waiting
12be7d4a7e82: Waiting
0adc2262afcb: Waiting
a9520f492457: Verifying Checksum
a9520f492457: Download complete
05677e4d61f0: Verifying Checksum
05677e4d61f0: Download complete
469cfcc7a4b3: Verifying Checksum
469cfcc7a4b3: Download complete
11e2b40d2810: Download complete
4d201219d6b1: Verifying Checksum
4d201219d6b1: Download complete
12be7d4a7e82: Download complete
469cfcc7a4b3: Pull complete
05677e4d61f0: Pull complete
a9520f492457: Pull complete
d3574ef9e970: Verifying Checksum
d3574ef9e970: Download complete
0adc2262afcb: Download complete
4d201219d6b1: Pull complete
ea67bbe40b46: Download complete
ea67bbe40b46: Pull complete
11e2b40d2810: Pull complete
12be7d4a7e82: Pull complete
d3574ef9e970: Pull complete
0adc2262afcb: Pull complete
Digest: sha256:400ebb4045fdad98ed12bc7464cc7bf737f416587a105b1bfdb9cfd9da1ce42d
Status: Downloaded newer image for sdaschner/wildfly:javaee8-kafka-b1
 ---> 7a638cd4a3c8
Step 2/2 : COPY build/libs/barista.war $DEPLOYMENT_DIR
