INFO [01-17|08:41:48.477] Unindexed transactions                   blocks=1     txs=312       tail=14,075,391 elapsed=9.947ms
INFO [01-17|08:42:00.765] Imported new potential chain segment     blocks=1     txs=104       mgas=12.000  elapsed=84.478ms    mgasps=142.053 number=16,425,391 hash=39a7e6..b274b6 dirty=1022.39MiB
INFO [01-17|08:42:00.826] Chain head was updated                   number=16,425,391 hash=39a7e6..b274b6 root=92df29..2c1009 elapsed=7.516484ms
INFO [01-17|08:42:00.827] Unindexed transactions                   blocks=1     txs=48        tail=14,075,392 elapsed=1.040ms
INFO [01-17|08:42:12.273] Imported new potential chain segment     blocks=1     txs=110       mgas=20.917  elapsed=148.098ms   mgasps=141.236 number=16,425,392 hash=b53461..1a3167 dirty=1022.79MiB
INFO [01-17|08:42:12.290] Chain head was updated                   number=16,425,392 hash=b53461..1a3167 root=59c15c..00288c elapsed=8.16804ms
INFO [01-17|08:42:12.291] Unindexed transactions                   blocks=1     txs=35        tail=14,075,393 elapsed=1.143ms
INFO [01-17|08:42:23.996] Imported new potential chain segment     blocks=1     txs=112       mgas=13.876  elapsed=96.870ms    mgasps=143.243 number=16,425,393 hash=6c314f..98737d dirty=1022.66MiB
INFO [01-17|08:42:24.006] Chain head was updated                   number=16,425,393 hash=6c314f..98737d root=9530da..01776a elapsed=2.719888ms
INFO [01-17|08:42:24.014] Unindexed transactions                   blocks=1     txs=437       tail=14,075,394 elapsed=7.955ms
ERROR[01-17|08:42:35.380] Error in block freeze operation          err="block receipts missing, can't freeze block 15256595"
INFO [01-17|08:42:36.275] Imported new potential chain segment     blocks=1     txs=98        mgas=8.435   elapsed=78.109ms    mgasps=107.983 number=16,425,394 hash=264101..411f40 dirty=1022.73MiB
INFO [01-17|08:42:36.329] Chain head was updated                   number=16,425,394 hash=264101..411f40 root=468788..331266 elapsed=2.701692ms
INFO [01-17|08:42:36.335] Unindexed transactions                   blocks=1     txs=278       tail=14,075,395 elapsed=5.557ms
INFO [01-17|08:42:48.124] Imported new potential chain segment     blocks=1     txs=177       mgas=29.996  elapsed=180.335ms   mgasps=166.336 number=16,425,395 hash=337b75..94a3d3 dirty=1021.39MiB
INFO [01-17|08:42:48.138] Chain head was updated                   number=16,425,395 hash=337b75..94a3d3 root=81d65c..f99480 elapsed=4.523279ms
INFO [01-17|08:42:48.143] Unindexed transactions                   blocks=1     txs=137       tail=14,075,396 elapsed=4.237ms
INFO [01-17|08:42:48.829] Writing clean trie cache to disk         path=/home/long/nvme/data-dir/geth/triecache threads=1
INFO [01-17|08:42:48.830] Regenerated local transaction journal    transactions=0 accounts=0
INFO [01-17|08:42:49.765] Persisted the clean trie cache           path=/home/long/nvme/data-dir/geth/triecache elapsed=936.163ms
INFO [01-17|08:43:00.323] Imported new potential chain segment     blocks=1     txs=99        mgas=8.818   elapsed=86.921ms    mgasps=101.446 number=16,425,396 hash=369021..7f5c08 dirty=1021.46MiB
INFO [01-17|08:43:00.335] Chain head was updated                   number=16,425,396 hash=369021..7f5c08 root=4b958a..785123 elapsed=1.986087ms
INFO [01-17|08:43:00.336] Unindexed transactions                   blocks=1     txs=10        tail=14,075,397 elapsed="586.795µs"
INFO [01-17|08:43:13.651] Imported new potential chain segment     blocks=1     txs=126       mgas=20.411  elapsed=127.792ms   mgasps=159.716 number=16,425,397 hash=0445ac..2e43c0 dirty=1022.23MiB
INFO [01-17|08:43:13.668] Chain head was updated                   number=16,425,397 hash=0445ac..2e43c0 root=eee9d5..f98da8 elapsed=3.948894ms
INFO [01-17|08:43:13.675] Unindexed transactions                   blocks=1     txs=309       tail=14,075,398 elapsed=6.722ms
INFO [01-17|08:43:24.839] Imported new potential chain segment     blocks=1     txs=89        mgas=6.179   elapsed=57.679ms    mgasps=107.122 number=16,425,398 hash=a533d4..c24d96 dirty=1022.08MiB
INFO [01-17|08:43:24.910] Chain head was updated                   number=16,425,398 hash=a533d4..c24d96 root=6db391..83f1b8 elapsed=4.317651ms
INFO [01-17|08:43:24.910] Unindexed transactions                   blocks=1     txs=0         tail=14,075,399 elapsed="262.848µs"
ERROR[01-17|08:43:35.394] Error in block freeze operation          err="block receipts missing, can't freeze block 15256595"
INFO [01-17|08:43:36.602] Imported new potential chain segment     blocks=1     txs=123       mgas=14.486  elapsed=692.887ms   mgasps=20.907  number=16,425,399 hash=9570e0..e4b8f2 dirty=1022.49MiB
INFO [01-17|08:43:36.625] Chain head was updated                   number=16,425,399 hash=9570e0..e4b8f2 root=2e9e33..d72c73 elapsed=9.305767ms
INFO [01-17|08:43:36.628] Unindexed transactions                   blocks=1     txs=169       tail=14,075,400 elapsed=3.413ms
INFO [01-17|08:43:47.601] Imported new potential chain segment     blocks=1     txs=14        mgas=0.552   elapsed=27.979ms    mgasps=19.730  number=16,425,400 hash=c57e45..ac2a15 dirty=1021.09MiB
INFO [01-17|08:43:47.750] Chain head was updated                   number=16,425,400 hash=c57e45..ac2a15 root=055994..425078 elapsed="330.509µs"
INFO [01-17|08:43:47.751] Unindexed transactions                   blocks=1     txs=12        tail=14,075,401 elapsed="510.286µs"
INFO [01-17|08:44:01.598] Imported new potential chain segment     blocks=1     txs=238       mgas=28.816  elapsed=210.783ms   mgasps=136.709 number=16,425,401 hash=2ee03c..f4a34f dirty=1022.85MiB
INFO [01-17|08:44:01.624] Chain head was updated                   number=16,425,401 hash=2ee03c..f4a34f root=c39aa2..68ca4f elapsed=12.443762ms
INFO [01-17|08:44:01.628] Unindexed transactions                   blocks=1     txs=352       tail=14,075,402 elapsed=4.113ms
INFO [01-17|08:44:12.895] Imported new potential chain segment     blocks=1     txs=174       mgas=21.049  elapsed=168.907ms   mgasps=124.617 number=16,425,402 hash=955c1e..68cfac dirty=1022.77MiB
INFO [01-17|08:44:12.917] Chain head was updated                   number=16,425,402 hash=955c1e..68cfac root=d22f81..bdbf47 elapsed=10.259479ms
INFO [01-17|08:44:12.924] Unindexed transactions                   blocks=1     txs=331       tail=14,075,403 elapsed=6.274ms
INFO [01-17|08:44:25.335] Imported new potential chain segment     blocks=1     txs=68        mgas=29.982  elapsed=483.441ms   mgasps=62.018  number=16,425,403 hash=62abe1..115f28 dirty=1022.16MiB
INFO [01-17|08:44:25.351] Chain head was updated                   number=16,425,403 hash=62abe1..115f28 root=56aa00..30e9b4 elapsed=4.504332ms
INFO [01-17|08:44:25.355] Unindexed transactions                   blocks=1     txs=170       tail=14,075,404 elapsed=3.830ms
ERROR[01-17|08:44:35.408] Error in block freeze operation          err="block receipts missing, can't freeze block 15256595"
INFO [01-17|08:44:37.524] Imported new potential chain segment     blocks=1     txs=153       mgas=25.758  elapsed=172.068ms   mgasps=149.696 number=16,425,404 hash=f9226e..5f6dee dirty=1022.82MiB
INFO [01-17|08:44:37.549] Chain head was updated                   number=16,425,404 hash=f9226e..5f6dee root=3a635b..af38ab elapsed=10.560971ms
INFO [01-17|08:44:37.550] Unindexed transactions                   blocks=1     txs=28        tail=14,075,405 elapsed="966.317µs"
INFO [01-17|08:44:49.315] Imported new potential chain segment     blocks=1     txs=123       mgas=11.888  elapsed=106.517ms   mgasps=111.603 number=16,425,405 hash=1052cb..b8eb0e dirty=1022.58MiB
INFO [01-17|08:44:49.336] Chain head was updated                   number=16,425,405 hash=1052cb..b8eb0e root=c13cba..c0a0ff elapsed=6.846918ms
INFO [01-17|08:44:49.340] Unindexed transactions                   blocks=1     txs=188       tail=14,075,406 elapsed=3.829ms
INFO [01-17|08:45:00.263] Imported new potential chain segment     blocks=1     txs=102       mgas=7.898   elapsed=60.773ms    mgasps=129.959 number=16,425,406 hash=df00d5..e98c49 dirty=1022.34MiB
INFO [01-17|08:45:00.297] Chain head was updated                   number=16,425,406 hash=df00d5..e98c49 root=0fb4fe..68c9e6 elapsed=1.811783ms
INFO [01-17|08:45:00.303] Unindexed transactions                   blocks=1     txs=278       tail=14,075,407 elapsed=5.430ms
INFO [01-17|08:45:13.180] Imported new potential chain segment     blocks=1     txs=124       mgas=12.772  elapsed=123.801ms   mgasps=103.168 number=16,425,407 hash=26d683..cf6993 dirty=1022.51MiB
INFO [01-17|08:45:13.201] Chain head was updated                   number=16,425,407 hash=26d683..cf6993 root=de80ba..c4bd57 elapsed=7.200546ms
INFO [01-17|08:45:13.207] Unindexed transactions                   blocks=1     txs=318       tail=14,075,408 elapsed=6.052ms
WARN [01-17|08:45:17.138] Snapshot extension registration failed   peer=88f932f1 err="peer connected on snap without compatible eth support"
INFO [01-17|08:45:24.113] Imported new potential chain segment     blocks=1     txs=128       mgas=16.145  elapsed=110.851ms   mgasps=145.649 number=16,425,408 hash=c23950..80a0c0 dirty=1022.74MiB
INFO [01-17|08:45:24.134] Chain head was updated                   number=16,425,408 hash=c23950..80a0c0 root=d907b7..0882b9 elapsed=8.899934ms
INFO [01-17|08:45:24.137] Unindexed transactions                   blocks=1     txs=106       tail=14,075,409 elapsed=2.696ms
ERROR[01-17|08:45:35.417] Error in block freeze operation          err="block receipts missing, can't freeze block 15256595"
INFO [01-17|08:45:35.782] Imported new potential chain segment     blocks=1     txs=7         mgas=0.206   elapsed=24.236ms    mgasps=8.486   number=16,425,409 hash=9a06ee..94dd67 dirty=1021.78MiB
INFO [01-17|08:45:35.881] Chain head was updated                   number=16,425,409 hash=9a06ee..94dd67 root=651163..fcf619 elapsed="368.159µs"
INFO [01-17|08:45:35.881] Unindexed transactions                   blocks=1     txs=0         tail=14,075,410 elapsed="123.314µs"
INFO [01-17|08:45:48.809] Imported new potential chain segment     blocks=1     txs=257       mgas=29.946  elapsed=271.299ms   mgasps=110.381 number=16,425,410 hash=af9431..75f1ab dirty=1021.09MiB
INFO [01-17|08:45:48.837] Chain head was updated                   number=16,425,410 hash=af9431..75f1ab root=b25308..c5b816 elapsed=12.014332ms
INFO [01-17|08:45:48.842] Unindexed transactions                   blocks=1     txs=178       tail=14,075,411 elapsed=4.880ms
INFO [01-17|08:46:00.891] Imported new potential chain segment     blocks=1     txs=114       mgas=13.539  elapsed=108.832ms   mgasps=124.399 number=16,425,411 hash=311991..1ef8a8 dirty=1021.15MiB
INFO [01-17|08:46:00.917] Chain head was updated                   number=16,425,411 hash=311991..1ef8a8 root=381d60..feec71 elapsed=7.433479ms
INFO [01-17|08:46:00.924] Unindexed transactions                   blocks=1     txs=334       tail=14,075,412 elapsed=6.123ms
INFO [01-17|08:46:12.753] Imported new potential chain segment     blocks=1     txs=109       mgas=19.218  elapsed=156.337ms   mgasps=122.928 number=16,425,412 hash=6a6a26..226132 dirty=1021.63MiB
INFO [01-17|08:46:12.765] Chain head was updated                   number=16,425,412 hash=6a6a26..226132 root=373a45..cc76b3 elapsed=3.982397ms
INFO [01-17|08:46:12.769] Unindexed transactions                   blocks=1     txs=184       tail=14,075,413 elapsed=4.139ms
INFO [01-17|08:46:24.837] Imported new potential chain segment     blocks=1     txs=103       mgas=12.731  elapsed=78.170ms    mgasps=162.861 number=16,425,413 hash=f11a3e..6e8eea dirty=1021.46MiB
INFO [01-17|08:46:24.886] Chain head was updated                   number=16,425,413 hash=f11a3e..6e8eea root=e71ca1..601bf2 elapsed=6.666025ms
INFO [01-17|08:46:24.888] Unindexed transactions                   blocks=1     txs=86        tail=14,075,414 elapsed=2.102ms
ERROR[01-17|08:46:35.432] Error in block freeze operation          err="block receipts missing, can't freeze block 15256595"
INFO [01-17|08:46:35.661] Imported new potential chain segment     blocks=1     txs=16        mgas=1.630   elapsed=35.248ms    mgasps=46.253  number=16,425,414 hash=306752..f6825b dirty=1020.65MiB
INFO [01-17|08:46:35.738] Chain head was updated                   number=16,425,414 hash=306752..f6825b root=aeede3..d97755 elapsed="824.043µs"
INFO [01-17|08:46:35.744] Unindexed transactions                   blocks=1     txs=338       tail=14,075,415 elapsed=6.029ms
INFO [01-17|08:46:48.120] Imported new potential chain segment     blocks=1     txs=205       mgas=29.918  elapsed=166.954ms   mgasps=179.200 number=16,425,415 hash=07af6a..fcd42d dirty=1022.13MiB
INFO [01-17|08:46:48.146] Chain head was updated                   number=16,425,415 hash=07af6a..fcd42d root=fd8b27..b0aa2b elapsed=11.167462ms
INFO [01-17|08:46:48.151] Unindexed transactions                   blocks=1     txs=195       tail=14,075,416 elapsed=4.166ms
INFO [01-17|08:47:00.259] Imported new potential chain segment     blocks=1     txs=104       mgas=13.463  elapsed=86.447ms    mgasps=155.730 number=16,425,416 hash=203fd8..99b8d3 dirty=1021.94MiB
INFO [01-17|08:47:00.280] Chain head was updated                   number=16,425,416 hash=203fd8..99b8d3 root=982672..89ecd1 elapsed=8.623099ms
INFO [01-17|08:47:00.282] Unindexed transactions                   blocks=1     txs=72        tail=14,075,417 elapsed=2.022ms
INFO [01-17|08:47:12.781] Imported new potential chain segment     blocks=1     txs=117       mgas=20.902  elapsed=124.023ms   mgasps=168.530 number=16,425,417 hash=b0d110..3e0c61 dirty=1022.42MiB
INFO [01-17|08:47:12.798] Chain head was updated                   number=16,425,417 hash=b0d110..3e0c61 root=5db927..ad71cb elapsed=8.116918ms
INFO [01-17|08:47:12.801] Unindexed transactions                   blocks=1     txs=156       tail=14,075,418 elapsed=3.334ms
INFO [01-17|08:47:24.797] Imported new potential chain segment     blocks=1     txs=97        mgas=14.292  elapsed=90.703ms    mgasps=157.564 number=16,425,418 hash=1540ef..c71b13 dirty=1022.44MiB
INFO [01-17|08:47:24.843] Chain head was updated                   number=16,425,418 hash=1540ef..c71b13 root=ce88ad..067a2d elapsed=7.01245ms
INFO [01-17|08:47:24.846] Unindexed transactions                   blocks=1     txs=302       tail=14,075,419 elapsed=2.316ms