2021-10-11 07:04:45 UTC  42/50 peers   744 bytes chain  0 bytes queue  RPC:  0 conn,    0 req/s,    0 µs
2021-10-11 07:05:03 UTC Imported #13395880 0x40ab…0700 (31 txs, 2.19 Mgas, 436 ms, 10.73 KiB)
2021-10-11 07:05:15 UTC  43/50 peers      5 MiB chain  0 bytes queue  RPC:  0 conn,    0 req/s,    0 µs
2021-10-11 07:05:18 UTC Imported #13395881 0xa6c7…b75a (158 txs, 20.55 Mgas, 2537 ms, 73.58 KiB)
2021-10-11 07:05:38 UTC Imported #13395883 0xba8b…b175 (14 txs, 1.24 Mgas, 485 ms, 6.76 KiB)
2021-10-11 07:05:41 UTC Imported #13395884 0x0245…29f0 (137 txs, 11.08 Mgas, 3788 ms, 86.91 KiB)
2021-10-11 07:05:45 UTC  42/50 peers   744 bytes chain  0 bytes queue  RPC:  0 conn,    0 req/s,    0 µs
2021-10-11 07:06:07 UTC Imported #13395885 0x77ec…a741 (282 txs, 27.66 Mgas, 5995 ms, 117.73 KiB)
2021-10-11 07:06:15 UTC Imported #13395886 0x9e53…2893 (94 txs, 13.62 Mgas, 2449 ms, 32.14 KiB)
2021-10-11 07:06:19 UTC  43/50 peers     10 MiB chain  0 bytes queue  RPC:  0 conn,    0 req/s,    0 µs
2021-10-11 07:06:50 UTC  43/50 peers   744 bytes chain  0 bytes queue  RPC:  0 conn,    0 req/s,    0 µs
2021-10-11 07:07:00 UTC Imported #13395887 0x1c1b…fc9a (258 txs, 29.99 Mgas, 8629 ms, 87.38 KiB)
2021-10-11 07:07:24 UTC  43/50 peers      2 MiB chain  0 bytes queue  RPC:  0 conn,    0 req/s,    0 µs
2021-10-11 07:07:27 UTC Imported #13395889 0x9aad…7bda (71 txs, 11.89 Mgas, 2573 ms, 53.24 KiB)
2021-10-11 07:07:35 UTC Imported #13395890 0x5eb9…1040 (109 txs, 8.85 Mgas, 2587 ms, 33.97 KiB)
2021-10-11 07:07:49 UTC Imported #13395892 0xad3b…829a (31 txs, 2.17 Mgas, 1187 ms, 5.21 KiB)
2021-10-11 07:07:53 UTC Imported #13395893 0xf498…165b (69 txs, 4.02 Mgas, 1420 ms, 16.11 KiB)
2021-10-11 07:07:55 UTC Imported #13395894 0x6964…30a6 (0 txs, 0.00 Mgas, 23 ms, 0.52 KiB)
2021-10-11 07:07:58 UTC  42/50 peers    0 bytes chain  0 bytes queue  RPC:  0 conn,    0 req/s,    0 µs
2021-10-11 07:08:29 UTC  43/50 peers      7 MiB chain  0 bytes queue  RPC:  0 conn,    0 req/s,    0 µs
2021-10-11 07:09:00 UTC  43/50 peers      7 MiB chain  0 bytes queue  RPC:  0 conn,    0 req/s,    0 µs
2021-10-11 07:09:02 UTC Imported #13395896 0xd0b3…e28f (289 txs, 29.81 Mgas, 6438 ms, 144.18 KiB)
2021-10-11 07:09:11 UTC Imported #13395897 0xb202…f2d2 (122 txs, 12.99 Mgas, 2765 ms, 45.25 KiB)
2021-10-11 07:09:20 UTC Imported #13395898 0x370e…22c3 (121 txs, 14.95 Mgas, 2934 ms, 49.80 KiB)
2021-10-11 07:09:30 UTC  43/50 peers   744 bytes chain  0 bytes queue  RPC:  0 conn,    0 req/s,    0 µs
2021-10-11 07:09:36 UTC Imported #13395899 0xc294…6bcd (136 txs, 8.43 Mgas, 2175 ms, 35.89 KiB)
2021-10-11 07:10:00 UTC  43/50 peers      5 MiB chain  0 bytes queue  RPC:  0 conn,    0 req/s,    0 µs
2021-10-11 07:10:13 UTC Imported #13395901 0x7c92…e97a (34 txs, 6.37 Mgas, 1798 ms, 14.12 KiB)
2021-10-11 07:10:19 UTC Imported #13395902 0x234f…7e7b (136 txs, 12.99 Mgas, 2805 ms, 47.59 KiB)
2021-10-11 07:10:34 UTC  43/50 peers   744 bytes chain  0 bytes queue  RPC:  0 conn,    0 req/s,    0 µs
2021-10-11 07:11:04 UTC  43/50 peers   744 bytes chain  0 bytes queue  RPC:  0 conn,    0 req/s,    0 µs
2021-10-11 07:11:07 UTC Imported #13395903 0x870a…7801 (355 txs, 29.99 Mgas, 7000 ms, 144.37 KiB)
2021-10-11 07:11:17 UTC Imported #13395904 0x6de3…0f0e (146 txs, 15.32 Mgas, 3721 ms, 57.38 KiB)