2021-10-11 06:59:35 UTC Imported #13395860 0x96ab…9e8c (169 txs, 12.85 Mgas, 4601 ms, 47.58 KiB)
2021-10-11 06:59:43 UTC Imported #13395861 0x7481…dd45 (75 txs, 9.56 Mgas, 2631 ms, 28.25 KiB)
2021-10-11 06:59:50 UTC Imported #13395862 0x5e24…e323 (99 txs, 13.09 Mgas, 5876 ms, 78.94 KiB)
2021-10-11 07:00:01 UTC Imported #13395864 0x7445…087d (69 txs, 3.83 Mgas, 2097 ms, 16.15 KiB)
2021-10-11 07:00:05 UTC  44/50 peers   744 bytes chain  0 bytes queue  RPC:  0 conn,    0 req/s,    0 µs
2021-10-11 07:00:14 UTC Imported #13395865 0x9153…1bbc (223 txs, 19.49 Mgas, 7870 ms, 131.97 KiB)
2021-10-11 07:00:40 UTC  43/50 peers    0 bytes chain  0 bytes queue  RPC:  0 conn,    0 req/s,    0 µs
2021-10-11 07:00:52 UTC Imported #13395866 0xed41…8b1d (343 txs, 29.99 Mgas, 11869 ms, 126.06 KiB)
2021-10-11 07:01:10 UTC  43/50 peers      5 MiB chain  0 bytes queue  RPC:  0 conn,    0 req/s,    0 µs
2021-10-11 07:01:17 UTC Imported #13395868 0x381f…ffdf (27 txs, 6.74 Mgas, 870 ms, 100.21 KiB)
2021-10-11 07:01:25 UTC Updated conversion rate to Ξ1 = US$3521.75 (1352141.6 wei/gas)
2021-10-11 07:01:26 UTC Imported #13395869 0x29fc…0ac3 (131 txs, 18.87 Mgas, 3824 ms, 65.38 KiB)
2021-10-11 07:01:44 UTC  44/50 peers      4 MiB chain  0 bytes queue  RPC:  0 conn,    0 req/s,    0 µs
2021-10-11 07:01:47 UTC Imported #13395870 0xbc35…240f (218 txs, 15.75 Mgas, 3781 ms, 83.28 KiB)
2021-10-11 07:02:14 UTC  44/50 peers   744 bytes chain  0 bytes queue  RPC:  0 conn,    0 req/s,    0 µs
2021-10-11 07:02:44 UTC  44/50 peers      3 MiB chain   64 KiB queue  RPC:  0 conn,    0 req/s,    0 µs
2021-10-11 07:02:54 UTC Imported #13395872 0xfb51…e438 (221 txs, 25.16 Mgas, 6333 ms, 110.19 KiB)
2021-10-11 07:03:14 UTC  44/50 peers      5 MiB chain  0 bytes queue  RPC:  0 conn,    0 req/s,    0 µs
2021-10-11 07:03:20 UTC Imported #13395873 0x6c78…a3e9 (91 txs, 4.43 Mgas, 1274 ms, 24.97 KiB)
2021-10-11 07:03:28 UTC Imported #13395874 0xb8e1…0153 (164 txs, 13.67 Mgas, 3733 ms, 61.32 KiB)
2021-10-11 07:03:33 UTC Imported #13395875 0xa715…d881 (85 txs, 8.98 Mgas, 1955 ms, 42.62 KiB)
2021-10-11 07:03:44 UTC  43/50 peers      8 MiB chain  0 bytes queue  RPC:  0 conn,    0 req/s,    0 µs
2021-10-11 07:03:56 UTC Imported #13395876 0x95e5…993b (270 txs, 26.67 Mgas, 4842 ms, 115.32 KiB)
2021-10-11 07:04:15 UTC  43/50 peers      6 MiB chain  0 bytes queue  RPC:  0 conn,    0 req/s,    0 µs
2021-10-11 07:04:31 UTC Imported #13395878 0xfe0d…75a0 (57 txs, 6.50 Mgas, 2727 ms, 29.76 KiB)
2021-10-11 07:04:45 UTC  42/50 peers   744 bytes chain  0 bytes queue  RPC:  0 conn,    0 req/s,    0 µs
2021-10-11 07:05:03 UTC Imported #13395880 0x40ab…0700 (31 txs, 2.19 Mgas, 436 ms, 10.73 KiB)
2021-10-11 07:05:15 UTC  43/50 peers      5 MiB chain  0 bytes queue  RPC:  0 conn,    0 req/s,    0 µs
2021-10-11 07:05:18 UTC Imported #13395881 0xa6c7…b75a (158 txs, 20.55 Mgas, 2537 ms, 73.58 KiB)
2021-10-11 07:05:38 UTC Imported #13395883 0xba8b…b175 (14 txs, 1.24 Mgas, 485 ms, 6.76 KiB)
2021-10-11 07:05:41 UTC Imported #13395884 0x0245…29f0 (137 txs, 11.08 Mgas, 3788 ms, 86.91 KiB)
2021-10-11 07:05:45 UTC  42/50 peers   744 bytes chain  0 bytes queue  RPC:  0 conn,    0 req/s,    0 µs
2021-10-11 07:06:07 UTC Imported #13395885 0x77ec…a741 (282 txs, 27.66 Mgas, 5995 ms, 117.73 KiB)
2021-10-11 07:06:15 UTC Imported #13395886 0x9e53…2893 (94 txs, 13.62 Mgas, 2449 ms, 32.14 KiB)