$ python steady_state_analyzer.py -c experiments/openethereum/experiment_config_openethereum.ini --host http://localhost:9090 --start=2021-10-10T13:00:00+02:00 --end=2021-10-10T18:00:00+02:00

+--------------+--------------+------------------+----------------------+------------------------------+------------------------+
| Syscall Name |  Error Code  | Samples in Total | Invocations in Total |         Failure Rate         |        Variance        |
+--------------+--------------+------------------+----------------------+------------------------------+------------------------+
|   accept4    |    EAGAIN    |       1201       |        37139         | 0.500000, 0.499784, 0.500000 | 3.376505992255506e-05  |
|   accept4    |   SUCCESS    |        -         |        37166         |              -               |           -            |
|   connect    | EINPROGRESS  |        11        |         197          | 0.142857, 0.610390, 1.000000 |  0.18215550683083148   |
|   connect    |   SUCCESS    |        -         |          30          |              -               |           -            |
|  epoll_ctl   |    ENOENT    |        2         |          2           | 0.000473, 0.000573, 0.000672 | 1.2280322701097406e-08 |
|  epoll_ctl   |   SUCCESS    |        -         |       1894513        |              -               |           -            |
|    futex     |    EAGAIN    |       1201       |        315774        | 0.003873, 0.018244, 0.041431 | 0.00020529076714432144 |
|    futex     |  ETIMEDOUT   |       1201       |        311692        | 0.013656, 0.022133, 0.032932 | 3.5408516983878535e-05 |
|    futex     |   SUCCESS    |        -         |       15018339       |              -               |           -            |
|    ioctl     |    ENOTTY    |       977        |         5782         | 0.000126, 0.003360, 0.019446 | 3.732012661953152e-05  |
|    ioctl     |   SUCCESS    |        -         |       5770425        |              -               |           -            |
|    mkdir     |    EEXIST    |        60        |          60          | 1.000000, 1.000000, 1.000000 |          0.0           |
|    mkdir     |   SUCCESS    |        -         |          0           |              -               |           -            |
|     read     |    EAGAIN    |       1201       |       3124212        | 0.152974, 0.285501, 0.461908 |  0.009965831950644159  |
|     read     |   SUCCESS    |        -         |       8878423        |              -               |           -            |
|    readv     |    EAGAIN    |       1201       |         3598         | 0.500000, 0.499845, 0.500000 | 7.151511222451838e-05  |
|    readv     |   SUCCESS    |        -         |         3599         |              -               |           -            |
|   recvfrom   |    EAGAIN    |       1201       |        600883        | 0.124551, 0.170270, 0.220615 | 0.0010567440405427092  |
|   recvfrom   |  ECONNRESET  |        1         |          1           | 0.000012, 0.000012, 0.000012 |          0.0           |
|   recvfrom   |   SUCCESS    |        -         |       3504014        |              -               |           -            |
|    sendto    | EAFNOSUPPORT |        1         |          1           | 0.001366, 0.001366, 0.001366 |          0.0           |
|    sendto    |    EAGAIN    |        19        |          48          | 0.000823, 0.003007, 0.008942 | 1.651343136618695e-05  |
|    sendto    |    EPIPE     |        5         |          49          | 0.001426, 0.011100, 0.028205 | 0.00013825836866988874 |
|    sendto    |   SUCCESS    |        -         |        898036        |              -               |           -            |
+--------------+--------------+------------------+----------------------+------------------------------+------------------------+

+----------------------+-----------+--------------------+-----------+---------------------+
|     Metric Name      |    Min    |        Mean        |    Max    |       Variance      |
+----------------------+-----------+--------------------+-----------+---------------------+
| blockchaincache_size | 2392592.0 | 5457496.572855953  | 6264320.0 |  1539240020111.9768 |
|    import_blocks     |    0.0    | 1.1415442173490917 |    3.0    |  1.844228539986005  |
|   kvdb_bytes_read    |   7902.6  | 294787.1091303721  |  703060.3 |  155035057499.3713  |
|   kvdb_bytes_write   |    0.0    | 224657.4276775947  |  706636.6 |  68737740375.91461  |
|      peer_stats      |    30.0   | 30.605328892589508 |    31.0   | 0.31051281855739243 |
| sync_blocks_highest  |    0.0    | 1.1203159048120972 |    3.0    |  1.4445160932052183 |
| sync_blocks_recieved |    0.0    | 1.119066945611431  |    3.0    |  1.4416926746170637 |
+----------------------+-----------+--------------------+-----------+---------------------+