$ python steady_state_analyzer.py -c experiments/openethereum/experiment_config_openethereum.ini --host http://localhost:9090 --start=2021-10-10T18:00:00+02:00 --end=2021-10-10T23:00:00+02:00

+--------------+--------------+------------------+----------------------+------------------------------+------------------------+
| Syscall Name |  Error Code  | Samples in Total | Invocations in Total |         Failure Rate         |        Variance        |
+--------------+--------------+------------------+----------------------+------------------------------+------------------------+
|   accept4    |    EAGAIN    |       1201       |        38003         | 0.500000, 0.499850, 0.500000 | 1.1371247013982292e-06 |
|   accept4    |   SUCCESS    |        -         |        38027         |              -               |           -            |
|   connect    | EINPROGRESS  |        14        |         293          | 0.142857, 0.693878, 1.000000 |  0.16867971678467303   |
|   connect    |   SUCCESS    |        -         |          30          |              -               |           -            |
|    futex     |    EAGAIN    |       1201       |        322924        | 0.004181, 0.018279, 0.039510 | 0.00019594425143002318 |
|    futex     |  ETIMEDOUT   |       1201       |        312465        | 0.013759, 0.022520, 0.033200 | 3.744017311765289e-05  |
|    futex     |   SUCCESS    |        -         |       14706420       |              -               |           -            |
|    ioctl     |    ENOTTY    |       978        |         5766         | 0.000151, 0.003866, 0.021254 | 4.6486369273912164e-05 |
|    ioctl     |   SUCCESS    |        -         |       5032495        |              -               |           -            |
|    mkdir     |    EEXIST    |        60        |          60          | 1.000000, 1.000000, 1.000000 |          0.0           |
|    mkdir     |   SUCCESS    |        -         |          0           |              -               |           -            |
|     read     |    EAGAIN    |       1201       |       3100649        | 0.165156, 0.303793, 0.465122 |  0.009616021236201207  |
|     read     |   SUCCESS    |        -         |       8114083        |              -               |           -            |
|    readv     |    EAGAIN    |       1201       |         3598         | 0.500000, 0.499893, 0.500000 | 2.9385810498591494e-05 |
|    readv     |   SUCCESS    |        -         |         3599         |              -               |           -            |
|   recvfrom   |    EAGAIN    |       1201       |        552113        | 0.126809, 0.165886, 0.210254 | 0.0007520943000503224  |
|   recvfrom   |  ECONNRESET  |        1         |          1           | 0.000734, 0.000734, 0.000734 |          0.0           |
|   recvfrom   |   SUCCESS    |        -         |       3230418        |              -               |           -            |
|    sendto    | EAFNOSUPPORT |        2         |          2           | 0.001214, 0.001299, 0.001383 | 8.830208956679389e-09  |
|    sendto    |    EAGAIN    |        4         |          4           | 0.001089, 0.001152, 0.001217 | 2.769246708252954e-09  |
|    sendto    |    EPIPE     |        2         |          8           | 0.003452, 0.004849, 0.006247 | 2.4107924494584052e-06 |
|    sendto    |   SUCCESS    |        -         |        927195        |              -               |           -            |
+--------------+--------------+------------------+----------------------+------------------------------+------------------------+

+----------------------+-----------+--------------------+-----------+--------------------+
|     Metric Name      |    Min    |        Mean        |    Max    |      Variance      |
+----------------------+-----------+--------------------+-----------+--------------------+
| blockchaincache_size | 5163864.0 |  5822973.82847627  | 6255344.0 | 150052359478.64783 |
|    import_blocks     |    0.0    | 1.1827643630308076 |    4.5    | 1.9526504765318236 |
|   kvdb_bytes_read    |   6754.9  | 236344.38162827626 |  649268.0 | 47604838767.21646  |
|   kvdb_bytes_write   |    0.0    | 235215.6584512908  |  742857.9 | 74787713537.66162  |
|      peer_stats      |    30.0   | 30.848459616985846 |    32.0   | 0.4749539136481419 |
| sync_blocks_highest  |    0.0    | 1.061615320566195  |    3.0    | 1.4208496804979798 |
| sync_blocks_recieved |    0.0    | 1.0603663613655288 |    3.0    | 1.4178796326402925 |
+----------------------+-----------+--------------------+-----------+--------------------+