INFO [01-16|02:12:36.195] Unindexed transactions                   blocks=1    txs=291     tail=14,066,292 elapsed=5.608ms
INFO [01-16|02:12:48.249] Imported new potential chain segment     blocks=1    txs=150     mgas=11.843   elapsed=113.503ms    mgasps=104.339 number=16,416,292 hash=c2e0f2..037952 dirty=1022.57MiB
INFO [01-16|02:12:48.264] Chain head was updated                   number=16,416,292 hash=c2e0f2..037952 root=38e6be..3c192d elapsed=5.058907ms
INFO [01-16|02:12:48.270] Unindexed transactions                   blocks=1    txs=250     tail=14,066,293 elapsed=5.202ms
INFO [01-16|02:13:00.544] Imported new potential chain segment     blocks=1    txs=199     mgas=19.612   elapsed=163.052ms    mgasps=120.277 number=16,416,293 hash=f85f98..4eb49e dirty=1022.35MiB
INFO [01-16|02:13:00.566] Chain head was updated                   number=16,416,293 hash=f85f98..4eb49e root=929878..bf3c6d elapsed=11.287291ms
INFO [01-16|02:13:00.567] Unindexed transactions                   blocks=1    txs=78      tail=14,066,294 elapsed="910.829µs"
INFO [01-16|02:13:13.250] Imported new potential chain segment     blocks=1    txs=167     mgas=14.863   elapsed=128.069ms    mgasps=116.056 number=16,416,294 hash=a9dcda..acb33d dirty=1022.63MiB
INFO [01-16|02:13:13.272] Chain head was updated                   number=16,416,294 hash=a9dcda..acb33d root=9aaa6a..dc9a9b elapsed=10.049121ms
INFO [01-16|02:13:13.273] Unindexed transactions                   blocks=1    txs=117     tail=14,066,295 elapsed=1.321ms
ERROR[01-16|02:13:17.860] Error in block freeze operation          err="block receipts missing, can't freeze block 15256595"
INFO [01-16|02:13:21.291] Writing clean trie cache to disk         path=/home/long/nvme/data-dir/geth/triecache threads=1
INFO [01-16|02:13:21.292] Regenerated local transaction journal    transactions=0 accounts=0
INFO [01-16|02:13:22.175] Persisted the clean trie cache           path=/home/long/nvme/data-dir/geth/triecache elapsed=883.268ms
INFO [01-16|02:13:24.166] Imported new potential chain segment     blocks=1    txs=121     mgas=12.073   elapsed=161.493ms    mgasps=74.760  number=16,416,295 hash=0bc213..00fcbb dirty=1022.44MiB
INFO [01-16|02:13:24.187] Chain head was updated                   number=16,416,295 hash=0bc213..00fcbb root=8ffa22..dc4ce4 elapsed=8.144711ms
INFO [01-16|02:13:24.190] Unindexed transactions                   blocks=1    txs=397     tail=14,066,296 elapsed=3.387ms
INFO [01-16|02:13:36.993] Imported new potential chain segment     blocks=1    txs=128     mgas=12.656   elapsed=173.308ms    mgasps=73.027  number=16,416,296 hash=e8adae..13ca47 dirty=1022.42MiB
INFO [01-16|02:13:37.009] Chain head was updated                   number=16,416,296 hash=e8adae..13ca47 root=b2c329..0da326 elapsed=3.392512ms
INFO [01-16|02:13:37.011] Unindexed transactions                   blocks=1    txs=74      tail=14,066,297 elapsed=1.954ms
INFO [01-16|02:13:48.412] Imported new potential chain segment     blocks=1    txs=110     mgas=13.608   elapsed=109.641ms    mgasps=124.110 number=16,416,297 hash=a03d7a..3e7d0a dirty=1022.71MiB
INFO [01-16|02:13:48.430] Chain head was updated                   number=16,416,297 hash=a03d7a..3e7d0a root=e35356..241dba elapsed=5.520294ms
INFO [01-16|02:13:48.432] Unindexed transactions                   blocks=1    txs=51      tail=14,066,298 elapsed=1.346ms
INFO [01-16|02:14:00.365] Imported new potential chain segment     blocks=1    txs=112     mgas=11.739   elapsed=126.241ms    mgasps=92.992  number=16,416,298 hash=afd7ce..9ca9eb dirty=1022.36MiB
INFO [01-16|02:14:00.378] Chain head was updated                   number=16,416,298 hash=afd7ce..9ca9eb root=6f027f..3fb498 elapsed=3.470264ms
INFO [01-16|02:14:00.382] Unindexed transactions                   blocks=1    txs=336     tail=14,066,299 elapsed=3.804ms
INFO [01-16|02:14:12.394] Imported new potential chain segment     blocks=1    txs=157     mgas=20.403   elapsed=205.372ms    mgasps=99.346  number=16,416,299 hash=8dbea6..041fdf dirty=1022.37MiB
INFO [01-16|02:14:12.412] Chain head was updated                   number=16,416,299 hash=8dbea6..041fdf root=8153bc..702bff elapsed=9.306648ms
INFO [01-16|02:14:12.412] Unindexed transactions                   blocks=1    txs=0       tail=14,066,300 elapsed="144.177µs"
ERROR[01-16|02:14:17.865] Error in block freeze operation          err="block receipts missing, can't freeze block 15256595"
INFO [01-16|02:14:24.385] Imported new potential chain segment     blocks=1    txs=109     mgas=14.259   elapsed=107.190ms    mgasps=133.027 number=16,416,300 hash=01b3b5..95b0fa dirty=1022.50MiB
INFO [01-16|02:14:24.408] Chain head was updated                   number=16,416,300 hash=01b3b5..95b0fa root=5a163f..0e0f03 elapsed=10.004771ms
INFO [01-16|02:14:24.412] Unindexed transactions                   blocks=1    txs=164     tail=14,066,301 elapsed=4.115ms
INFO [01-16|02:14:36.860] Imported new potential chain segment     blocks=1    txs=137     mgas=25.666   elapsed=375.051ms    mgasps=68.434  number=16,416,301 hash=6dbce9..67ab7e dirty=1022.37MiB
INFO [01-16|02:14:36.878] Chain head was updated                   number=16,416,301 hash=6dbce9..67ab7e root=82ae0a..a42c60 elapsed=6.105864ms
INFO [01-16|02:14:36.884] Unindexed transactions                   blocks=1    txs=296     tail=14,066,302 elapsed=5.336ms
INFO [01-16|02:14:48.058] Imported new potential chain segment     blocks=1    txs=102     mgas=11.924   elapsed=99.763ms     mgasps=119.525 number=16,416,302 hash=9d0d5e..100b73 dirty=1021.87MiB
INFO [01-16|02:14:48.076] Chain head was updated                   number=16,416,302 hash=9d0d5e..100b73 root=53d252..f4649a elapsed=4.806724ms
INFO [01-16|02:14:48.076] Unindexed transactions                   blocks=1    txs=51      tail=14,066,303 elapsed="749.483µs"
INFO [01-16|02:15:00.339] Imported new potential chain segment     blocks=1    txs=96      mgas=8.844    elapsed=100.902ms    mgasps=87.649  number=16,416,303 hash=eef3f4..83f063 dirty=1021.51MiB
INFO [01-16|02:15:00.349] Chain head was updated                   number=16,416,303 hash=eef3f4..83f063 root=7a196c..2d3e67 elapsed=2.233585ms
INFO [01-16|02:15:00.352] Unindexed transactions                   blocks=1    txs=120     tail=14,066,304 elapsed=2.365ms
INFO [01-16|02:15:11.992] Imported new potential chain segment     blocks=1    txs=101     mgas=29.224   elapsed=123.455ms    mgasps=236.718 number=16,416,304 hash=65fd80..0cc9e2 dirty=1022.68MiB
INFO [01-16|02:15:12.008] Chain head was updated                   number=16,416,304 hash=65fd80..0cc9e2 root=116ee3..f407ed elapsed=5.908882ms
INFO [01-16|02:15:12.012] Unindexed transactions                   blocks=1    txs=226     tail=14,066,305 elapsed=4.399ms
ERROR[01-16|02:15:17.872] Error in block freeze operation          err="block receipts missing, can't freeze block 15256595"
INFO [01-16|02:15:25.502] Imported new potential chain segment     blocks=1    txs=139     mgas=12.721   elapsed=105.590ms    mgasps=120.473 number=16,416,305 hash=5fbd38..3e4b18 dirty=1022.36MiB
INFO [01-16|02:15:25.514] Chain head was updated                   number=16,416,305 hash=5fbd38..3e4b18 root=f7639d..489168 elapsed=4.76232ms
INFO [01-16|02:15:25.515] Unindexed transactions                   blocks=1    txs=53      tail=14,066,306 elapsed=1.361ms
INFO [01-16|02:15:35.849] Imported new potential chain segment     blocks=1    txs=99      mgas=8.500    elapsed=80.253ms     mgasps=105.917 number=16,416,306 hash=d21e31..a7bed2 dirty=1021.88MiB
INFO [01-16|02:15:35.870] Chain head was updated                   number=16,416,306 hash=d21e31..a7bed2 root=91084e..4a7e7c elapsed=5.196944ms
INFO [01-16|02:15:35.871] Unindexed transactions                   blocks=1    txs=36      tail=14,066,307 elapsed="769.354µs"
INFO [01-16|02:15:48.557] Imported new potential chain segment     blocks=1    txs=173     mgas=14.519   elapsed=113.184ms    mgasps=128.274 number=16,416,307 hash=525d3d..a6ce9d dirty=1022.19MiB
INFO [01-16|02:15:48.574] Chain head was updated                   number=16,416,307 hash=525d3d..a6ce9d root=f2fe07..a31029 elapsed=6.720392ms
INFO [01-16|02:15:48.577] Unindexed transactions                   blocks=1    txs=228     tail=14,066,308 elapsed=2.840ms
INFO [01-16|02:16:05.379] Imported new potential chain segment     blocks=1    txs=28      mgas=2.367    elapsed=41.910ms     mgasps=56.479  number=16,416,308 hash=6382ee..5f3fe8 dirty=1021.25MiB
INFO [01-16|02:16:05.405] Chain head was updated                   number=16,416,308 hash=6382ee..5f3fe8 root=aa8db6..c9c899 elapsed=1.08524ms
INFO [01-16|02:16:05.405] Unindexed transactions                   blocks=1    txs=0       tail=14,066,309 elapsed="113.884µs"
INFO [01-16|02:16:12.561] Imported new potential chain segment     blocks=1    txs=246     mgas=29.979   elapsed=208.970ms    mgasps=143.462 number=16,416,309 hash=7208d3..6cb462 dirty=1022.32MiB
INFO [01-16|02:16:12.585] Chain head was updated                   number=16,416,309 hash=7208d3..6cb462 root=a95452..1f77e9 elapsed=10.918079ms
INFO [01-16|02:16:12.592] Unindexed transactions                   blocks=1    txs=358     tail=14,066,310 elapsed=7.583ms
ERROR[01-16|02:16:17.882] Error in block freeze operation          err="block receipts missing, can't freeze block 15256595"
INFO [01-16|02:16:24.315] Imported new potential chain segment     blocks=1    txs=132     mgas=15.896   elapsed=121.430ms    mgasps=130.905 number=16,416,310 hash=7f53b5..5df82f dirty=1022.59MiB
INFO [01-16|02:16:24.342] Chain head was updated                   number=16,416,310 hash=7f53b5..5df82f root=91ae67..205005 elapsed=11.896935ms
INFO [01-16|02:16:24.347] Unindexed transactions                   blocks=1    txs=302     tail=14,066,311 elapsed=4.450ms
WARN [01-16|02:16:28.928] Snapshot extension registration failed   peer=7bcee16b err="peer connected on snap without compatible eth support"
INFO [01-16|02:16:36.642] Imported new potential chain segment     blocks=1    txs=106     mgas=10.638   elapsed=83.550ms     mgasps=127.324 number=16,416,311 hash=ebcf78..aa4a4e dirty=1022.57MiB
INFO [01-16|02:16:36.662] Chain head was updated                   number=16,416,311 hash=ebcf78..aa4a4e root=5c3c32..6bd529 elapsed=6.267356ms
INFO [01-16|02:16:36.665] Unindexed transactions                   blocks=1    txs=190     tail=14,066,312 elapsed=3.206ms
INFO [01-16|02:16:50.448] Imported new potential chain segment     blocks=1    txs=149     mgas=14.763   elapsed=129.440ms    mgasps=114.055 number=16,416,312 hash=9f122b..e33e04 dirty=1021.91MiB
INFO [01-16|02:16:50.469] Chain head was updated                   number=16,416,312 hash=9f122b..e33e04 root=9d289c..1083d5 elapsed=6.61335ms
INFO [01-16|02:16:50.472] Unindexed transactions                   blocks=1    txs=259     tail=14,066,313 elapsed=3.313ms
INFO [01-16|02:17:01.009] Imported new potential chain segment     blocks=1    txs=130     mgas=10.489   elapsed=96.998ms     mgasps=108.136 number=16,416,313 hash=2dd2d2..80c2e8 dirty=1022.13MiB
INFO [01-16|02:17:01.023] Chain head was updated                   number=16,416,313 hash=2dd2d2..80c2e8 root=593423..693395 elapsed=4.040424ms
INFO [01-16|02:17:01.024] Unindexed transactions                   blocks=1    txs=63      tail=14,066,314 elapsed="805.325µs"
INFO [01-16|02:17:12.592] Imported new potential chain segment     blocks=1    txs=162     mgas=16.707   elapsed=162.596ms    mgasps=102.753 number=16,416,314 hash=b0e1a7..694b35 dirty=1022.52MiB
INFO [01-16|02:17:12.612] Chain head was updated                   number=16,416,314 hash=b0e1a7..694b35 root=0c3921..99e9d9 elapsed=9.83959ms
INFO [01-16|02:17:12.614] Unindexed transactions                   blocks=1    txs=76      tail=14,066,315 elapsed=1.996ms
ERROR[01-16|02:17:17.894] Error in block freeze operation          err="block receipts missing, can't freeze block 15256595"
INFO [01-16|02:17:24.196] Imported new potential chain segment     blocks=1    txs=132     mgas=14.448   elapsed=127.200ms    mgasps=113.585 number=16,416,315 hash=b661d1..5ec8e2 dirty=1022.47MiB
INFO [01-16|02:17:24.218] Chain head was updated                   number=16,416,315 hash=b661d1..5ec8e2 root=7e9bbe..7d78b3 elapsed=9.100969ms
INFO [01-16|02:17:24.220] Unindexed transactions                   blocks=1    txs=98      tail=14,066,316 elapsed=1.592ms
INFO [01-16|02:17:36.474] Imported new potential chain segment     blocks=1    txs=118     mgas=11.586   elapsed=94.981ms     mgasps=121.976 number=16,416,316 hash=39d49b..2dd216 dirty=1022.09MiB
INFO [01-16|02:17:36.518] Chain head was updated                   number=16,416,316 hash=39d49b..2dd216 root=09f65b..a0806c elapsed=4.613377ms
INFO [01-16|02:17:36.519] Unindexed transactions                   blocks=1    txs=36      tail=14,066,317 elapsed="723.44µs"
INFO [01-16|02:17:48.790] Imported new potential chain segment     blocks=1    txs=77      mgas=11.491   elapsed=87.966ms     mgasps=130.626 number=16,416,317 hash=4dd050..8b5611 dirty=1021.51MiB
INFO [01-16|02:17:48.805] Chain head was updated                   number=16,416,317 hash=4dd050..8b5611 root=915d3d..b5f977 elapsed=7.313788ms
INFO [01-16|02:17:48.809] Unindexed transactions                   blocks=1    txs=274     tail=14,066,318 elapsed=3.583ms
INFO [01-16|02:18:00.933] Imported new potential chain segment     blocks=1    txs=236     mgas=29.996   elapsed=283.489ms    mgasps=105.809 number=16,416,318 hash=5535a4..3bd649 dirty=1022.80MiB
INFO [01-16|02:18:00.955] Chain head was updated                   number=16,416,318 hash=5535a4..3bd649 root=2d6822..49e925 elapsed=11.732679ms
INFO [01-16|02:18:00.959] Unindexed transactions                   blocks=1    txs=248     tail=14,066,319 elapsed=4.379ms
INFO [01-16|02:18:12.340] Imported new potential chain segment     blocks=1    txs=226     mgas=23.454   elapsed=205.896ms    mgasps=113.911 number=16,416,319 hash=90ab94..116a2e dirty=1022.70MiB
INFO [01-16|02:18:12.352] Chain head was updated                   number=16,416,319 hash=90ab94..116a2e root=c5a50f..73ea6b elapsed=4.9063ms
INFO [01-16|02:18:12.353] Unindexed transactions                   blocks=1    txs=109     tail=14,066,320 elapsed=1.402ms