}] 
2023-01-20 12:16:27.7309|Executing JSON RPC call eth_getBlockByNumber with params [0xfaef5d, False] 
2023-01-20 12:16:35.5319|Peers | with known best block: 98 | all: 100 | 
2023-01-20 12:16:35.7525|Received a new payload: 16447660 (0x38e5649404e96626b33ccb1828b12713fd500e91926e7abdce1b1c0fb58273f8) 
2023-01-20 12:16:36.1406|Processed   16447660 |      386ms of  11,888ms, mgasps   29.09 total   21.86, tps  352.09 total  184.44, bps    2.59 total    1.44, recv queue 0, proc queue 0 
2023-01-20 12:16:36.1406|Valid. Result of a new payload: 16447660 (0x38e5649404e96626b33ccb1828b12713fd500e91926e7abdce1b1c0fb58273f8). 
2023-01-20 12:16:36.1459|Received: ForkchoiceState: (HeadBlockHash: 0x38e5649404e96626b33ccb1828b12713fd500e91926e7abdce1b1c0fb58273f8, SafeBlockHash: 0x81ab69aa0608a7c25d78ca47de98f3a9873aff0309c18f0173a2b6d7b41f1a34, FinalizedBlockHash: 0xdc3fbc76a099f5ca3e28c3f509da3872cfd3ebe9d63d219f1880157e21eb6373)  
2023-01-20 12:16:36.1459|FCU - block 16447660 (0x38e564...8273f8) was processed. 
2023-01-20 12:16:36.1465|Block 0x38e5649404e96626b33ccb1828b12713fd500e91926e7abdce1b1c0fb58273f8 was set as head. 
2023-01-20 12:16:36.1465|Valid. Request: ForkchoiceState: (HeadBlockHash: 0x38e5649404e96626b33ccb1828b12713fd500e91926e7abdce1b1c0fb58273f8, SafeBlockHash: 0x81ab69aa0608a7c25d78ca47de98f3a9873aff0309c18f0173a2b6d7b41f1a34, FinalizedBlockHash: 0xdc3fbc76a099f5ca3e28c3f509da3872cfd3ebe9d63d219f1880157e21eb6373) . 
2023-01-20 12:16:39.7366|Executing JSON RPC call eth_getBlockByNumber with params [0xfaef5f, False] 
2023-01-20 12:16:39.7366|Executing JSON RPC call eth_getLogs with params [{
  "topics": [
    "0x649bbc62d0e31342afea4e5cd82d4049e7e1ee912fc0889aa790803be39038c5"
  ],
  "fromBlock": "0xfaef5e",
  "toBlock": "0xfaef5e",
  "address": [
    "0x00000000219ab540356cBB839Cbe05303d7705Fa"
  ]
}] 
2023-01-20 12:16:39.7420|Executing JSON RPC call eth_getBlockByNumber with params [0xfaef5e, False] 
The futex facility returned an unexpected error code.