2021-10-11 11:45:02 UTC Syncing #13397087 0x830b…d441     0.20 blk/s   41.4 tx/s    3.5 Mgas/s      0+    8 Qed LI:#13397096    5/25 peers      4 MiB chain    2 MiB queue  RPC:  0 conn,    0 req/s,    0 µs
2021-10-11 11:45:09 UTC Syncing #13397089 0x1a2f…0751     0.20 blk/s   26.4 tx/s    2.8 Mgas/s      0+    6 Qed LI:#13397096    2/25 peers      4 MiB chain    1 MiB queue  RPC:  0 conn,    0 req/s,    0 µs
2021-10-11 11:45:09 UTC Syncing #13397088 0x340a…bb34     0.20 blk/s    5.2 tx/s    0.3 Mgas/s      0+    7 Qed LI:#13397096    2/25 peers      4 MiB chain    2 MiB queue  RPC:  0 conn,    0 req/s,    0 µs
2021-10-11 11:45:17 UTC Syncing #13397090 0x2c74…ad78     0.40 blk/s  128.2 tx/s   11.2 Mgas/s      0+    5 Qed LI:#13397096    1/25 peers      5 MiB chain  634 KiB queue  RPC:  0 conn,    0 req/s,    0 µs
2021-10-11 11:45:30 UTC Updated conversion rate to Ξ1 = US$3569.93 (1333893 wei/gas)
2021-10-11 11:45:37 UTC Imported #13397096 0x048a…b08a (125 txs, 9.71 Mgas, 2902 ms, 72.09 KiB)
2021-10-11 11:45:44 UTC   1/25 peers      5 MiB chain  0 bytes queue  RPC:  0 conn,    0 req/s,    0 µs
2021-10-11 11:45:59 UTC Syncing #13397096 0x048a…b08a     0.00 blk/s    0.0 tx/s    0.0 Mgas/s      0+    4 Qed LI:#13397101    4/25 peers      5 MiB chain    1 MiB queue  RPC:  0 conn,    0 req/s,    0 µs
2021-10-11 11:46:28 UTC Imported #13397101 0x4fd0…0be6 (192 txs, 15.99 Mgas, 4221 ms, 83.54 KiB)
2021-10-11 11:46:29 UTC   2/25 peers      6 MiB chain  0 bytes queue  RPC:  0 conn,    0 req/s,    0 µs
2021-10-11 11:47:06 UTC   5/25 peers      6 MiB chain  0 bytes queue  RPC:  0 conn,    0 req/s,    0 µs
2021-10-11 11:47:07 UTC Imported #13397102 0x2116…a42f (477 txs, 26.60 Mgas, 6516 ms, 120.27 KiB)
2021-10-11 11:49:02 UTC   1/25 peers      6 MiB chain  0 bytes queue  RPC:  0 conn,    0 req/s,    0 µs
2021-10-11 11:49:34 UTC   1/25 peers      6 MiB chain  0 bytes queue  RPC:  0 conn,    0 req/s,    0 µs
2021-10-11 11:50:04 UTC   0/25 peers      6 MiB chain  0 bytes queue  RPC:  0 conn,    0 req/s,    0 µs
2021-10-11 11:50:29 UTC Syncing #13397102 0x2116…a42f     0.00 blk/s    0.0 tx/s    0.0 Mgas/s      0+   11 Qed LI:#13397114    2/25 peers      6 MiB chain    3 MiB queue  RPC:  0 conn,    0 req/s,    0 µs
2021-10-11 11:50:40 UTC Syncing #13397103 0xcae5…4177     0.10 blk/s   28.8 tx/s    3.0 Mgas/s      0+   11 Qed LI:#13397115    2/25 peers      6 MiB chain    3 MiB queue  RPC:  0 conn,    0 req/s,    0 µs
2021-10-11 11:50:40 UTC Syncing #13397102 0x2116…a42f     0.00 blk/s    0.0 tx/s    0.0 Mgas/s      0+   12 Qed LI:#13397115    2/25 peers      6 MiB chain    3 MiB queue  RPC:  0 conn,    0 req/s,    0 µs
2021-10-11 11:50:47 UTC Syncing #13397104 0x1676…917c     0.40 blk/s  104.4 tx/s   10.5 Mgas/s      0+   10 Qed LI:#13397115    2/25 peers      6 MiB chain    3 MiB queue  RPC:  0 conn,    0 req/s,    0 µs
2021-10-11 11:50:54 UTC Syncing #13397108 0xc09c…7aac     0.40 blk/s   76.8 tx/s    6.2 Mgas/s      0+    7 Qed LI:#13397116    1/25 peers      6 MiB chain    2 MiB queue  RPC:  0 conn,    0 req/s,    0 µs
2021-10-11 11:50:54 UTC Syncing #13397105 0xea3c…f63c     0.20 blk/s   70.6 tx/s    3.9 Mgas/s      0+   10 Qed LI:#13397116    1/25 peers      6 MiB chain    2 MiB queue  RPC:  0 conn,    0 req/s,    0 µs
2021-10-11 11:51:02 UTC Syncing #13397109 0x4616…d19c     0.80 blk/s   95.4 tx/s    9.4 Mgas/s      0+    6 Qed LI:#13397116    1/25 peers      6 MiB chain    1 MiB queue  RPC:  0 conn,    0 req/s,    0 µs
2021-10-11 11:51:25 UTC Imported #13397116 0x534b…3c26 (78 txs, 6.09 Mgas, 3380 ms, 28.79 KiB)
2021-10-11 11:51:30 UTC   1/25 peers      6 MiB chain  0 bytes queue  RPC:  0 conn,    0 req/s,    0 µs