2021-10-11 11:38:47 UTC Syncing #13397061 0x3a0c…db0c     0.00 blk/s    0.0 tx/s    0.0 Mgas/s      0+    8 Qed LI:#13397070    2/25 peers      2 MiB chain    2 MiB queue  RPC:  0 conn,    0 req/s,    0 µs
2021-10-11 11:38:54 UTC Syncing #13397064 0xd29e…f75a     0.60 blk/s   85.2 tx/s    8.3 Mgas/s      0+    5 Qed LI:#13397070    2/25 peers      3 MiB chain    1 MiB queue  RPC:  0 conn,    0 req/s,    0 µs
2021-10-11 11:38:54 UTC Syncing #13397064 0xd29e…f75a     0.00 blk/s    0.0 tx/s    0.0 Mgas/s      0+    6 Qed LI:#13397071    1/25 peers      3 MiB chain    1 MiB queue  RPC:  0 conn,    0 req/s,    0 µs
2021-10-11 11:39:18 UTC Imported #13397071 0x3bac…33a3 (72 txs, 4.41 Mgas, 1195 ms, 23.16 KiB)
2021-10-11 11:39:24 UTC   1/25 peers      3 MiB chain  0 bytes queue  RPC:  0 conn,    0 req/s,    0 µs
2021-10-11 11:40:00 UTC   8/25 peers      4 MiB chain  451 KiB queue  RPC:  0 conn,    0 req/s,    0 µs
2021-10-11 11:40:00 UTC   8/25 peers      4 MiB chain  0 bytes queue  RPC:  0 conn,    0 req/s,    0 µs
2021-10-11 11:40:17 UTC Imported #13397075 0xeafc…a346 (433 txs, 29.57 Mgas, 7669 ms, 135.09 KiB)
2021-10-11 11:40:29 UTC   3/25 peers      4 MiB chain  801 KiB queue  RPC:  0 conn,    0 req/s,    0 µs
2021-10-11 11:40:49 UTC Imported #13397079 0x7001…cb32 (317 txs, 25.19 Mgas, 7002 ms, 142.71 KiB)
2021-10-11 11:42:23 UTC   3/25 peers      4 MiB chain  0 bytes queue  RPC:  0 conn,    0 req/s,    0 µs
2021-10-11 11:43:35 UTC   0/25 peers      4 MiB chain  0 bytes queue  RPC:  0 conn,    0 req/s,    0 µs
2021-10-11 11:44:09 UTC   0/25 peers      4 MiB chain  0 bytes queue  RPC:  0 conn,    0 req/s,    0 µs
2021-10-11 11:44:29 UTC Syncing #13397079 0x7001…cb32     0.00 blk/s    0.0 tx/s    0.0 Mgas/s      0+    0 Qed LI:#13397079    1/25 peers      4 MiB chain  0 bytes queue  RPC:  0 conn,    0 req/s,    0 µs
2021-10-11 11:44:40 UTC Syncing #13397082 0x81bc…4787     0.30 blk/s   44.0 tx/s    3.4 Mgas/s      0+   13 Qed LI:#13397096    6/25 peers      4 MiB chain    3 MiB queue  RPC:  0 conn,    0 req/s,    0 µs
2021-10-11 11:44:40 UTC Syncing #13397080 0x16e6…92dd     0.20 blk/s   36.8 tx/s    3.0 Mgas/s      0+   15 Qed LI:#13397096    6/25 peers      4 MiB chain    3 MiB queue  RPC:  0 conn,    0 req/s,    0 µs
2021-10-11 11:44:47 UTC Syncing #13397082 0x81bc…4787     0.40 blk/s   51.2 tx/s    3.8 Mgas/s      0+   13 Qed LI:#13397096    6/25 peers      4 MiB chain    3 MiB queue  RPC:  0 conn,    0 req/s,    0 µs
2021-10-11 11:44:54 UTC Syncing #13397086 0x3148…34c9     0.40 blk/s   79.8 tx/s    6.7 Mgas/s      0+    9 Qed LI:#13397096    5/25 peers      4 MiB chain    2 MiB queue  RPC:  0 conn,    0 req/s,    0 µs
2021-10-11 11:44:54 UTC Syncing #13397083 0x268c…78b1     0.20 blk/s   79.4 tx/s    6.0 Mgas/s      0+   12 Qed LI:#13397096    5/25 peers      4 MiB chain    2 MiB queue  RPC:  0 conn,    0 req/s,    0 µs
2021-10-11 11:45:02 UTC Syncing #13397087 0x830b…d441     0.20 blk/s   41.4 tx/s    3.5 Mgas/s      0+    8 Qed LI:#13397096    5/25 peers      4 MiB chain    2 MiB queue  RPC:  0 conn,    0 req/s,    0 µs
2021-10-11 11:45:09 UTC Syncing #13397089 0x1a2f…0751     0.20 blk/s   26.4 tx/s    2.8 Mgas/s      0+    6 Qed LI:#13397096    2/25 peers      4 MiB chain    1 MiB queue  RPC:  0 conn,    0 req/s,    0 µs
2021-10-11 11:45:09 UTC Syncing #13397088 0x340a…bb34     0.20 blk/s    5.2 tx/s    0.3 Mgas/s      0+    7 Qed LI:#13397096    2/25 peers      4 MiB chain    2 MiB queue  RPC:  0 conn,    0 req/s,    0 µs
2021-10-11 11:45:17 UTC Syncing #13397090 0x2c74…ad78     0.40 blk/s  128.2 tx/s   11.2 Mgas/s      0+    5 Qed LI:#13397096    1/25 peers      5 MiB chain  634 KiB queue  RPC:  0 conn,    0 req/s,    0 µs
2021-10-11 11:45:30 UTC Updated conversion rate to Ξ1 = US$3569.93 (1333893 wei/gas)
2021-10-11 11:45:37 UTC Imported #13397096 0x048a…b08a (125 txs, 9.71 Mgas, 2902 ms, 72.09 KiB)
2021-10-11 11:45:44 UTC   1/25 peers      5 MiB chain  0 bytes queue  RPC:  0 conn,    0 req/s,    0 µs
2021-10-11 11:45:59 UTC Syncing #13397096 0x048a…b08a     0.00 blk/s    0.0 tx/s    0.0 Mgas/s      0+    4 Qed LI:#13397101    4/25 peers      5 MiB chain    1 MiB queue  RPC:  0 conn,    0 req/s,    0 µs
2021-10-11 11:46:28 UTC Imported #13397101 0x4fd0…0be6 (192 txs, 15.99 Mgas, 4221 ms, 83.54 KiB)
2021-10-11 11:46:29 UTC   2/25 peers      6 MiB chain  0 bytes queue  RPC:  0 conn,    0 req/s,    0 µs