INFO [01-16|11:23:48.035] Imported new potential chain segment     blocks=1    txs=38      mgas=3.704   elapsed=40.133ms    mgasps=92.291  number=16,419,025 hash=fa83c3..8afa17 dirty=1021.76MiB
INFO [01-16|11:23:48.104] Chain head was updated                   number=16,419,025 hash=fa83c3..8afa17 root=7cfe58..785cdc elapsed=2.201025ms
INFO [01-16|11:23:48.106] Unindexed transactions                   blocks=1    txs=182     tail=14,069,026 elapsed=2.147ms
WARN [01-16|11:23:54.720] Snapshot extension registration failed   peer=bc8af532 err="peer connected on snap without compatible eth support"
INFO [01-16|11:24:00.445] Imported new potential chain segment     blocks=1    txs=229     mgas=27.327  elapsed=216.008ms   mgasps=126.509 number=16,419,026 hash=aed1e9..0498ce dirty=1023.00MiB
INFO [01-16|11:24:00.469] Chain head was updated                   number=16,419,026 hash=aed1e9..0498ce root=09800a..e031a8 elapsed=14.742041ms
INFO [01-16|11:24:00.470] Unindexed transactions                   blocks=1    txs=31      tail=14,069,027 elapsed="767.093µs"
INFO [01-16|11:24:11.564] Imported new potential chain segment     blocks=1    txs=51      mgas=3.550   elapsed=77.443ms    mgasps=45.837  number=16,419,027 hash=f1847c..84b746 dirty=1020.94MiB
INFO [01-16|11:24:11.598] Chain head was updated                   number=16,419,027 hash=f1847c..84b746 root=f135bc..f463ed elapsed="964.619µs"
INFO [01-16|11:24:11.603] Unindexed transactions                   blocks=1    txs=225     tail=14,069,028 elapsed=5.004ms
ERROR[01-16|11:24:16.187] Error in block freeze operation          err="block receipts missing, can't freeze block 15256595"
WARN [01-16|11:24:18.048] Snapshot extension registration failed   peer=082d12b1 err="peer connected on snap without compatible eth support"
INFO [01-16|11:24:21.744] Writing clean trie cache to disk         path=/home/long/nvme/data-dir/geth/triecache threads=1
INFO [01-16|11:24:21.746] Regenerated local transaction journal    transactions=0 accounts=0
INFO [01-16|11:24:22.625] Persisted the clean trie cache           path=/home/long/nvme/data-dir/geth/triecache elapsed=880.532ms
INFO [01-16|11:24:24.056] Imported new potential chain segment     blocks=1    txs=251     mgas=26.157  elapsed=216.221ms   mgasps=120.974 number=16,419,028 hash=f5fc9b..bc384e dirty=1022.88MiB
INFO [01-16|11:24:24.071] Chain head was updated                   number=16,419,028 hash=f5fc9b..bc384e root=7a4e8c..ce030e elapsed=7.33851ms
INFO [01-16|11:24:24.077] Unindexed transactions                   blocks=1    txs=614     tail=14,069,029 elapsed=5.261ms
INFO [01-16|11:24:36.194] Imported new potential chain segment     blocks=1    txs=134     mgas=10.649  elapsed=114.374ms   mgasps=93.104  number=16,419,029 hash=6fa7ec..9ecb55 dirty=1022.60MiB
INFO [01-16|11:24:36.205] Chain head was updated                   number=16,419,029 hash=6fa7ec..9ecb55 root=19444f..261fba elapsed=2.348501ms
INFO [01-16|11:24:36.207] Unindexed transactions                   blocks=1    txs=288     tail=14,069,030 elapsed=2.693ms
INFO [01-16|11:24:48.013] Imported new potential chain segment     blocks=1    txs=123     mgas=13.322  elapsed=83.550ms    mgasps=159.454 number=16,419,030 hash=073dd7..41d7ce dirty=1022.75MiB
INFO [01-16|11:24:48.031] Chain head was updated                   number=16,419,030 hash=073dd7..41d7ce root=6dbcfb..3d3aea elapsed=3.150463ms
INFO [01-16|11:24:48.031] Unindexed transactions                   blocks=1    txs=37      tail=14,069,031 elapsed="499.025µs"
INFO [01-16|11:25:00.739] Imported new potential chain segment     blocks=1    txs=118     mgas=8.433   elapsed=85.299ms    mgasps=98.862  number=16,419,031 hash=21ce40..93a70f dirty=1021.65MiB
INFO [01-16|11:25:00.755] Chain head was updated                   number=16,419,031 hash=21ce40..93a70f root=e0b083..97ac5c elapsed=2.033733ms
INFO [01-16|11:25:00.757] Unindexed transactions                   blocks=1    txs=345     tail=14,069,032 elapsed=2.694ms
INFO [01-16|11:25:13.076] Imported new potential chain segment     blocks=1    txs=157     mgas=25.692  elapsed=478.553ms   mgasps=53.687  number=16,419,032 hash=39131c..0a4e20 dirty=1022.59MiB
INFO [01-16|11:25:13.099] Chain head was updated                   number=16,419,032 hash=39131c..0a4e20 root=f0a5dc..4bb917 elapsed=14.939316ms
INFO [01-16|11:25:13.100] Unindexed transactions                   blocks=1    txs=50      tail=14,069,033 elapsed="684.878µs"
ERROR[01-16|11:25:16.197] Error in block freeze operation          err="block receipts missing, can't freeze block 15256595"
INFO [01-16|11:25:24.227] Imported new potential chain segment     blocks=1    txs=114     mgas=11.212  elapsed=77.077ms    mgasps=145.459 number=16,419,033 hash=f81e43..bfbf7a dirty=1022.95MiB
INFO [01-16|11:25:24.277] Chain head was updated                   number=16,419,033 hash=f81e43..bfbf7a root=ac5fce..2a79b6 elapsed=5.254427ms
INFO [01-16|11:25:24.279] Unindexed transactions                   blocks=1    txs=113     tail=14,069,034 elapsed=2.128ms
INFO [01-16|11:25:36.569] Imported new potential chain segment     blocks=1    txs=143     mgas=11.974  elapsed=393.912ms   mgasps=30.397  number=16,419,034 hash=0ae662..8bc53e dirty=1021.52MiB
INFO [01-16|11:25:36.589] Chain head was updated                   number=16,419,034 hash=0ae662..8bc53e root=d0440f..3cbd77 elapsed=9.339453ms
INFO [01-16|11:25:36.600] Unindexed transactions                   blocks=1    txs=497     tail=14,069,035 elapsed=10.848ms
INFO [01-16|11:25:48.630] Imported new potential chain segment     blocks=1    txs=118     mgas=10.405  elapsed=139.625ms   mgasps=74.522  number=16,419,035 hash=0ce8b2..a8fb7e dirty=1021.39MiB
INFO [01-16|11:25:48.646] Chain head was updated                   number=16,419,035 hash=0ce8b2..a8fb7e root=03f244..05f349 elapsed=6.180644ms
INFO [01-16|11:25:48.649] Unindexed transactions                   blocks=1    txs=318     tail=14,069,036 elapsed=2.939ms
INFO [01-16|11:26:00.164] Imported new potential chain segment     blocks=1    txs=100     mgas=29.938  elapsed=171.149ms   mgasps=174.925 number=16,419,036 hash=061c42..0922a1 dirty=1022.43MiB
INFO [01-16|11:26:00.184] Chain head was updated                   number=16,419,036 hash=061c42..0922a1 root=74ffb3..50a0a8 elapsed=7.063921ms
INFO [01-16|11:26:00.188] Unindexed transactions                   blocks=1    txs=160     tail=14,069,037 elapsed=4.212ms
INFO [01-16|11:26:13.010] Imported new potential chain segment     blocks=1    txs=200     mgas=15.410  elapsed=116.316ms   mgasps=132.484 number=16,419,037 hash=5b7667..92aa5b dirty=1022.51MiB
INFO [01-16|11:26:13.026] Chain head was updated                   number=16,419,037 hash=5b7667..92aa5b root=a2c12c..f96cef elapsed=5.081441ms
INFO [01-16|11:26:13.032] Unindexed transactions                   blocks=1    txs=449     tail=14,069,038 elapsed=5.487ms
ERROR[01-16|11:26:16.207] Error in block freeze operation          err="block receipts missing, can't freeze block 15256595"
INFO [01-16|11:26:24.457] Imported new potential chain segment     blocks=1    txs=136     mgas=13.384  elapsed=115.206ms   mgasps=116.173 number=16,419,038 hash=6b999c..2c2a7a dirty=1022.87MiB
INFO [01-16|11:26:24.471] Chain head was updated                   number=16,419,038 hash=6b999c..2c2a7a root=208f3e..4e2234 elapsed=3.624119ms
INFO [01-16|11:26:24.472] Unindexed transactions                   blocks=1    txs=101     tail=14,069,039 elapsed=1.438ms
INFO [01-16|11:26:36.801] Imported new potential chain segment     blocks=1    txs=117     mgas=12.182  elapsed=101.027ms   mgasps=120.584 number=16,419,039 hash=a1b4c8..cdb55e dirty=1021.76MiB
INFO [01-16|11:26:36.811] Chain head was updated                   number=16,419,039 hash=a1b4c8..cdb55e root=a3b9fa..11eaf1 elapsed=3.411607ms
INFO [01-16|11:26:36.812] Unindexed transactions                   blocks=1    txs=57      tail=14,069,040 elapsed="510.635µs"
INFO [01-16|11:26:48.355] Imported new potential chain segment     blocks=1    txs=139     mgas=18.424  elapsed=130.670ms   mgasps=140.997 number=16,419,040 hash=4c81ec..13b3c3 dirty=1021.67MiB
INFO [01-16|11:26:48.381] Chain head was updated                   number=16,419,040 hash=4c81ec..13b3c3 root=c94b7a..029b11 elapsed=13.996405ms
INFO [01-16|11:26:48.388] Unindexed transactions                   blocks=1    txs=262     tail=14,069,041 elapsed=6.531ms
INFO [01-16|11:27:00.363] Imported new potential chain segment     blocks=1    txs=137     mgas=13.182  elapsed=357.927ms   mgasps=36.828  number=16,419,041 hash=01f475..d67ba4 dirty=1021.98MiB
INFO [01-16|11:27:00.377] Chain head was updated                   number=16,419,041 hash=01f475..d67ba4 root=20557d..4139cc elapsed=3.429107ms
INFO [01-16|11:27:00.379] Unindexed transactions                   blocks=1    txs=214     tail=14,069,042 elapsed=1.672ms
INFO [01-16|11:27:12.305] Imported new potential chain segment     blocks=1    txs=174     mgas=13.113  elapsed=104.531ms   mgasps=125.442 number=16,419,042 hash=38e822..132899 dirty=1022.55MiB
INFO [01-16|11:27:12.325] Chain head was updated                   number=16,419,042 hash=38e822..132899 root=a55a2b..d9d489 elapsed=7.588322ms
INFO [01-16|11:27:12.328] Unindexed transactions                   blocks=1    txs=299     tail=14,069,043 elapsed=3.233ms
ERROR[01-16|11:27:16.216] Error in block freeze operation          err="block receipts missing, can't freeze block 15256595"
INFO [01-16|11:27:24.241] Imported new potential chain segment     blocks=1    txs=163     mgas=16.711  elapsed=157.223ms   mgasps=106.290 number=16,419,043 hash=d29056..971db1 dirty=1022.72MiB
INFO [01-16|11:27:24.261] Chain head was updated                   number=16,419,043 hash=d29056..971db1 root=e9ad58..a55172 elapsed=6.709033ms
INFO [01-16|11:27:24.262] Unindexed transactions                   blocks=1    txs=0       tail=14,069,044 elapsed="165.114µs"
INFO [01-16|11:27:36.849] Imported new potential chain segment     blocks=1    txs=183     mgas=13.677  elapsed=109.281ms   mgasps=125.157 number=16,419,044 hash=845f1f..2d936f dirty=1022.36MiB
INFO [01-16|11:27:36.861] Chain head was updated                   number=16,419,044 hash=845f1f..2d936f root=5ea72f..38e850 elapsed=3.934954ms
INFO [01-16|11:27:36.864] Unindexed transactions                   blocks=1    txs=262     tail=14,069,045 elapsed=3.276ms
INFO [01-16|11:27:48.301] Imported new potential chain segment     blocks=1    txs=124     mgas=11.188  elapsed=86.624ms    mgasps=129.155 number=16,419,045 hash=edd206..fd5d48 dirty=1022.37MiB
INFO [01-16|11:27:48.322] Chain head was updated                   number=16,419,045 hash=edd206..fd5d48 root=a3a1bf..06b54a elapsed=3.470336ms
INFO [01-16|11:27:48.325] Unindexed transactions                   blocks=1    txs=292     tail=14,069,046 elapsed=2.376ms
INFO [01-16|11:27:59.911] Imported new potential chain segment     blocks=1    txs=139     mgas=11.278  elapsed=138.363ms   mgasps=81.510  number=16,419,046 hash=54b508..8b5ce3 dirty=1022.43MiB
INFO [01-16|11:27:59.927] Chain head was updated                   number=16,419,046 hash=54b508..8b5ce3 root=a7c7c4..af5376 elapsed=3.216956ms
INFO [01-16|11:27:59.928] Unindexed transactions                   blocks=1    txs=6       tail=14,069,047 elapsed="459.485µs"
INFO [01-16|11:28:13.576] Imported new potential chain segment     blocks=1    txs=176     mgas=24.623  elapsed=1.249s      mgasps=19.706  number=16,419,047 hash=00afcb..9c52f8 dirty=1022.34MiB
INFO [01-16|11:28:13.598] Chain head was updated                   number=16,419,047 hash=00afcb..9c52f8 root=9a0fd2..8180cf elapsed=11.233087ms
INFO [01-16|11:28:13.601] Unindexed transactions                   blocks=1    txs=293     tail=14,069,048 elapsed=3.422ms
ERROR[01-16|11:28:16.227] Error in block freeze operation          err="block receipts missing, can't freeze block 15256595"
INFO [01-16|11:28:25.070] Imported new potential chain segment     blocks=1    txs=173     mgas=15.011  elapsed=114.613ms   mgasps=130.974 number=16,419,048 hash=9e19e2..80c15e dirty=1022.58MiB
INFO [01-16|11:28:25.085] Chain head was updated                   number=16,419,048 hash=9e19e2..80c15e root=300d46..36cb08 elapsed=4.627869ms
INFO [01-16|11:28:25.089] Unindexed transactions                   blocks=1    txs=179     tail=14,069,049 elapsed=4.181ms
INFO [01-16|11:28:35.847] Imported new potential chain segment     blocks=1    txs=104     mgas=9.593   elapsed=72.652ms    mgasps=132.038 number=16,419,049 hash=59e895..9089c9 dirty=1022.45MiB
INFO [01-16|11:28:35.887] Chain head was updated                   number=16,419,049 hash=59e895..9089c9 root=eeb6b8..6b39ec elapsed=5.143591ms
INFO [01-16|11:28:35.891] Unindexed transactions                   blocks=1    txs=187     tail=14,069,050 elapsed=3.529ms
INFO [01-16|11:28:48.147] Imported new potential chain segment     blocks=1    txs=185     mgas=15.768  elapsed=176.266ms   mgasps=89.457  number=16,419,050 hash=9d14b4..afbfb9 dirty=1022.66MiB
INFO [01-16|11:28:48.168] Chain head was updated                   number=16,419,050 hash=9d14b4..afbfb9 root=600891..076583 elapsed=10.105244ms
INFO [01-16|11:28:48.170] Unindexed transactions                   blocks=1    txs=200     tail=14,069,051 elapsed=2.098ms
INFO [01-16|11:29:00.237] Imported new potential chain segment     blocks=1    txs=125     mgas=11.328  elapsed=126.382ms   mgasps=89.637  number=16,419,051 hash=73832d..51e8da dirty=1022.75MiB
INFO [01-16|11:29:00.248] Chain head was updated                   number=16,419,051 hash=73832d..51e8da root=afc092..9ec40d elapsed=3.580204ms
INFO [01-16|11:29:00.250] Unindexed transactions                   blocks=1    txs=212     tail=14,069,052 elapsed=1.875ms
INFO [01-16|11:29:13.093] Imported new potential chain segment     blocks=1    txs=138     mgas=13.300  elapsed=151.293ms   mgasps=87.907  number=16,419,052 hash=056a6a..40d0ac dirty=1022.47MiB
INFO [01-16|11:29:13.109] Chain head was updated                   number=16,419,052 hash=056a6a..40d0ac root=2f4371..6b5e8a elapsed=2.427998ms
INFO [01-16|11:29:13.110] Unindexed transactions                   blocks=1    txs=102     tail=14,069,053 elapsed=1.271ms