INFO [01-16|16:04:00.252] Unindexed transactions                   blocks=1    txs=338       tail=14,070,425 elapsed=6.584ms
INFO [01-16|16:04:11.937] Imported new potential chain segment     blocks=1    txs=197       mgas=17.172  elapsed=136.239ms   mgasps=126.045 number=16,420,425 hash=a5ba3f..13386c dirty=1022.17MiB
INFO [01-16|16:04:11.958] Chain head was updated                   number=16,420,425 hash=a5ba3f..13386c root=035f9f..cfeafc elapsed=9.127467ms
INFO [01-16|16:04:11.960] Unindexed transactions                   blocks=1    txs=104       tail=14,070,426 elapsed=1.716ms
INFO [01-16|16:04:23.816] Imported new potential chain segment     blocks=1    txs=24        mgas=1.675   elapsed=26.093ms    mgasps=64.173  number=16,420,426 hash=afa453..fadcac dirty=1021.32MiB
INFO [01-16|16:04:23.893] Chain head was updated                   number=16,420,426 hash=afa453..fadcac root=df699d..64350b elapsed=1.176878ms
INFO [01-16|16:04:23.894] Unindexed transactions                   blocks=1    txs=37        tail=14,070,427 elapsed="970.739µs"
INFO [01-16|16:04:36.844] Imported new potential chain segment     blocks=1    txs=345       mgas=29.994  elapsed=256.265ms   mgasps=117.041 number=16,420,427 hash=14b49b..f68269 dirty=1022.45MiB
INFO [01-16|16:04:36.879] Chain head was updated                   number=16,420,427 hash=14b49b..f68269 root=4f3d83..011401 elapsed=13.63711ms
INFO [01-16|16:04:36.884] Unindexed transactions                   blocks=1    txs=342       tail=14,070,428 elapsed=4.836ms
ERROR[01-16|16:04:48.217] Error in block freeze operation          err="block receipts missing, can't freeze block 15256595"
INFO [01-16|16:04:48.409] Imported new potential chain segment     blocks=1    txs=143       mgas=12.450  elapsed=105.799ms   mgasps=117.672 number=16,420,428 hash=8eac7f..81fef2 dirty=1022.47MiB
INFO [01-16|16:04:48.430] Chain head was updated                   number=16,420,428 hash=8eac7f..81fef2 root=3ce66e..0de007 elapsed=7.457911ms
INFO [01-16|16:04:48.437] Unindexed transactions                   blocks=1    txs=298       tail=14,070,429 elapsed=6.904ms
INFO [01-16|16:05:00.057] Imported new potential chain segment     blocks=1    txs=178       mgas=12.935  elapsed=118.756ms   mgasps=108.918 number=16,420,429 hash=af22ef..155947 dirty=1022.51MiB
INFO [01-16|16:05:00.068] Chain head was updated                   number=16,420,429 hash=af22ef..155947 root=b079f9..bc23f7 elapsed=3.146948ms
INFO [01-16|16:05:00.076] Unindexed transactions                   blocks=1    txs=395       tail=14,070,430 elapsed=7.581ms
INFO [01-16|16:05:13.118] Imported new potential chain segment     blocks=1    txs=134       mgas=14.970  elapsed=88.336ms    mgasps=169.466 number=16,420,430 hash=8b6c5d..f6aad0 dirty=1022.62MiB
INFO [01-16|16:05:13.136] Chain head was updated                   number=16,420,430 hash=8b6c5d..f6aad0 root=ae9fa6..6291ea elapsed=9.356369ms
INFO [01-16|16:05:13.138] Unindexed transactions                   blocks=1    txs=102       tail=14,070,431 elapsed=2.288ms
INFO [01-16|16:05:24.271] Imported new potential chain segment     blocks=1    txs=111       mgas=9.340   elapsed=102.204ms   mgasps=91.388  number=16,420,431 hash=7451f2..87dac0 dirty=1022.55MiB
INFO [01-16|16:05:24.287] Chain head was updated                   number=16,420,431 hash=7451f2..87dac0 root=dee854..3d1f6f elapsed=4.512522ms
INFO [01-16|16:05:24.289] Unindexed transactions                   blocks=1    txs=78        tail=14,070,432 elapsed=1.725ms
INFO [01-16|16:05:36.562] Imported new potential chain segment     blocks=1    txs=280       mgas=29.752  elapsed=228.605ms   mgasps=130.148 number=16,420,432 hash=78151c..8b379e dirty=1022.42MiB
INFO [01-16|16:05:36.580] Chain head was updated                   number=16,420,432 hash=78151c..8b379e root=5e93dc..77e820 elapsed=6.783301ms
INFO [01-16|16:05:36.585] Unindexed transactions                   blocks=1    txs=270       tail=14,070,433 elapsed=5.020ms
INFO [01-16|16:05:48.102] Imported new potential chain segment     blocks=1    txs=109       mgas=9.740   elapsed=177.922ms   mgasps=54.745  number=16,420,433 hash=5a1d23..006eac dirty=1022.08MiB
INFO [01-16|16:05:48.113] Chain head was updated                   number=16,420,433 hash=5a1d23..006eac root=b3347e..d63789 elapsed=3.780306ms
INFO [01-16|16:05:48.114] Unindexed transactions                   blocks=1    txs=49        tail=14,070,434 elapsed=1.149ms
ERROR[01-16|16:05:48.227] Error in block freeze operation          err="block receipts missing, can't freeze block 15256595"
INFO [01-16|16:06:00.453] Imported new potential chain segment     blocks=1    txs=127       mgas=10.405  elapsed=101.439ms   mgasps=102.570 number=16,420,434 hash=ab6d77..f78128 dirty=1022.09MiB
INFO [01-16|16:06:00.468] Chain head was updated                   number=16,420,434 hash=ab6d77..f78128 root=9cbf43..d115ce elapsed=6.296143ms
INFO [01-16|16:06:00.472] Unindexed transactions                   blocks=1    txs=155       tail=14,070,435 elapsed=3.623ms
INFO [01-16|16:06:12.467] Imported new potential chain segment     blocks=1    txs=162       mgas=10.184  elapsed=86.358ms    mgasps=117.929 number=16,420,435 hash=e586be..05d613 dirty=1021.95MiB
INFO [01-16|16:06:12.501] Chain head was updated                   number=16,420,435 hash=e586be..05d613 root=80157d..82d5d8 elapsed=8.466885ms
INFO [01-16|16:06:12.503] Unindexed transactions                   blocks=1    txs=108       tail=14,070,436 elapsed=2.227ms
INFO [01-16|16:06:25.234] Imported new potential chain segment     blocks=1    txs=251       mgas=20.495  elapsed=138.519ms   mgasps=147.955 number=16,420,436 hash=1710b1..bc3e92 dirty=1022.43MiB
INFO [01-16|16:06:25.257] Chain head was updated                   number=16,420,436 hash=1710b1..bc3e92 root=a9990e..696708 elapsed=8.252469ms
INFO [01-16|16:06:25.264] Unindexed transactions                   blocks=1    txs=345       tail=14,070,437 elapsed=6.730ms
INFO [01-16|16:06:35.925] Imported new potential chain segment     blocks=1    txs=186       mgas=10.891  elapsed=100.465ms   mgasps=108.407 number=16,420,437 hash=3b8a3b..9ce7e5 dirty=1022.58MiB
INFO [01-16|16:06:35.973] Chain head was updated                   number=16,420,437 hash=3b8a3b..9ce7e5 root=331225..5e1516 elapsed=2.807007ms
INFO [01-16|16:06:35.976] Unindexed transactions                   blocks=1    txs=325       tail=14,070,438 elapsed=2.865ms
ERROR[01-16|16:06:48.236] Error in block freeze operation          err="block receipts missing, can't freeze block 15256595"
INFO [01-16|16:06:48.904] Imported new potential chain segment     blocks=1    txs=176       mgas=14.967  elapsed=114.254ms   mgasps=130.994 number=16,420,438 hash=c15ef4..a188c7 dirty=1022.35MiB
INFO [01-16|16:06:48.922] Chain head was updated                   number=16,420,438 hash=c15ef4..a188c7 root=e15d33..3b67a6 elapsed=5.403697ms
INFO [01-16|16:06:48.925] Unindexed transactions                   blocks=1    txs=166       tail=14,070,439 elapsed=3.037ms
INFO [01-16|16:07:01.747] Imported new potential chain segment     blocks=1    txs=166       mgas=11.890  elapsed=108.005ms   mgasps=110.085 number=16,420,439 hash=ae0397..1f992c dirty=1022.36MiB
INFO [01-16|16:07:01.766] Chain head was updated                   number=16,420,439 hash=ae0397..1f992c root=6f0a55..d72192 elapsed=3.504707ms
INFO [01-16|16:07:01.768] Unindexed transactions                   blocks=1    txs=94        tail=14,070,440 elapsed=2.019ms
INFO [01-16|16:07:12.301] Imported new potential chain segment     blocks=1    txs=207       mgas=17.125  elapsed=137.158ms   mgasps=124.852 number=16,420,440 hash=d5b9ce..c7cc5f dirty=1022.55MiB
INFO [01-16|16:07:12.323] Chain head was updated                   number=16,420,440 hash=d5b9ce..c7cc5f root=e375e8..65b01a elapsed=10.65856ms
INFO [01-16|16:07:12.327] Unindexed transactions                   blocks=1    txs=177       tail=14,070,441 elapsed=3.686ms
INFO [01-16|16:07:24.549] Imported new potential chain segment     blocks=1    txs=159       mgas=12.418  elapsed=101.387ms   mgasps=122.485 number=16,420,441 hash=c4404c..9b71aa dirty=1022.36MiB
INFO [01-16|16:07:24.560] Chain head was updated                   number=16,420,441 hash=c4404c..9b71aa root=9da7e6..f9e368 elapsed=3.713934ms
INFO [01-16|16:07:24.562] Unindexed transactions                   blocks=1    txs=103       tail=14,070,442 elapsed=1.758ms
INFO [01-16|16:07:36.391] Imported new potential chain segment     blocks=1    txs=193       mgas=11.504  elapsed=76.385ms    mgasps=150.600 number=16,420,442 hash=ea901c..b4f08b dirty=1022.81MiB
INFO [01-16|16:07:36.441] Chain head was updated                   number=16,420,442 hash=ea901c..b4f08b root=00f8c1..f82ce0 elapsed=3.940676ms
INFO [01-16|16:07:36.442] Unindexed transactions                   blocks=1    txs=40        tail=14,070,443 elapsed="893.175µs"
ERROR[01-16|16:07:48.246] Error in block freeze operation          err="block receipts missing, can't freeze block 15256595"
INFO [01-16|16:07:48.794] Imported new potential chain segment     blocks=1    txs=195       mgas=12.621  elapsed=107.984ms   mgasps=116.876 number=16,420,443 hash=397346..2b34c5 dirty=1022.23MiB
INFO [01-16|16:07:48.820] Chain head was updated                   number=16,420,443 hash=397346..2b34c5 root=6a99c0..ee020d elapsed=6.536405ms
INFO [01-16|16:07:48.825] Unindexed transactions                   blocks=1    txs=294       tail=14,070,444 elapsed=5.007ms
INFO [01-16|16:08:00.923] Imported new potential chain segment     blocks=1    txs=117       mgas=10.651  elapsed=91.597ms    mgasps=116.282 number=16,420,444 hash=ab764d..a99eed dirty=1021.98MiB
INFO [01-16|16:08:00.996] Chain head was updated                   number=16,420,444 hash=ab764d..a99eed root=df585d..828df3 elapsed=3.743734ms
INFO [01-16|16:08:00.998] Unindexed transactions                   blocks=1    txs=65        tail=14,070,445 elapsed=1.691ms
WARN [01-16|16:08:03.380] Checkpoint challenge timed out, dropping id=b189e0184813fb25 conn=dyndial addr=3.80.12.255:30566    type=
INFO [01-16|16:08:11.829] Imported new potential chain segment     blocks=1    txs=250       mgas=11.787  elapsed=112.590ms   mgasps=104.691 number=16,420,445 hash=fd0558..04f3fb dirty=1021.87MiB
INFO [01-16|16:08:11.849] Chain head was updated                   number=16,420,445 hash=fd0558..04f3fb root=568801..c1d830 elapsed=5.716236ms
INFO [01-16|16:08:11.857] Unindexed transactions                   blocks=1    txs=388       tail=14,070,446 elapsed=7.463ms
INFO [01-16|16:08:24.308] Imported new potential chain segment     blocks=1    txs=278       mgas=22.851  elapsed=189.885ms   mgasps=120.339 number=16,420,446 hash=eae8b5..b6483d dirty=1022.95MiB
INFO [01-16|16:08:24.331] Chain head was updated                   number=16,420,446 hash=eae8b5..b6483d root=1cd2c8..71ece4 elapsed=13.325401ms
INFO [01-16|16:08:24.336] Unindexed transactions                   blocks=1    txs=212       tail=14,070,447 elapsed=4.205ms
INFO [01-16|16:08:36.443] Imported new potential chain segment     blocks=1    txs=162       mgas=15.831  elapsed=105.357ms   mgasps=150.264 number=16,420,447 hash=fd4e42..efb64d dirty=1022.61MiB
INFO [01-16|16:08:36.468] Chain head was updated                   number=16,420,447 hash=fd4e42..efb64d root=773eff..0aed64 elapsed=10.951537ms
INFO [01-16|16:08:36.476] Unindexed transactions                   blocks=1    txs=409       tail=14,070,448 elapsed=7.466ms
ERROR[01-16|16:08:48.255] Error in block freeze operation          err="block receipts missing, can't freeze block 15256595"
INFO [01-16|16:08:48.942] Imported new potential chain segment     blocks=1    txs=148       mgas=13.470  elapsed=108.127ms   mgasps=124.577 number=16,420,448 hash=daaa3e..0506f9 dirty=1022.38MiB
INFO [01-16|16:08:48.961] Chain head was updated                   number=16,420,448 hash=daaa3e..0506f9 root=d6dcbd..3fbcb9 elapsed=7.038855ms
INFO [01-16|16:08:48.962] Unindexed transactions                   blocks=1    txs=52        tail=14,070,449 elapsed="829.756µs"
INFO [01-16|16:09:00.391] Imported new potential chain segment     blocks=1    txs=162       mgas=14.234  elapsed=129.615ms   mgasps=109.814 number=16,420,449 hash=411759..b6ed82 dirty=1022.53MiB
INFO [01-16|16:09:00.412] Chain head was updated                   number=16,420,449 hash=411759..b6ed82 root=1c4701..8dc2c9 elapsed=8.302318ms
INFO [01-16|16:09:00.414] Unindexed transactions                   blocks=1    txs=149       tail=14,070,450 elapsed=2.750ms
INFO [01-16|16:09:12.072] Imported new potential chain segment     blocks=1    txs=141       mgas=10.955  elapsed=108.564ms   mgasps=100.907 number=16,420,450 hash=836e2f..f02c44 dirty=1022.57MiB
INFO [01-16|16:09:12.113] Chain head was updated                   number=16,420,450 hash=836e2f..f02c44 root=007bd3..7a200e elapsed=3.662758ms
INFO [01-16|16:09:12.115] Unindexed transactions                   blocks=1    txs=227       tail=14,070,451 elapsed=2.652ms
INFO [01-16|16:09:24.137] Imported new potential chain segment     blocks=1    txs=145       mgas=12.557  elapsed=98.768ms    mgasps=127.135 number=16,420,451 hash=2cd032..0daa16 dirty=1022.30MiB
INFO [01-16|16:09:24.159] Chain head was updated                   number=16,420,451 hash=2cd032..0daa16 root=49eb36..fe1051 elapsed=7.381552ms
INFO [01-16|16:09:24.163] Unindexed transactions                   blocks=1    txs=247       tail=14,070,452 elapsed=3.508ms
INFO [01-16|16:09:36.540] Imported new potential chain segment     blocks=1    txs=122       mgas=9.899   elapsed=100.715ms   mgasps=98.289  number=16,420,452 hash=5ecb1b..c13831 dirty=1022.30MiB
INFO [01-16|16:09:36.559] Chain head was updated                   number=16,420,452 hash=5ecb1b..c13831 root=e96fab..6159df elapsed=6.45321ms
INFO [01-16|16:09:36.564] Unindexed transactions                   blocks=1    txs=397       tail=14,070,453 elapsed=4.986ms