INFO [01-16|15:59:00.498] Unindexed transactions                   blocks=1    txs=72        tail=14,070,401 elapsed=1.773ms
INFO [01-16|15:59:12.076] Imported new potential chain segment     blocks=1    txs=151       mgas=16.777  elapsed=123.598ms   mgasps=135.738 number=16,420,401 hash=7891ac..954e5b dirty=1022.43MiB
INFO [01-16|15:59:12.100] Chain head was updated                   number=16,420,401 hash=7891ac..954e5b root=1dfbfb..9b4816 elapsed=10.464537ms
INFO [01-16|15:59:12.104] Unindexed transactions                   blocks=1    txs=135       tail=14,070,402 elapsed=3.251ms
INFO [01-16|15:59:24.856] Imported new potential chain segment     blocks=1    txs=203       mgas=20.441  elapsed=140.598ms   mgasps=145.389 number=16,420,402 hash=f64363..d1fd79 dirty=1022.84MiB
INFO [01-16|15:59:24.880] Chain head was updated                   number=16,420,402 hash=f64363..d1fd79 root=8e64d4..43ff96 elapsed=11.122693ms
INFO [01-16|15:59:24.881] Unindexed transactions                   blocks=1    txs=0         tail=14,070,403 elapsed="200.452µs"
INFO [01-16|15:59:36.431] Imported new potential chain segment     blocks=1    txs=145       mgas=14.505  elapsed=120.116ms   mgasps=120.757 number=16,420,403 hash=794245..cad31d dirty=1022.26MiB
INFO [01-16|15:59:36.451] Chain head was updated                   number=16,420,403 hash=794245..cad31d root=7bed11..c56ef4 elapsed=3.690324ms
INFO [01-16|15:59:36.456] Unindexed transactions                   blocks=1    txs=190       tail=14,070,404 elapsed=4.805ms
ERROR[01-16|15:59:48.149] Error in block freeze operation          err="block receipts missing, can't freeze block 15256595"
INFO [01-16|15:59:48.485] Imported new potential chain segment     blocks=1    txs=193       mgas=18.460  elapsed=154.963ms   mgasps=119.124 number=16,420,404 hash=d0833e..c32877 dirty=1022.66MiB
INFO [01-16|15:59:48.502] Chain head was updated                   number=16,420,404 hash=d0833e..c32877 root=64e89a..b55882 elapsed=8.897239ms
INFO [01-16|15:59:48.505] Unindexed transactions                   blocks=1    txs=127       tail=14,070,405 elapsed=2.604ms
INFO [01-16|15:59:59.262] Writing clean trie cache to disk         path=/home/long/nvme/data-dir/geth/triecache threads=1
INFO [01-16|15:59:59.263] Regenerated local transaction journal    transactions=0 accounts=0
INFO [01-16|16:00:00.156] Persisted the clean trie cache           path=/home/long/nvme/data-dir/geth/triecache elapsed=894.497ms
INFO [01-16|16:00:00.176] Imported new potential chain segment     blocks=1    txs=128       mgas=12.937  elapsed=116.632ms   mgasps=110.918 number=16,420,405 hash=f99948..e6dd95 dirty=1022.36MiB
INFO [01-16|16:00:00.192] Chain head was updated                   number=16,420,405 hash=f99948..e6dd95 root=232586..a637d8 elapsed=7.227647ms
INFO [01-16|16:00:00.198] Unindexed transactions                   blocks=1    txs=261       tail=14,070,406 elapsed=5.303ms
INFO [01-16|16:00:12.527] Imported new potential chain segment     blocks=1    txs=359       mgas=29.981  elapsed=225.010ms   mgasps=133.243 number=16,420,406 hash=6b1470..0b868f dirty=1022.54MiB
INFO [01-16|16:00:12.550] Chain head was updated                   number=16,420,406 hash=6b1470..0b868f root=3682a2..3de7f8 elapsed=12.963839ms
INFO [01-16|16:00:12.552] Unindexed transactions                   blocks=1    txs=31        tail=14,070,407 elapsed=1.236ms
INFO [01-16|16:00:24.474] Imported new potential chain segment     blocks=1    txs=190       mgas=29.986  elapsed=165.244ms   mgasps=181.463 number=16,420,407 hash=73c627..523a7c dirty=1022.69MiB
INFO [01-16|16:00:24.498] Chain head was updated                   number=16,420,407 hash=73c627..523a7c root=6ac366..fde0c3 elapsed=10.761063ms
INFO [01-16|16:00:24.500] Unindexed transactions                   blocks=1    txs=67        tail=14,070,408 elapsed=1.552ms
WARN [01-16|16:00:34.996] Snapshot extension registration failed   peer=04dfa983 err="peer connected on snap without compatible eth support"
INFO [01-16|16:00:37.464] Imported new potential chain segment     blocks=1    txs=199       mgas=29.984  elapsed=120.677ms   mgasps=248.466 number=16,420,408 hash=6af0e6..dc3e7c dirty=1022.48MiB
INFO [01-16|16:00:37.480] Chain head was updated                   number=16,420,408 hash=6af0e6..dc3e7c root=0c2d74..fbb712 elapsed=4.307799ms
INFO [01-16|16:00:37.487] Unindexed transactions                   blocks=1    txs=308       tail=14,070,409 elapsed=6.244ms
ERROR[01-16|16:00:48.163] Error in block freeze operation          err="block receipts missing, can't freeze block 15256595"
INFO [01-16|16:00:59.968] Imported new potential chain segment     blocks=1    txs=235       mgas=29.994  elapsed=196.817ms   mgasps=152.393 number=16,420,409 hash=431615..2dc0ba dirty=1022.62MiB
INFO [01-16|16:00:59.996] Chain head was updated                   number=16,420,409 hash=431615..2dc0ba root=f30b07..63d031 elapsed=10.515672ms
INFO [01-16|16:01:00.001] Unindexed transactions                   blocks=1    txs=277       tail=14,070,410 elapsed=5.255ms
INFO [01-16|16:01:12.377] Imported new potential chain segment     blocks=1    txs=250       mgas=29.697  elapsed=160.538ms   mgasps=184.987 number=16,420,410 hash=4af279..2bdd77 dirty=1022.33MiB
INFO [01-16|16:01:12.407] Chain head was updated                   number=16,420,410 hash=4af279..2bdd77 root=b60dc7..9db036 elapsed=12.49511ms
INFO [01-16|16:01:12.409] Unindexed transactions                   blocks=1    txs=86        tail=14,070,411 elapsed=2.037ms
INFO [01-16|16:01:24.464] Imported new potential chain segment     blocks=1    txs=121       mgas=11.324  elapsed=100.946ms   mgasps=112.175 number=16,420,411 hash=bdc35c..1706d9 dirty=1021.92MiB
INFO [01-16|16:01:24.486] Chain head was updated                   number=16,420,411 hash=bdc35c..1706d9 root=ca559a..c8416e elapsed=6.376849ms
INFO [01-16|16:01:24.490] Unindexed transactions                   blocks=1    txs=179       tail=14,070,412 elapsed=3.686ms
INFO [01-16|16:01:35.924] Imported new potential chain segment     blocks=1    txs=159       mgas=15.139  elapsed=118.099ms   mgasps=128.189 number=16,420,412 hash=88fbcd..6a1ce3 dirty=1022.08MiB
INFO [01-16|16:01:35.941] Chain head was updated                   number=16,420,412 hash=88fbcd..6a1ce3 root=ff6b76..88718a elapsed=8.87566ms
INFO [01-16|16:01:35.941] Unindexed transactions                   blocks=1    txs=21        tail=14,070,413 elapsed="393.026µs"
INFO [01-16|16:01:47.816] Imported new potential chain segment     blocks=1    txs=120       mgas=12.474  elapsed=66.486ms    mgasps=187.622 number=16,420,413 hash=eb01e2..4c164e dirty=1021.72MiB
INFO [01-16|16:01:47.831] Chain head was updated                   number=16,420,413 hash=eb01e2..4c164e root=bd8e7b..4d3eef elapsed=3.253694ms
INFO [01-16|16:01:47.834] Unindexed transactions                   blocks=1    txs=122       tail=14,070,414 elapsed=2.436ms
ERROR[01-16|16:01:48.177] Error in block freeze operation          err="block receipts missing, can't freeze block 15256595"
INFO [01-16|16:02:00.852] Imported new potential chain segment     blocks=1    txs=159       mgas=22.725  elapsed=125.479ms   mgasps=181.109 number=16,420,414 hash=428395..d156dd dirty=1021.40MiB
INFO [01-16|16:02:00.870] Chain head was updated                   number=16,420,414 hash=428395..d156dd root=c7c502..b90f63 elapsed=6.435015ms
INFO [01-16|16:02:00.873] Unindexed transactions                   blocks=1    txs=352       tail=14,070,415 elapsed=3.412ms
INFO [01-16|16:02:12.211] Imported new potential chain segment     blocks=1    txs=143       mgas=13.027  elapsed=99.618ms    mgasps=130.769 number=16,420,415 hash=d009ab..dee38e dirty=1021.08MiB
INFO [01-16|16:02:12.231] Chain head was updated                   number=16,420,415 hash=d009ab..dee38e root=f5c596..2eb1e1 elapsed=6.381168ms
INFO [01-16|16:02:12.237] Unindexed transactions                   blocks=1    txs=293       tail=14,070,416 elapsed=5.667ms
INFO [01-16|16:02:25.414] Imported new potential chain segment     blocks=1    txs=107       mgas=8.720   elapsed=75.061ms    mgasps=116.166 number=16,420,416 hash=baf1ae..ea777d dirty=1021.18MiB
INFO [01-16|16:02:25.452] Chain head was updated                   number=16,420,416 hash=baf1ae..ea777d root=0092ce..49d093 elapsed=4.827446ms
INFO [01-16|16:02:25.458] Unindexed transactions                   blocks=1    txs=365       tail=14,070,417 elapsed=6.385ms
INFO [01-16|16:02:36.069] Imported new potential chain segment     blocks=1    txs=144       mgas=12.380  elapsed=115.390ms   mgasps=107.285 number=16,420,417 hash=a98f21..5209cb dirty=1021.01MiB
INFO [01-16|16:02:36.090] Chain head was updated                   number=16,420,417 hash=a98f21..5209cb root=32d08f..aa25e6 elapsed=7.055317ms
INFO [01-16|16:02:36.093] Unindexed transactions                   blocks=1    txs=173       tail=14,070,418 elapsed=3.373ms
ERROR[01-16|16:02:48.191] Error in block freeze operation          err="block receipts missing, can't freeze block 15256595"
INFO [01-16|16:02:48.336] Imported new potential chain segment     blocks=1    txs=118       mgas=10.799  elapsed=111.776ms   mgasps=96.616  number=16,420,418 hash=926d11..519157 dirty=1020.73MiB
INFO [01-16|16:02:48.351] Chain head was updated                   number=16,420,418 hash=926d11..519157 root=fc04e3..7915da elapsed=5.830347ms
INFO [01-16|16:02:48.359] Unindexed transactions                   blocks=1    txs=459       tail=14,070,419 elapsed=7.680ms
INFO [01-16|16:02:59.979] Imported new potential chain segment     blocks=1    txs=152       mgas=10.706  elapsed=63.233ms    mgasps=169.309 number=16,420,419 hash=083cc9..753877 dirty=1020.76MiB
INFO [01-16|16:03:00.023] Chain head was updated                   number=16,420,419 hash=083cc9..753877 root=e8d492..140203 elapsed=6.202464ms
INFO [01-16|16:03:00.028] Unindexed transactions                   blocks=1    txs=235       tail=14,070,420 elapsed=4.271ms
INFO [01-16|16:03:12.225] Imported new potential chain segment     blocks=1    txs=353       mgas=22.640  elapsed=147.908ms   mgasps=153.067 number=16,420,420 hash=e01fd4..14c32d dirty=1021.94MiB
INFO [01-16|16:03:12.252] Chain head was updated                   number=16,420,420 hash=e01fd4..14c32d root=bbe551..6cfb76 elapsed=13.26996ms
INFO [01-16|16:03:12.254] Unindexed transactions                   blocks=1    txs=78        tail=14,070,421 elapsed=1.908ms
INFO [01-16|16:03:24.266] Imported new potential chain segment     blocks=1    txs=113       mgas=10.944  elapsed=96.456ms    mgasps=113.461 number=16,420,421 hash=c27d1f..1f5079 dirty=1021.83MiB
INFO [01-16|16:03:24.290] Chain head was updated                   number=16,420,421 hash=c27d1f..1f5079 root=abbd91..d3e35c elapsed=7.837533ms
INFO [01-16|16:03:24.293] Unindexed transactions                   blocks=1    txs=113       tail=14,070,422 elapsed=2.770ms
INFO [01-16|16:03:36.313] Imported new potential chain segment     blocks=1    txs=156       mgas=14.157  elapsed=103.855ms   mgasps=136.316 number=16,420,422 hash=58488d..e019fb dirty=1022.05MiB
INFO [01-16|16:03:36.362] Chain head was updated                   number=16,420,422 hash=58488d..e019fb root=6d34c0..78c276 elapsed=7.711866ms
INFO [01-16|16:03:36.363] Unindexed transactions                   blocks=1    txs=19        tail=14,070,423 elapsed="830.371µs"
WARN [01-16|16:03:45.143] Snapshot extension registration failed   peer=082d12b1 err="peer connected on snap without compatible eth support"
ERROR[01-16|16:03:48.203] Error in block freeze operation          err="block receipts missing, can't freeze block 15256595"
INFO [01-16|16:03:51.408] Imported new potential chain segment     blocks=1    txs=150       mgas=14.531  elapsed=105.730ms   mgasps=137.432 number=16,420,423 hash=25cbfa..f5b48d dirty=1022.05MiB
INFO [01-16|16:03:51.430] Chain head was updated                   number=16,420,423 hash=25cbfa..f5b48d root=ca8abe..6f8366 elapsed=9.483173ms
INFO [01-16|16:03:51.435] Unindexed transactions                   blocks=1    txs=206       tail=14,070,424 elapsed=4.650ms
INFO [01-16|16:04:00.227] Imported new potential chain segment     blocks=1    txs=100       mgas=9.510   elapsed=112.815ms   mgasps=84.297  number=16,420,424 hash=1408bd..eddd61 dirty=1021.98MiB
INFO [01-16|16:04:00.245] Chain head was updated                   number=16,420,424 hash=1408bd..eddd61 root=e2ee87..d4fb0d elapsed=5.935485ms
INFO [01-16|16:04:00.252] Unindexed transactions                   blocks=1    txs=338       tail=14,070,425 elapsed=6.584ms
INFO [01-16|16:04:11.937] Imported new potential chain segment     blocks=1    txs=197       mgas=17.172  elapsed=136.239ms   mgasps=126.045 number=16,420,425 hash=a5ba3f..13386c dirty=1022.17MiB
INFO [01-16|16:04:11.958] Chain head was updated                   number=16,420,425 hash=a5ba3f..13386c root=035f9f..cfeafc elapsed=9.127467ms
INFO [01-16|16:04:11.960] Unindexed transactions                   blocks=1    txs=104       tail=14,070,426 elapsed=1.716ms
INFO [01-16|16:04:23.816] Imported new potential chain segment     blocks=1    txs=24        mgas=1.675   elapsed=26.093ms    mgasps=64.173  number=16,420,426 hash=afa453..fadcac dirty=1021.32MiB
INFO [01-16|16:04:23.893] Chain head was updated                   number=16,420,426 hash=afa453..fadcac root=df699d..64350b elapsed=1.176878ms
INFO [01-16|16:04:23.894] Unindexed transactions                   blocks=1    txs=37        tail=14,070,427 elapsed="970.739µs"
INFO [01-16|16:04:36.844] Imported new potential chain segment     blocks=1    txs=345       mgas=29.994  elapsed=256.265ms   mgasps=117.041 number=16,420,427 hash=14b49b..f68269 dirty=1022.45MiB
INFO [01-16|16:04:36.879] Chain head was updated                   number=16,420,427 hash=14b49b..f68269 root=4f3d83..011401 elapsed=13.63711ms
INFO [01-16|16:04:36.884] Unindexed transactions                   blocks=1    txs=342       tail=14,070,428 elapsed=4.836ms