INFO [01-16|09:13:24.634] Unindexed transactions                   blocks=1    txs=80      tail=14,068,379 elapsed=1.307ms
INFO [01-16|09:13:36.309] Imported new potential chain segment     blocks=1    txs=146     mgas=12.862  elapsed=89.722ms    mgasps=143.353 number=16,418,379 hash=47ddc6..0762e8 dirty=1020.93MiB
INFO [01-16|09:13:36.320] Chain head was updated                   number=16,418,379 hash=47ddc6..0762e8 root=f44569..d10a1d elapsed=3.35865ms
INFO [01-16|09:13:36.320] Unindexed transactions                   blocks=1    txs=33      tail=14,068,380 elapsed="769.943µs"
INFO [01-16|09:13:48.602] Imported new potential chain segment     blocks=1    txs=105     mgas=10.557  elapsed=101.478ms   mgasps=104.034 number=16,418,380 hash=8deff1..9af20a dirty=1020.94MiB
INFO [01-16|09:13:48.616] Chain head was updated                   number=16,418,380 hash=8deff1..9af20a root=5e712d..a5025e elapsed=3.24258ms
INFO [01-16|09:13:48.622] Unindexed transactions                   blocks=1    txs=246     tail=14,068,381 elapsed=6.164ms
INFO [01-16|09:14:01.968] Imported new potential chain segment     blocks=1    txs=149     mgas=14.929  elapsed=119.270ms   mgasps=125.166 number=16,418,381 hash=31ac01..429c6e dirty=1020.36MiB
INFO [01-16|09:14:02.007] Chain head was updated                   number=16,418,381 hash=31ac01..429c6e root=17a25b..a796d2 elapsed=3.13726ms
INFO [01-16|09:14:02.007] Unindexed transactions                   blocks=1    txs=42      tail=14,068,382 elapsed="621.358µs"
INFO [01-16|09:14:12.893] Imported new potential chain segment     blocks=1    txs=150     mgas=19.880  elapsed=130.522ms   mgasps=152.308 number=16,418,382 hash=1ff338..02e05d dirty=1021.02MiB
INFO [01-16|09:14:12.904] Chain head was updated                   number=16,418,382 hash=1ff338..02e05d root=f0befc..70cbf8 elapsed=3.547754ms
INFO [01-16|09:14:12.905] Unindexed transactions                   blocks=1    txs=39      tail=14,068,383 elapsed="569.548µs"
ERROR[01-16|09:14:15.503] Error in block freeze operation          err="block receipts missing, can't freeze block 15256595"
INFO [01-16|09:14:21.800] Writing clean trie cache to disk         path=/home/long/nvme/data-dir/geth/triecache threads=1
INFO [01-16|09:14:21.802] Regenerated local transaction journal    transactions=0 accounts=0
INFO [01-16|09:14:22.699] Persisted the clean trie cache           path=/home/long/nvme/data-dir/geth/triecache elapsed=898.862ms
INFO [01-16|09:14:27.581] Imported new potential chain segment     blocks=1    txs=127     mgas=13.171  elapsed=103.978ms   mgasps=126.666 number=16,418,383 hash=d2f7ca..a2ca44 dirty=1020.58MiB
INFO [01-16|09:14:27.594] Chain head was updated                   number=16,418,383 hash=d2f7ca..a2ca44 root=57b713..f60fb7 elapsed=2.462564ms
INFO [01-16|09:14:27.598] Unindexed transactions                   blocks=1    txs=405     tail=14,068,384 elapsed=4.197ms
INFO [01-16|09:14:36.360] Imported new potential chain segment     blocks=1    txs=127     mgas=11.369  elapsed=161.289ms   mgasps=70.489  number=16,418,384 hash=9b0082..c4291b dirty=1020.62MiB
INFO [01-16|09:14:36.372] Chain head was updated                   number=16,418,384 hash=9b0082..c4291b root=3975eb..4e86f2 elapsed=3.695083ms
INFO [01-16|09:14:36.375] Unindexed transactions                   blocks=1    txs=102     tail=14,068,385 elapsed=1.353ms
INFO [01-16|09:14:48.122] Imported new potential chain segment     blocks=1    txs=153     mgas=24.492  elapsed=289.065ms   mgasps=84.728  number=16,418,385 hash=d9c916..9e6eff dirty=1022.98MiB
INFO [01-16|09:14:48.143] Chain head was updated                   number=16,418,385 hash=d9c916..9e6eff root=818644..bbb532 elapsed=4.424621ms
INFO [01-16|09:14:48.147] Unindexed transactions                   blocks=1    txs=439     tail=14,068,386 elapsed=3.635ms
INFO [01-16|09:15:00.647] Imported new potential chain segment     blocks=1    txs=133     mgas=14.439  elapsed=106.238ms   mgasps=135.910 number=16,418,386 hash=eedd89..36e79d dirty=1022.54MiB
INFO [01-16|09:15:00.659] Chain head was updated                   number=16,418,386 hash=eedd89..36e79d root=8b32ad..f09277 elapsed=2.537481ms
INFO [01-16|09:15:00.662] Unindexed transactions                   blocks=1    txs=226     tail=14,068,387 elapsed=3.743ms
INFO [01-16|09:15:12.006] Imported new potential chain segment     blocks=1    txs=162     mgas=16.523  elapsed=109.030ms   mgasps=151.544 number=16,418,387 hash=f4f8b1..fe8795 dirty=1022.23MiB
INFO [01-16|09:15:12.021] Chain head was updated                   number=16,418,387 hash=f4f8b1..fe8795 root=e1b296..1f09ed elapsed=3.837634ms
INFO [01-16|09:15:12.022] Unindexed transactions                   blocks=1    txs=28      tail=14,068,388 elapsed="782.74µs"
ERROR[01-16|09:15:15.514] Error in block freeze operation          err="block receipts missing, can't freeze block 15256595"
INFO [01-16|09:15:23.556] Imported new potential chain segment     blocks=1    txs=18      mgas=1.083   elapsed=75.416ms    mgasps=14.364  number=16,418,388 hash=dd7f71..ac2538 dirty=1020.44MiB
INFO [01-16|09:15:23.628] Chain head was updated                   number=16,418,388 hash=dd7f71..ac2538 root=89a7cc..7acba3 elapsed="586.867µs"
INFO [01-16|09:15:23.632] Unindexed transactions                   blocks=1    txs=386     tail=14,068,389 elapsed=3.369ms
INFO [01-16|09:15:37.473] Imported new potential chain segment     blocks=1    txs=299     mgas=25.965  elapsed=189.093ms   mgasps=137.314 number=16,418,389 hash=40d5af..55b33c dirty=1021.81MiB
INFO [01-16|09:15:37.491] Chain head was updated                   number=16,418,389 hash=40d5af..55b33c root=dce747..653b9b elapsed=10.392814ms
INFO [01-16|09:15:37.495] Unindexed transactions                   blocks=1    txs=307     tail=14,068,390 elapsed=3.959ms
INFO [01-16|09:15:48.279] Imported new potential chain segment     blocks=1    txs=128     mgas=12.683  elapsed=110.770ms   mgasps=114.502 number=16,418,390 hash=e30267..a6c75c dirty=1022.45MiB
INFO [01-16|09:15:48.295] Chain head was updated                   number=16,418,390 hash=e30267..a6c75c root=bdfb8e..315cf2 elapsed=3.669396ms
INFO [01-16|09:15:48.299] Unindexed transactions                   blocks=1    txs=378     tail=14,068,391 elapsed=3.495ms
INFO [01-16|09:16:00.261] Imported new potential chain segment     blocks=1    txs=115     mgas=16.199  elapsed=96.921ms    mgasps=167.133 number=16,418,391 hash=32e445..ef9dc8 dirty=1021.45MiB
INFO [01-16|09:16:00.276] Chain head was updated                   number=16,418,391 hash=32e445..ef9dc8 root=6cbcee..26885c elapsed=2.236482ms
INFO [01-16|09:16:00.279] Unindexed transactions                   blocks=1    txs=167     tail=14,068,392 elapsed=2.667ms
INFO [01-16|09:16:13.304] Imported new potential chain segment     blocks=1    txs=152     mgas=13.351  elapsed=409.742ms   mgasps=32.583  number=16,418,392 hash=fee8e4..1b56b9 dirty=1021.80MiB
INFO [01-16|09:16:13.321] Chain head was updated                   number=16,418,392 hash=fee8e4..1b56b9 root=f23447..56ef77 elapsed=4.293019ms
INFO [01-16|09:16:13.322] Unindexed transactions                   blocks=1    txs=138     tail=14,068,393 elapsed=1.789ms
ERROR[01-16|09:16:15.524] Error in block freeze operation          err="block receipts missing, can't freeze block 15256595"
INFO [01-16|09:16:24.736] Imported new potential chain segment     blocks=1    txs=123     mgas=11.529  elapsed=97.383ms    mgasps=118.382 number=16,418,393 hash=184b19..8fc8f5 dirty=1021.69MiB
INFO [01-16|09:16:24.781] Chain head was updated                   number=16,418,393 hash=184b19..8fc8f5 root=b12c50..e494bd elapsed=4.930299ms
INFO [01-16|09:16:24.783] Unindexed transactions                   blocks=1    txs=220     tail=14,068,394 elapsed=2.120ms
INFO [01-16|09:16:36.691] Imported new potential chain segment     blocks=1    txs=135     mgas=13.237  elapsed=107.027ms   mgasps=123.676 number=16,418,394 hash=6da152..0a41d0 dirty=1023.07MiB
INFO [01-16|09:16:36.702] Chain head was updated                   number=16,418,394 hash=6da152..0a41d0 root=b187cd..f72b51 elapsed=3.845152ms
INFO [01-16|09:16:36.703] Unindexed transactions                   blocks=1    txs=38      tail=14,068,395 elapsed=1.029ms
INFO [01-16|09:16:48.673] Imported new potential chain segment     blocks=1    txs=144     mgas=16.244  elapsed=156.383ms   mgasps=103.876 number=16,418,395 hash=0f17ab..a1b4cd dirty=1021.54MiB
INFO [01-16|09:16:48.697] Chain head was updated                   number=16,418,395 hash=0f17ab..a1b4cd root=55ae4b..89d43d elapsed=10.442157ms
INFO [01-16|09:16:48.700] Unindexed transactions                   blocks=1    txs=181     tail=14,068,396 elapsed=2.840ms
INFO [01-16|09:17:00.165] Imported new potential chain segment     blocks=1    txs=113     mgas=14.556  elapsed=158.657ms   mgasps=91.748  number=16,418,396 hash=c2cfa3..b02db6 dirty=1021.91MiB
INFO [01-16|09:17:00.188] Chain head was updated                   number=16,418,396 hash=c2cfa3..b02db6 root=d3fc37..6954e6 elapsed=3.848996ms
INFO [01-16|09:17:00.191] Unindexed transactions                   blocks=1    txs=136     tail=14,068,397 elapsed=2.489ms
INFO [01-16|09:17:12.414] Imported new potential chain segment     blocks=1    txs=130     mgas=12.594  elapsed=126.663ms   mgasps=99.427  number=16,418,397 hash=bfb25f..6109ee dirty=1021.94MiB
INFO [01-16|09:17:12.433] Chain head was updated                   number=16,418,397 hash=bfb25f..6109ee root=5294b0..29fc2f elapsed=5.209577ms
INFO [01-16|09:17:12.435] Unindexed transactions                   blocks=1    txs=88      tail=14,068,398 elapsed=1.772ms
ERROR[01-16|09:17:15.538] Error in block freeze operation          err="block receipts missing, can't freeze block 15256595"
INFO [01-16|09:17:25.229] Imported new potential chain segment     blocks=1    txs=113     mgas=24.600  elapsed=471.576ms   mgasps=52.165  number=16,418,398 hash=9df46a..18fa7a dirty=1022.07MiB
INFO [01-16|09:17:25.242] Chain head was updated                   number=16,418,398 hash=9df46a..18fa7a root=125f7e..a64d8a elapsed=5.561832ms
INFO [01-16|09:17:25.243] Unindexed transactions                   blocks=1    txs=54      tail=14,068,399 elapsed="829.054µs"
INFO [01-16|09:17:36.378] Imported new potential chain segment     blocks=1    txs=128     mgas=16.065  elapsed=87.530ms    mgasps=183.539 number=16,418,399 hash=32d024..d20cdf dirty=1022.17MiB
INFO [01-16|09:17:36.393] Chain head was updated                   number=16,418,399 hash=32d024..d20cdf root=d22aa6..9107d7 elapsed=3.107963ms
INFO [01-16|09:17:36.395] Unindexed transactions                   blocks=1    txs=114     tail=14,068,400 elapsed=1.735ms
INFO [01-16|09:17:48.365] Imported new potential chain segment     blocks=1    txs=91      mgas=9.524   elapsed=79.081ms    mgasps=120.431 number=16,418,400 hash=815552..673d70 dirty=1021.85MiB
INFO [01-16|09:17:48.385] Chain head was updated                   number=16,418,400 hash=815552..673d70 root=bce2ef..3df0ef elapsed=2.751439ms
INFO [01-16|09:17:48.387] Unindexed transactions                   blocks=1    txs=188     tail=14,068,401 elapsed=2.433ms
INFO [01-16|09:18:00.571] Imported new potential chain segment     blocks=1    txs=102     mgas=13.127  elapsed=94.122ms    mgasps=139.463 number=16,418,401 hash=dcbd51..9bb9f4 dirty=1021.55MiB
INFO [01-16|09:18:00.593] Chain head was updated                   number=16,418,401 hash=dcbd51..9bb9f4 root=b2d4d4..f5016b elapsed=7.608795ms
INFO [01-16|09:18:00.594] Unindexed transactions                   blocks=1    txs=48      tail=14,068,402 elapsed=1.130ms
INFO [01-16|09:18:12.229] Imported new potential chain segment     blocks=1    txs=143     mgas=13.484  elapsed=92.718ms    mgasps=145.429 number=16,418,402 hash=aaee6a..43607a dirty=1021.60MiB
INFO [01-16|09:18:12.246] Chain head was updated                   number=16,418,402 hash=aaee6a..43607a root=35f9fa..2b8379 elapsed=7.73757ms
INFO [01-16|09:18:12.249] Unindexed transactions                   blocks=1    txs=63      tail=14,068,403 elapsed=2.175ms
ERROR[01-16|09:18:15.543] Error in block freeze operation          err="block receipts missing, can't freeze block 15256595"
INFO [01-16|09:18:24.197] Imported new potential chain segment     blocks=1    txs=146     mgas=14.109  elapsed=127.813ms   mgasps=110.385 number=16,418,403 hash=3bb765..d5ea5f dirty=1021.85MiB
INFO [01-16|09:18:24.208] Chain head was updated                   number=16,418,403 hash=3bb765..d5ea5f root=d1c646..d259ef elapsed=3.220563ms
INFO [01-16|09:18:24.211] Unindexed transactions                   blocks=1    txs=272     tail=14,068,404 elapsed=3.157ms
INFO [01-16|09:18:36.581] Imported new potential chain segment     blocks=1    txs=140     mgas=23.222  elapsed=329.155ms   mgasps=70.551  number=16,418,404 hash=eac13d..4800b0 dirty=1022.52MiB
INFO [01-16|09:18:36.601] Chain head was updated                   number=16,418,404 hash=eac13d..4800b0 root=92b1c1..9f1a8d elapsed=7.017477ms
INFO [01-16|09:18:36.603] Unindexed transactions                   blocks=1    txs=145     tail=14,068,405 elapsed=2.488ms
INFO [01-16|09:18:49.397] Imported new potential chain segment     blocks=1    txs=118     mgas=14.396  elapsed=124.719ms   mgasps=115.424 number=16,418,405 hash=4a8024..8a53a5 dirty=1021.35MiB
INFO [01-16|09:18:49.415] Chain head was updated                   number=16,418,405 hash=4a8024..8a53a5 root=884cd7..d5748e elapsed=7.488476ms
INFO [01-16|09:18:49.417] Unindexed transactions                   blocks=1    txs=130     tail=14,068,406 elapsed=1.887ms
INFO [01-16|09:19:00.575] Imported new potential chain segment     blocks=1    txs=104     mgas=9.336   elapsed=104.329ms   mgasps=89.485  number=16,418,406 hash=a9ce90..3d6485 dirty=1020.99MiB
INFO [01-16|09:19:00.590] Chain head was updated                   number=16,418,406 hash=a9ce90..3d6485 root=e83de7..941e12 elapsed=5.692106ms
INFO [01-16|09:19:00.592] Unindexed transactions                   blocks=1    txs=91      tail=14,068,407 elapsed=2.076ms