WARN [10-10|03:32:41.344] Unexpected trienode heal packet          peer=f08a493b reqid=2,040,757,242,323,624,586
WARN [10-10|03:32:43.457] Unexpected trienode heal packet          peer=190f8332 reqid=6,772,467,678,916,648,234
WARN [10-10|03:32:45.280] Unexpected trienode heal packet          peer=9a42e4a4 reqid=750,123,951,622,657,280
INFO [10-10|03:32:49.538] Imported new block headers               count=1  elapsed=6.834ms   number=13,388,525 hash=7176b3..343f5b age=1m16s
INFO [10-10|03:32:53.258] State heal in progress                   accounts=52287@2.73MiB    slots=47572@3.51MiB    codes=13370@113.65MiB nodes=320,173,001@94.41GiB pending=202,630
WARN [10-10|03:32:53.258] Unexpected trienode heal packet          peer=a0f90a1e reqid=3,940,788,837,123,918,912
INFO [10-10|03:32:59.170] Imported new block headers               count=1  elapsed=7.123ms   number=13,388,526 hash=496a7b..541966
INFO [10-10|03:33:01.659] State heal in progress                   accounts=52287@2.73MiB    slots=47572@3.51MiB    codes=13370@113.65MiB nodes=320,173,359@94.41GiB pending=203,193
WARN [10-10|03:33:01.660] Unexpected trienode heal packet          peer=57e878a9 reqid=5,801,840,444,477,954,933
INFO [10-10|03:33:05.643] Imported new block headers               count=1  elapsed=7.543ms   number=13,388,527 hash=8e0c71..18a841
INFO [10-10|03:33:10.450] State heal in progress                   accounts=52287@2.73MiB    slots=47572@3.51MiB    codes=13370@113.65MiB nodes=320,173,697@94.41GiB pending=203,579
WARN [10-10|03:33:10.451] Unexpected trienode heal packet          peer=57ff7296 reqid=765,794,611,507,296,752
WARN [10-10|03:33:18.765] Unexpected trienode heal packet          peer=5c4af1a5 reqid=8,909,278,958,142,145,974
WARN [10-10|03:33:18.790] Unexpected trienode heal packet          peer=d2e12792 reqid=2,474,125,382,233,780,077
WARN [10-10|03:33:18.791] Unexpected trienode heal packet          peer=efd7c039 reqid=8,191,934,178,072,957,899
WARN [10-10|03:33:18.791] Unexpected trienode heal packet          peer=1ca8deac reqid=3,765,066,588,019,881,862
INFO [10-10|03:33:19.617] State heal in progress                   accounts=52287@2.73MiB    slots=47572@3.51MiB    codes=13370@113.65MiB nodes=320,174,045@94.41GiB pending=204,118
INFO [10-10|03:33:19.617] State heal in progress                   accounts=52287@2.73MiB    slots=47572@3.51MiB    codes=13370@113.65MiB nodes=320,174,045@94.41GiB pending=204,118
WARN [10-10|03:33:19.625] Synchronisation failed, dropping peer    peer=80ce8816f31cdb9499905dd0c30c1072f2ecf2da5b8df35393568431b12b575b err="action from bad peer ignored: header request timed out"
WARN [10-10|03:33:25.634] Synchronisation failed, dropping peer    peer=e787bc3869d719ffd9dbcb9d8a069b7918b8ad167b25d8a2ac46cf36f3463f6d err=timeout
INFO [10-10|03:33:28.481] Looking for peers                        peercount=10 tried=3 static=0
WARN [10-10|03:33:30.602] Unable to send to InfluxDB               err="Post \"http://localhost:8086/write?consistency=&db=chaosevm&precision=&rp=\": context deadline exceeded (Client.Timeout exceeded while awaiting headers)"
WARN [10-10|03:33:31.635] Synchronisation failed, dropping peer    peer=97a3372bc11476a11350d4c3265c692377241ae4fcbc7961290226562d078a61 err=timeout
ERROR[10-10|03:33:32.058] Snapshot extension registration failed   peer=185b6292 err="peer connected on snap without compatible eth support"
WARN [10-10|03:33:37.637] Synchronisation failed, dropping peer    peer=e84843b6c9bf04311bb09548a4e8537aa225bd0ba8f4356e2ec6ad177c0736dc err=timeout
INFO [10-10|03:33:39.174] Looking for peers                        peercount=4  tried=4 static=0
INFO [10-10|03:33:49.244] Looking for peers                        peercount=4  tried=3 static=0
INFO [10-10|03:33:51.434] Disabling direct-ancient mode            origin=13,388,445 ancient=12,976,127
INFO [10-10|03:33:51.439] State heal in progress                   accounts=52287@2.73MiB    slots=47572@3.51MiB    codes=13370@113.65MiB nodes=320,174,045@94.41GiB pending=1
INFO [10-10|03:33:52.388] Imported new block headers               count=1  elapsed=227.679ms number=13,388,528 hash=f8d407..e1e3a3 age=1m6s     ignored=82
INFO [10-10|03:33:53.718] Downloader queue stats                   receiptTasks=36 blockTasks=7  itemSize=217.06KiB throttle=1208
INFO [10-10|03:33:53.724] Imported new block receipts              count=3  elapsed=6.122ms   number=13,388,448 hash=954548..045912 age=21m48s   size=265.67KiB
INFO [10-10|03:33:54.165] Imported new block receipts              count=16 elapsed=70.506ms  number=13,388,464 hash=77aceb..f1f99d age=16m23s   size=2.37MiB
INFO [10-10|03:33:54.166] State heal in progress                   accounts=52287@2.73MiB    slots=47572@3.51MiB    codes=13370@113.65MiB nodes=320,174,045@94.41GiB pending=1
INFO [10-10|03:34:00.584] Looking for peers                        peercount=5  tried=2 static=0
ERROR[10-10|03:34:02.854] Snapshot extension registration failed   peer=56adb94e err="peer connected on snap without compatible eth support"
ERROR[10-10|03:34:07.771] Snapshot extension registration failed   peer=2eed2385 err="peer connected on snap without compatible eth support"
INFO [10-10|03:34:11.337] Looking for peers                        peercount=5  tried=2 static=0
INFO [10-10|03:34:14.612] Imported new block headers               count=1  elapsed=6.121ms   number=13,388,529 hash=c0108f..d1a3dc age=1m18s
INFO [10-10|03:34:19.860] State heal in progress                   accounts=52287@2.73MiB    slots=47572@3.51MiB    codes=13370@113.65MiB nodes=320,174,045@94.41GiB pending=1
INFO [10-10|03:34:21.339] Looking for peers                        peercount=7  tried=4 static=0
ERROR[10-10|03:34:24.856] Snapshot extension registration failed   peer=a05e766c err="peer connected on snap without compatible eth support"
ERROR[10-10|03:34:27.052] Snapshot extension registration failed   peer=35ba3061 err="peer connected on snap without compatible eth support"
WARN [10-10|03:34:27.962] Checkpoint challenge timed out, dropping id=fbff63b2c0f331ca conn=inbound addr=18.138.22.79:32862    type=OpenEthereum/v3.3.0-...
INFO [10-10|03:34:31.340] Looking for peers                        peercount=7  tried=5 static=0
INFO [10-10|03:34:41.355] Looking for peers                        peercount=7  tried=2 static=0
INFO [10-10|03:34:50.839] State heal in progress                   accounts=52287@2.73MiB    slots=47572@3.51MiB    codes=13370@113.65MiB nodes=320,174,045@94.41GiB pending=1
INFO [10-10|03:34:51.355] Looking for peers                        peercount=11 tried=3 static=0
ERROR[10-10|03:34:53.298] Snapshot extension registration failed   peer=5923554b err="peer connected on snap without compatible eth support"
WARN [10-10|03:34:57.628] Checkpoint challenge timed out, dropping id=eb2e79cd2ca30846 conn=inbound addr=104.183.81.205:56548  type=erigon/v2021.08.5-al...
WARN [10-10|03:34:58.989] Dropping unsynced node during sync       id=95001d93e04d2bd9 conn=inbound addr=103.90.155.155:35250  type=Geth/v1.10.8-stable/...
INFO [10-10|03:34:58.990] State heal in progress                   accounts=52287@2.73MiB    slots=47572@3.51MiB    codes=13370@113.65MiB nodes=320,174,045@94.41GiB pending=1
ERROR[10-10|03:35:00.663] Snapshot extension registration failed   peer=70d956b8 err="peer connected on snap without compatible eth support"
INFO [10-10|03:35:01.357] Looking for peers                        peercount=11 tried=3 static=0
INFO [10-10|03:35:11.358] Looking for peers                        peercount=12 tried=2 static=0
INFO [10-10|03:35:12.445] Imported new block headers               count=1  elapsed=5.575ms   number=13,388,530 hash=1f1c58..e17e8f age=2m10s
INFO [10-10|03:35:13.219] Downloader queue stats                   receiptTasks=0  blockTasks=0  itemSize=249.72KiB throttle=1050
INFO [10-10|03:35:13.275] State heal in progress                   accounts=52287@2.73MiB    slots=47572@3.51MiB    codes=13370@113.65MiB nodes=320,174,045@94.41GiB pending=1
INFO [10-10|03:35:19.000] Imported new block headers               count=1  elapsed=5.520ms   number=13,388,531 hash=696a2a..731fdc age=1m46s
INFO [10-10|03:35:21.360] Looking for peers                        peercount=13 tried=5 static=0
INFO [10-10|03:35:22.360] Imported new block headers               count=1  elapsed=5.730ms   number=13,388,532 hash=9ccb89..7f5b89 age=1m12s
ERROR[10-10|03:35:26.003] Snapshot extension registration failed   peer=d7358cb1 err="peer connected on snap without compatible eth support"
INFO [10-10|03:35:27.276] State heal in progress                   accounts=52287@2.73MiB    slots=47572@3.51MiB    codes=13370@113.65MiB nodes=320,174,045@94.41GiB pending=1
INFO [10-10|03:35:31.360] Looking for peers                        peercount=14 tried=3 static=0
INFO [10-10|03:35:32.082] Imported new block headers               count=1  elapsed=6.017ms   number=13,388,533 hash=fb7d9d..c73d5b
INFO [10-10|03:35:38.540] State heal in progress                   accounts=52287@2.73MiB    slots=47572@3.51MiB    codes=13370@113.65MiB nodes=320,175,268@94.42GiB pending=13114
INFO [10-10|03:35:42.372] Looking for peers                        peercount=14 tried=3 static=0
INFO [10-10|03:35:45.003] Imported new block headers               count=1  elapsed=6.561ms   number=13,388,534 hash=23a0ef..ce8056
INFO [10-10|03:35:47.439] State heal in progress                   accounts=52287@2.73MiB    slots=47572@3.51MiB    codes=13370@113.65MiB nodes=320,177,077@94.42GiB pending=39264
INFO [10-10|03:35:52.374] Looking for peers                        peercount=15 tried=3 static=0
WARN [10-10|03:35:52.478] Checkpoint challenge timed out, dropping id=3c584fa20ed474b4 conn=inbound addr=88.84.26.40:41632     type=Nethermind/v1.10.79-...
ERROR[10-10|03:35:53.258] Snapshot extension registration failed   peer=c8129f5a err="peer connected on snap without compatible eth support"
INFO [10-10|03:35:57.187] State heal in progress                   accounts=52287@2.73MiB    slots=47572@3.51MiB    codes=13370@113.65MiB nodes=320,178,667@94.42GiB pending=44424
INFO [10-10|03:35:59.717] Imported new block headers               count=1  elapsed=6.401ms   number=13,388,535 hash=338701..90bd35
INFO [10-10|03:36:02.377] Looking for peers                        peercount=14 tried=3 static=0
INFO [10-10|03:36:03.078] Imported new block headers               count=1  elapsed=7.895ms   number=13,388,536 hash=78eb56..ec670d
INFO [10-10|03:36:08.471] State heal in progress                   accounts=52287@2.73MiB    slots=47572@3.51MiB    codes=13370@113.65MiB nodes=320,179,842@94.42GiB pending=47175
INFO [10-10|03:36:12.377] Looking for peers                        peercount=15 tried=1 static=0
INFO [10-10|03:36:16.550] Imported new block headers               count=2  elapsed=7.768ms   number=13,388,538 hash=e05806..f24764
INFO [10-10|03:36:17.292] Downloader queue stats                   receiptTasks=0  blockTasks=0  itemSize=225.74KiB throttle=1162
INFO [10-10|03:36:20.243] State heal in progress                   accounts=52287@2.73MiB    slots=47572@3.51MiB    codes=13370@113.65MiB nodes=320,180,745@94.42GiB pending=48909
INFO [10-10|03:36:22.378] Looking for peers                        peercount=16 tried=4 static=0
INFO [10-10|03:36:23.163] Imported new block headers               count=1  elapsed=7.104ms   number=13,388,539 hash=26dbd9..a43b8a
INFO [10-10|03:36:31.375] State heal in progress                   accounts=52287@2.73MiB    slots=47572@3.51MiB    codes=13370@113.65MiB nodes=320,181,467@94.42GiB pending=49764
INFO [10-10|03:36:41.796] State heal in progress                   accounts=52297@2.73MiB    slots=47572@3.51MiB    codes=13370@113.65MiB nodes=320,182,231@94.42GiB pending=50560
INFO [10-10|03:36:49.866] State heal in progress                   accounts=52312@2.73MiB    slots=47572@3.51MiB    codes=13370@113.65MiB nodes=320,182,989@94.42GiB pending=51545
INFO [10-10|03:36:59.127] State heal in progress                   accounts=52316@2.73MiB    slots=47572@3.51MiB    codes=13370@113.65MiB nodes=320,183,791@94.42GiB pending=52476
WARN [10-10|03:37:05.351] Checkpoint challenge timed out, dropping id=de8dbc145269ca0a conn=inbound addr=217.238.6.88:50786    type=Geth/v1.10.9-stable-...
INFO [10-10|03:37:06.704] State heal in progress                   accounts=52381@2.73MiB    slots=47572@3.51MiB    codes=13370@113.65MiB nodes=320,184,390@94.42GiB pending=52853
WARN [10-10|03:37:06.705] Synchronisation failed, dropping peer    peer=cacf0f883c377343df940b4f060bc4063e21ace2d073f59371898e6235b029e7 err="action from bad peer ignored: header request timed out"
WARN [10-10|03:37:06.757] Unexpected trienode heal packet          peer=fb395765 reqid=3,254,602,385,947,144,824
WARN [10-10|03:37:06.926] Unexpected trienode heal packet          peer=e70e75dd reqid=8,639,310,873,133,785,164
WARN [10-10|03:37:06.961] Unexpected trienode heal packet          peer=9f1e6a5a reqid=7,683,404,210,599,412,694
INFO [10-10|03:37:09.602] Disabling direct-ancient mode            origin=13,388,464 ancient=12,976,127
INFO [10-10|03:37:10.364] Imported new block headers               count=3  elapsed=198.306ms number=13,388,542 hash=990279..3324b8 ignored=75
WARN [10-10|03:37:13.555] Dropping unsynced node during sync       id=d79d56864326d58b conn=inbound addr=39.183.8.4:3572       type=OpenEthereum/v3.3.0-...
INFO [10-10|03:37:15.904] State heal in progress                   accounts=52381@2.73MiB    slots=47572@3.51MiB    codes=13370@113.65MiB nodes=320,186,559@94.42GiB pending=26418
INFO [10-10|03:37:17.166] Imported new block receipts              count=15 elapsed=75.369ms  number=13,388,479 hash=8fd229..f855c1 age=16m59s   size=1.39MiB
INFO [10-10|03:37:18.560] State heal in progress                   accounts=52381@2.73MiB    slots=47572@3.51MiB    codes=13370@113.65MiB nodes=320,187,445@94.42GiB pending=40298
WARN [10-10|03:37:18.692] Unexpected trienode heal packet          peer=fb395765 reqid=4,667,979,914,254,794,100
WARN [10-10|03:37:18.794] Unexpected trienode heal packet          peer=e70e75dd reqid=2,997,826,985,690,860,746
WARN [10-10|03:37:18.830] Unexpected trienode heal packet          peer=9f1e6a5a reqid=3,994,246,173,130,307,378
INFO [10-10|03:37:19.563] Downloader queue stats                   receiptTasks=0  blockTasks=0  itemSize=238.76KiB throttle=1098
INFO [10-10|03:37:26.143] Imported new block headers               count=1  elapsed=8.334ms   number=13,388,543 hash=71bcfd..72f6bd
INFO [10-10|03:37:28.457] State heal in progress                   accounts=52381@2.73MiB    slots=47572@3.51MiB    codes=13370@113.65MiB nodes=320,190,444@94.42GiB pending=45569
INFO [10-10|03:37:32.637] Imported new block headers               count=1  elapsed=7.929ms   number=13,388,544 hash=b9b7f1..7269e9
INFO [10-10|03:37:39.120] Imported new block headers               count=1  elapsed=6.868ms   number=13,388,545 hash=11feb0..f78424
INFO [10-10|03:37:43.553] State heal in progress                   accounts=52381@2.73MiB    slots=47572@3.51MiB    codes=13370@113.65MiB nodes=320,193,068@94.42GiB pending=59265
ERROR[10-10|03:37:47.838] Snapshot extension registration failed   peer=9f3ace9e err="peer connected on snap without compatible eth support"
ERROR[10-10|03:37:53.466] Snapshot extension registration failed   peer=20dcc090 err="peer connected on snap without compatible eth support"
ERROR[10-10|03:37:56.091] Snapshot extension registration failed   peer=9a8a6054 err="peer connected on snap without compatible eth support"
INFO [10-10|03:37:59.515] State heal in progress                   accounts=52381@2.73MiB    slots=47572@3.51MiB    codes=13370@113.65MiB nodes=320,194,755@94.42GiB pending=63888