INFO [10-10|03:27:13.638] State heal in progress                   accounts=51088@2.66MiB    slots=46391@3.42MiB    codes=13370@113.65MiB nodes=320,142,000@94.40GiB pending=233,823
INFO [10-10|03:27:15.052] Imported new block headers               count=1  elapsed=9.547ms   number=13,388,505 hash=8f4f52..6fba08
INFO [10-10|03:27:22.032] State heal in progress                   accounts=51511@2.69MiB    slots=46537@3.43MiB    codes=13370@113.65MiB nodes=320,143,218@94.40GiB pending=233,783
INFO [10-10|03:27:30.982] State heal in progress                   accounts=51710@2.70MiB    slots=46657@3.44MiB    codes=13370@113.65MiB nodes=320,144,104@94.40GiB pending=233,938
INFO [10-10|03:27:37.313] Imported new block headers               count=1  elapsed=6.553ms   number=13,388,506 hash=420ad5..69a66e
INFO [10-10|03:27:39.088] State heal in progress                   accounts=51812@2.70MiB    slots=47062@3.47MiB    codes=13370@113.65MiB nodes=320,145,136@94.40GiB pending=234,021
INFO [10-10|03:27:40.628] Imported new block headers               count=1  elapsed=6.630ms   number=13,388,507 hash=4d54f4..61eb92
INFO [10-10|03:27:49.194] State heal in progress                   accounts=51941@2.71MiB    slots=47256@3.48MiB    codes=13370@113.65MiB nodes=320,146,065@94.40GiB pending=234,417
INFO [10-10|03:27:57.849] State heal in progress                   accounts=52021@2.71MiB    slots=47371@3.49MiB    codes=13370@113.65MiB nodes=320,146,736@94.40GiB pending=235,162
INFO [10-10|03:28:05.958] State heal in progress                   accounts=52138@2.72MiB    slots=47468@3.50MiB    codes=13370@113.65MiB nodes=320,147,363@94.40GiB pending=235,414
INFO [10-10|03:28:10.093] Writing clean trie cache to disk         path=/data/eth-data/geth/triecache threads=1
INFO [10-10|03:28:10.116] Regenerated local transaction journal    transactions=0 accounts=0
INFO [10-10|03:28:12.403] Imported new block headers               count=1  elapsed=23.973ms  number=13,388,508 hash=b06bd1..956bac age=1m4s
INFO [10-10|03:28:12.983] Downloader queue stats                   receiptTasks=0  blockTasks=0  itemSize=247.62KiB throttle=1059
WARN [10-10|03:28:12.983] Pivot became stale, moving               old=13,388,382 new=13,388,446
INFO [10-10|03:28:13.085] Persisted the clean trie cache           path=/data/eth-data/geth/triecache elapsed=2.988s
INFO [10-10|03:28:13.306] Imported new block receipts              count=64 elapsed=247.672ms number=13,388,445 hash=1b1a5c..ba8d52 age=16m49s   size=8.16MiB
INFO [10-10|03:28:13.545] State heal in progress                   accounts=52287@2.73MiB    slots=47572@3.51MiB    codes=13370@113.65MiB nodes=320,148,018@94.40GiB pending=235,983
WARN [10-10|03:28:13.549] Unexpected trienode heal packet          peer=1ca8deac reqid=9,112,563,560,664,097,562
WARN [10-10|03:28:13.554] Unexpected trienode heal packet          peer=57e878a9 reqid=6,616,802,899,045,441,162
WARN [10-10|03:28:13.555] Unexpected trienode heal packet          peer=57ff7296 reqid=7,799,038,022,095,690,636
WARN [10-10|03:28:13.618] Unexpected trienode heal packet          peer=5c4af1a5 reqid=6,691,377,068,676,631,256
WARN [10-10|03:28:13.626] Unexpected trienode heal packet          peer=a0f90a1e reqid=486,713,959,917,634,175
WARN [10-10|03:28:13.732] Unexpected trienode heal packet          peer=9a42e4a4 reqid=5,313,052,317,290,542,541
WARN [10-10|03:28:13.733] Unexpected trienode heal packet          peer=d2e12792 reqid=8,502,154,123,445,195,135
WARN [10-10|03:28:13.745] Unexpected trienode heal packet          peer=cfd618ea reqid=5,425,550,175,860,802,415
WARN [10-10|03:28:13.774] Unexpected trienode heal packet          peer=ec60d722 reqid=5,164,416,767,411,964,730
WARN [10-10|03:28:13.787] Unexpected trienode heal packet          peer=51fd07eb reqid=2,591,500,434,829,890,257
WARN [10-10|03:28:13.791] Unexpected trienode heal packet          peer=f08a493b reqid=8,568,821,648,435,792,347
WARN [10-10|03:28:13.895] Unexpected trienode heal packet          peer=efd7c039 reqid=198,872,687,457,766,079
WARN [10-10|03:28:14.500] Unexpected trienode heal packet          peer=543ccb27 reqid=2,506,319,569,853,049,164
WARN [10-10|03:28:14.574] Unexpected trienode heal packet          peer=190f8332 reqid=501,309,924,902,975,172
INFO [10-10|03:28:22.119] State heal in progress                   accounts=52287@2.73MiB    slots=47572@3.51MiB    codes=13370@113.65MiB nodes=320,149,044@94.40GiB pending=16044
INFO [10-10|03:28:32.887] State heal in progress                   accounts=52287@2.73MiB    slots=47572@3.51MiB    codes=13370@113.65MiB nodes=320,150,937@94.40GiB pending=39494
INFO [10-10|03:28:34.653] Imported new block headers               count=1  elapsed=8.596ms   number=13,388,509 hash=6e17b0..1bf143 age=1m
INFO [10-10|03:28:41.127] Imported new block headers               count=1  elapsed=8.275ms   number=13,388,510 hash=af5780..9f53de age=1m3s
INFO [10-10|03:28:44.442] Imported new block headers               count=1  elapsed=6.108ms   number=13,388,511 hash=6b9718..d4b700
INFO [10-10|03:28:45.653] State heal in progress                   accounts=52287@2.73MiB    slots=47572@3.51MiB    codes=13370@113.65MiB nodes=320,153,205@94.40GiB pending=73457
INFO [10-10|03:28:50.916] Imported new block headers               count=1  elapsed=6.981ms   number=13,388,512 hash=569d31..0a629d
INFO [10-10|03:28:56.030] State heal in progress                   accounts=52287@2.73MiB    slots=47572@3.51MiB    codes=13370@113.65MiB nodes=320,155,043@94.41GiB pending=102,006
WARN [10-10|03:28:57.753] Unexpected trienode heal packet          peer=efd7c039 reqid=3,723,308,179,738,284,806
WARN [10-10|03:28:59.072] Unexpected trienode heal packet          peer=f08a493b reqid=9,049,439,335,500,143,778
WARN [10-10|03:28:59.186] Unexpected trienode heal packet          peer=ec60d722 reqid=5,992,482,433,149,009,277
WARN [10-10|03:28:59.319] Unexpected trienode heal packet          peer=51fd07eb reqid=2,463,295,157,212,768,753
WARN [10-10|03:28:59.768] Unexpected trienode heal packet          peer=543ccb27 reqid=5,864,963,880,909,489,142
WARN [10-10|03:29:00.322] Unexpected trienode heal packet          peer=cfd618ea reqid=7,484,385,803,816,180,045
INFO [10-10|03:29:06.112] State heal in progress                   accounts=52287@2.73MiB    slots=47572@3.51MiB    codes=13370@113.65MiB nodes=320,156,642@94.41GiB pending=121,786
WARN [10-10|03:29:07.456] Unexpected trienode heal packet          peer=5c4af1a5 reqid=4,670,372,151,312,150,601
INFO [10-10|03:29:10.042] Imported new block headers               count=1  elapsed=6.653ms   number=13,388,513 hash=c40ae7..f0739e
WARN [10-10|03:29:12.169] Unexpected trienode heal packet          peer=190f8332 reqid=1,525,578,777,274,181,989
INFO [10-10|03:29:17.625] State heal in progress                   accounts=52287@2.73MiB    slots=47572@3.51MiB    codes=13370@113.65MiB nodes=320,158,677@94.41GiB pending=150,850
WARN [10-10|03:29:17.625] Unexpected trienode heal packet          peer=57e878a9 reqid=5,961,821,080,045,524,035
INFO [10-10|03:29:25.989] State heal in progress                   accounts=52287@2.73MiB    slots=47572@3.51MiB    codes=13370@113.65MiB nodes=320,159,573@94.41GiB pending=152,712
WARN [10-10|03:29:25.990] Unexpected trienode heal packet          peer=57ff7296 reqid=1,671,529,232,965,134,243
ERROR[10-10|03:29:32.109] Snapshot extension registration failed   peer=dfcf040e err="peer connected on snap without compatible eth support"
WARN [10-10|03:29:33.100] Unexpected trienode heal packet          peer=1ca8deac reqid=2,574,437,746,566,242,060
INFO [10-10|03:29:37.310] State heal in progress                   accounts=52287@2.73MiB    slots=47572@3.51MiB    codes=13370@113.65MiB nodes=320,161,161@94.41GiB pending=169,543
INFO [10-10|03:29:38.624] Imported new block headers               count=1  elapsed=9.800ms   number=13,388,514 hash=d12ae2..656a13
INFO [10-10|03:29:39.614] Downloader queue stats                   receiptTasks=0  blockTasks=0  itemSize=208.83KiB throttle=1256
INFO [10-10|03:29:45.315] State heal in progress                   accounts=52287@2.73MiB    slots=47572@3.51MiB    codes=13370@113.65MiB nodes=320,161,976@94.41GiB pending=170,568
WARN [10-10|03:29:52.133] Unexpected trienode heal packet          peer=f08a493b reqid=951,395,045,506,971,146
WARN [10-10|03:29:52.134] Unexpected trienode heal packet          peer=ec60d722 reqid=5,805,910,230,163,046,965
WARN [10-10|03:29:52.162] Unexpected trienode heal packet          peer=51fd07eb reqid=2,857,233,449,152,577,107
WARN [10-10|03:29:52.162] Unexpected trienode heal packet          peer=543ccb27 reqid=619,544,950,906,241,667
WARN [10-10|03:29:52.288] Unexpected trienode heal packet          peer=5c4af1a5 reqid=4,121,720,781,789,859,350
INFO [10-10|03:29:55.433] State heal in progress                   accounts=52287@2.73MiB    slots=47572@3.51MiB    codes=13370@113.65MiB nodes=320,163,057@94.41GiB pending=172,808
INFO [10-10|03:30:06.807] State heal in progress                   accounts=52287@2.73MiB    slots=47572@3.51MiB    codes=13370@113.65MiB nodes=320,164,030@94.41GiB pending=177,092
INFO [10-10|03:30:16.683] Imported new block headers               count=2  elapsed=8.677ms   number=13,388,516 hash=36f7f1..1a3acd age=1m9s
INFO [10-10|03:30:17.035] State heal in progress                   accounts=52287@2.73MiB    slots=47572@3.51MiB    codes=13370@113.65MiB nodes=320,164,857@94.41GiB pending=180,720
INFO [10-10|03:30:26.314] Imported new block headers               count=1  elapsed=7.079ms   number=13,388,517 hash=52ac2b..b83e9f
INFO [10-10|03:30:28.141] State heal in progress                   accounts=52287@2.73MiB    slots=47572@3.51MiB    codes=13370@113.65MiB nodes=320,165,696@94.41GiB pending=184,685
WARN [10-10|03:30:33.698] Unexpected trienode heal packet          peer=efd7c039 reqid=1,066,222,493,405,864,628
INFO [10-10|03:30:38.307] State heal in progress                   accounts=52287@2.73MiB    slots=47572@3.51MiB    codes=13370@113.65MiB nodes=320,166,587@94.41GiB pending=188,888
WARN [10-10|03:30:38.308] Unexpected trienode heal packet          peer=f08a493b reqid=5,647,021,326,981,222,321
WARN [10-10|03:30:39.860] Unexpected trienode heal packet          peer=ec60d722 reqid=1,991,849,583,259,482,958
WARN [10-10|03:30:41.171] Unexpected trienode heal packet          peer=543ccb27 reqid=2,779,557,101,132,966,807
WARN [10-10|03:30:42.924] Unexpected trienode heal packet          peer=57e878a9 reqid=1,369,266,673,848,831,534
INFO [10-10|03:30:49.197] State heal in progress                   accounts=52287@2.73MiB    slots=47572@3.51MiB    codes=13370@113.65MiB nodes=320,167,469@94.41GiB pending=192,535
WARN [10-10|03:30:49.198] Unexpected trienode heal packet          peer=57ff7296 reqid=6,845,882,240,065,878,069
WARN [10-10|03:30:52.803] Unexpected trienode heal packet          peer=1ca8deac reqid=8,852,436,337,785,993,708
INFO [10-10|03:30:58.072] Imported new block headers               count=1  elapsed=10.826ms  number=13,388,518 hash=4436da..40f78b
INFO [10-10|03:30:59.550] State heal in progress                   accounts=52287@2.73MiB    slots=47572@3.51MiB    codes=13370@113.65MiB nodes=320,168,080@94.41GiB pending=194,286
WARN [10-10|03:30:59.551] Unexpected trienode heal packet          peer=d2e12792 reqid=1,153,661,941,713,049,344
INFO [10-10|03:31:08.569] State heal in progress                   accounts=52287@2.73MiB    slots=47572@3.51MiB    codes=13370@113.65MiB nodes=320,168,515@94.41GiB pending=195,109
WARN [10-10|03:31:08.915] Unexpected trienode heal packet          peer=5c4af1a5 reqid=3,863,761,540,407,383,939
WARN [10-10|03:31:10.212] Unexpected trienode heal packet          peer=cfd618ea reqid=7,261,205,881,904,412,144
INFO [10-10|03:31:10.860] Imported new block headers               count=2  elapsed=9.850ms   number=13,388,520 hash=0102a2..339f8e
WARN [10-10|03:31:11.500] Unexpected trienode heal packet          peer=190f8332 reqid=463,857,709,857,370,061
INFO [10-10|03:31:11.679] Downloader queue stats                   receiptTasks=0  blockTasks=0  itemSize=253.17KiB throttle=1036
INFO [10-10|03:31:19.051] State heal in progress                   accounts=52287@2.73MiB    slots=47572@3.51MiB    codes=13370@113.65MiB nodes=320,168,984@94.41GiB pending=195,601
WARN [10-10|03:31:19.052] Unexpected trienode heal packet          peer=9a42e4a4 reqid=565,046,393,228,943,550
INFO [10-10|03:31:23.645] Imported new block headers               count=1  elapsed=6.265ms   number=13,388,521 hash=1d9903..c64f73
INFO [10-10|03:31:28.153] State heal in progress                   accounts=52287@2.73MiB    slots=47572@3.51MiB    codes=13370@113.65MiB nodes=320,169,364@94.41GiB pending=196,000
WARN [10-10|03:31:28.154] Unexpected trienode heal packet          peer=a0f90a1e reqid=4,272,521,886,516,011,821
INFO [10-10|03:31:36.434] Imported new block headers               count=1  elapsed=6.140ms   number=13,388,522 hash=4caa3d..b537e3
INFO [10-10|03:31:40.005] State heal in progress                   accounts=52287@2.73MiB    slots=47572@3.51MiB    codes=13370@113.65MiB nodes=320,169,771@94.41GiB pending=196,443
WARN [10-10|03:31:40.006] Unexpected trienode heal packet          peer=efd7c039 reqid=5,093,815,242,737,719,239
WARN [10-10|03:31:40.032] Unexpected trienode heal packet          peer=f08a493b reqid=6,871,468,693,917,239,445
WARN [10-10|03:31:40.084] Unexpected trienode heal packet          peer=ec60d722 reqid=8,559,360,022,028,931,516
WARN [10-10|03:31:40.144] Unexpected trienode heal packet          peer=57e878a9 reqid=3,694,967,934,624,996,834
WARN [10-10|03:31:40.183] Unexpected trienode heal packet          peer=57ff7296 reqid=8,493,582,066,809,795,632
WARN [10-10|03:31:40.241] Unexpected trienode heal packet          peer=1ca8deac reqid=4,091,026,516,833,688,859
WARN [10-10|03:31:40.268] Unexpected trienode heal packet          peer=d2e12792 reqid=7,473,812,555,260,983,312
WARN [10-10|03:31:40.305] Unexpected trienode heal packet          peer=5c4af1a5 reqid=6,925,955,358,649,027,974
INFO [10-10|03:31:51.905] State heal in progress                   accounts=52287@2.73MiB    slots=47572@3.51MiB    codes=13370@113.65MiB nodes=320,170,245@94.41GiB pending=197,070
INFO [10-10|03:32:03.062] State heal in progress                   accounts=52287@2.73MiB    slots=47572@3.51MiB    codes=13370@113.65MiB nodes=320,170,735@94.41GiB pending=198,079
WARN [10-10|03:32:10.793] Unexpected trienode heal packet          peer=5c4af1a5 reqid=218,993,094,043,842,190
INFO [10-10|03:32:11.720] State heal in progress                   accounts=52287@2.73MiB    slots=47572@3.51MiB    codes=13370@113.65MiB nodes=320,171,129@94.41GiB pending=198,722
INFO [10-10|03:32:14.488] Imported new block headers               count=1  elapsed=7.265ms   number=13,388,523 hash=fe3c5a..1a15da age=1m4s
INFO [10-10|03:32:14.731] Downloader queue stats                   receiptTasks=0  blockTasks=0  itemSize=223.37KiB throttle=1174
INFO [10-10|03:32:17.802] Imported new block headers               count=1  elapsed=6.577ms   number=13,388,524 hash=120c34..dfa18d
INFO [10-10|03:32:19.881] State heal in progress                   accounts=52287@2.73MiB    slots=47572@3.51MiB    codes=13370@113.65MiB nodes=320,171,475@94.41GiB pending=199,194
WARN [10-10|03:32:19.882] Unexpected trienode heal packet          peer=1ca8deac reqid=34,941,522,145,555,198
INFO [10-10|03:32:32.291] State heal in progress                   accounts=52287@2.73MiB    slots=47572@3.51MiB    codes=13370@113.65MiB nodes=320,172,073@94.41GiB pending=200,694
WARN [10-10|03:32:32.292] Unexpected trienode heal packet          peer=d2e12792 reqid=7,716,501,337,106,763,257
WARN [10-10|03:32:32.638] Unexpected trienode heal packet          peer=ec60d722 reqid=3,065,390,491,165,233,634
WARN [10-10|03:32:37.083] Unexpected trienode heal packet          peer=cfd618ea reqid=9,206,979,401,568,325,760
INFO [10-10|03:32:41.343] State heal in progress                   accounts=52287@2.73MiB    slots=47572@3.51MiB    codes=13370@113.65MiB nodes=320,172,456@94.41GiB pending=201,387
WARN [10-10|03:32:41.344] Unexpected trienode heal packet          peer=f08a493b reqid=2,040,757,242,323,624,586
WARN [10-10|03:32:43.457] Unexpected trienode heal packet          peer=190f8332 reqid=6,772,467,678,916,648,234
WARN [10-10|03:32:45.280] Unexpected trienode heal packet          peer=9a42e4a4 reqid=750,123,951,622,657,280
INFO [10-10|03:32:49.538] Imported new block headers               count=1  elapsed=6.834ms   number=13,388,525 hash=7176b3..343f5b age=1m16s
INFO [10-10|03:32:53.258] State heal in progress                   accounts=52287@2.73MiB    slots=47572@3.51MiB    codes=13370@113.65MiB nodes=320,173,001@94.41GiB pending=202,630
WARN [10-10|03:32:53.258] Unexpected trienode heal packet          peer=a0f90a1e reqid=3,940,788,837,123,918,912
INFO [10-10|03:32:59.170] Imported new block headers               count=1  elapsed=7.123ms   number=13,388,526 hash=496a7b..541966
INFO [10-10|03:33:01.659] State heal in progress                   accounts=52287@2.73MiB    slots=47572@3.51MiB    codes=13370@113.65MiB nodes=320,173,359@94.41GiB pending=203,193
WARN [10-10|03:33:01.660] Unexpected trienode heal packet          peer=57e878a9 reqid=5,801,840,444,477,954,933
INFO [10-10|03:33:05.643] Imported new block headers               count=1  elapsed=7.543ms   number=13,388,527 hash=8e0c71..18a841