INFO [01-17|04:11:12.005] Unindexed transactions                   blocks=1    txs=277       tail=14,074,040 elapsed=5.562ms
INFO [01-17|04:11:24.230] Imported new potential chain segment     blocks=1    txs=185       mgas=11.563   elapsed=124.397ms   mgasps=92.954  number=16,424,040 hash=77d691..e4c3f4 dirty=1020.43MiB
INFO [01-17|04:11:24.247] Chain head was updated                   number=16,424,040 hash=77d691..e4c3f4 root=0cba17..76680c elapsed=7.407546ms
INFO [01-17|04:11:24.250] Unindexed transactions                   blocks=1    txs=174       tail=14,074,041 elapsed=3.317ms
INFO [01-17|04:11:36.269] Imported new potential chain segment     blocks=1    txs=106       mgas=14.691   elapsed=127.176ms   mgasps=115.516 number=16,424,041 hash=2de0e3..2e0f3d dirty=1020.51MiB
INFO [01-17|04:11:36.288] Chain head was updated                   number=16,424,041 hash=2de0e3..2e0f3d root=5e96ff..778a9b elapsed=9.049541ms
INFO [01-17|04:11:36.289] Unindexed transactions                   blocks=1    txs=15        tail=14,074,042 elapsed="667.995µs"
INFO [01-17|04:11:47.875] Imported new potential chain segment     blocks=1    txs=100       mgas=10.788   elapsed=126.170ms   mgasps=85.504  number=16,424,042 hash=3b4101..abfb84 dirty=1020.80MiB
INFO [01-17|04:11:47.894] Chain head was updated                   number=16,424,042 hash=3b4101..abfb84 root=151fcd..d22f4d elapsed=7.317673ms
INFO [01-17|04:11:47.894] Unindexed transactions                   blocks=1    txs=0         tail=14,074,043 elapsed="240.871µs"
INFO [01-17|04:11:59.704] Imported new potential chain segment     blocks=1    txs=142       mgas=9.148    elapsed=83.652ms    mgasps=109.359 number=16,424,043 hash=b3095c..688729 dirty=1021.33MiB
INFO [01-17|04:11:59.732] Chain head was updated                   number=16,424,043 hash=b3095c..688729 root=0dc98e..7861b7 elapsed=5.020983ms
INFO [01-17|04:11:59.737] Unindexed transactions                   blocks=1    txs=265       tail=14,074,044 elapsed=4.617ms
ERROR[01-17|04:12:01.206] Error in block freeze operation          err="block receipts missing, can't freeze block 15256595"
INFO [01-17|04:12:12.138] Imported new potential chain segment     blocks=1    txs=158       mgas=12.397   elapsed=93.208ms    mgasps=133.006 number=16,424,044 hash=2f6747..084efe dirty=1021.62MiB
INFO [01-17|04:12:12.151] Chain head was updated                   number=16,424,044 hash=2f6747..084efe root=7b23c5..01f293 elapsed=6.038318ms
INFO [01-17|04:12:12.158] Unindexed transactions                   blocks=1    txs=255       tail=14,074,045 elapsed=7.313ms
INFO [01-17|04:12:24.574] Imported new potential chain segment     blocks=1    txs=95        mgas=8.826    elapsed=98.593ms    mgasps=89.521  number=16,424,045 hash=a9333c..0ce010 dirty=1022.35MiB
INFO [01-17|04:12:24.588] Chain head was updated                   number=16,424,045 hash=a9333c..0ce010 root=e7e4ba..3ef1c4 elapsed=5.539882ms
INFO [01-17|04:12:24.589] Unindexed transactions                   blocks=1    txs=86        tail=14,074,046 elapsed=1.216ms
INFO [01-17|04:12:36.418] Imported new potential chain segment     blocks=1    txs=119       mgas=10.033   elapsed=108.483ms   mgasps=92.488  number=16,424,046 hash=aeb9d7..788c5d dirty=1021.57MiB
INFO [01-17|04:12:36.437] Chain head was updated                   number=16,424,046 hash=aeb9d7..788c5d root=d0c3c9..b33def elapsed=4.4205ms
INFO [01-17|04:12:36.438] Unindexed transactions                   blocks=1    txs=91        tail=14,074,047 elapsed=1.342ms
INFO [01-17|04:12:49.044] Imported new potential chain segment     blocks=1    txs=121       mgas=10.740   elapsed=99.090ms    mgasps=108.389 number=16,424,047 hash=9c74d8..58e128 dirty=1021.90MiB
INFO [01-17|04:12:49.061] Chain head was updated                   number=16,424,047 hash=9c74d8..58e128 root=511208..6bac2d elapsed=6.352793ms
INFO [01-17|04:12:49.064] Unindexed transactions                   blocks=1    txs=147       tail=14,074,048 elapsed=3.274ms
WARN [01-17|04:12:50.484] Checkpoint challenge timed out, dropping id=ace2c201cccc0976 conn=dyndial addr=3.80.12.255:30510    type=
INFO [01-17|04:13:00.445] Imported new potential chain segment     blocks=1    txs=111       mgas=12.406   elapsed=93.077ms    mgasps=133.289 number=16,424,048 hash=be04af..07c0b5 dirty=1022.17MiB
INFO [01-17|04:13:00.467] Chain head was updated                   number=16,424,048 hash=be04af..07c0b5 root=83253c..bf3428 elapsed=7.471807ms
INFO [01-17|04:13:00.473] Unindexed transactions                   blocks=1    txs=305       tail=14,074,049 elapsed=5.705ms
ERROR[01-17|04:13:01.216] Error in block freeze operation          err="block receipts missing, can't freeze block 15256595"
INFO [01-17|04:13:12.613] Imported new potential chain segment     blocks=1    txs=143       mgas=12.573   elapsed=121.984ms   mgasps=103.074 number=16,424,049 hash=cfacab..b7ca6c dirty=1022.50MiB
INFO [01-17|04:13:12.681] Chain head was updated                   number=16,424,049 hash=cfacab..b7ca6c root=276775..be5c85 elapsed=4.700539ms
INFO [01-17|04:13:12.686] Unindexed transactions                   blocks=1    txs=334       tail=14,074,050 elapsed=3.947ms
INFO [01-17|04:13:24.020] Imported new potential chain segment     blocks=1    txs=94        mgas=9.183    elapsed=112.924ms   mgasps=81.318  number=16,424,050 hash=d7e31a..232efc dirty=1022.72MiB
INFO [01-17|04:13:24.036] Chain head was updated                   number=16,424,050 hash=d7e31a..232efc root=f57aef..09546b elapsed=2.71587ms
INFO [01-17|04:13:24.046] Unindexed transactions                   blocks=1    txs=627       tail=14,074,051 elapsed=9.872ms
INFO [01-17|04:13:36.988] Imported new potential chain segment     blocks=1    txs=133       mgas=14.870   elapsed=140.152ms   mgasps=106.099 number=16,424,051 hash=e53bb0..76e57a dirty=1022.40MiB
INFO [01-17|04:13:37.008] Chain head was updated                   number=16,424,051 hash=e53bb0..76e57a root=cc701f..32e92a elapsed=8.318287ms
INFO [01-17|04:13:37.011] Unindexed transactions                   blocks=1    txs=126       tail=14,074,052 elapsed=2.448ms
INFO [01-17|04:13:49.415] Imported new potential chain segment     blocks=1    txs=103       mgas=9.801    elapsed=86.006ms    mgasps=113.961 number=16,424,052 hash=4640c4..660cf5 dirty=1022.26MiB
INFO [01-17|04:13:49.428] Chain head was updated                   number=16,424,052 hash=4640c4..660cf5 root=877fc7..8b04b2 elapsed=5.960731ms
INFO [01-17|04:13:49.431] Unindexed transactions                   blocks=1    txs=133       tail=14,074,053 elapsed=2.579ms
INFO [01-17|04:14:00.759] Imported new potential chain segment     blocks=1    txs=126       mgas=11.847   elapsed=149.868ms   mgasps=79.048  number=16,424,053 hash=d0ad4e..0edb0c dirty=1022.23MiB
INFO [01-17|04:14:00.780] Chain head was updated                   number=16,424,053 hash=d0ad4e..0edb0c root=bc8c97..e404e7 elapsed=7.501102ms
INFO [01-17|04:14:00.786] Unindexed transactions                   blocks=1    txs=350       tail=14,074,054 elapsed=6.131ms
ERROR[01-17|04:14:01.226] Error in block freeze operation          err="block receipts missing, can't freeze block 15256595"
INFO [01-17|04:14:12.327] Imported new potential chain segment     blocks=1    txs=114       mgas=10.396   elapsed=139.371ms   mgasps=74.595  number=16,424,054 hash=9ed0a9..e282b7 dirty=1022.62MiB
INFO [01-17|04:14:12.346] Chain head was updated                   number=16,424,054 hash=9ed0a9..e282b7 root=7998e9..98327b elapsed=6.765488ms
INFO [01-17|04:14:12.353] Unindexed transactions                   blocks=1    txs=381       tail=14,074,055 elapsed=6.981ms
INFO [01-17|04:14:24.524] Imported new potential chain segment     blocks=1    txs=185       mgas=12.996   elapsed=103.846ms   mgasps=125.147 number=16,424,055 hash=34f5d7..2baff0 dirty=1022.80MiB
INFO [01-17|04:14:24.541] Chain head was updated                   number=16,424,055 hash=34f5d7..2baff0 root=2fd1bd..0a6d33 elapsed=4.851928ms
INFO [01-17|04:14:24.542] Unindexed transactions                   blocks=1    txs=99        tail=14,074,056 elapsed="961.155µs"
INFO [01-17|04:14:36.456] Imported new potential chain segment     blocks=1    txs=112       mgas=14.045   elapsed=143.314ms   mgasps=98.002  number=16,424,056 hash=033963..3de2ed dirty=1022.38MiB
INFO [01-17|04:14:36.471] Chain head was updated                   number=16,424,056 hash=033963..3de2ed root=f42d69..d0d2da elapsed=3.645054ms
INFO [01-17|04:14:36.477] Unindexed transactions                   blocks=1    txs=282       tail=14,074,057 elapsed=5.464ms
INFO [01-17|04:14:48.840] Imported new potential chain segment     blocks=1    txs=232       mgas=18.136   elapsed=175.953ms   mgasps=103.072 number=16,424,057 hash=c8b0fc..cb8218 dirty=1022.36MiB
INFO [01-17|04:14:48.858] Chain head was updated                   number=16,424,057 hash=c8b0fc..cb8218 root=89fa60..e4ac74 elapsed=6.163519ms
INFO [01-17|04:14:48.860] Unindexed transactions                   blocks=1    txs=59        tail=14,074,058 elapsed=1.460ms
INFO [01-17|04:14:59.624] Imported new potential chain segment     blocks=1    txs=117       mgas=10.847   elapsed=105.409ms   mgasps=102.905 number=16,424,058 hash=7f6b75..bb81fb dirty=1022.14MiB
INFO [01-17|04:14:59.640] Chain head was updated                   number=16,424,058 hash=7f6b75..bb81fb root=d3c7dc..dc5dd9 elapsed=3.669158ms
INFO [01-17|04:14:59.641] Unindexed transactions                   blocks=1    txs=48        tail=14,074,059 elapsed="532.129µs"
ERROR[01-17|04:15:01.242] Error in block freeze operation          err="block receipts missing, can't freeze block 15256595"
INFO [01-17|04:15:13.649] Imported new potential chain segment     blocks=1    txs=201       mgas=16.579   elapsed=111.585ms   mgasps=148.573 number=16,424,059 hash=c96920..4d00e7 dirty=1022.71MiB
INFO [01-17|04:15:13.663] Chain head was updated                   number=16,424,059 hash=c96920..4d00e7 root=8e5ef0..ed7652 elapsed=4.847434ms
INFO [01-17|04:15:13.671] Unindexed transactions                   blocks=1    txs=485       tail=14,074,060 elapsed=7.909ms
INFO [01-17|04:15:24.436] Imported new potential chain segment     blocks=1    txs=177       mgas=21.381   elapsed=129.095ms   mgasps=165.623 number=16,424,060 hash=09cb95..611cc5 dirty=1022.89MiB
INFO [01-17|04:15:24.459] Chain head was updated                   number=16,424,060 hash=09cb95..611cc5 root=a60dc5..722760 elapsed=8.706275ms
INFO [01-17|04:15:24.460] Unindexed transactions                   blocks=1    txs=67        tail=14,074,061 elapsed=1.519ms
INFO [01-17|04:15:36.626] Imported new potential chain segment     blocks=1    txs=102       mgas=10.888   elapsed=113.521ms   mgasps=95.908  number=16,424,061 hash=09b65b..6e35b7 dirty=1022.20MiB
INFO [01-17|04:15:36.652] Chain head was updated                   number=16,424,061 hash=09b65b..6e35b7 root=b1ea35..1d0176 elapsed=7.451386ms
INFO [01-17|04:15:36.652] Unindexed transactions                   blocks=1    txs=21        tail=14,074,062 elapsed="784.079µs"
INFO [01-17|04:15:48.067] Imported new potential chain segment     blocks=1    txs=102       mgas=14.515   elapsed=97.452ms    mgasps=148.942 number=16,424,062 hash=12f924..7aa942 dirty=1021.79MiB
INFO [01-17|04:15:48.077] Chain head was updated                   number=16,424,062 hash=12f924..7aa942 root=8c116c..0f9fc7 elapsed=2.490357ms
INFO [01-17|04:15:48.080] Unindexed transactions                   blocks=1    txs=365       tail=14,074,063 elapsed=2.548ms
INFO [01-17|04:16:00.389] Imported new potential chain segment     blocks=1    txs=101       mgas=11.204   elapsed=86.151ms    mgasps=130.054 number=16,424,063 hash=a50666..cced3c dirty=1022.06MiB
INFO [01-17|04:16:00.443] Chain head was updated                   number=16,424,063 hash=a50666..cced3c root=9d008e..d64746 elapsed=3.420383ms
INFO [01-17|04:16:00.446] Unindexed transactions                   blocks=1    txs=200       tail=14,074,064 elapsed=3.557ms
ERROR[01-17|04:16:01.258] Error in block freeze operation          err="block receipts missing, can't freeze block 15256595"
INFO [01-17|04:16:12.909] Imported new potential chain segment     blocks=1    txs=140       mgas=17.715   elapsed=119.653ms   mgasps=148.054 number=16,424,064 hash=089328..3de037 dirty=1022.50MiB
INFO [01-17|04:16:12.926] Chain head was updated                   number=16,424,064 hash=089328..3de037 root=96280c..8ff6bf elapsed=3.783967ms
INFO [01-17|04:16:12.929] Unindexed transactions                   blocks=1    txs=181       tail=14,074,065 elapsed=3.152ms
INFO [01-17|04:16:24.128] Imported new potential chain segment     blocks=1    txs=97        mgas=12.478   elapsed=103.321ms   mgasps=120.771 number=16,424,065 hash=714e43..2dd7b5 dirty=1021.88MiB
INFO [01-17|04:16:24.138] Chain head was updated                   number=16,424,065 hash=714e43..2dd7b5 root=a37f2e..6f83be elapsed=2.647175ms
INFO [01-17|04:16:24.145] Unindexed transactions                   blocks=1    txs=444       tail=14,074,066 elapsed=7.518ms
INFO [01-17|04:16:36.099] Imported new potential chain segment     blocks=1    txs=140       mgas=12.747   elapsed=149.645ms   mgasps=85.181  number=16,424,066 hash=4d8638..e61e7e dirty=1021.57MiB
INFO [01-17|04:16:36.119] Chain head was updated                   number=16,424,066 hash=4d8638..e61e7e root=3744a3..d0dd5a elapsed=7.950911ms
INFO [01-17|04:16:36.125] Unindexed transactions                   blocks=1    txs=330       tail=14,074,067 elapsed=5.737ms
INFO [01-17|04:16:48.796] Imported new potential chain segment     blocks=1    txs=171       mgas=22.735   elapsed=274.995ms   mgasps=82.676  number=16,424,067 hash=156733..648b8b dirty=1022.43MiB
INFO [01-17|04:16:48.825] Chain head was updated                   number=16,424,067 hash=156733..648b8b root=1c8ee6..d6386f elapsed=10.028802ms
INFO [01-17|04:16:48.829] Unindexed transactions                   blocks=1    txs=232       tail=14,074,068 elapsed=4.748ms