INFO [01-17|04:06:12.743] Unindexed transactions                   blocks=1    txs=370       tail=14,074,015 elapsed=6.540ms
INFO [01-17|04:06:24.204] Imported new potential chain segment     blocks=1    txs=83        mgas=29.990   elapsed=382.164ms   mgasps=78.474  number=16,424,015 hash=d55dca..7cd1ce dirty=1021.27MiB
INFO [01-17|04:06:24.220] Chain head was updated                   number=16,424,015 hash=d55dca..7cd1ce root=3e89a8..da224f elapsed=6.89094ms
INFO [01-17|04:06:24.225] Unindexed transactions                   blocks=1    txs=285       tail=14,074,016 elapsed=5.397ms
INFO [01-17|04:06:36.382] Imported new potential chain segment     blocks=1    txs=150       mgas=21.548   elapsed=114.323ms   mgasps=188.480 number=16,424,016 hash=903ef0..1a199b dirty=1020.63MiB
INFO [01-17|04:06:36.405] Chain head was updated                   number=16,424,016 hash=903ef0..1a199b root=e19f5d..fce1de elapsed=10.742507ms
INFO [01-17|04:06:36.416] Unindexed transactions                   blocks=1    txs=322       tail=14,074,017 elapsed=10.397ms
INFO [01-17|04:06:49.617] Imported new potential chain segment     blocks=1    txs=273       mgas=29.946   elapsed=151.999ms   mgasps=197.011 number=16,424,017 hash=2a4921..191c34 dirty=1020.78MiB
INFO [01-17|04:06:49.637] Chain head was updated                   number=16,424,017 hash=2a4921..191c34 root=c1cd31..a89b5e elapsed=11.607759ms
INFO [01-17|04:06:49.642] Unindexed transactions                   blocks=1    txs=219       tail=14,074,018 elapsed=4.672ms
INFO [01-17|04:07:00.988] Imported new potential chain segment     blocks=1    txs=319       mgas=29.974   elapsed=156.035ms   mgasps=192.101 number=16,424,018 hash=ce83ee..2a37a7 dirty=1021.31MiB
INFO [01-17|04:07:01.014] Chain head was updated                   number=16,424,018 hash=ce83ee..2a37a7 root=d654f7..042787 elapsed=16.105479ms
INFO [01-17|04:07:01.021] Unindexed transactions                   blocks=1    txs=275       tail=14,074,019 elapsed=6.388ms
ERROR[01-17|04:07:01.156] Error in block freeze operation          err="block receipts missing, can't freeze block 15256595"
INFO [01-17|04:07:13.414] Imported new potential chain segment     blocks=1    txs=351       mgas=29.976   elapsed=123.625ms   mgasps=242.473 number=16,424,019 hash=fe624e..8508d7 dirty=1022.85MiB
INFO [01-17|04:07:13.442] Chain head was updated                   number=16,424,019 hash=fe624e..8508d7 root=095cfa..6e1528 elapsed=14.873128ms
INFO [01-17|04:07:13.442] Unindexed transactions                   blocks=1    txs=0         tail=14,074,020 elapsed="195.592µs"
INFO [01-17|04:07:13.734] Writing clean trie cache to disk         path=/home/long/nvme/data-dir/geth/triecache threads=1
INFO [01-17|04:07:13.736] Regenerated local transaction journal    transactions=0 accounts=0
INFO [01-17|04:07:14.861] Persisted the clean trie cache           path=/home/long/nvme/data-dir/geth/triecache elapsed=1.127s
INFO [01-17|04:07:25.626] Imported new potential chain segment     blocks=1    txs=345       mgas=29.986   elapsed=159.794ms   mgasps=187.654 number=16,424,020 hash=388b5c..f90c03 dirty=1021.73MiB
INFO [01-17|04:07:25.647] Chain head was updated                   number=16,424,020 hash=388b5c..f90c03 root=a8b466..1f75d5 elapsed=7.909739ms
INFO [01-17|04:07:25.649] Unindexed transactions                   blocks=1    txs=66        tail=14,074,021 elapsed=1.808ms
INFO [01-17|04:07:36.407] Imported new potential chain segment     blocks=1    txs=332       mgas=29.974   elapsed=121.861ms   mgasps=245.965 number=16,424,021 hash=aaaf6a..886a91 dirty=1021.78MiB
INFO [01-17|04:07:36.437] Chain head was updated                   number=16,424,021 hash=aaaf6a..886a91 root=d0ca54..c3f9c3 elapsed=16.332927ms
INFO [01-17|04:07:36.440] Unindexed transactions                   blocks=1    txs=51        tail=14,074,022 elapsed=2.606ms
INFO [01-17|04:07:48.908] Imported new potential chain segment     blocks=1    txs=193       mgas=29.935   elapsed=125.191ms   mgasps=239.113 number=16,424,022 hash=4619d8..4bd6e1 dirty=1022.21MiB
INFO [01-17|04:07:48.938] Chain head was updated                   number=16,424,022 hash=4619d8..4bd6e1 root=6b31ed..15ad28 elapsed=13.770738ms
INFO [01-17|04:07:48.945] Unindexed transactions                   blocks=1    txs=436       tail=14,074,023 elapsed=6.783ms
WARN [01-17|04:07:52.304] Snapshot extension registration failed   peer=409e2bcc err="peer connected on snap without compatible eth support"
INFO [01-17|04:08:00.928] Imported new potential chain segment     blocks=1    txs=215       mgas=23.104   elapsed=119.934ms   mgasps=192.639 number=16,424,023 hash=545353..78571e dirty=1022.56MiB
INFO [01-17|04:08:00.949] Chain head was updated                   number=16,424,023 hash=545353..78571e root=cf6880..1290f6 elapsed=11.708513ms
INFO [01-17|04:08:00.955] Unindexed transactions                   blocks=1    txs=224       tail=14,074,024 elapsed=6.053ms
ERROR[01-17|04:08:01.167] Error in block freeze operation          err="block receipts missing, can't freeze block 15256595"
INFO [01-17|04:08:12.279] Imported new potential chain segment     blocks=1    txs=166       mgas=13.602   elapsed=118.573ms   mgasps=114.713 number=16,424,024 hash=6e83d9..6ce4a3 dirty=1022.64MiB
INFO [01-17|04:08:12.297] Chain head was updated                   number=16,424,024 hash=6e83d9..6ce4a3 root=8d8a17..ff5ede elapsed=8.058043ms
INFO [01-17|04:08:12.301] Unindexed transactions                   blocks=1    txs=182       tail=14,074,025 elapsed=3.663ms
INFO [01-17|04:08:24.414] Imported new potential chain segment     blocks=1    txs=194       mgas=16.014   elapsed=118.014ms   mgasps=135.692 number=16,424,025 hash=8f8904..3b7e81 dirty=1022.82MiB
INFO [01-17|04:08:24.439] Chain head was updated                   number=16,424,025 hash=8f8904..3b7e81 root=b7687d..e334ad elapsed=10.662105ms
INFO [01-17|04:08:24.440] Unindexed transactions                   blocks=1    txs=31        tail=14,074,026 elapsed=1.023ms
INFO [01-17|04:08:36.284] Imported new potential chain segment     blocks=1    txs=135       mgas=11.024   elapsed=85.353ms    mgasps=129.154 number=16,424,026 hash=8a7326..e9d692 dirty=1023.48MiB
INFO [01-17|04:08:36.296] Chain head was updated                   number=16,424,026 hash=8a7326..e9d692 root=d10db3..72305e elapsed=2.999732ms
INFO [01-17|04:08:36.298] Unindexed transactions                   blocks=1    txs=135       tail=14,074,027 elapsed=2.373ms
INFO [01-17|04:08:48.621] Imported new potential chain segment     blocks=1    txs=72        mgas=5.469    elapsed=94.328ms    mgasps=57.981  number=16,424,027 hash=06e42f..5ef415 dirty=1021.70MiB
INFO [01-17|04:08:48.651] Chain head was updated                   number=16,424,027 hash=06e42f..5ef415 root=ffcc5c..09076f elapsed=1.442563ms
INFO [01-17|04:08:48.655] Unindexed transactions                   blocks=1    txs=172       tail=14,074,028 elapsed=3.733ms
INFO [01-17|04:09:00.258] Imported new potential chain segment     blocks=1    txs=98        mgas=9.785    elapsed=100.827ms   mgasps=97.042  number=16,424,028 hash=5595ef..77d420 dirty=1022.79MiB
INFO [01-17|04:09:00.304] Chain head was updated                   number=16,424,028 hash=5595ef..77d420 root=b868b4..6065fa elapsed=5.151955ms
INFO [01-17|04:09:00.311] Unindexed transactions                   blocks=1    txs=376       tail=14,074,029 elapsed=6.062ms
ERROR[01-17|04:09:01.178] Error in block freeze operation          err="block receipts missing, can't freeze block 15256595"
INFO [01-17|04:09:12.564] Imported new potential chain segment     blocks=1    txs=98        mgas=7.259    elapsed=98.836ms    mgasps=73.448  number=16,424,029 hash=ee466b..d2f63b dirty=1021.84MiB
INFO [01-17|04:09:12.578] Chain head was updated                   number=16,424,029 hash=ee466b..d2f63b root=ecd48e..1e7595 elapsed=2.671793ms
INFO [01-17|04:09:12.585] Unindexed transactions                   blocks=1    txs=290       tail=14,074,030 elapsed=6.207ms
INFO [01-17|04:09:24.394] Imported new potential chain segment     blocks=1    txs=223       mgas=15.639   elapsed=138.043ms   mgasps=113.287 number=16,424,030 hash=317e36..455dd1 dirty=1022.00MiB
INFO [01-17|04:09:24.416] Chain head was updated                   number=16,424,030 hash=317e36..455dd1 root=0e24e8..9d18ed elapsed=9.0817ms
INFO [01-17|04:09:24.422] Unindexed transactions                   blocks=1    txs=233       tail=14,074,031 elapsed=5.989ms
INFO [01-17|04:09:36.267] Imported new potential chain segment     blocks=1    txs=61        mgas=6.055    elapsed=79.218ms    mgasps=76.431  number=16,424,031 hash=868dfe..5d8999 dirty=1021.32MiB
INFO [01-17|04:09:36.341] Chain head was updated                   number=16,424,031 hash=868dfe..5d8999 root=0c2c78..058eaf elapsed=3.004387ms
INFO [01-17|04:09:36.342] Unindexed transactions                   blocks=1    txs=77        tail=14,074,032 elapsed=1.011ms
INFO [01-17|04:09:49.197] Imported new potential chain segment     blocks=1    txs=141       mgas=12.525   elapsed=109.819ms   mgasps=114.047 number=16,424,032 hash=eeb8c9..cc3b14 dirty=1021.57MiB
INFO [01-17|04:09:49.218] Chain head was updated                   number=16,424,032 hash=eeb8c9..cc3b14 root=aa8db0..1a2ccb elapsed=7.446349ms
INFO [01-17|04:09:49.220] Unindexed transactions                   blocks=1    txs=100       tail=14,074,033 elapsed=2.643ms
ERROR[01-17|04:10:01.186] Error in block freeze operation          err="block receipts missing, can't freeze block 15256595"
INFO [01-17|04:10:01.226] Imported new potential chain segment     blocks=1    txs=97        mgas=12.448   elapsed=98.595ms    mgasps=126.252 number=16,424,033 hash=5dddb9..f66b77 dirty=1020.70MiB
INFO [01-17|04:10:01.239] Chain head was updated                   number=16,424,033 hash=5dddb9..f66b77 root=70d413..4bfc46 elapsed=4.93413ms
INFO [01-17|04:10:01.242] Unindexed transactions                   blocks=1    txs=160       tail=14,074,034 elapsed=3.173ms
INFO [01-17|04:10:12.532] Imported new potential chain segment     blocks=1    txs=160       mgas=16.564   elapsed=143.530ms   mgasps=115.402 number=16,424,034 hash=206975..30d616 dirty=1021.12MiB
INFO [01-17|04:10:12.554] Chain head was updated                   number=16,424,034 hash=206975..30d616 root=7f838d..83e7d2 elapsed=6.739036ms
INFO [01-17|04:10:12.558] Unindexed transactions                   blocks=1    txs=188       tail=14,074,035 elapsed=3.741ms
INFO [01-17|04:10:24.337] Imported new potential chain segment     blocks=1    txs=97        mgas=9.169    elapsed=89.648ms    mgasps=102.278 number=16,424,035 hash=4b99f4..acdf8c dirty=1021.06MiB
INFO [01-17|04:10:24.357] Chain head was updated                   number=16,424,035 hash=4b99f4..acdf8c root=f42bf9..1be2d3 elapsed=5.689668ms
INFO [01-17|04:10:24.361] Unindexed transactions                   blocks=1    txs=169       tail=14,074,036 elapsed=3.329ms
WARN [01-17|04:10:33.759] Snapshot extension registration failed   peer=ac6f52bd err="peer connected on snap without compatible eth support"
INFO [01-17|04:10:36.362] Imported new potential chain segment     blocks=1    txs=110       mgas=14.267   elapsed=102.462ms   mgasps=139.237 number=16,424,036 hash=dfbe3c..0df72e dirty=1020.38MiB
INFO [01-17|04:10:36.387] Chain head was updated                   number=16,424,036 hash=dfbe3c..0df72e root=309134..03b734 elapsed=9.138279ms
INFO [01-17|04:10:36.391] Unindexed transactions                   blocks=1    txs=200       tail=14,074,037 elapsed=3.417ms
INFO [01-17|04:10:48.087] Imported new potential chain segment     blocks=1    txs=88        mgas=8.400    elapsed=102.734ms   mgasps=81.762  number=16,424,037 hash=2775ee..b437d4 dirty=1019.75MiB
INFO [01-17|04:10:48.100] Chain head was updated                   number=16,424,037 hash=2775ee..b437d4 root=00f4c8..47cb5c elapsed=4.946618ms
INFO [01-17|04:10:48.104] Unindexed transactions                   blocks=1    txs=239       tail=14,074,038 elapsed=4.330ms
INFO [01-17|04:10:59.985] Imported new potential chain segment     blocks=1    txs=136       mgas=14.750   elapsed=109.405ms   mgasps=134.817 number=16,424,038 hash=619267..4d892b dirty=1020.08MiB
INFO [01-17|04:11:00.010] Chain head was updated                   number=16,424,038 hash=619267..4d892b root=86450f..28e510 elapsed=9.473107ms
INFO [01-17|04:11:00.015] Unindexed transactions                   blocks=1    txs=249       tail=14,074,039 elapsed=4.672ms
ERROR[01-17|04:11:01.196] Error in block freeze operation          err="block receipts missing, can't freeze block 15256595"
INFO [01-17|04:11:11.984] Imported new potential chain segment     blocks=1    txs=118       mgas=10.651   elapsed=120.393ms   mgasps=88.468  number=16,424,039 hash=a7e2c6..c22d7e dirty=1020.11MiB
INFO [01-17|04:11:12.000] Chain head was updated                   number=16,424,039 hash=a7e2c6..c22d7e root=f0fcd5..5cd4ee elapsed=2.984566ms
INFO [01-17|04:11:12.005] Unindexed transactions                   blocks=1    txs=277       tail=14,074,040 elapsed=5.562ms
INFO [01-17|04:11:24.230] Imported new potential chain segment     blocks=1    txs=185       mgas=11.563   elapsed=124.397ms   mgasps=92.954  number=16,424,040 hash=77d691..e4c3f4 dirty=1020.43MiB
INFO [01-17|04:11:24.247] Chain head was updated                   number=16,424,040 hash=77d691..e4c3f4 root=0cba17..76680c elapsed=7.407546ms
INFO [01-17|04:11:24.250] Unindexed transactions                   blocks=1    txs=174       tail=14,074,041 elapsed=3.317ms
INFO [01-17|04:11:36.269] Imported new potential chain segment     blocks=1    txs=106       mgas=14.691   elapsed=127.176ms   mgasps=115.516 number=16,424,041 hash=2de0e3..2e0f3d dirty=1020.51MiB
INFO [01-17|04:11:36.288] Chain head was updated                   number=16,424,041 hash=2de0e3..2e0f3d root=5e96ff..778a9b elapsed=9.049541ms
INFO [01-17|04:11:36.289] Unindexed transactions                   blocks=1    txs=15        tail=14,074,042 elapsed="667.995µs"
INFO [01-17|04:11:47.875] Imported new potential chain segment     blocks=1    txs=100       mgas=10.788   elapsed=126.170ms   mgasps=85.504  number=16,424,042 hash=3b4101..abfb84 dirty=1020.80MiB
INFO [01-17|04:11:47.894] Chain head was updated                   number=16,424,042 hash=3b4101..abfb84 root=151fcd..d22f4d elapsed=7.317673ms
INFO [01-17|04:11:47.894] Unindexed transactions                   blocks=1    txs=0         tail=14,074,043 elapsed="240.871µs"