2021-10-11 02:27:16 UTC Syncing #13394635 0xef2c…49b1     1.02 blk/s   93.5 tx/s   24.3 Mgas/s      0+   13 Qed LI:#13394649    5/25 peers     10 KiB chain  747 KiB queue  RPC:  0 conn,    0 req/s,    0 µs
2021-10-11 02:27:26 UTC Imported #13394649 0x8d6d…2096 (34 txs, 20.68 Mgas, 210 ms, 5.96 KiB)
2021-10-11 02:28:51 UTC   0/25 peers      1 MiB chain  0 bytes queue  RPC:  0 conn,    0 req/s,    0 µs
2021-10-11 02:29:27 UTC   0/25 peers      1 MiB chain  0 bytes queue  RPC:  0 conn,    0 req/s,    0 µs
2021-10-11 02:29:37 UTC Imported #13394658 0x0de2…ff68 (2 txs, 0.04 Mgas, 37 ms, 0.76 KiB)
2021-10-11 02:30:13 UTC   1/25 peers      2 MiB chain  0 bytes queue  RPC:  0 conn,    0 req/s,    0 µs
2021-10-11 02:30:13 UTC   1/25 peers      2 MiB chain  0 bytes queue  RPC:  0 conn,    0 req/s,    0 µs
2021-10-11 02:30:13 UTC   1/25 peers      2 MiB chain  0 bytes queue  RPC:  0 conn,    0 req/s,    0 µs
2021-10-11 02:30:13 UTC   1/25 peers      2 MiB chain  0 bytes queue  RPC:  0 conn,    0 req/s,    0 µs
2021-10-11 02:30:39 UTC   0/25 peers      2 MiB chain  0 bytes queue  RPC:  0 conn,    0 req/s,    0 µs
2021-10-11 02:31:06 UTC Updated conversion rate to Ξ1 = US$3464.40 (1374525.1 wei/gas)
2021-10-11 02:31:11 UTC Syncing #13394661 0xd6b0…db8f     0.10 blk/s    6.0 tx/s    1.8 Mgas/s      0+   11 Qed LI:#13394672    4/25 peers      2 MiB chain  540 KiB queue  RPC:  0 conn,    0 req/s,    0 µs
2021-10-11 02:31:13 UTC Syncing #13394672 0x0cae…0c31     0.56 blk/s   26.6 tx/s    6.4 Mgas/s      0+    0 Qed LI:#13394672    4/25 peers      2 MiB chain  0 bytes queue  RPC:  0 conn,    0 req/s,    0 µs
2021-10-11 02:31:13 UTC Syncing #13394672 0x0cae…0c31     1.20 blk/s   54.6 tx/s   12.5 Mgas/s      0+    0 Qed LI:#13394672    4/25 peers      2 MiB chain  0 bytes queue  RPC:  0 conn,    0 req/s,    0 µs
2021-10-11 02:31:45 UTC   3/25 peers      2 MiB chain  0 bytes queue  RPC:  0 conn,    0 req/s,    0 µs
2021-10-11 02:34:09 UTC   1/25 peers      2 MiB chain  0 bytes queue  RPC:  0 conn,    0 req/s,    0 µs
2021-10-11 02:34:19 UTC   0/25 peers      2 MiB chain  0 bytes queue  RPC:  0 conn,    0 req/s,    0 µs
2021-10-11 02:34:44 UTC   0/25 peers      2 MiB chain  0 bytes queue  RPC:  0 conn,    0 req/s,    0 µs
2021-10-11 02:35:15 UTC   0/25 peers      2 MiB chain  0 bytes queue  RPC:  0 conn,    0 req/s,    0 µs
2021-10-11 02:35:42 UTC Syncing #13394676 0x4f9e…e8a3     0.20 blk/s   15.3 tx/s    4.8 Mgas/s      0+   22 Qed LI:#13394699    3/25 peers      2 MiB chain    2 MiB queue  RPC:  0 conn,    0 req/s,    0 µs
2021-10-11 02:35:42 UTC Syncing #13394689 0x98a2…ccb1     0.68 blk/s   36.8 tx/s    9.3 Mgas/s      0+    9 Qed LI:#13394699    2/25 peers      2 MiB chain    2 MiB queue  RPC:  0 conn,    0 req/s,    0 µs
2021-10-11 02:35:50 UTC Syncing #13394693 0x7554…9265     0.40 blk/s   50.0 tx/s    2.7 Mgas/s      0+    5 Qed LI:#13394699    2/25 peers      2 MiB chain  641 KiB queue  RPC:  0 conn,    0 req/s,    0 µs
2021-10-11 02:35:50 UTC Syncing #13394691 0x705b…5d0f     0.40 blk/s   39.0 tx/s    2.1 Mgas/s      0+    7 Qed LI:#13394699    2/25 peers      2 MiB chain    1 MiB queue  RPC:  0 conn,    0 req/s,    0 µs