INFO [10-10|08:08:09.153] Imported new block headers               count=1    elapsed=6.502ms   number=13,389,758 hash=80b17b..e6ff03
WARN [10-10|08:08:09.294] Dropping unsynced node during sync       id=eb831028dc98ed46 conn=inbound addr=222.234.97.86:64560   type=besu/v21.10.0-RC1/li...
INFO [10-10|08:08:16.257] State heal in progress                   accounts=39792@2.28MiB    slots=58891@4.41MiB   codes=13426@114.16MiB nodes=321,549,224@94.87GiB pending=84579
WARN [10-10|08:08:16.258] Unexpected trienode heal packet          peer=41c2f8d0 reqid=4,062,559,041,406,038,512
INFO [10-10|08:08:28.693] State heal in progress                   accounts=39792@2.28MiB    slots=58891@4.41MiB   codes=13426@114.16MiB nodes=321,550,980@94.88GiB pending=106,247
INFO [10-10|08:08:30.820] Imported new block headers               count=1    elapsed=6.765ms   number=13,389,759 hash=0861e9..08bb0a
INFO [10-10|08:08:38.393] State heal in progress                   accounts=39792@2.28MiB    slots=58891@4.41MiB   codes=13426@114.16MiB nodes=321,552,699@94.88GiB pending=131,434
WARN [10-10|08:08:38.412] Unexpected trienode heal packet          peer=bf3f5d56 reqid=8,956,072,865,258,262,116
INFO [10-10|08:08:40.478] Writing clean trie cache to disk         path=/data/eth-data/geth/triecache threads=1
INFO [10-10|08:08:40.498] Regenerated local transaction journal    transactions=0 accounts=0
INFO [10-10|08:08:42.887] Persisted the clean trie cache           path=/data/eth-data/geth/triecache elapsed=2.405s
INFO [10-10|08:08:46.323] Imported new block headers               count=1    elapsed=11.964ms  number=13,389,760 hash=947e21..f9e963
INFO [10-10|08:08:47.917] State heal in progress                   accounts=39792@2.28MiB    slots=58891@4.41MiB   codes=13426@114.16MiB nodes=321,553,543@94.88GiB pending=134,701
WARN [10-10|08:08:47.917] Unexpected trienode heal packet          peer=e46f5a16 reqid=6,453,344,439,562,596,109
WARN [10-10|08:08:48.002] Unexpected trienode heal packet          peer=5c4af1a5 reqid=2,143,786,543,695,729,375
INFO [10-10|08:08:59.249] State heal in progress                   accounts=39792@2.28MiB    slots=58891@4.41MiB   codes=13426@114.16MiB nodes=321,554,248@94.88GiB pending=137,103
INFO [10-10|08:09:10.798] State heal in progress                   accounts=39792@2.28MiB    slots=58891@4.41MiB   codes=13426@114.16MiB nodes=321,555,140@94.88GiB pending=140,794
WARN [10-10|08:09:13.022] Checkpoint challenge timed out, dropping id=de8dbc145269ca0a conn=dyndial addr=217.238.6.88:30303    type=Geth/v1.10.9-stable-...
INFO [10-10|08:09:14.155] Imported new block headers               count=1    elapsed=11.545ms  number=13,389,761 hash=0e79a6..a07d4b age=1m9s
INFO [10-10|08:09:15.014] Downloader queue stats                   receiptTasks=0 blockTasks=0 itemSize=294.22KiB throttle=891
INFO [10-10|08:09:19.148] State heal in progress                   accounts=39792@2.28MiB    slots=58891@4.41MiB   codes=13426@114.16MiB nodes=321,555,774@94.88GiB pending=143,191
WARN [10-10|08:09:23.649] Checkpoint challenge timed out, dropping id=83f7312ba98189fe conn=inbound addr=54.214.57.139:6721    type=OpenEthereum/v3.3.0-...
INFO [10-10|08:09:32.522] State heal in progress                   accounts=39792@2.28MiB    slots=58891@4.41MiB   codes=13426@114.16MiB nodes=321,556,782@94.88GiB pending=146,919
WARN [10-10|08:09:40.366] Checkpoint challenge timed out, dropping id=f4d28dc9e6280f00 conn=inbound addr=45.76.171.165:22426   type=OpenEthereum/v3.3.0-...
INFO [10-10|08:09:41.488] State heal in progress                   accounts=39792@2.28MiB    slots=58891@4.41MiB   codes=13426@114.16MiB nodes=321,557,439@94.88GiB pending=149,840
WARN [10-10|08:09:42.464] Unexpected trienode heal packet          peer=e46f5a16 reqid=1,852,708,743,830,956,689
INFO [10-10|08:09:53.305] State heal in progress                   accounts=39792@2.28MiB    slots=58891@4.41MiB   codes=13426@114.16MiB nodes=321,557,966@94.88GiB pending=151,129
INFO [10-10|08:09:57.424] Imported new block headers               count=1    elapsed=7.181ms   number=13,389,762 hash=72b5e2..0f5056 age=1m25s
INFO [10-10|08:10:01.613] State heal in progress                   accounts=39792@2.28MiB    slots=58891@4.41MiB   codes=13426@114.16MiB nodes=321,558,402@94.88GiB pending=152,118
WARN [10-10|08:10:01.615] Unexpected trienode heal packet          peer=bf3f5d56 reqid=777,804,957,002,498,919
WARN [10-10|08:10:04.859] Unexpected trienode heal packet          peer=41c2f8d0 reqid=4,450,879,712,126,500,877
WARN [10-10|08:10:05.501] Unexpected trienode heal packet          peer=2cd761db reqid=409,713,700,097,253,490
WARN [10-10|08:10:06.411] Unexpected trienode heal packet          peer=2ee350f3 reqid=8,009,185,442,311,485,401
INFO [10-10|08:10:09.839] Imported new block headers               count=1    elapsed=7.673ms   number=13,389,763 hash=1b7e66..3b4018 age=1m24s
INFO [10-10|08:10:13.004] Imported new block headers               count=1    elapsed=6.116ms   number=13,389,764 hash=4d5c0a..66d8e7 age=1m1s
INFO [10-10|08:10:15.895] State heal in progress                   accounts=39792@2.28MiB    slots=58891@4.41MiB   codes=13426@114.16MiB nodes=321,558,983@94.88GiB pending=153,301
WARN [10-10|08:10:15.896] Unexpected trienode heal packet          peer=5c4af1a5 reqid=860,554,432,081,943,161
INFO [10-10|08:10:25.549] State heal in progress                   accounts=39792@2.28MiB    slots=58891@4.41MiB   codes=13426@114.16MiB nodes=321,559,441@94.88GiB pending=154,559
WARN [10-10|08:10:25.551] Unexpected trienode heal packet          peer=e46f5a16 reqid=7,413,619,936,856,395,920
INFO [10-10|08:10:35.018] State heal in progress                   accounts=39792@2.28MiB    slots=58891@4.41MiB   codes=13426@114.16MiB nodes=321,559,848@94.88GiB pending=155,227
WARN [10-10|08:10:35.060] Unexpected trienode heal packet          peer=41c2f8d0 reqid=5,416,682,725,345,420,740
INFO [10-10|08:10:37.761] Imported new block headers               count=1    elapsed=6.862ms   number=13,389,765 hash=a40cf2..e4a170
INFO [10-10|08:10:38.069] Downloader queue stats                   receiptTasks=0 blockTasks=0 itemSize=306.01KiB throttle=857
INFO [10-10|08:10:45.614] State heal in progress                   accounts=39794@2.28MiB    slots=58891@4.41MiB   codes=13426@114.16MiB nodes=321,560,232@94.88GiB pending=155,625
INFO [10-10|08:10:53.624] State heal in progress                   accounts=39810@2.28MiB    slots=58891@4.41MiB   codes=13426@114.16MiB nodes=321,560,642@94.88GiB pending=156,138
INFO [10-10|08:11:02.116] State heal in progress                   accounts=39818@2.28MiB    slots=58891@4.41MiB   codes=13426@114.16MiB nodes=321,561,029@94.88GiB pending=156,801
INFO [10-10|08:11:02.507] Imported new block headers               count=1    elapsed=6.358ms   number=13,389,766 hash=4dfc64..3831e5
INFO [10-10|08:11:14.526] State heal in progress                   accounts=39820@2.28MiB    slots=58891@4.41MiB   codes=13426@114.16MiB nodes=321,561,441@94.88GiB pending=157,272
INFO [10-10|08:11:21.100] Imported new block headers               count=1    elapsed=6.538ms   number=13,389,767 hash=5805ab..7a8d82 age=1m11s
INFO [10-10|08:11:26.293] State heal in progress                   accounts=39839@2.28MiB    slots=58891@4.41MiB   codes=13426@114.16MiB nodes=321,561,968@94.88GiB pending=158,269
WARN [10-10|08:11:26.294] Unexpected trienode heal packet          peer=2ee350f3 reqid=3,048,294,746,617,666,789
WARN [10-10|08:11:26.670] Unexpected trienode heal packet          peer=6686d649 reqid=3,929,233,816,820,823,898
INFO [10-10|08:11:34.763] State heal in progress                   accounts=39850@2.28MiB    slots=58891@4.41MiB   codes=13426@114.16MiB nodes=321,562,351@94.88GiB pending=158,761
WARN [10-10|08:11:34.764] Unexpected trienode heal packet          peer=41c2f8d0 reqid=2,093,095,249,847,399,521
WARN [10-10|08:11:34.807] Unexpected trienode heal packet          peer=5c4af1a5 reqid=1,827,389,692,602,666,280
INFO [10-10|08:11:36.618] Imported new block headers               count=1    elapsed=6.231ms   number=13,389,768 hash=23b697..34880b age=1m
INFO [10-10|08:11:39.801] Imported new block headers               count=2    elapsed=6.747ms   number=13,389,770 hash=982675..26d851
INFO [10-10|08:11:40.106] Downloader queue stats                   receiptTasks=0 blockTasks=0 itemSize=285.71KiB throttle=918
INFO [10-10|08:11:46.050] Imported new block headers               count=1    elapsed=6.100ms   number=13,389,771 hash=619fd1..4ada51
INFO [10-10|08:11:48.095] State heal in progress                   accounts=39930@2.28MiB    slots=58891@4.41MiB   codes=13426@114.16MiB nodes=321,563,168@94.88GiB pending=160,294
WARN [10-10|08:11:48.096] Unexpected trienode heal packet          peer=e46f5a16 reqid=6,753,619,040,465,889,147
INFO [10-10|08:11:49.215] Imported new block headers               count=1    elapsed=5.860ms   number=13,389,772 hash=416094..b4086a
INFO [10-10|08:11:58.548] Imported new block headers               count=1    elapsed=6.672ms   number=13,389,773 hash=f03955..168b08
INFO [10-10|08:11:58.647] State heal in progress                   accounts=39997@2.29MiB    slots=58891@4.41MiB   codes=13426@114.16MiB nodes=321,563,772@94.88GiB pending=160,715
INFO [10-10|08:12:10.961] Imported new block headers               count=1    elapsed=6.799ms   number=13,389,774 hash=ac7557..e122dd
INFO [10-10|08:12:21.316] State heal in progress                   accounts=40028@2.29MiB    slots=58891@4.41MiB   codes=13426@114.16MiB nodes=321,564,567@94.88GiB pending=161,578
WARN [10-10|08:12:21.340] Unexpected trienode heal packet          peer=e46f5a16 reqid=5,327,632,928,775,566,590
INFO [10-10|08:12:26.464] Imported new block headers               count=1    elapsed=5.950ms   number=13,389,775 hash=c4f9cc..7afff9
INFO [10-10|08:12:33.313] State heal in progress                   accounts=40042@2.29MiB    slots=58891@4.41MiB   codes=13426@114.16MiB nodes=321,564,982@94.88GiB pending=161,978
WARN [10-10|08:12:33.315] Unexpected trienode heal packet          peer=5c4af1a5 reqid=735,064,744,498,539,830
WARN [10-10|08:12:33.797] Unexpected trienode heal packet          peer=41c2f8d0 reqid=7,104,938,988,382,146,379
INFO [10-10|08:12:38.878] Imported new block headers               count=1    elapsed=6.576ms   number=13,389,776 hash=b87c1c..e61845
INFO [10-10|08:12:42.045] Imported new block headers               count=1    elapsed=6.169ms   number=13,389,777 hash=48404e..a72b54
INFO [10-10|08:12:42.154] Downloader queue stats                   receiptTasks=0 blockTasks=0 itemSize=225.47KiB throttle=1163
INFO [10-10|08:12:43.737] State heal in progress                   accounts=40065@2.29MiB    slots=58891@4.41MiB   codes=13426@114.16MiB nodes=321,565,371@94.88GiB pending=162,329
WARN [10-10|08:12:46.562] Unexpected trienode heal packet          peer=2cd761db reqid=1,898,957,034,790,734,729
WARN [10-10|08:12:46.575] Unexpected trienode heal packet          peer=e46f5a16 reqid=4,225,781,258,019,156,122
INFO [10-10|08:12:52.780] State heal in progress                   accounts=40128@2.29MiB    slots=58891@4.41MiB   codes=13426@114.16MiB nodes=321,565,939@94.88GiB pending=162,723
INFO [10-10|08:12:54.461] Imported new block headers               count=2    elapsed=6.933ms   number=13,389,779 hash=8cab9b..88a823
INFO [10-10|08:13:01.150] State heal in progress                   accounts=40311@2.30MiB    slots=58891@4.41MiB   codes=13426@114.16MiB nodes=321,566,579@94.88GiB pending=163,370
INFO [10-10|08:13:03.792] Imported new block headers               count=1    elapsed=6.825ms   number=13,389,780 hash=8cd8bd..991b6e
ERROR[10-10|08:13:04.682] Snapshot extension registration failed   peer=67e93ad4 err="peer connected on snap without compatible eth support"
INFO [10-10|08:13:10.052] Imported new block headers               count=1    elapsed=6.066ms   number=13,389,781 hash=514bd9..9ebef7
INFO [10-10|08:13:13.219] Imported new block headers               count=1    elapsed=6.514ms   number=13,389,782 hash=4c839a..30b4ef
INFO [10-10|08:13:14.070] State heal in progress                   accounts=40491@2.31MiB    slots=58891@4.41MiB   codes=13426@114.16MiB nodes=321,567,472@94.88GiB pending=164,068
INFO [10-10|08:13:22.411] State heal in progress                   accounts=40619@2.32MiB    slots=58891@4.41MiB   codes=13426@114.16MiB nodes=321,568,010@94.88GiB pending=164,462
INFO [10-10|08:13:34.523] State heal in progress                   accounts=40677@2.32MiB    slots=58891@4.41MiB   codes=13426@114.16MiB nodes=321,568,691@94.88GiB pending=165,650
INFO [10-10|08:13:37.971] Imported new block headers               count=1    elapsed=11.648ms  number=13,389,783 hash=cb66be..2aca64