INFO [01-16|06:53:00.247] Unindexed transactions                   blocks=1    txs=220     tail=14,067,684 elapsed=2.390ms
INFO [01-16|06:53:13.955] Imported new potential chain segment     blocks=1    txs=200     mgas=14.539  elapsed=105.252ms   mgasps=138.133 number=16,417,684 hash=daf069..3c3f09 dirty=1021.72MiB
INFO [01-16|06:53:14.041] Chain head was updated                   number=16,417,684 hash=daf069..3c3f09 root=7e935c..02d3c8 elapsed=7.949342ms
INFO [01-16|06:53:14.045] Unindexed transactions                   blocks=1    txs=180     tail=14,067,685 elapsed=3.927ms
INFO [01-16|06:53:24.497] Imported new potential chain segment     blocks=1    txs=143     mgas=12.989  elapsed=111.696ms   mgasps=116.288 number=16,417,685 hash=c7b3ce..0a0449 dirty=1022.17MiB
INFO [01-16|06:53:24.517] Chain head was updated                   number=16,417,685 hash=c7b3ce..0a0449 root=8ace84..8940b9 elapsed=7.531753ms
INFO [01-16|06:53:24.521] Unindexed transactions                   blocks=1    txs=230     tail=14,067,686 elapsed=4.210ms
INFO [01-16|06:53:36.282] Imported new potential chain segment     blocks=1    txs=161     mgas=18.520  elapsed=125.111ms   mgasps=148.026 number=16,417,686 hash=dc458c..3d42db dirty=1022.56MiB
INFO [01-16|06:53:36.295] Chain head was updated                   number=16,417,686 hash=dc458c..3d42db root=dc4bbd..4d3c46 elapsed=3.904995ms
INFO [01-16|06:53:36.301] Unindexed transactions                   blocks=1    txs=327     tail=14,067,687 elapsed=6.265ms
INFO [01-16|06:53:48.199] Imported new potential chain segment     blocks=1    txs=125     mgas=10.834  elapsed=77.336ms    mgasps=140.089 number=16,417,687 hash=b670af..092b1d dirty=1022.58MiB
INFO [01-16|06:53:48.222] Chain head was updated                   number=16,417,687 hash=b670af..092b1d root=3f6c27..dd3bae elapsed=5.081715ms
INFO [01-16|06:53:48.224] Unindexed transactions                   blocks=1    txs=104     tail=14,067,688 elapsed=2.140ms
ERROR[01-16|06:53:52.052] Error in block freeze operation          err="block receipts missing, can't freeze block 15256595"
INFO [01-16|06:54:01.029] Imported new potential chain segment     blocks=1    txs=153     mgas=15.710  elapsed=120.963ms   mgasps=129.876 number=16,417,688 hash=7a522b..c54d33 dirty=1023.04MiB
INFO [01-16|06:54:01.053] Chain head was updated                   number=16,417,688 hash=7a522b..c54d33 root=d58b80..d6f320 elapsed=10.712673ms
INFO [01-16|06:54:01.054] Unindexed transactions                   blocks=1    txs=39      tail=14,067,689 elapsed=1.025ms
INFO [01-16|06:54:12.351] Imported new potential chain segment     blocks=1    txs=120     mgas=12.113  elapsed=93.482ms    mgasps=129.572 number=16,417,689 hash=ba5f43..01f834 dirty=1023.13MiB
INFO [01-16|06:54:12.368] Chain head was updated                   number=16,417,689 hash=ba5f43..01f834 root=4f4a93..6f42a2 elapsed=8.349754ms
INFO [01-16|06:54:12.370] Unindexed transactions                   blocks=1    txs=168     tail=14,067,690 elapsed=1.939ms
INFO [01-16|06:54:24.758] Imported new potential chain segment     blocks=1    txs=165     mgas=15.247  elapsed=127.199ms   mgasps=119.869 number=16,417,690 hash=711969..a6c656 dirty=1022.36MiB
INFO [01-16|06:54:24.771] Chain head was updated                   number=16,417,690 hash=711969..a6c656 root=50ccb3..304116 elapsed=3.123712ms
INFO [01-16|06:54:24.779] Unindexed transactions                   blocks=1    txs=413     tail=14,067,691 elapsed=7.512ms
INFO [01-16|06:54:36.577] Imported new potential chain segment     blocks=1    txs=139     mgas=12.014  elapsed=87.412ms    mgasps=137.441 number=16,417,691 hash=f74941..cac85d dirty=1022.49MiB
INFO [01-16|06:54:36.606] Chain head was updated                   number=16,417,691 hash=f74941..cac85d root=c9c642..36c918 elapsed=5.576853ms
INFO [01-16|06:54:36.607] Unindexed transactions                   blocks=1    txs=36      tail=14,067,692 elapsed="964.045µs"
INFO [01-16|06:54:48.817] Imported new potential chain segment     blocks=1    txs=134     mgas=15.585  elapsed=162.863ms   mgasps=95.694  number=16,417,692 hash=f0bdfc..cd509b dirty=1022.91MiB
INFO [01-16|06:54:48.843] Chain head was updated                   number=16,417,692 hash=f0bdfc..cd509b root=63335d..1edc9c elapsed=9.778763ms
INFO [01-16|06:54:48.850] Unindexed transactions                   blocks=1    txs=293     tail=14,067,693 elapsed=6.669ms
ERROR[01-16|06:54:52.063] Error in block freeze operation          err="block receipts missing, can't freeze block 15256595"
INFO [01-16|06:55:01.150] Imported new potential chain segment     blocks=1    txs=122     mgas=14.073  elapsed=201.444ms   mgasps=69.859  number=16,417,693 hash=eb640d..9f48fe dirty=1022.67MiB
INFO [01-16|06:55:01.170] Chain head was updated                   number=16,417,693 hash=eb640d..9f48fe root=16e10d..8f1464 elapsed=8.142025ms
INFO [01-16|06:55:01.171] Unindexed transactions                   blocks=1    txs=26      tail=14,067,694 elapsed="516.773µs"
INFO [01-16|06:55:12.543] Imported new potential chain segment     blocks=1    txs=155     mgas=13.169  elapsed=143.088ms   mgasps=92.037  number=16,417,694 hash=2e9452..714310 dirty=1022.61MiB
INFO [01-16|06:55:12.561] Chain head was updated                   number=16,417,694 hash=2e9452..714310 root=a19cf6..6c3b02 elapsed=4.748373ms
INFO [01-16|06:55:12.570] Unindexed transactions                   blocks=1    txs=311     tail=14,067,695 elapsed=8.716ms
INFO [01-16|06:55:24.277] Imported new potential chain segment     blocks=1    txs=178     mgas=13.049  elapsed=166.035ms   mgasps=78.592  number=16,417,695 hash=c05d0a..8fb4ab dirty=1022.58MiB
INFO [01-16|06:55:24.293] Chain head was updated                   number=16,417,695 hash=c05d0a..8fb4ab root=16b4dd..14e6c7 elapsed=4.795717ms
INFO [01-16|06:55:24.295] Unindexed transactions                   blocks=1    txs=170     tail=14,067,696 elapsed=2.517ms
WARN [01-16|06:55:35.904] Snapshot extension registration failed   peer=3ce52055 err="peer connected on snap without compatible eth support"
INFO [01-16|06:55:36.266] Imported new potential chain segment     blocks=1    txs=176     mgas=25.744  elapsed=233.240ms   mgasps=110.374 number=16,417,696 hash=81d428..11900d dirty=1021.35MiB
INFO [01-16|06:55:36.292] Chain head was updated                   number=16,417,696 hash=81d428..11900d root=6226c7..c45f62 elapsed=12.127115ms
INFO [01-16|06:55:36.301] Unindexed transactions                   blocks=1    txs=401     tail=14,067,697 elapsed=9.293ms
INFO [01-16|06:55:48.474] Imported new potential chain segment     blocks=1    txs=151     mgas=14.473  elapsed=96.666ms    mgasps=149.725 number=16,417,697 hash=f8c76d..026544 dirty=1022.18MiB
INFO [01-16|06:55:48.485] Chain head was updated                   number=16,417,697 hash=f8c76d..026544 root=1a5498..3eff65 elapsed=2.926931ms
INFO [01-16|06:55:48.489] Unindexed transactions                   blocks=1    txs=163     tail=14,067,698 elapsed=4.029ms
ERROR[01-16|06:55:52.068] Error in block freeze operation          err="block receipts missing, can't freeze block 15256595"
INFO [01-16|06:56:00.675] Imported new potential chain segment     blocks=1    txs=97      mgas=10.410  elapsed=87.881ms    mgasps=118.460 number=16,417,698 hash=43ed86..9a04a3 dirty=1021.64MiB
INFO [01-16|06:56:00.689] Chain head was updated                   number=16,417,698 hash=43ed86..9a04a3 root=5bf0c9..eee434 elapsed=5.004478ms
INFO [01-16|06:56:00.691] Unindexed transactions                   blocks=1    txs=98      tail=14,067,699 elapsed=1.447ms
INFO [01-16|06:56:12.543] Imported new potential chain segment     blocks=1    txs=124     mgas=15.771  elapsed=106.526ms   mgasps=148.050 number=16,417,699 hash=202703..82df90 dirty=1022.10MiB
INFO [01-16|06:56:12.559] Chain head was updated                   number=16,417,699 hash=202703..82df90 root=5d8b66..4da4e0 elapsed=3.432865ms
INFO [01-16|06:56:12.560] Unindexed transactions                   blocks=1    txs=16      tail=14,067,700 elapsed="649.583µs"
INFO [01-16|06:56:24.334] Imported new potential chain segment     blocks=1    txs=184     mgas=15.432  elapsed=102.812ms   mgasps=150.103 number=16,417,700 hash=cac4b6..dbd8a5 dirty=1021.67MiB
INFO [01-16|06:56:24.355] Chain head was updated                   number=16,417,700 hash=cac4b6..dbd8a5 root=9eb55b..76ceca elapsed=8.859223ms
INFO [01-16|06:56:24.360] Unindexed transactions                   blocks=1    txs=147     tail=14,067,701 elapsed=4.588ms
INFO [01-16|06:56:36.209] Imported new potential chain segment     blocks=1    txs=154     mgas=15.872  elapsed=105.348ms   mgasps=150.664 number=16,417,701 hash=33199a..492ac9 dirty=1021.49MiB
INFO [01-16|06:56:36.227] Chain head was updated                   number=16,417,701 hash=33199a..492ac9 root=feccdc..7def00 elapsed=4.065744ms
INFO [01-16|06:56:36.228] Unindexed transactions                   blocks=1    txs=85      tail=14,067,702 elapsed="826.028µs"
INFO [01-16|06:56:49.182] Imported new potential chain segment     blocks=1    txs=163     mgas=16.695  elapsed=117.611ms   mgasps=141.947 number=16,417,702 hash=ac41e4..3c3761 dirty=1021.86MiB
INFO [01-16|06:56:49.196] Chain head was updated                   number=16,417,702 hash=ac41e4..3c3761 root=047810..83c093 elapsed=5.020119ms
INFO [01-16|06:56:49.198] Unindexed transactions                   blocks=1    txs=66      tail=14,067,703 elapsed=2.151ms
ERROR[01-16|06:56:52.074] Error in block freeze operation          err="block receipts missing, can't freeze block 15256595"
INFO [01-16|06:57:00.440] Imported new potential chain segment     blocks=1    txs=151     mgas=17.576  elapsed=143.748ms   mgasps=122.266 number=16,417,703 hash=9e10bc..c3f4f5 dirty=1022.20MiB
INFO [01-16|06:57:00.458] Chain head was updated                   number=16,417,703 hash=9e10bc..c3f4f5 root=cba9a0..6f3368 elapsed=4.493547ms
INFO [01-16|06:57:00.464] Unindexed transactions                   blocks=1    txs=371     tail=14,067,704 elapsed=5.897ms
INFO [01-16|06:57:11.606] Imported new potential chain segment     blocks=1    txs=13      mgas=1.146   elapsed=25.203ms    mgasps=45.455  number=16,417,704 hash=0b36e5..308547 dirty=1021.24MiB
INFO [01-16|06:57:11.654] Chain head was updated                   number=16,417,704 hash=0b36e5..308547 root=235a49..cd46b6 elapsed="725.481µs"
INFO [01-16|06:57:11.658] Unindexed transactions                   blocks=1    txs=297     tail=14,067,705 elapsed=3.528ms
INFO [01-16|06:57:24.716] Imported new potential chain segment     blocks=1    txs=282     mgas=29.972  elapsed=296.865ms   mgasps=100.960 number=16,417,705 hash=0b33fb..e3cc61 dirty=1022.75MiB
INFO [01-16|06:57:24.746] Chain head was updated                   number=16,417,705 hash=0b33fb..e3cc61 root=6fce77..ac1a2c elapsed=10.659621ms
INFO [01-16|06:57:24.759] Unindexed transactions                   blocks=1    txs=316     tail=14,067,706 elapsed=11.980ms
INFO [01-16|06:57:35.804] Imported new potential chain segment     blocks=1    txs=36      mgas=27.643  elapsed=114.149ms   mgasps=242.168 number=16,417,706 hash=ce3fbe..011634 dirty=1022.49MiB
INFO [01-16|06:57:35.817] Chain head was updated                   number=16,417,706 hash=ce3fbe..011634 root=0471f8..f49b3d elapsed=1.835057ms
INFO [01-16|06:57:35.820] Unindexed transactions                   blocks=1    txs=302     tail=14,067,707 elapsed=3.116ms
INFO [01-16|06:57:51.445] Imported new potential chain segment     blocks=1    txs=278     mgas=26.660  elapsed=179.221ms   mgasps=148.755 number=16,417,707 hash=7fc836..7ae1e3 dirty=1022.18MiB
INFO [01-16|06:57:51.477] Chain head was updated                   number=16,417,707 hash=7fc836..7ae1e3 root=22af13..68fe79 elapsed=15.100282ms
INFO [01-16|06:57:51.480] Unindexed transactions                   blocks=1    txs=329     tail=14,067,708 elapsed=2.862ms
ERROR[01-16|06:57:52.079] Error in block freeze operation          err="block receipts missing, can't freeze block 15256595"
INFO [01-16|06:58:11.238] Imported new potential chain segment     blocks=1    txs=193     mgas=16.331  elapsed=108.608ms   mgasps=150.362 number=16,417,708 hash=37d50a..306950 dirty=1023.80MiB
INFO [01-16|06:58:11.262] Chain head was updated                   number=16,417,708 hash=37d50a..306950 root=018c9a..d2e25e elapsed=9.617147ms
INFO [01-16|06:58:11.264] Unindexed transactions                   blocks=1    txs=56      tail=14,067,709 elapsed=2.711ms
INFO [01-16|06:58:14.178] Imported new potential chain segment     blocks=1    txs=213     mgas=17.829  elapsed=112.029ms   mgasps=159.149 number=16,417,708 hash=e6b701..a89d5a dirty=1023.90MiB
INFO [01-16|06:58:14.252] Chain reorg detected                     number=16,417,707 hash=7fc836..7ae1e3 drop=1 dropfrom=37d50a..306950 add=1 addfrom=e6b701..a89d5a
INFO [01-16|06:58:14.263] Chain head was updated                   number=16,417,708 hash=e6b701..a89d5a root=ff2da3..79be60 elapsed=16.067213ms
INFO [01-16|06:58:26.266] Imported new potential chain segment     blocks=1    txs=136     mgas=13.200  elapsed=148.009ms   mgasps=89.181  number=16,417,709 hash=1dc36a..8838ad dirty=1021.33MiB
INFO [01-16|06:58:26.276] Chain head was updated                   number=16,417,709 hash=1dc36a..8838ad root=e686dd..77adba elapsed=2.765507ms
INFO [01-16|06:58:26.278] Unindexed transactions                   blocks=1    txs=76      tail=14,067,710 elapsed=1.391ms
INFO [01-16|06:58:36.504] New local node record                    seq=1,656,674,483,739 id=951d36f91f683294 ip=127.0.0.1       udp=30303 tcp=30303
INFO [01-16|06:58:36.690] Imported new potential chain segment     blocks=1    txs=49      mgas=6.744   elapsed=65.817ms    mgasps=102.463 number=16,417,710 hash=fc9d80..d50871 dirty=1020.45MiB
INFO [01-16|06:58:36.762] Chain head was updated                   number=16,417,710 hash=fc9d80..d50871 root=d6962c..4c040c elapsed=1.520897ms
INFO [01-16|06:58:36.766] Unindexed transactions                   blocks=1    txs=296     tail=14,067,711 elapsed=3.918ms