INFO [01-16|06:48:00.385] Unindexed transactions                   blocks=1    txs=95      tail=14,067,659 elapsed=3.043ms
INFO [01-16|06:48:12.848] Imported new potential chain segment     blocks=1    txs=161     mgas=17.132  elapsed=122.845ms   mgasps=139.462 number=16,417,659 hash=1a6116..e261e8 dirty=1019.37MiB
INFO [01-16|06:48:12.868] Chain head was updated                   number=16,417,659 hash=1a6116..e261e8 root=357696..3d2c18 elapsed=5.93517ms
INFO [01-16|06:48:12.881] Unindexed transactions                   blocks=1    txs=940     tail=14,067,660 elapsed=13.506ms
INFO [01-16|06:48:24.209] Imported new potential chain segment     blocks=1    txs=130     mgas=10.723  elapsed=106.912ms   mgasps=100.294 number=16,417,660 hash=4f9dfe..b61846 dirty=1018.70MiB
INFO [01-16|06:48:24.224] Chain head was updated                   number=16,417,660 hash=4f9dfe..b61846 root=081168..fea88d elapsed=2.516129ms
INFO [01-16|06:48:24.262] Unindexed transactions                   blocks=1    txs=322     tail=14,067,661 elapsed=37.847ms
INFO [01-16|06:48:35.961] Imported new potential chain segment     blocks=1    txs=119     mgas=11.192  elapsed=94.351ms    mgasps=118.626 number=16,417,661 hash=667b19..53b3fe dirty=1018.60MiB
INFO [01-16|06:48:35.979] Chain head was updated                   number=16,417,661 hash=667b19..53b3fe root=80d8bd..903962 elapsed=7.340037ms
INFO [01-16|06:48:35.996] Unindexed transactions                   blocks=1    txs=1285    tail=14,067,662 elapsed=17.316ms
INFO [01-16|06:48:48.774] Imported new potential chain segment     blocks=1    txs=138     mgas=14.998  elapsed=95.256ms    mgasps=157.449 number=16,417,662 hash=eac86e..440b13 dirty=1019.01MiB
INFO [01-16|06:48:48.792] Chain head was updated                   number=16,417,662 hash=eac86e..440b13 root=97b6d9..085abb elapsed=8.413643ms
INFO [01-16|06:48:48.818] Unindexed transactions                   blocks=1    txs=268     tail=14,067,663 elapsed=26.391ms
ERROR[01-16|06:48:52.004] Error in block freeze operation          err="block receipts missing, can't freeze block 15256595"
INFO [01-16|06:48:57.763] Writing clean trie cache to disk         path=/home/long/nvme/data-dir/geth/triecache threads=1
INFO [01-16|06:48:57.765] Regenerated local transaction journal    transactions=0 accounts=0
INFO [01-16|06:48:58.625] Persisted the clean trie cache           path=/home/long/nvme/data-dir/geth/triecache elapsed=862.037ms
INFO [01-16|06:49:00.338] Imported new potential chain segment     blocks=1    txs=131     mgas=17.737  elapsed=125.987ms   mgasps=140.785 number=16,417,663 hash=5b20f0..c110f0 dirty=1019.51MiB
INFO [01-16|06:49:00.359] Chain head was updated                   number=16,417,663 hash=5b20f0..c110f0 root=352584..d2c079 elapsed=8.857548ms
INFO [01-16|06:49:00.361] Unindexed transactions                   blocks=1    txs=19      tail=14,067,664 elapsed="976.764µs"
INFO [01-16|06:49:12.888] Imported new potential chain segment     blocks=1    txs=145     mgas=14.582  elapsed=102.888ms   mgasps=141.721 number=16,417,664 hash=ae8df7..b703c8 dirty=1020.08MiB
INFO [01-16|06:49:12.909] Chain head was updated                   number=16,417,664 hash=ae8df7..b703c8 root=43f584..b8f161 elapsed=8.468958ms
INFO [01-16|06:49:12.912] Unindexed transactions                   blocks=1    txs=121     tail=14,067,665 elapsed=2.289ms
INFO [01-16|06:49:24.220] Imported new potential chain segment     blocks=1    txs=123     mgas=11.319  elapsed=111.884ms   mgasps=101.166 number=16,417,665 hash=841976..8cd456 dirty=1020.46MiB
INFO [01-16|06:49:24.234] Chain head was updated                   number=16,417,665 hash=841976..8cd456 root=8c009c..2e7010 elapsed=4.261678ms
INFO [01-16|06:49:24.247] Unindexed transactions                   blocks=1    txs=1375    tail=14,067,666 elapsed=13.388ms
INFO [01-16|06:49:37.548] Imported new potential chain segment     blocks=1    txs=140     mgas=24.449  elapsed=1.436s      mgasps=17.016  number=16,417,666 hash=b04e03..ac1d5a dirty=1022.31MiB
INFO [01-16|06:49:37.566] Chain head was updated                   number=16,417,666 hash=b04e03..ac1d5a root=cdbc68..703fc6 elapsed=9.128973ms
INFO [01-16|06:49:37.567] Unindexed transactions                   blocks=1    txs=32      tail=14,067,667 elapsed="691.559µs"
INFO [01-16|06:49:50.522] Imported new potential chain segment     blocks=1    txs=122     mgas=15.439  elapsed=111.433ms   mgasps=138.550 number=16,417,667 hash=9a7008..16e9cd dirty=1022.87MiB
INFO [01-16|06:49:50.537] Chain head was updated                   number=16,417,667 hash=9a7008..16e9cd root=337bdf..8fb3e2 elapsed=3.204171ms
INFO [01-16|06:49:50.541] Unindexed transactions                   blocks=1    txs=171     tail=14,067,668 elapsed=3.771ms
ERROR[01-16|06:49:52.014] Error in block freeze operation          err="block receipts missing, can't freeze block 15256595"
INFO [01-16|06:50:00.583] Imported new potential chain segment     blocks=1    txs=102     mgas=12.192  elapsed=119.385ms   mgasps=102.124 number=16,417,668 hash=f33651..d589da dirty=1021.47MiB
INFO [01-16|06:50:00.594] Chain head was updated                   number=16,417,668 hash=f33651..d589da root=58d744..82e56a elapsed=3.562074ms
INFO [01-16|06:50:00.596] Unindexed transactions                   blocks=1    txs=165     tail=14,067,669 elapsed=1.470ms
INFO [01-16|06:50:12.304] Imported new potential chain segment     blocks=1    txs=170     mgas=16.381  elapsed=116.081ms   mgasps=141.113 number=16,417,669 hash=182c4d..8597f6 dirty=1021.14MiB
INFO [01-16|06:50:12.321] Chain head was updated                   number=16,417,669 hash=182c4d..8597f6 root=7614bf..7771ae elapsed=3.066659ms
INFO [01-16|06:50:12.326] Unindexed transactions                   blocks=1    txs=130     tail=14,067,670 elapsed=4.783ms
INFO [01-16|06:50:23.842] Imported new potential chain segment     blocks=1    txs=93      mgas=9.507   elapsed=72.867ms    mgasps=130.473 number=16,417,670 hash=341d5f..176241 dirty=1021.20MiB
INFO [01-16|06:50:23.883] Chain head was updated                   number=16,417,670 hash=341d5f..176241 root=d9ec1d..6cdb24 elapsed=11.072375ms
INFO [01-16|06:50:23.884] Unindexed transactions                   blocks=1    txs=18      tail=14,067,671 elapsed="425.266µs"
INFO [01-16|06:50:36.449] Imported new potential chain segment     blocks=1    txs=213     mgas=22.079  elapsed=153.301ms   mgasps=144.022 number=16,417,671 hash=f302cd..cd86f7 dirty=1021.77MiB
INFO [01-16|06:50:36.475] Chain head was updated                   number=16,417,671 hash=f302cd..cd86f7 root=c21f07..5273ca elapsed=10.734818ms
INFO [01-16|06:50:36.482] Unindexed transactions                   blocks=1    txs=375     tail=14,067,672 elapsed=6.864ms
INFO [01-16|06:50:48.227] Imported new potential chain segment     blocks=1    txs=179     mgas=18.143  elapsed=105.772ms   mgasps=171.526 number=16,417,672 hash=17c5d9..13ae0a dirty=1022.17MiB
INFO [01-16|06:50:48.243] Chain head was updated                   number=16,417,672 hash=17c5d9..13ae0a root=b1f873..4559aa elapsed=5.875382ms
INFO [01-16|06:50:48.245] Unindexed transactions                   blocks=1    txs=150     tail=14,067,673 elapsed=1.867ms
ERROR[01-16|06:50:52.023] Error in block freeze operation          err="block receipts missing, can't freeze block 15256595"
INFO [01-16|06:50:59.904] Imported new potential chain segment     blocks=1    txs=116     mgas=11.939  elapsed=90.201ms    mgasps=132.359 number=16,417,673 hash=8ff877..a5741e dirty=1022.45MiB
INFO [01-16|06:50:59.917] Chain head was updated                   number=16,417,673 hash=8ff877..a5741e root=c36795..63cd8d elapsed=4.72297ms
INFO [01-16|06:50:59.920] Unindexed transactions                   blocks=1    txs=101     tail=14,067,674 elapsed=2.244ms
INFO [01-16|06:51:12.595] Imported new potential chain segment     blocks=1    txs=121     mgas=16.701  elapsed=101.869ms   mgasps=163.945 number=16,417,674 hash=450480..6146d8 dirty=1022.50MiB
INFO [01-16|06:51:12.606] Chain head was updated                   number=16,417,674 hash=450480..6146d8 root=098091..5080ec elapsed=3.208745ms
INFO [01-16|06:51:12.619] Unindexed transactions                   blocks=1    txs=1157    tail=14,067,675 elapsed=12.809ms
INFO [01-16|06:51:24.587] Imported new potential chain segment     blocks=1    txs=154     mgas=16.200  elapsed=121.760ms   mgasps=133.051 number=16,417,675 hash=d920f0..e56c07 dirty=1022.69MiB
INFO [01-16|06:51:24.612] Chain head was updated                   number=16,417,675 hash=d920f0..e56c07 root=b16358..4ba02a elapsed=9.510091ms
INFO [01-16|06:51:24.614] Unindexed transactions                   blocks=1    txs=138     tail=14,067,676 elapsed=2.879ms
INFO [01-16|06:51:36.441] Imported new potential chain segment     blocks=1    txs=147     mgas=15.552  elapsed=102.860ms   mgasps=151.193 number=16,417,676 hash=c962b1..88fb13 dirty=1021.79MiB
INFO [01-16|06:51:36.462] Chain head was updated                   number=16,417,676 hash=c962b1..88fb13 root=d393ff..9c57b2 elapsed=6.84474ms
INFO [01-16|06:51:36.464] Unindexed transactions                   blocks=1    txs=91      tail=14,067,677 elapsed=2.249ms
INFO [01-16|06:51:48.424] Imported new potential chain segment     blocks=1    txs=96      mgas=9.802   elapsed=85.773ms    mgasps=114.278 number=16,417,677 hash=599091..af9946 dirty=1021.41MiB
INFO [01-16|06:51:48.440] Chain head was updated                   number=16,417,677 hash=599091..af9946 root=c3ae9f..53dee9 elapsed=4.284807ms
INFO [01-16|06:51:48.442] Unindexed transactions                   blocks=1    txs=208     tail=14,067,678 elapsed=1.955ms
ERROR[01-16|06:51:52.033] Error in block freeze operation          err="block receipts missing, can't freeze block 15256595"
INFO [01-16|06:52:00.711] Imported new potential chain segment     blocks=1    txs=133     mgas=17.001  elapsed=112.056ms   mgasps=151.719 number=16,417,678 hash=7dc1d9..7a1e53 dirty=1022.06MiB
INFO [01-16|06:52:00.723] Chain head was updated                   number=16,417,678 hash=7dc1d9..7a1e53 root=996247..753a6f elapsed=4.492115ms
INFO [01-16|06:52:00.724] Unindexed transactions                   blocks=1    txs=20      tail=14,067,679 elapsed="475.521µs"
INFO [01-16|06:52:12.526] Imported new potential chain segment     blocks=1    txs=161     mgas=17.259  elapsed=117.835ms   mgasps=146.467 number=16,417,679 hash=af1366..2367e0 dirty=1022.33MiB
INFO [01-16|06:52:12.548] Chain head was updated                   number=16,417,679 hash=af1366..2367e0 root=e08482..c2f960 elapsed=4.108839ms
INFO [01-16|06:52:12.551] Unindexed transactions                   blocks=1    txs=164     tail=14,067,680 elapsed=3.105ms
INFO [01-16|06:52:24.583] Imported new potential chain segment     blocks=1    txs=124     mgas=10.527  elapsed=104.236ms   mgasps=100.992 number=16,417,680 hash=22b174..dcd038 dirty=1022.55MiB
INFO [01-16|06:52:24.596] Chain head was updated                   number=16,417,680 hash=22b174..dcd038 root=b0495c..a54655 elapsed=4.605097ms
INFO [01-16|06:52:24.600] Unindexed transactions                   blocks=1    txs=220     tail=14,067,681 elapsed=3.479ms
INFO [01-16|06:52:36.941] Imported new potential chain segment     blocks=1    txs=131     mgas=11.545  elapsed=104.425ms   mgasps=110.559 number=16,417,681 hash=dde015..ab65ed dirty=1022.28MiB
INFO [01-16|06:52:36.956] Chain head was updated                   number=16,417,681 hash=dde015..ab65ed root=255f4d..a7729f elapsed=2.434626ms
INFO [01-16|06:52:36.958] Unindexed transactions                   blocks=1    txs=78      tail=14,067,682 elapsed=1.731ms
INFO [01-16|06:52:48.573] Imported new potential chain segment     blocks=1    txs=134     mgas=15.387  elapsed=70.467ms    mgasps=218.352 number=16,417,682 hash=b325ba..2507ae dirty=1023.63MiB
INFO [01-16|06:52:48.604] Chain head was updated                   number=16,417,682 hash=b325ba..2507ae root=fbe629..69a451 elapsed=4.800315ms
INFO [01-16|06:52:48.606] Unindexed transactions                   blocks=1    txs=94      tail=14,067,683 elapsed=1.595ms
ERROR[01-16|06:52:52.042] Error in block freeze operation          err="block receipts missing, can't freeze block 15256595"
INFO [01-16|06:53:00.217] Imported new potential chain segment     blocks=1    txs=129     mgas=9.356   elapsed=87.177ms    mgasps=107.319 number=16,417,683 hash=79dabc..16a8fc dirty=1021.37MiB
INFO [01-16|06:53:00.244] Chain head was updated                   number=16,417,683 hash=79dabc..16a8fc root=b060a0..702b13 elapsed=5.787149ms
INFO [01-16|06:53:00.247] Unindexed transactions                   blocks=1    txs=220     tail=14,067,684 elapsed=2.390ms
INFO [01-16|06:53:13.955] Imported new potential chain segment     blocks=1    txs=200     mgas=14.539  elapsed=105.252ms   mgasps=138.133 number=16,417,684 hash=daf069..3c3f09 dirty=1021.72MiB
INFO [01-16|06:53:14.041] Chain head was updated                   number=16,417,684 hash=daf069..3c3f09 root=7e935c..02d3c8 elapsed=7.949342ms
INFO [01-16|06:53:14.045] Unindexed transactions                   blocks=1    txs=180     tail=14,067,685 elapsed=3.927ms
INFO [01-16|06:53:24.497] Imported new potential chain segment     blocks=1    txs=143     mgas=12.989  elapsed=111.696ms   mgasps=116.288 number=16,417,685 hash=c7b3ce..0a0449 dirty=1022.17MiB
INFO [01-16|06:53:24.517] Chain head was updated                   number=16,417,685 hash=c7b3ce..0a0449 root=8ace84..8940b9 elapsed=7.531753ms
INFO [01-16|06:53:24.521] Unindexed transactions                   blocks=1    txs=230     tail=14,067,686 elapsed=4.210ms
INFO [01-16|06:53:36.282] Imported new potential chain segment     blocks=1    txs=161     mgas=18.520  elapsed=125.111ms   mgasps=148.026 number=16,417,686 hash=dc458c..3d42db dirty=1022.56MiB
INFO [01-16|06:53:36.295] Chain head was updated                   number=16,417,686 hash=dc458c..3d42db root=dc4bbd..4d3c46 elapsed=3.904995ms
INFO [01-16|06:53:36.301] Unindexed transactions                   blocks=1    txs=327     tail=14,067,687 elapsed=6.265ms