INFO [10-10|19:34:10.718] State heal in progress                   accounts=42919@2.34MiB    slots=84035@6.30MiB    codes=13533@115.05MiB nodes=324,995,840@95.82GiB pending=159,819
INFO [10-10|19:34:18.116] Imported new block headers               count=1    elapsed=6.879ms   number=13,392,795 hash=df7c47..85e706 age=1m17s
INFO [10-10|19:34:20.614] State heal in progress                   accounts=42919@2.34MiB    slots=84068@6.31MiB    codes=13533@115.05MiB nodes=324,996,306@95.82GiB pending=160,400
WARN [10-10|19:34:23.500] Unexpected trienode heal packet          peer=e19995f6 reqid=8,632,273,641,323,157,136
WARN [10-10|19:34:26.091] Unexpected trienode heal packet          peer=51e7f719 reqid=3,625,050,437,096,892,642
INFO [10-10|19:34:29.518] State heal in progress                   accounts=42919@2.34MiB    slots=84099@6.31MiB    codes=13533@115.05MiB nodes=324,996,836@95.82GiB pending=160,949
INFO [10-10|19:34:38.228] State heal in progress                   accounts=42919@2.34MiB    slots=84177@6.31MiB    codes=13533@115.05MiB nodes=324,997,429@95.82GiB pending=161,487
INFO [10-10|19:34:45.212] Imported new block headers               count=1    elapsed=7.520ms   number=13,392,796 hash=4f2240..654380 age=1m28s
INFO [10-10|19:34:45.552] Downloader queue stats                   receiptTasks=0  blockTasks=0  itemSize=242.27KiB throttle=1083
INFO [10-10|19:34:46.856] State heal in progress                   accounts=42920@2.34MiB    slots=84316@6.32MiB    codes=13533@115.05MiB nodes=324,998,063@95.82GiB pending=161,790
INFO [10-10|19:34:51.242] Imported new block headers               count=1    elapsed=11.307ms  number=13,392,797 hash=64770b..260693 age=1m12s
INFO [10-10|19:34:55.804] State heal in progress                   accounts=42920@2.34MiB    slots=84440@6.33MiB    codes=13533@115.05MiB nodes=324,998,701@95.82GiB pending=162,316
INFO [10-10|19:34:57.265] Imported new block headers               count=1    elapsed=6.663ms   number=13,392,798 hash=48b387..8bca12
INFO [10-10|19:35:03.293] Imported new block headers               count=1    elapsed=6.797ms   number=13,392,799 hash=636039..616ab0
INFO [10-10|19:35:04.434] State heal in progress                   accounts=42920@2.34MiB    slots=84568@6.34MiB    codes=13533@115.05MiB nodes=324,999,351@95.82GiB pending=162,723
INFO [10-10|19:35:06.312] Imported new block headers               count=1    elapsed=6.133ms   number=13,392,800 hash=fa4a6b..5ff8e5
INFO [10-10|19:35:12.345] Imported new block headers               count=1    elapsed=7.269ms   number=13,392,801 hash=b9115f..a0877d
INFO [10-10|19:35:14.422] State heal in progress                   accounts=42924@2.34MiB    slots=84645@6.35MiB    codes=13533@115.05MiB nodes=324,999,974@95.82GiB pending=163,328
INFO [10-10|19:35:22.715] State heal in progress                   accounts=42924@2.34MiB    slots=84879@6.37MiB    codes=13533@115.05MiB nodes=325,000,757@95.82GiB pending=163,475
INFO [10-10|19:35:30.416] Imported new block headers               count=2    elapsed=12.184ms  number=13,392,803 hash=49516a..cd4bf7
INFO [10-10|19:35:31.155] State heal in progress                   accounts=42924@2.34MiB    slots=85138@6.39MiB    codes=13533@115.05MiB nodes=325,001,544@95.82GiB pending=163,741
INFO [10-10|19:35:39.289] State heal in progress                   accounts=42925@2.34MiB    slots=85605@6.42MiB    codes=13533@115.05MiB nodes=325,002,750@95.82GiB pending=163,758
INFO [10-10|19:35:48.565] State heal in progress                   accounts=42925@2.34MiB    slots=86097@6.46MiB    codes=13533@115.05MiB nodes=325,003,928@95.82GiB pending=163,722
INFO [10-10|19:35:57.252] State heal in progress                   accounts=42926@2.34MiB    slots=86476@6.49MiB    codes=13533@115.05MiB nodes=325,004,894@95.82GiB pending=163,703
INFO [10-10|19:36:00.514] Imported new block headers               count=1    elapsed=6.757ms   number=13,392,804 hash=c840e8..1c8f25
INFO [10-10|19:36:00.596] Downloader queue stats                   receiptTasks=0  blockTasks=0  itemSize=235.69KiB throttle=1113
INFO [10-10|19:36:03.533] Imported new block headers               count=1    elapsed=7.950ms   number=13,392,805 hash=3d47ab..6c2219
INFO [10-10|19:36:06.041] State heal in progress                   accounts=42926@2.34MiB    slots=86915@6.53MiB    codes=13533@115.05MiB nodes=325,005,979@95.82GiB pending=163,516
INFO [10-10|19:36:14.526] State heal in progress                   accounts=42926@2.34MiB    slots=87300@6.56MiB    codes=13533@115.05MiB nodes=325,006,953@95.82GiB pending=163,441
INFO [10-10|19:36:20.264] Imported new block headers               count=2    elapsed=12.050ms  number=13,392,807 hash=d42b82..bef23a
INFO [10-10|19:36:22.635] State heal in progress                   accounts=42926@2.34MiB    slots=87588@6.58MiB    codes=13533@115.05MiB nodes=325,007,775@95.82GiB pending=163,460
INFO [10-10|19:36:29.311] Imported new block headers               count=1    elapsed=7.403ms   number=13,392,808 hash=4aca92..ac24a8
INFO [10-10|19:36:32.442] State heal in progress                   accounts=42926@2.34MiB    slots=88041@6.61MiB    codes=13533@115.05MiB nodes=325,008,974@95.82GiB pending=163,465
ERROR[10-10|19:36:35.318] Snapshot extension registration failed   peer=b66419df err="peer connected on snap without compatible eth support"
INFO [10-10|19:36:40.740] State heal in progress                   accounts=42926@2.34MiB    slots=88415@6.64MiB    codes=13533@115.05MiB nodes=325,009,952@95.82GiB pending=163,360
ERROR[10-10|19:36:48.984] Snapshot extension registration failed   peer=e5f21886 err="peer connected on snap without compatible eth support"
ERROR[10-10|19:36:48.986] Snapshot extension registration failed   peer=c9aab3a4 err="peer connected on snap without compatible eth support"
INFO [10-10|19:36:49.400] State heal in progress                   accounts=42926@2.34MiB    slots=88872@6.68MiB    codes=13533@115.05MiB nodes=325,011,080@95.82GiB pending=163,190
INFO [10-10|19:36:50.405] Imported new block headers               count=1    elapsed=7.150ms   number=13,392,809 hash=ee3931..bb010b
INFO [10-10|19:36:53.434] Imported new block headers               count=1    elapsed=6.692ms   number=13,392,810 hash=cf3826..72dcfc
INFO [10-10|19:36:57.556] State heal in progress                   accounts=42926@2.34MiB    slots=89338@6.71MiB    codes=13533@115.05MiB nodes=325,012,169@95.82GiB pending=162,896
ERROR[10-10|19:37:04.757] Snapshot extension registration failed   peer=08a170ef err="peer connected on snap without compatible eth support"
INFO [10-10|19:37:05.481] Imported new block headers               count=1    elapsed=7.053ms   number=13,392,811 hash=4959d6..2ce6e3
INFO [10-10|19:37:05.636] Downloader queue stats                   receiptTasks=0  blockTasks=0  itemSize=235.35KiB throttle=1114
INFO [10-10|19:37:06.473] State heal in progress                   accounts=42926@2.34MiB    slots=89848@6.75MiB    codes=13533@115.05MiB nodes=325,013,331@95.82GiB pending=162,687
INFO [10-10|19:37:08.501] Imported new block headers               count=1    elapsed=8.746ms   number=13,392,812 hash=eb8980..8d0cb2
INFO [10-10|19:37:15.922] State heal in progress                   accounts=42927@2.34MiB    slots=90284@6.79MiB    codes=13533@115.05MiB nodes=325,014,375@95.82GiB pending=162,622
INFO [10-10|19:37:20.548] Imported new block headers               count=1    elapsed=7.539ms   number=13,392,813 hash=7ff988..04e3f1
INFO [10-10|19:37:24.384] State heal in progress                   accounts=42927@2.34MiB    slots=90731@6.82MiB    codes=13533@115.05MiB nodes=325,015,429@95.82GiB pending=162,391
INFO [10-10|19:37:34.924] State heal in progress                   accounts=42927@2.34MiB    slots=90964@6.84MiB    codes=13533@115.05MiB nodes=325,016,177@95.82GiB pending=162,779
INFO [10-10|19:37:38.616] Imported new block headers               count=1    elapsed=6.419ms   number=13,392,814 hash=a67c04..b494a6
INFO [10-10|19:37:43.141] State heal in progress                   accounts=42927@2.34MiB    slots=91133@6.86MiB    codes=13533@115.05MiB nodes=325,016,742@95.82GiB pending=163,050
INFO [10-10|19:37:47.662] Imported new block headers               count=2    elapsed=7.053ms   number=13,392,816 hash=af0f77..be3d13
INFO [10-10|19:37:52.197] State heal in progress                   accounts=42927@2.34MiB    slots=91346@6.87MiB    codes=13533@115.05MiB nodes=325,017,375@95.82GiB pending=163,318
INFO [10-10|19:38:00.759] State heal in progress                   accounts=42927@2.34MiB    slots=91591@6.89MiB    codes=13533@115.05MiB nodes=325,018,069@95.82GiB pending=163,460
INFO [10-10|19:38:10.770] State heal in progress                   accounts=42927@2.34MiB    slots=91755@6.90MiB    codes=13533@115.05MiB nodes=325,018,681@95.82GiB pending=163,855
INFO [10-10|19:38:17.786] Imported new block headers               count=1    elapsed=7.854ms   number=13,392,817 hash=a1637a..7846c4
INFO [10-10|19:38:18.679] Downloader queue stats                   receiptTasks=0  blockTasks=0  itemSize=235.29KiB throttle=1115
WARN [10-10|19:38:18.679] Pivot became stale, moving               old=13,392,691 new=13,392,755
INFO [10-10|19:38:19.350] Imported new block receipts              count=64   elapsed=668.081ms number=13,392,754 hash=93571c..e13a13 age=15m37s    size=7.22MiB
INFO [10-10|19:38:20.324] State heal in progress                   accounts=42927@2.34MiB    slots=91968@6.92MiB    codes=13533@115.05MiB nodes=325,019,354@95.82GiB pending=164,142
INFO [10-10|19:38:20.333] State heal in progress                   accounts=42927@2.34MiB    slots=91968@6.92MiB    codes=13533@115.05MiB nodes=325,019,354@95.82GiB pending=164,142
WARN [10-10|19:38:20.337] Unexpected trienode heal packet          peer=75511bdb reqid=359,889,628,137,621,122
WARN [10-10|19:38:20.354] Unexpected trienode heal packet          peer=102725c6 reqid=8,250,549,981,926,232,029
WARN [10-10|19:38:20.363] Unexpected trienode heal packet          peer=7acff244 reqid=2,228,692,627,721,649,755
WARN [10-10|19:38:20.487] Unexpected trienode heal packet          peer=92b95fc8 reqid=4,242,175,732,611,679,268
WARN [10-10|19:38:20.489] Unexpected trienode heal packet          peer=de46d262 reqid=1,532,044,899,735,700,423
WARN [10-10|19:38:20.560] Unexpected trienode heal packet          peer=9e25c006 reqid=6,888,216,407,081,948,731
WARN [10-10|19:38:20.594] Unexpected trienode heal packet          peer=51e7f719 reqid=6,632,013,393,305,562,332
WARN [10-10|19:38:21.736] Unexpected trienode heal packet          peer=c4532ff9 reqid=6,242,797,378,635,213,100
WARN [10-10|19:38:22.472] Unexpected trienode heal packet          peer=e19995f6 reqid=1,085,724,011,850,645,964
WARN [10-10|19:38:22.571] Unexpected trienode heal packet          peer=66ad09d9 reqid=6,029,890,952,584,986,185
WARN [10-10|19:38:26.499] Unexpected trienode heal packet          peer=3a51d156 reqid=3,636,821,879,598,266,139
INFO [10-10|19:38:29.210] State heal in progress                   accounts=42927@2.34MiB    slots=91968@6.92MiB    codes=13533@115.05MiB nodes=325,021,030@95.82GiB pending=17584
INFO [10-10|19:38:35.904] Imported new block headers               count=1    elapsed=9.940ms   number=13,392,818 hash=b0c9ca..a5c87c
INFO [10-10|19:38:38.179] State heal in progress                   accounts=42927@2.34MiB    slots=91968@6.92MiB    codes=13533@115.05MiB nodes=325,022,864@95.82GiB pending=45536
INFO [10-10|19:38:44.944] Imported new block headers               count=1    elapsed=8.015ms   number=13,392,819 hash=ed71d7..bfb9c9
INFO [10-10|19:38:47.939] State heal in progress                   accounts=42927@2.34MiB    slots=91968@6.92MiB    codes=13533@115.05MiB nodes=325,024,356@95.83GiB pending=56452
INFO [10-10|19:38:56.643] State heal in progress                   accounts=42927@2.34MiB    slots=91968@6.92MiB    codes=13533@115.05MiB nodes=325,025,424@95.83GiB pending=59279
INFO [10-10|19:39:03.015] Imported new block headers               count=1    elapsed=9.747ms   number=13,392,820 hash=dd52f5..79382f
INFO [10-10|19:39:09.061] Imported new block headers               count=1    elapsed=8.141ms   number=13,392,821 hash=e0293d..8428f7
INFO [10-10|19:39:12.427] Imported new block headers               count=2    elapsed=6.277ms   number=13,392,823 hash=78836d..c60da0
INFO [10-10|19:39:12.520] State heal in progress                   accounts=42927@2.34MiB    slots=91968@6.92MiB    codes=13533@115.05MiB nodes=325,027,216@95.83GiB pending=68223
INFO [10-10|19:39:15.446] Imported new block headers               count=1    elapsed=6.943ms   number=13,392,824 hash=83768d..862470
WARN [10-10|19:39:19.967] Unexpected trienode heal packet          peer=92b95fc8 reqid=7,395,129,467,729,544,032
INFO [10-10|19:39:22.945] Imported new block headers               count=1    elapsed=9.580ms   number=13,392,825 hash=788fff..6743d2
INFO [10-10|19:39:23.386] Downloader queue stats                   receiptTasks=0  blockTasks=0  itemSize=213.13KiB throttle=1230
INFO [10-10|19:39:25.963] Imported new block headers               count=1    elapsed=6.266ms   number=13,392,826 hash=9aa887..9fea53
INFO [10-10|19:39:27.365] State heal in progress                   accounts=42927@2.34MiB    slots=91968@6.92MiB    codes=13533@115.05MiB nodes=325,029,028@95.83GiB pending=83794
WARN [10-10|19:39:27.372] Unexpected trienode heal packet          peer=51e7f719 reqid=8,508,057,719,579,969,646
WARN [10-10|19:39:30.781] Unexpected trienode heal packet          peer=c4532ff9 reqid=8,487,330,293,987,032,202
WARN [10-10|19:39:30.789] Unexpected trienode heal packet          peer=3a51d156 reqid=3,704,919,972,579,437,591
WARN [10-10|19:39:32.312] Unexpected trienode heal packet          peer=75511bdb reqid=5,994,583,104,948,673,994
INFO [10-10|19:39:38.018] State heal in progress                   accounts=42927@2.34MiB    slots=91968@6.92MiB    codes=13533@115.05MiB nodes=325,030,452@95.83GiB pending=91116
INFO [10-10|19:39:38.021] Imported new block headers               count=1    elapsed=6.786ms   number=13,392,827 hash=60e8f9..1f0743
WARN [10-10|19:39:38.021] Unexpected trienode heal packet          peer=66ad09d9 reqid=7,098,697,115,709,954,587
WARN [10-10|19:39:39.424] Unexpected trienode heal packet          peer=102725c6 reqid=5,231,699,332,097,519,041
WARN [10-10|19:39:44.696] Unexpected trienode heal packet          peer=0b6cdf98 reqid=8,877,447,678,679,303,158