INFO [10-10|19:29:09.969] State heal in progress                   accounts=40996@2.23MiB    slots=81187@6.10MiB    codes=13533@115.05MiB nodes=324,971,553@95.81GiB pending=130,667
INFO [10-10|19:29:16.469] Imported new block headers               count=1    elapsed=8.156ms   number=13,392,775 hash=7f60c8..34f7dc
INFO [10-10|19:29:17.308] Downloader queue stats                   receiptTasks=0  blockTasks=0  itemSize=235.97KiB throttle=1111
INFO [10-10|19:29:18.171] State heal in progress                   accounts=41136@2.24MiB    slots=81189@6.10MiB    codes=13533@115.05MiB nodes=324,972,158@95.81GiB pending=131,031
INFO [10-10|19:29:27.059] State heal in progress                   accounts=41338@2.25MiB    slots=81192@6.10MiB    codes=13533@115.05MiB nodes=324,973,007@95.81GiB pending=131,477
INFO [10-10|19:29:35.422] State heal in progress                   accounts=41486@2.26MiB    slots=81199@6.10MiB    codes=13533@115.05MiB nodes=324,973,802@95.81GiB pending=132,034
INFO [10-10|19:29:37.547] Imported new block headers               count=1    elapsed=9.960ms   number=13,392,776 hash=67d749..9f31f4 age=1m8s
INFO [10-10|19:29:43.576] Imported new block headers               count=1    elapsed=6.026ms   number=13,392,777 hash=46cacb..b87d42 age=1m1s
INFO [10-10|19:29:43.730] State heal in progress                   accounts=41721@2.27MiB    slots=81212@6.10MiB    codes=13533@115.05MiB nodes=324,974,733@95.81GiB pending=132,704
INFO [10-10|19:29:46.614] Imported new block headers               count=2    elapsed=7.346ms   number=13,392,779 hash=2198c7..eedfe9
INFO [10-10|19:29:51.712] Writing clean trie cache to disk         path=/data/eth-data/geth/triecache threads=1
INFO [10-10|19:29:51.734] Regenerated local transaction journal    transactions=0 accounts=0
INFO [10-10|19:29:53.938] Persisted the clean trie cache           path=/data/eth-data/geth/triecache elapsed=2.221s
INFO [10-10|19:29:54.058] State heal in progress                   accounts=41910@2.28MiB    slots=81220@6.10MiB    codes=13533@115.05MiB nodes=324,975,593@95.81GiB pending=133,383
INFO [10-10|19:30:02.411] State heal in progress                   accounts=42046@2.29MiB    slots=81230@6.10MiB    codes=13533@115.05MiB nodes=324,976,232@95.81GiB pending=133,969
INFO [10-10|19:30:12.555] State heal in progress                   accounts=42253@2.30MiB    slots=81257@6.10MiB    codes=13533@115.05MiB nodes=324,977,170@95.81GiB pending=134,552
INFO [10-10|19:30:20.839] State heal in progress                   accounts=42289@2.31MiB    slots=81269@6.10MiB    codes=13533@115.05MiB nodes=324,977,728@95.81GiB pending=134,944
INFO [10-10|19:30:22.743] Imported new block headers               count=1    elapsed=7.032ms   number=13,392,780 hash=ebe74a..1c3d36
INFO [10-10|19:30:23.363] Downloader queue stats                   receiptTasks=0  blockTasks=0  itemSize=238.33KiB throttle=1100
INFO [10-10|19:30:29.050] State heal in progress                   accounts=42380@2.31MiB    slots=81286@6.11MiB    codes=13533@115.05MiB nodes=324,978,426@95.81GiB pending=135,572
INFO [10-10|19:30:37.687] State heal in progress                   accounts=42435@2.31MiB    slots=81308@6.11MiB    codes=13533@115.05MiB nodes=324,979,120@95.81GiB pending=136,660
INFO [10-10|19:30:37.801] Imported new block headers               count=1    elapsed=8.457ms   number=13,392,781 hash=6db449..cbf929
INFO [10-10|19:30:47.849] State heal in progress                   accounts=42492@2.32MiB    slots=81338@6.11MiB    codes=13533@115.05MiB nodes=324,979,900@95.81GiB pending=138,130
INFO [10-10|19:30:49.846] Imported new block headers               count=1    elapsed=7.518ms   number=13,392,782 hash=09a70d..e3ca7f age=1m4s
INFO [10-10|19:30:56.927] State heal in progress                   accounts=42521@2.32MiB    slots=81376@6.11MiB    codes=13533@115.05MiB nodes=324,980,555@95.81GiB pending=139,100
INFO [10-10|19:31:01.894] Imported new block headers               count=1    elapsed=8.165ms   number=13,392,783 hash=17f330..2c3323
INFO [10-10|19:31:05.919] State heal in progress                   accounts=42570@2.32MiB    slots=81436@6.12MiB    codes=13533@115.05MiB nodes=324,981,372@95.81GiB pending=139,997
INFO [10-10|19:31:16.415] State heal in progress                   accounts=42643@2.33MiB    slots=81504@6.12MiB    codes=13533@115.05MiB nodes=324,982,227@95.81GiB pending=140,636
INFO [10-10|19:31:22.992] Imported new block headers               count=1    elapsed=6.370ms   number=13,392,784 hash=b663f6..5691d7
INFO [10-10|19:31:23.411] Downloader queue stats                   receiptTasks=0  blockTasks=0  itemSize=246.18KiB throttle=1065
INFO [10-10|19:31:24.992] State heal in progress                   accounts=42682@2.33MiB    slots=81590@6.13MiB    codes=13533@115.05MiB nodes=324,983,080@95.81GiB pending=142,753
INFO [10-10|19:31:34.149] State heal in progress                   accounts=42725@2.33MiB    slots=81675@6.13MiB    codes=13533@115.05MiB nodes=324,983,934@95.82GiB pending=143,819
INFO [10-10|19:31:44.145] State heal in progress                   accounts=42762@2.33MiB    slots=81844@6.15MiB    codes=13533@115.05MiB nodes=324,984,993@95.82GiB pending=144,429
INFO [10-10|19:31:50.117] Imported new block headers               count=1    elapsed=6.578ms   number=13,392,785 hash=e2dc09..602434 age=1m4s
INFO [10-10|19:31:52.692] State heal in progress                   accounts=42785@2.33MiB    slots=81998@6.16MiB    codes=13533@115.05MiB nodes=324,985,921@95.82GiB pending=145,216
INFO [10-10|19:32:01.186] State heal in progress                   accounts=42792@2.33MiB    slots=82221@6.17MiB    codes=13533@115.05MiB nodes=324,986,955@95.82GiB pending=147,472
INFO [10-10|19:32:09.536] State heal in progress                   accounts=42843@2.34MiB    slots=82478@6.19MiB    codes=13533@115.05MiB nodes=324,988,051@95.82GiB pending=149,723
INFO [10-10|19:32:11.205] Imported new block headers               count=1    elapsed=8.096ms   number=13,392,786 hash=381497..4bcd99 age=1m12s
INFO [10-10|19:32:14.221] Imported new block headers               count=1    elapsed=5.946ms   number=13,392,787 hash=e8b030..fdeb83
INFO [10-10|19:32:17.241] Imported new block headers               count=1    elapsed=6.219ms   number=13,392,788 hash=77c890..8a280d
INFO [10-10|19:32:18.795] State heal in progress                   accounts=42851@2.34MiB    slots=82860@6.22MiB    codes=13533@115.05MiB nodes=324,989,300@95.82GiB pending=151,679
INFO [10-10|19:32:28.788] State heal in progress                   accounts=42868@2.34MiB    slots=83033@6.23MiB    codes=13533@115.05MiB nodes=324,990,051@95.82GiB pending=152,660
INFO [10-10|19:32:35.314] Imported new block headers               count=1    elapsed=7.374ms   number=13,392,789 hash=dcee4c..de14eb
INFO [10-10|19:32:35.470] Downloader queue stats                   receiptTasks=0  blockTasks=0  itemSize=259.05KiB throttle=1012
INFO [10-10|19:32:39.055] State heal in progress                   accounts=42877@2.34MiB    slots=83146@6.24MiB    codes=13533@115.05MiB nodes=324,990,636@95.82GiB pending=153,402
INFO [10-10|19:32:44.364] Imported new block headers               count=1    elapsed=6.152ms   number=13,392,790 hash=d3cc42..1aa992
WARN [10-10|19:32:45.775] Unexpected trienode heal packet          peer=c4532ff9 reqid=6,393,086,204,329,890,437
INFO [10-10|19:32:48.354] State heal in progress                   accounts=42887@2.34MiB    slots=83218@6.24MiB    codes=13533@115.05MiB nodes=324,991,089@95.82GiB pending=153,842
INFO [10-10|19:32:56.581] State heal in progress                   accounts=42887@2.34MiB    slots=83310@6.25MiB    codes=13533@115.05MiB nodes=324,991,599@95.82GiB pending=154,917
INFO [10-10|19:33:02.865] Imported new block headers               count=2    elapsed=26.567ms  number=13,392,792 hash=d1df71..0bae98
INFO [10-10|19:33:06.534] State heal in progress                   accounts=42892@2.34MiB    slots=83433@6.26MiB    codes=13533@115.05MiB nodes=324,992,194@95.82GiB pending=155,850
INFO [10-10|19:33:16.843] State heal in progress                   accounts=42892@2.34MiB    slots=83525@6.27MiB    codes=13533@115.05MiB nodes=324,992,671@95.82GiB pending=156,407
INFO [10-10|19:33:20.926] Imported new block headers               count=1    elapsed=14.602ms  number=13,392,793 hash=5a4473..da3f8f
INFO [10-10|19:33:26.352] State heal in progress                   accounts=42893@2.34MiB    slots=83600@6.27MiB    codes=13533@115.05MiB nodes=324,993,152@95.82GiB pending=156,944
INFO [10-10|19:33:34.779] State heal in progress                   accounts=42894@2.34MiB    slots=83679@6.28MiB    codes=13533@115.05MiB nodes=324,993,662@95.82GiB pending=157,628
INFO [10-10|19:33:41.993] Imported new block headers               count=1    elapsed=6.994ms   number=13,392,794 hash=f5e9f6..2c4e30
INFO [10-10|19:33:42.507] Downloader queue stats                   receiptTasks=0  blockTasks=0  itemSize=227.39KiB throttle=1153
INFO [10-10|19:33:43.718] State heal in progress                   accounts=42897@2.34MiB    slots=83793@6.29MiB    codes=13533@115.05MiB nodes=324,994,243@95.82GiB pending=158,334
INFO [10-10|19:33:52.523] State heal in progress                   accounts=42903@2.34MiB    slots=83881@6.29MiB    codes=13533@115.05MiB nodes=324,994,743@95.82GiB pending=158,748
INFO [10-10|19:34:00.798] State heal in progress                   accounts=42919@2.34MiB    slots=83978@6.30MiB    codes=13533@115.05MiB nodes=324,995,314@95.82GiB pending=159,183
WARN [10-10|19:34:06.908] Unexpected trienode heal packet          peer=3a51d156 reqid=9,085,841,229,327,380,092
INFO [10-10|19:34:10.718] State heal in progress                   accounts=42919@2.34MiB    slots=84035@6.30MiB    codes=13533@115.05MiB nodes=324,995,840@95.82GiB pending=159,819
INFO [10-10|19:34:18.116] Imported new block headers               count=1    elapsed=6.879ms   number=13,392,795 hash=df7c47..85e706 age=1m17s
INFO [10-10|19:34:20.614] State heal in progress                   accounts=42919@2.34MiB    slots=84068@6.31MiB    codes=13533@115.05MiB nodes=324,996,306@95.82GiB pending=160,400
WARN [10-10|19:34:23.500] Unexpected trienode heal packet          peer=e19995f6 reqid=8,632,273,641,323,157,136
WARN [10-10|19:34:26.091] Unexpected trienode heal packet          peer=51e7f719 reqid=3,625,050,437,096,892,642
INFO [10-10|19:34:29.518] State heal in progress                   accounts=42919@2.34MiB    slots=84099@6.31MiB    codes=13533@115.05MiB nodes=324,996,836@95.82GiB pending=160,949
INFO [10-10|19:34:38.228] State heal in progress                   accounts=42919@2.34MiB    slots=84177@6.31MiB    codes=13533@115.05MiB nodes=324,997,429@95.82GiB pending=161,487
INFO [10-10|19:34:45.212] Imported new block headers               count=1    elapsed=7.520ms   number=13,392,796 hash=4f2240..654380 age=1m28s
INFO [10-10|19:34:45.552] Downloader queue stats                   receiptTasks=0  blockTasks=0  itemSize=242.27KiB throttle=1083
INFO [10-10|19:34:46.856] State heal in progress                   accounts=42920@2.34MiB    slots=84316@6.32MiB    codes=13533@115.05MiB nodes=324,998,063@95.82GiB pending=161,790