2021-10-11 16:24:34 UTC Syncing #13398333 0x784c…d6d0     0.20 blk/s   38.2 tx/s    2.9 Mgas/s      0+   13 Qed LI:#13398347    1/25 peers      6 MiB chain    3 MiB queue  RPC:  0 conn,    0 req/s,    0 µs
2021-10-11 16:24:43 UTC Syncing #13398336 0x369b…857e     0.60 blk/s  149.2 tx/s   11.6 Mgas/s      0+   11 Qed LI:#13398348    1/25 peers      6 MiB chain    3 MiB queue  RPC:  0 conn,    0 req/s,    0 µs
2021-10-11 16:24:43 UTC Syncing #13398337 0x1f5b…c585     0.40 blk/s   94.3 tx/s    7.7 Mgas/s      0+   10 Qed LI:#13398348    1/25 peers      6 MiB chain    3 MiB queue  RPC:  0 conn,    0 req/s,    0 µs
2021-10-11 16:24:53 UTC Syncing #13398339 0x11f5…fe5c     0.40 blk/s   54.0 tx/s    4.9 Mgas/s      0+    8 Qed LI:#13398348    1/25 peers      6 MiB chain    2 MiB queue  RPC:  0 conn,    0 req/s,    0 µs
2021-10-11 16:24:53 UTC Syncing #13398341 0x5564…0f61     0.40 blk/s   90.2 tx/s    6.4 Mgas/s      0+    6 Qed LI:#13398348    1/25 peers      6 MiB chain    2 MiB queue  RPC:  0 conn,    0 req/s,    0 µs
2021-10-11 16:25:19 UTC Updated conversion rate to Ξ1 = US$3587.10 (1327508.1 wei/gas)
2021-10-11 16:25:20 UTC Imported #13398348 0x64c3…7328 (386 txs, 27.11 Mgas, 6039 ms, 143.63 KiB)
2021-10-11 16:25:28 UTC   1/25 peers      5 MiB chain  0 bytes queue  RPC:  0 conn,    0 req/s,    0 µs
2021-10-11 16:25:53 UTC Syncing #13398349 0x3d44…325d     0.03 blk/s    6.4 tx/s    0.5 Mgas/s      0+    4 Qed LI:#13398354    3/25 peers      5 MiB chain  794 KiB queue  RPC:  0 conn,    0 req/s,    0 µs
2021-10-11 16:26:14 UTC Imported #13398354 0x529a…0fce (117 txs, 7.04 Mgas, 1997 ms, 41.52 KiB)
2021-10-11 16:28:59 UTC   0/25 peers      6 MiB chain  0 bytes queue  RPC:  0 conn,    0 req/s,    0 µs
2021-10-11 16:29:33 UTC   0/25 peers      6 MiB chain  0 bytes queue  RPC:  0 conn,    0 req/s,    0 µs
2021-10-11 16:30:03 UTC   0/25 peers      6 MiB chain  0 bytes queue  RPC:  0 conn,    0 req/s,    0 µs
2021-10-11 16:30:08 UTC Syncing #13398354 0x529a…0fce     0.00 blk/s    0.0 tx/s    0.0 Mgas/s      0+   16 Qed LI:#13398371    2/25 peers      6 MiB chain    4 MiB queue  RPC:  0 conn,    0 req/s,    0 µs
2021-10-11 16:30:18 UTC Syncing #13398356 0xe7bc…3699     0.40 blk/s   74.4 tx/s    4.3 Mgas/s      0+   14 Qed LI:#13398371    2/25 peers      6 MiB chain    4 MiB queue  RPC:  0 conn,    0 req/s,    0 µs
2021-10-11 16:30:18 UTC Syncing #13398357 0x9519…f83f     0.30 blk/s   69.1 tx/s    5.1 Mgas/s      0+   13 Qed LI:#13398371    2/25 peers      6 MiB chain    3 MiB queue  RPC:  0 conn,    0 req/s,    0 µs
2021-10-11 16:30:28 UTC Syncing #13398361 0x3657…f6cc     0.40 blk/s   63.0 tx/s    5.2 Mgas/s      0+    9 Qed LI:#13398371    2/25 peers      6 MiB chain    3 MiB queue  RPC:  0 conn,    0 req/s,    0 µs
2021-10-11 16:30:28 UTC Syncing #13398357 0x9519…f83f     0.00 blk/s    0.0 tx/s    0.0 Mgas/s      0+   13 Qed LI:#13398371    2/25 peers      6 MiB chain    3 MiB queue  RPC:  0 conn,    0 req/s,    0 µs
2021-10-11 16:30:41 UTC Syncing #13398365 0x917f…01c3     0.80 blk/s  118.7 tx/s    9.1 Mgas/s      0+    5 Qed LI:#13398371    2/25 peers      5 MiB chain    2 MiB queue  RPC:  0 conn,    0 req/s,    0 µs
2021-10-11 16:30:41 UTC Syncing #13398362 0xa151…f32b     1.00 blk/s  157.8 tx/s   12.1 Mgas/s      0+    8 Qed LI:#13398371    2/25 peers      5 MiB chain    3 MiB queue  RPC:  0 conn,    0 req/s,    0 µs
2021-10-11 16:31:09 UTC   1/25 peers      5 MiB chain  0 bytes queue  RPC:  0 conn,    0 req/s,    0 µs
2021-10-11 16:31:17 UTC Imported #13398371 0x7620…fe81 (319 txs, 29.99 Mgas, 7589 ms, 155.62 KiB)
2021-10-11 16:31:38 UTC   1/25 peers      6 MiB chain  0 bytes queue  RPC:  0 conn,    0 req/s,    0 µs
2021-10-11 16:32:08 UTC Syncing #13398371 0x7620…fe81     0.00 blk/s    0.0 tx/s    0.0 Mgas/s      0+   10 Qed LI:#13398382    4/25 peers      8 MiB chain    2 MiB queue  RPC:  0 conn,    0 req/s,    0 µs
2021-10-11 16:32:23 UTC Syncing #13398372 0x490e…acad     0.20 blk/s   87.8 tx/s    6.0 Mgas/s      0+    9 Qed LI:#13398382   11/25 peers      8 MiB chain    2 MiB queue  RPC:  0 conn,    0 req/s,    0 µs
2021-10-11 16:32:23 UTC Syncing #13398376 0x0681…fa83     0.50 blk/s   88.2 tx/s    7.1 Mgas/s      0+    5 Qed LI:#13398382   11/25 peers      7 MiB chain    1 MiB queue  RPC:  0 conn,    0 req/s,    0 µs
2021-10-11 16:32:23 UTC Syncing #13398376 0x0681…fa83     0.00 blk/s    0.0 tx/s    0.0 Mgas/s      0+    5 Qed LI:#13398382   11/25 peers      6 MiB chain    1 MiB queue  RPC:  0 conn,    0 req/s,    0 µs
2021-10-11 16:32:36 UTC Syncing #13398377 0xa502…93fa     0.10 blk/s   49.9 tx/s    3.0 Mgas/s      0+    5 Qed LI:#13398383    9/25 peers      2 MiB chain    1 MiB queue  RPC:  0 conn,    0 req/s,    0 µs
2021-10-11 16:32:36 UTC Syncing #13398376 0x0681…fa83     0.00 blk/s    0.0 tx/s    0.0 Mgas/s      0+    6 Qed LI:#13398383    9/25 peers      2 MiB chain    2 MiB queue  RPC:  0 conn,    0 req/s,    0 µs