2021-10-11 16:18:07 UTC Syncing #13398314 0x25e5…7326     0.60 blk/s   69.4 tx/s    8.7 Mgas/s      0+    6 Qed LI:#13398321    1/25 peers      5 MiB chain    2 MiB queue  RPC:  0 conn,    0 req/s,    0 µs
2021-10-11 16:18:31 UTC Imported #13398322 0xa5a3…ef10 (106 txs, 9.26 Mgas, 1953 ms, 68.57 KiB)
2021-10-11 16:18:33 UTC   0/25 peers      4 MiB chain  0 bytes queue  RPC:  0 conn,    0 req/s,    0 µs
2021-10-11 16:19:03 UTC Syncing #13398322 0xa5a3…ef10     0.00 blk/s    0.0 tx/s    0.0 Mgas/s      0+    0 Qed LI:#13398322    1/25 peers      4 MiB chain  0 bytes queue  RPC:  0 conn,    0 req/s,    0 µs
2021-10-11 16:19:08 UTC Syncing #13398322 0xa5a3…ef10     0.00 blk/s    0.0 tx/s    0.0 Mgas/s      0+    6 Qed LI:#13398329    2/25 peers      4 MiB chain    1 MiB queue  RPC:  0 conn,    0 req/s,    0 µs
2021-10-11 16:19:35 UTC Imported #13398329 0x364f…88a1 (53 txs, 3.23 Mgas, 1753 ms, 12.61 KiB)
2021-10-11 16:19:46 UTC   2/25 peers      5 MiB chain  0 bytes queue  RPC:  0 conn,    0 req/s,    0 µs
2021-10-11 16:19:46 UTC   2/25 peers      5 MiB chain  0 bytes queue  RPC:  0 conn,    0 req/s,    0 µs
2021-10-11 16:20:10 UTC Imported #13398332 0x54b9…f3f0 (42 txs, 4.01 Mgas, 443 ms, 18.40 KiB)
2021-10-11 16:20:15 UTC   5/25 peers      5 MiB chain  0 bytes queue  RPC:  0 conn,    0 req/s,    0 µs
2021-10-11 16:23:12 UTC   0/25 peers      5 MiB chain  0 bytes queue  RPC:  0 conn,    0 req/s,    0 µs
2021-10-11 16:23:43 UTC   0/25 peers      5 MiB chain  0 bytes queue  RPC:  0 conn,    0 req/s,    0 µs
2021-10-11 16:24:14 UTC   0/25 peers      5 MiB chain  0 bytes queue  RPC:  0 conn,    0 req/s,    0 µs
2021-10-11 16:24:23 UTC Syncing #13398332 0x54b9…f3f0     0.00 blk/s    0.0 tx/s    0.0 Mgas/s      0+   14 Qed LI:#13398347    1/25 peers      6 MiB chain    4 MiB queue  RPC:  0 conn,    0 req/s,    0 µs
2021-10-11 16:24:34 UTC Syncing #13398335 0x480f…699a     0.30 blk/s   55.5 tx/s    4.2 Mgas/s      0+   11 Qed LI:#13398347    1/25 peers      6 MiB chain    3 MiB queue  RPC:  0 conn,    0 req/s,    0 µs
2021-10-11 16:24:34 UTC Syncing #13398333 0x784c…d6d0     0.20 blk/s   38.2 tx/s    2.9 Mgas/s      0+   13 Qed LI:#13398347    1/25 peers      6 MiB chain    3 MiB queue  RPC:  0 conn,    0 req/s,    0 µs
2021-10-11 16:24:43 UTC Syncing #13398336 0x369b…857e     0.60 blk/s  149.2 tx/s   11.6 Mgas/s      0+   11 Qed LI:#13398348    1/25 peers      6 MiB chain    3 MiB queue  RPC:  0 conn,    0 req/s,    0 µs
2021-10-11 16:24:43 UTC Syncing #13398337 0x1f5b…c585     0.40 blk/s   94.3 tx/s    7.7 Mgas/s      0+   10 Qed LI:#13398348    1/25 peers      6 MiB chain    3 MiB queue  RPC:  0 conn,    0 req/s,    0 µs
2021-10-11 16:24:53 UTC Syncing #13398339 0x11f5…fe5c     0.40 blk/s   54.0 tx/s    4.9 Mgas/s      0+    8 Qed LI:#13398348    1/25 peers      6 MiB chain    2 MiB queue  RPC:  0 conn,    0 req/s,    0 µs
2021-10-11 16:24:53 UTC Syncing #13398341 0x5564…0f61     0.40 blk/s   90.2 tx/s    6.4 Mgas/s      0+    6 Qed LI:#13398348    1/25 peers      6 MiB chain    2 MiB queue  RPC:  0 conn,    0 req/s,    0 µs
2021-10-11 16:25:19 UTC Updated conversion rate to Ξ1 = US$3587.10 (1327508.1 wei/gas)
2021-10-11 16:25:20 UTC Imported #13398348 0x64c3…7328 (386 txs, 27.11 Mgas, 6039 ms, 143.63 KiB)
2021-10-11 16:25:28 UTC   1/25 peers      5 MiB chain  0 bytes queue  RPC:  0 conn,    0 req/s,    0 µs
2021-10-11 16:25:53 UTC Syncing #13398349 0x3d44…325d     0.03 blk/s    6.4 tx/s    0.5 Mgas/s      0+    4 Qed LI:#13398354    3/25 peers      5 MiB chain  794 KiB queue  RPC:  0 conn,    0 req/s,    0 µs
2021-10-11 16:26:14 UTC Imported #13398354 0x529a…0fce (117 txs, 7.04 Mgas, 1997 ms, 41.52 KiB)