[s6-init] making user provided files available at /var/run/s6/etc...exited 0.
[s6-init] ensuring user provided files have correct perms...exited 0.
[fix-attrs.d] applying ownership & permissions fixes...
[fix-attrs.d] done.
[cont-init.d] executing container initialization scripts...
[cont-init.d] done.
[services.d] starting services
system call monitor started
[services.d] done.
system call monitor started
2022-05-14 03:48:28,258 [main] INFO  co.elastic.apm.agent.util.JmxUtils - Found JVM-specific OperatingSystemMXBean interface: com.sun.management.OperatingSystemMXBean
2022-05-14 03:48:28,685 [main] INFO  co.elastic.apm.agent.configuration.StartupInfo - Starting Elastic APM 1.30.1 as run_pobs_james-project_0 on Java 1.8.0_222 Runtime version: 1.8.0_222-b10 VM version: 25.222-b10 (Oracle Corporation) Linux 5.4.0-1070-azure
2022-05-14 03:48:28,686 [main] INFO  co.elastic.apm.agent.configuration.StartupInfo - service_name: 'run_pobs_james-project_0' (source: Environment Variables)
2022-05-14 03:48:28,686 [main] INFO  co.elastic.apm.agent.configuration.StartupInfo - server_url: 'http://172.17.0.1:8200' (source: Environment Variables)
2022-05-14 03:48:28,687 [main] INFO  co.elastic.apm.agent.configuration.StartupInfo - log_ecs_reformatting: 'OVERRIDE' (source: Java System Properties)
2022-05-14 03:48:28,687 [main] WARN  co.elastic.apm.agent.configuration.StartupInfo - To enable all features and decrease startup time, please configure application_packages
system call monitor started
system call monitor started
system call monitor started
system call monitor started
system call monitor started
system call monitor started
system call monitor started
system call monitor started
2022-05-14 03:48:36,308 [main] INFO  co.elastic.apm.agent.impl.ElasticApmTracer - Tracer switched to RUNNING state
2022-05-14 03:48:36,434 [elastic-apm-server-healthcheck] INFO  co.elastic.apm.agent.report.ApmServerHealthChecker - Elastic APM server is available: {  "build_date": "2021-11-04T13:10:15Z",  "build_sha": "0702551667e5319822d00dee613ea2a1501615bf",  "version": "7.15.2"}
2022-05-14 03:48:36,615 [elastic-apm-remote-config-poller] INFO  co.elastic.apm.agent.configuration.ApmServerConfigurationSource - Received new configuration from APM Server: {}
system call monitor started
system call monitor started
system call monitor started
03:48:38,795 |-INFO in ch.qos.logback.classic.LoggerContext[default] - Found resource [/root/conf/logback.xml] at [file:/root/conf/logback.xml]
03:48:39,127 |-INFO in ch.qos.logback.classic.joran.action.ConfigurationAction - debug attribute not set
03:48:39,136 |-INFO in ch.qos.logback.classic.joran.action.LoggerContextListenerAction - Adding LoggerContextListener of type [ch.qos.logback.classic.jul.LevelChangePropagator] to the object stack
03:48:39,204 |-INFO in ch.qos.logback.classic.jul.LevelChangePropagator@509a6095 - Propagating DEBUG level on Logger[ROOT] onto the JUL framework
03:48:39,204 |-INFO in ch.qos.logback.classic.joran.action.LoggerContextListenerAction - Starting LoggerContextListener
03:48:39,205 |-INFO in ch.qos.logback.core.joran.action.AppenderAction - About to instantiate appender of type [ch.qos.logback.core.ConsoleAppender]
03:48:39,266 |-INFO in ch.qos.logback.core.joran.action.AppenderAction - Naming appender as [CONSOLE]
03:48:39,270 |-INFO in ch.qos.logback.core.joran.action.NestedComplexPropertyIA - Assuming default type [ch.qos.logback.classic.encoder.PatternLayoutEncoder] for [encoder] property
03:48:39,281 |-WARN in ch.qos.logback.classic.encoder.PatternLayoutEncoder@57cabdc3 - As of version 1.2.0 "immediateFlush" property should be set within the enclosing Appender.
03:48:39,281 |-WARN in ch.qos.logback.classic.encoder.PatternLayoutEncoder@57cabdc3 - Please move "immediateFlush" property into the enclosing appender.
03:48:39,425 |-WARN in ch.qos.logback.classic.encoder.PatternLayoutEncoder@57cabdc3 - Setting the "immediateFlush" property of the enclosing appender to false
03:48:39,427 |-INFO in ch.qos.logback.core.joran.action.AppenderAction - About to instantiate appender of type [ch.qos.logback.core.rolling.RollingFileAppender]
03:48:39,439 |-INFO in ch.qos.logback.core.joran.action.AppenderAction - Naming appender as [LOG_FILE]
03:48:39,485 |-INFO in ch.qos.logback.core.rolling.FixedWindowRollingPolicy@75bd28d - Will use gz compression
03:48:39,515 |-INFO in ch.qos.logback.core.joran.action.NestedComplexPropertyIA - Assuming default type [ch.qos.logback.classic.encoder.PatternLayoutEncoder] for [encoder] property
03:48:39,517 |-WARN in ch.qos.logback.classic.encoder.PatternLayoutEncoder@129c4d19 - As of version 1.2.0 "immediateFlush" property should be set within the enclosing Appender.
03:48:39,517 |-WARN in ch.qos.logback.classic.encoder.PatternLayoutEncoder@129c4d19 - Please move "immediateFlush" property into the enclosing appender.
03:48:39,518 |-WARN in ch.qos.logback.classic.encoder.PatternLayoutEncoder@129c4d19 - Setting the "immediateFlush" property of the enclosing appender to false
03:48:39,518 |-INFO in ch.qos.logback.core.rolling.RollingFileAppender[LOG_FILE] - Active log file name: /logs/james.log
03:48:39,518 |-INFO in ch.qos.logback.core.rolling.RollingFileAppender[LOG_FILE] - File property is set to [/logs/james.log]
03:48:39,520 |-INFO in ch.qos.logback.classic.joran.action.RootLoggerAction - Setting level of ROOT logger to INFO
03:48:39,520 |-INFO in ch.qos.logback.classic.jul.LevelChangePropagator@509a6095 - Propagating INFO level on Logger[ROOT] onto the JUL framework
03:48:39,520 |-INFO in ch.qos.logback.core.joran.action.AppenderRefAction - Attaching appender named [CONSOLE] to Logger[ROOT]
03:48:39,523 |-INFO in ch.qos.logback.core.joran.action.AppenderRefAction - Attaching appender named [LOG_FILE] to Logger[ROOT]
03:48:39,523 |-INFO in ch.qos.logback.classic.joran.action.ConfigurationAction - End of configuration.
03:48:39,525 |-INFO in ch.qos.logback.classic.joran.JoranConfigurator@11810917 - Registering current configuration as safe fallback point

system call monitor started
system call monitor started
system call monitor started
system call monitor started
system call monitor started
system call monitor started
{"@timestamp":"2022-05-14T03:48:45.457Z", "log.level": "INFO", "message":"StartUpChecks all succeeded", "ecs.version": "1.2.0","service.name":"run_pobs_james-project_0","event.dataset":"run_pobs_james-project_0.CONSOLE","process.thread.name":"main","log.logger":"org.apache.james.StartUpChecksPerformer"}
{"@timestamp":"2022-05-14T03:48:45.894Z", "log.level": "INFO", "message":"Error when creating PropertyDescriptor for public final void org.apache.commons.configuration2.AbstractConfiguration.setProperty(java.lang.String,java.lang.Object)! Ignoring this property.", "ecs.version": "1.2.0","service.name":"run_pobs_james-project_0","event.dataset":"run_pobs_james-project_0.CONSOLE","process.thread.name":"main","log.logger":"org.apache.commons.beanutils.FluentPropertyBeanIntrospector"}
system call monitor started
{"@timestamp":"2022-05-14T03:48:46.236Z", "log.level": "INFO", "message":"Error when creating PropertyDescriptor for public final void org.apache.commons.configuration2.AbstractConfiguration.setProperty(java.lang.String,java.lang.Object)! Ignoring this property.", "ecs.version": "1.2.0","service.name":"run_pobs_james-project_0","event.dataset":"run_pobs_james-project_0.CONSOLE","process.thread.name":"main","log.logger":"org.apache.commons.beanutils.FluentPropertyBeanIntrospector"}
{"@timestamp":"2022-05-14T03:48:46.806Z", "log.level": "INFO", "message":"Loaded the Bouncy Castle security provider.", "ecs.version": "1.2.0","service.name":"run_pobs_james-project_0","event.dataset":"run_pobs_james-project_0.CONSOLE","process.thread.name":"main","log.logger":"org.apache.activemq.broker.BrokerService"}
{"@timestamp":"2022-05-14T03:48:46.892Z", "log.level": "INFO", "message":"Using Persistence Adapter: KahaDBPersistenceAdapter[/root/var/store/activemq/brokers/KahaDB]", "ecs.version": "1.2.0","service.name":"run_pobs_james-project_0","event.dataset":"run_pobs_james-project_0.CONSOLE","process.thread.name":"main","log.logger":"org.apache.activemq.broker.BrokerService","activemq.broker":"james"}
{"@timestamp":"2022-05-14T03:48:47.042Z", "log.level": "INFO", "message":"PListStore:[/root/var/store/activemq/brokers/james/tmp_storage] started", "ecs.version": "1.2.0","service.name":"run_pobs_james-project_0","event.dataset":"run_pobs_james-project_0.CONSOLE","process.thread.name":"main","log.logger":"org.apache.activemq.store.kahadb.plist.PListStoreImpl","activemq.broker":"james"}
system call monitor started
{"@timestamp":"2022-05-14T03:48:47.207Z", "log.level": "INFO", "message":"Installing StaticsBroker", "ecs.version": "1.2.0","service.name":"run_pobs_james-project_0","event.dataset":"run_pobs_james-project_0.CONSOLE","process.thread.name":"main","log.logger":"org.apache.activemq.plugin.StatisticsBrokerPlugin","activemq.broker":"james"}
{"@timestamp":"2022-05-14T03:48:47.217Z", "log.level": "INFO", "message":"Apache ActiveMQ 5.15.9 (james, broker) is starting", "ecs.version": "1.2.0","service.name":"run_pobs_james-project_0","event.dataset":"run_pobs_james-project_0.CONSOLE","process.thread.name":"main","log.logger":"org.apache.activemq.broker.BrokerService","activemq.broker":"james"}
{"@timestamp":"2022-05-14T03:48:47.224Z", "log.level": "INFO", "message":"Starting StatisticsBroker", "ecs.version": "1.2.0","service.name":"run_pobs_james-project_0","event.dataset":"run_pobs_james-project_0.CONSOLE","process.thread.name":"main","log.logger":"org.apache.activemq.plugin.StatisticsBroker","activemq.broker":"james"}
{"@timestamp":"2022-05-14T03:48:47.230Z", "log.level": "INFO", "message":"Listening for connections at: tcp://localhost:44637", "ecs.version": "1.2.0","service.name":"run_pobs_james-project_0","event.dataset":"run_pobs_james-project_0.CONSOLE","process.thread.name":"main","log.logger":"org.apache.activemq.transport.TransportServerThreadSupport","activemq.broker":"james"}
{"@timestamp":"2022-05-14T03:48:47.234Z", "log.level": "INFO", "message":"Connector tcp://localhost:44637 started", "ecs.version": "1.2.0","service.name":"run_pobs_james-project_0","event.dataset":"run_pobs_james-project_0.CONSOLE","process.thread.name":"main","log.logger":"org.apache.activemq.broker.TransportConnector","activemq.broker":"james"}
{"@timestamp":"2022-05-14T03:48:47.237Z", "log.level": "INFO", "message":"Apache ActiveMQ 5.15.9 (james, broker) started", "ecs.version": "1.2.0","service.name":"run_pobs_james-project_0","event.dataset":"run_pobs_james-project_0.CONSOLE","process.thread.name":"main","log.logger":"org.apache.activemq.broker.BrokerService","activemq.broker":"james"}
{"@timestamp":"2022-05-14T03:48:47.238Z", "log.level": "INFO", "message":"For help or more information please see: http://activemq.apache.org", "ecs.version": "1.2.0","service.name":"run_pobs_james-project_0","event.dataset":"run_pobs_james-project_0.CONSOLE","process.thread.name":"main","log.logger":"org.apache.activemq.broker.BrokerService","activemq.broker":"james"}
{"@timestamp":"2022-05-14T03:48:47.239Z", "log.level": "WARN", "message":"Store limit is 102400 mb (current store usage is 0 mb). The data directory: /root/var/store/activemq/brokers/KahaDB only has 64800 mb of usable space. - resetting to maximum available disk space: 64800 mb", "ecs.version": "1.2.0","service.name":"run_pobs_james-project_0","event.dataset":"run_pobs_james-project_0.CONSOLE","process.thread.name":"main","log.logger":"org.apache.activemq.broker.BrokerService","activemq.broker":"james"}
{"@timestamp":"2022-05-14T03:48:47.272Z", "log.level": "INFO", "message":"Started embedded activeMq", "ecs.version": "1.2.0","service.name":"run_pobs_james-project_0","event.dataset":"run_pobs_james-project_0.CONSOLE","process.thread.name":"main","log.logger":"org.apache.james.queue.activemq.EmbeddedActiveMQ"}
{"@timestamp":"2022-05-14T03:48:47.574Z", "log.level": "INFO", "message":"Can not locate elasticsearch configuration", "ecs.version": "1.2.0","service.name":"run_pobs_james-project_0","event.dataset":"run_pobs_james-project_0.CONSOLE","process.thread.name":"main","log.logger":"org.apache.james.modules.server.ElasticSearchMetricReporterModule"}
system call monitor started
system call monitor started
system call monitor started
system call monitor started
system call monitor started
system call monitor started
{"@timestamp":"2022-05-14T03:48:53.178Z", "log.level": "INFO", "message":"No webadmin.properties file. Disabling WebAdmin interface.", "ecs.version": "1.2.0","service.name":"run_pobs_james-project_0","event.dataset":"run_pobs_james-project_0.CONSOLE","process.thread.name":"main","log.logger":"org.apache.james.modules.server.WebAdminServerModule"}
system call monitor started
{"@timestamp":"2022-05-14T03:48:55.030Z", "log.level": "INFO", "message":"DNS Server is: 8.8.8.8", "ecs.version": "1.2.0","service.name":"run_pobs_james-project_0","event.dataset":"run_pobs_james-project_0.CONSOLE","process.thread.name":"main","log.logger":"org.apache.james.dnsservice.dnsjava.DNSJavaService"}
{"@timestamp":"2022-05-14T03:48:55.030Z", "log.level": "INFO", "message":"DNS Server is: 62.210.16.6", "ecs.version": "1.2.0","service.name":"run_pobs_james-project_0","event.dataset":"run_pobs_james-project_0.CONSOLE","process.thread.name":"main","log.logger":"org.apache.james.dnsservice.dnsjava.DNSJavaService"}
{"@timestamp":"2022-05-14T03:48:55.036Z", "log.level": "INFO", "message":"Registered cache, resolver and search paths as DNSJava defaults", "ecs.version": "1.2.0","service.name":"run_pobs_james-project_0","event.dataset":"run_pobs_james-project_0.CONSOLE","process.thread.name":"main","log.logger":"org.apache.james.dnsservice.dnsjava.DNSJavaService"}
{"@timestamp":"2022-05-14T03:48:55.072Z", "log.level": "INFO", "message":"JamesMailStore init... org.apache.james.mailrepository.memory.MemoryMailRepositoryStore@49dce561", "ecs.version": "1.2.0","service.name":"run_pobs_james-project_0","event.dataset":"run_pobs_james-project_0.CONSOLE","process.thread.name":"main","log.logger":"org.apache.james.mailrepository.memory.MemoryMailRepositoryStore"}
{"@timestamp":"2022-05-14T03:48:55.075Z", "log.level": "INFO", "message":"Set autodetect to: true", "ecs.version": "1.2.0","service.name":"run_pobs_james-project_0","event.dataset":"run_pobs_james-project_0.CONSOLE","process.thread.name":"main","log.logger":"org.apache.james.domainlist.lib.AbstractDomainList"}
{"@timestamp":"2022-05-14T03:48:55.075Z", "log.level": "INFO", "message":"Set autodetectIP to: true", "ecs.version": "1.2.0","service.name":"run_pobs_james-project_0","event.dataset":"run_pobs_james-project_0.CONSOLE","process.thread.name":"main","log.logger":"org.apache.james.domainlist.lib.AbstractDomainList"}
system call monitor started
{"@timestamp":"2022-05-14T03:48:55.724Z", "log.level": "INFO", "message":"Local host is: 172.17.0.5", "ecs.version": "1.2.0","service.name":"run_pobs_james-project_0","event.dataset":"run_pobs_james-project_0.CONSOLE","process.thread.name":"main","log.logger":"org.apache.james.domainlist.lib.AbstractDomainList"}
{"@timestamp":"2022-05-14T03:48:55.827Z", "log.level": "INFO", "message":"Local host is: 172.17.0.5", "ecs.version": "1.2.0","service.name":"run_pobs_james-project_0","event.dataset":"run_pobs_james-project_0.CONSOLE","process.thread.name":"main","log.logger":"org.apache.james.domainlist.lib.AbstractDomainList"}
{"@timestamp":"2022-05-14T03:48:55.831Z", "log.level": "WARN", "message":"Error determining result ", "ecs.version": "1.2.0","service.name":"run_pobs_james-project_0","event.dataset":"run_pobs_james-project_0.CONSOLE","process.thread.name":"main","log.logger":"org.apache.james.dnsservice.dnsjava.DNSJavaService","error.type":"java.lang.IllegalStateException","error.message":"Lookup of localhost A isn't done","error.stack_trace":"java.lang.IllegalStateException: Lookup of localhost A isn't done\n\tat org.xbill.DNS.Lookup.checkDone(Lookup.java:594)\n\tat org.xbill.DNS.Lookup.getResult(Lookup.java:631)\n\tat org.apache.james.dnsservice.dnsjava.DNSJavaService.lookup(DNSJavaService.java:374)\n\tat org.apache.james.dnsservice.dnsjava.DNSJavaService.lookupNoException(DNSJavaService.java:396)\n\tat org.apache.james.dnsservice.dnsjava.DNSJavaService.getAllByName(DNSJavaService.java:484)\n\tat org.apache.james.domainlist.lib.AbstractDomainList.getDomainIpStream(AbstractDomainList.java:218)\n\tat org.apache.james.domainlist.lib.AbstractDomainList.lambda$getDomainsIpStream$1(AbstractDomainList.java:212)\n\tat java.util.stream.ReferencePipeline$7$1.accept(ReferencePipeline.java:269)\n\tat java.util.Spliterators$ArraySpliterator.forEachRemaining(Spliterators.java:948)\n\tat java.util.stream.AbstractPipeline.copyInto(AbstractPipeline.java:482)\n\tat java.util.stream.AbstractPipeline.wrapAndCopyInto(AbstractPipeline.java:472)\n\tat java.util.stream.ReduceOps$ReduceOp.evaluateSequential(ReduceOps.java:708)\n\tat java.util.stream.AbstractPipeline.evaluate(AbstractPipeline.java:234)\n\tat java.util.stream.ReferencePipeline.collect(ReferencePipeline.java:566)\n\tat org.apache.james.domainlist.lib.AbstractDomainList.detectIps(AbstractDomainList.java:181)\n\tat org.apache.james.domainlist.lib.AbstractDomainList.getDomains(AbstractDomainList.java:166)\n\tat org.apache.james.domainlist.lib.AbstractDomainList.containsDomain(AbstractDomainList.java:152)\n\tat org.apache.james.domainlist.lib.AbstractDomainList.setDefaultDomain(AbstractDomainList.java:134)\n\tat org.apache.james.domainlist.lib.AbstractDomainList.configureDefaultDomain(AbstractDomainList.java:120)\n\tat org.apache.james.domainlist.lib.AbstractDomainList.configure(AbstractDomainList.java:85)\n\tat org.apache.james.modules.data.JPADomainListModule$JPADomainListInitialisationOperation.initModule(JPADomainListModule.java:68)\n\tat com.github.fge.lambdas.consumers.ConsumerChainer.lambda$sneakyThrow$9(ConsumerChainer.java:73)\n\tat java.util.stream.ReferencePipeline$11$1.accept(ReferencePipeline.java:439)\n\tat java.util.stream.DistinctOps$1$2.accept(DistinctOps.java:175)\n\tat java.util.stream.ForEachOps$ForEachOp$OfRef.accept(ForEachOps.java:183)\n\tat java.util.stream.ReferencePipeline$2$1.accept(ReferencePipeline.java:175)\n\tat java.util.Spliterators$ArraySpliterator.forEachRemaining(Spliterators.java:948)\n\tat java.util.stream.AbstractPipeline.copyInto(AbstractPipeline.java:482)\n\tat java.util.stream.AbstractPipeline.wrapAndCopyInto(AbstractPipeline.java:472)\n\tat java.util.stream.ForEachOps$ForEachOp.evaluateSequential(ForEachOps.java:150)\n\tat java.util.stream.ForEachOps$ForEachOp$OfRef.evaluateSequential(ForEachOps.java:173)\n\tat java.util.stream.AbstractPipeline.evaluate(AbstractPipeline.java:234)\n\tat java.util.stream.ReferencePipeline.forEach(ReferencePipeline.java:485)\n\tat java.util.stream.ReferencePipeline$7$1.accept(ReferencePipeline.java:272)\n\tat java.util.Spliterators$ArraySpliterator.forEachRemaining(Spliterators.java:948)\n\tat java.util.stream.AbstractPipeline.copyInto(AbstractPipeline.java:482)\n\tat java.util.stream.AbstractPipeline.wrapAndCopyInto(AbstractPipeline.java:472)\n\tat java.util.stream.ReduceOps$ReduceOp.evaluateSequential(ReduceOps.java:708)\n\tat java.util.stream.AbstractPipeline.evaluate(AbstractPipeline.java:234)\n\tat java.util.stream.ReferencePipeline.collect(ReferencePipeline.java:566)\n\tat org.apache.james.utils.InitializationOperations.processConfigurables(InitializationOperations.java:53)\n\tat org.apache.james.utils.InitializationOperations.initModules(InitializationOperations.java:43)\n\tat org.apache.james.GuiceJamesServer.start(GuiceJamesServer.java:83)\n\tat org.apache.james.JPAJamesServerMain.main(JPAJamesServerMain.java:101)\n"}
{"@timestamp":"2022-05-14T03:48:55.834Z", "log.level":"ERROR", "message":"Cannot get IP address(es) for Domain : localhost", "ecs.version": "1.2.0","service.name":"run_pobs_james-project_0","event.dataset":"run_pobs_james-project_0.CONSOLE","process.thread.name":"main","log.logger":"org.apache.james.domainlist.lib.AbstractDomainList"}
{"@timestamp":"2022-05-14T03:48:55.935Z", "log.level": "INFO", "message":"Connector vm://james started", "ecs.version": "1.2.0","service.name":"run_pobs_james-project_0","event.dataset":"run_pobs_james-project_0.CONSOLE","process.thread.name":"main","log.logger":"org.apache.activemq.broker.TransportConnector"}
system call monitor started
{"@timestamp":"2022-05-14T03:48:56.120Z", "log.level": "INFO", "message":"Local host is: 172.17.0.5", "ecs.version": "1.2.0","service.name":"run_pobs_james-project_0","event.dataset":"run_pobs_james-project_0.CONSOLE","process.thread.name":"main","log.logger":"org.apache.james.domainlist.lib.AbstractDomainList"}
{"@timestamp":"2022-05-14T03:48:56.169Z", "log.level":"ERROR", "message":"Cannot get IP address(es) for Domain : james.linagora.com", "ecs.version": "1.2.0","service.name":"run_pobs_james-project_0","event.dataset":"run_pobs_james-project_0.CONSOLE","process.thread.name":"main","log.logger":"org.apache.james.domainlist.lib.AbstractDomainList"}
{"@timestamp":"2022-05-14T03:48:56.170Z", "log.level": "WARN", "message":"Error determining result ", "ecs.version": "1.2.0","service.name":"run_pobs_james-project_0","event.dataset":"run_pobs_james-project_0.CONSOLE","process.thread.name":"main","log.logger":"org.apache.james.dnsservice.dnsjava.DNSJavaService","error.type":"java.lang.IllegalStateException","error.message":"Lookup of localhost A isn't done","error.stack_trace":"java.lang.IllegalStateException: Lookup of localhost A isn't done\n\tat org.xbill.DNS.Lookup.checkDone(Lookup.java:594)\n\tat org.xbill.DNS.Lookup.getResult(Lookup.java:631)\n\tat org.apache.james.dnsservice.dnsjava.DNSJavaService.lookup(DNSJavaService.java:374)\n\tat org.apache.james.dnsservice.dnsjava.DNSJavaService.lookupNoException(DNSJavaService.java:396)\n\tat org.apache.james.dnsservice.dnsjava.DNSJavaService.getAllByName(DNSJavaService.java:484)\n\tat org.apache.james.domainlist.lib.AbstractDomainList.getDomainIpStream(AbstractDomainList.java:218)\n\tat org.apache.james.domainlist.lib.AbstractDomainList.lambda$getDomainsIpStream$1(AbstractDomainList.java:212)\n\tat java.util.stream.ReferencePipeline$7$1.accept(ReferencePipeline.java:269)\n\tat java.util.Spliterators$ArraySpliterator.forEachRemaining(Spliterators.java:948)\n\tat java.util.stream.AbstractPipeline.copyInto(AbstractPipeline.java:482)\n\tat java.util.stream.AbstractPipeline.wrapAndCopyInto(AbstractPipeline.java:472)\n\tat java.util.stream.ReduceOps$ReduceOp.evaluateSequential(ReduceOps.java:708)\n\tat java.util.stream.AbstractPipeline.evaluate(AbstractPipeline.java:234)\n\tat java.util.stream.ReferencePipeline.collect(ReferencePipeline.java:566)\n\tat org.apache.james.domainlist.lib.AbstractDomainList.detectIps(AbstractDomainList.java:181)\n\tat org.apache.james.domainlist.lib.AbstractDomainList.getDomains(AbstractDomainList.java:166)\n\tat org.apache.james.domainlist.lib.AbstractDomainList.containsDomain(AbstractDomainList.java:152)\n\tat org.apache.james.mailetcontainer.impl.JamesMailetContext.configure(JamesMailetContext.java:467)\n\tat org.apache.james.modules.server.CamelMailetContainerModule$MailetContextInitialisationOperation.initModule(CamelMailetContainerModule.java:158)\n\tat com.github.fge.lambdas.consumers.ConsumerChainer.lambda$sneakyThrow$9(ConsumerChainer.java:73)\n\tat java.util.stream.ReferencePipeline$11$1.accept(ReferencePipeline.java:439)\n\tat java.util.stream.DistinctOps$1$2.accept(DistinctOps.java:175)\n\tat java.util.stream.ForEachOps$ForEachOp$OfRef.accept(ForEachOps.java:183)\n\tat java.util.stream.ReferencePipeline$2$1.accept(ReferencePipeline.java:175)\n\tat java.util.Spliterators$ArraySpliterator.forEachRemaining(Spliterators.java:948)\n\tat java.util.stream.AbstractPipeline.copyInto(AbstractPipeline.java:482)\n\tat java.util.stream.AbstractPipeline.wrapAndCopyInto(AbstractPipeline.java:472)\n\tat java.util.stream.ForEachOps$ForEachOp.evaluateSequential(ForEachOps.java:150)\n\tat java.util.stream.ForEachOps$ForEachOp$OfRef.evaluateSequential(ForEachOps.java:173)\n\tat java.util.stream.AbstractPipeline.evaluate(AbstractPipeline.java:234)\n\tat java.util.stream.ReferencePipeline.forEach(ReferencePipeline.java:485)\n\tat java.util.stream.ReferencePipeline$7$1.accept(ReferencePipeline.java:272)\n\tat java.util.Spliterators$ArraySpliterator.forEachRemaining(Spliterators.java:948)\n\tat java.util.stream.AbstractPipeline.copyInto(AbstractPipeline.java:482)\n\tat java.util.stream.AbstractPipeline.wrapAndCopyInto(AbstractPipeline.java:472)\n\tat java.util.stream.ReduceOps$ReduceOp.evaluateSequential(ReduceOps.java:708)\n\tat java.util.stream.AbstractPipeline.evaluate(AbstractPipeline.java:234)\n\tat java.util.stream.ReferencePipeline.collect(ReferencePipeline.java:566)\n\tat org.apache.james.utils.InitializationOperations.processConfigurables(InitializationOperations.java:53)\n\tat org.apache.james.utils.InitializationOperations.initModules(InitializationOperations.java:43)\n\tat org.apache.james.GuiceJamesServer.start(GuiceJamesServer.java:83)\n\tat org.apache.james.JPAJamesServerMain.main(JPAJamesServerMain.java:101)\n"}
{"@timestamp":"2022-05-14T03:48:56.171Z", "log.level":"ERROR", "message":"Cannot get IP address(es) for Domain : localhost", "ecs.version": "1.2.0","service.name":"run_pobs_james-project_0","event.dataset":"run_pobs_james-project_0.CONSOLE","process.thread.name":"main","log.logger":"org.apache.james.domainlist.lib.AbstractDomainList"}
{"@timestamp":"2022-05-14T03:48:56.172Z", "log.level": "WARN", "message":"The specified postmaster address ( postmaster@james.minet.net ) is not a local address.  This is not necessarily a problem, but it does mean that emails addressed to the postmaster will be routed to another server.  For some configurations this may cause problems.", "ecs.version": "1.2.0","service.name":"run_pobs_james-project_0","event.dataset":"run_pobs_james-project_0.CONSOLE","process.thread.name":"main","log.logger":"org.apache.james.mailetcontainer.impl.JamesMailetContext"}
{"@timestamp":"2022-05-14T03:48:56.189Z", "log.level": "INFO", "message":"Apache Camel 2.24.1 (CamelContext: camel-1) is starting", "ecs.version": "1.2.0","service.name":"run_pobs_james-project_0","event.dataset":"run_pobs_james-project_0.CONSOLE","process.thread.name":"main","log.logger":"org.apache.camel.impl.DefaultCamelContext"}
{"@timestamp":"2022-05-14T03:48:56.193Z", "log.level": "INFO", "message":"JMX is disabled", "ecs.version": "1.2.0","service.name":"run_pobs_james-project_0","event.dataset":"run_pobs_james-project_0.CONSOLE","process.thread.name":"main","log.logger":"org.apache.camel.management.DefaultManagementStrategy"}
{"@timestamp":"2022-05-14T03:48:56.462Z", "log.level": "INFO", "message":"Type converters loaded (core: 195, classpath: 0)", "ecs.version": "1.2.0","service.name":"run_pobs_james-project_0","event.dataset":"run_pobs_james-project_0.CONSOLE","process.thread.name":"main","log.logger":"org.apache.camel.impl.converter.DefaultTypeConverter"}
{"@timestamp":"2022-05-14T03:48:56.520Z", "log.level": "INFO", "message":"StreamCaching is not in use. If using streams then its recommended to enable stream caching. See more details at http://camel.apache.org/stream-caching.html", "ecs.version": "1.2.0","service.name":"run_pobs_james-project_0","event.dataset":"run_pobs_james-project_0.CONSOLE","process.thread.name":"main","log.logger":"org.apache.camel.impl.DefaultCamelContext"}
{"@timestamp":"2022-05-14T03:48:56.525Z", "log.level": "INFO", "message":"Total 0 routes, of which 0 are started", "ecs.version": "1.2.0","service.name":"run_pobs_james-project_0","event.dataset":"run_pobs_james-project_0.CONSOLE","process.thread.name":"main","log.logger":"org.apache.camel.impl.DefaultCamelContext"}
{"@timestamp":"2022-05-14T03:48:56.526Z", "log.level": "INFO", "message":"Apache Camel 2.24.1 (CamelContext: camel-1) started in 0.339 seconds", "ecs.version": "1.2.0","service.name":"run_pobs_james-project_0","event.dataset":"run_pobs_james-project_0.CONSOLE","process.thread.name":"main","log.logger":"org.apache.camel.impl.DefaultCamelContext"}
{"@timestamp":"2022-05-14T03:48:56.566Z", "log.level": "INFO", "message":"Matcher All instantiated.", "ecs.version": "1.2.0","service.name":"run_pobs_james-project_0","event.dataset":"run_pobs_james-project_0.CONSOLE","process.thread.name":"main","log.logger":"org.apache.james.mailetcontainer.lib.AbstractStateMailetProcessor"}
{"@timestamp":"2022-05-14T03:48:56.588Z", "log.level": "INFO", "message":"Mailet PostmasterAlias instantiated.", "ecs.version": "1.2.0","service.name":"run_pobs_james-project_0","event.dataset":"run_pobs_james-project_0.CONSOLE","process.thread.name":"main","log.logger":"org.apache.james.mailetcontainer.lib.AbstractStateMailetProcessor"}
{"@timestamp":"2022-05-14T03:48:56.597Z", "log.level": "INFO", "message":"Matcher RelayLimit=30 instantiated.", "ecs.version": "1.2.0","service.name":"run_pobs_james-project_0","event.dataset":"run_pobs_james-project_0.CONSOLE","process.thread.name":"main","log.logger":"org.apache.james.mailetcontainer.lib.AbstractStateMailetProcessor"}
{"@timestamp":"2022-05-14T03:48:56.602Z", "log.level": "INFO", "message":"Mailet Null instantiated.", "ecs.version": "1.2.0","service.name":"run_pobs_james-project_0","event.dataset":"run_pobs_james-project_0.CONSOLE","process.thread.name":"main","log.logger":"org.apache.james.mailetcontainer.lib.AbstractStateMailetProcessor"}
{"@timestamp":"2022-05-14T03:48:56.605Z", "log.level": "INFO", "message":"Matcher All instantiated.", "ecs.version": "1.2.0","service.name":"run_pobs_james-project_0","event.dataset":"run_pobs_james-project_0.CONSOLE","process.thread.name":"main","log.logger":"org.apache.james.mailetcontainer.lib.AbstractStateMailetProcessor"}
{"@timestamp":"2022-05-14T03:48:56.610Z", "log.level": "INFO", "message":"Mailet ToProcessor instantiated.", "ecs.version": "1.2.0","service.name":"run_pobs_james-project_0","event.dataset":"run_pobs_james-project_0.CONSOLE","process.thread.name":"main","log.logger":"org.apache.james.mailetcontainer.lib.AbstractStateMailetProcessor"}
{"@timestamp":"2022-05-14T03:48:56.987Z", "log.level": "INFO", "message":"Route: root started and consuming from: direct://processor.root", "ecs.version": "1.2.0","service.name":"run_pobs_james-project_0","event.dataset":"run_pobs_james-project_0.CONSOLE","process.thread.name":"main","log.logger":"org.apache.camel.impl.DefaultCamelContext"}
{"@timestamp":"2022-05-14T03:48:57.011Z", "log.level": "INFO", "message":"Matcher All instantiated.", "ecs.version": "1.2.0","service.name":"run_pobs_james-project_0","event.dataset":"run_pobs_james-project_0.CONSOLE","process.thread.name":"main","log.logger":"org.apache.james.mailetcontainer.lib.AbstractStateMailetProcessor"}
{"@timestamp":"2022-05-14T03:48:57.019Z", "log.level": "INFO", "message":"Mailet MetricsMailet instantiated.", "ecs.version": "1.2.0","service.name":"run_pobs_james-project_0","event.dataset":"run_pobs_james-project_0.CONSOLE","process.thread.name":"main","log.logger":"org.apache.james.mailetcontainer.lib.AbstractStateMailetProcessor"}
{"@timestamp":"2022-05-14T03:48:57.020Z", "log.level": "INFO", "message":"Matcher All instantiated.", "ecs.version": "1.2.0","service.name":"run_pobs_james-project_0","event.dataset":"run_pobs_james-project_0.CONSOLE","process.thread.name":"main","log.logger":"org.apache.james.mailetcontainer.lib.AbstractStateMailetProcessor"}
{"@timestamp":"2022-05-14T03:48:57.034Z", "log.level": "INFO", "message":"Mailet Bounce instantiated.", "ecs.version": "1.2.0","service.name":"run_pobs_james-project_0","event.dataset":"run_pobs_james-project_0.CONSOLE","process.thread.name":"main","log.logger":"org.apache.james.mailetcontainer.lib.AbstractStateMailetProcessor"}
{"@timestamp":"2022-05-14T03:48:57.035Z", "log.level": "INFO", "message":"Matcher All instantiated.", "ecs.version": "1.2.0","service.name":"run_pobs_james-project_0","event.dataset":"run_pobs_james-project_0.CONSOLE","process.thread.name":"main","log.logger":"org.apache.james.mailetcontainer.lib.AbstractStateMailetProcessor"}
{"@timestamp":"2022-05-14T03:48:57.055Z", "log.level": "INFO", "message":"Init org.apache.james.repository.file.FilePersistentObjectRepository Store", "ecs.version": "1.2.0","service.name":"run_pobs_james-project_0","event.dataset":"run_pobs_james-project_0.CONSOLE","process.thread.name":"main","log.logger":"org.apache.james.repository.file.AbstractFileRepository"}
{"@timestamp":"2022-05-14T03:48:57.064Z", "log.level": "INFO", "message":"org.apache.james.repository.file.FilePersistentObjectRepository opened in /root/var/mail/error", "ecs.version": "1.2.0","service.name":"run_pobs_james-project_0","event.dataset":"run_pobs_james-project_0.CONSOLE","process.thread.name":"main","log.logger":"org.apache.james.repository.file.AbstractFileRepository"}
{"@timestamp":"2022-05-14T03:48:57.066Z", "log.level": "INFO", "message":"Init org.apache.james.repository.file.FilePersistentStreamRepository Store", "ecs.version": "1.2.0","service.name":"run_pobs_james-project_0","event.dataset":"run_pobs_james-project_0.CONSOLE","process.thread.name":"main","log.logger":"org.apache.james.repository.file.AbstractFileRepository"}
{"@timestamp":"2022-05-14T03:48:57.066Z", "log.level": "INFO", "message":"org.apache.james.repository.file.FilePersistentStreamRepository opened in /root/var/mail/error", "ecs.version": "1.2.0","service.name":"run_pobs_james-project_0","event.dataset":"run_pobs_james-project_0.CONSOLE","process.thread.name":"main","log.logger":"org.apache.james.repository.file.AbstractFileRepository"}
system call monitor started
{"@timestamp":"2022-05-14T03:48:57.188Z", "log.level": "INFO", "message":"Mailet ToRepository instantiated.", "ecs.version": "1.2.0","service.name":"run_pobs_james-project_0","event.dataset":"run_pobs_james-project_0.CONSOLE","process.thread.name":"main","log.logger":"org.apache.james.mailetcontainer.lib.AbstractStateMailetProcessor"}
{"@timestamp":"2022-05-14T03:48:57.202Z", "log.level": "INFO", "message":"Route: error started and consuming from: direct://processor.error", "ecs.version": "1.2.0","service.name":"run_pobs_james-project_0","event.dataset":"run_pobs_james-project_0.CONSOLE","process.thread.name":"main","log.logger":"org.apache.camel.impl.DefaultCamelContext"}
{"@timestamp":"2022-05-14T03:48:57.218Z", "log.level": "INFO", "message":"Matcher All instantiated.", "ecs.version": "1.2.0","service.name":"run_pobs_james-project_0","event.dataset":"run_pobs_james-project_0.CONSOLE","process.thread.name":"main","log.logger":"org.apache.james.mailetcontainer.lib.AbstractStateMailetProcessor"}
{"@timestamp":"2022-05-14T03:48:57.222Z", "log.level": "INFO", "message":"Mailet RemoveMimeHeader instantiated.", "ecs.version": "1.2.0","service.name":"run_pobs_james-project_0","event.dataset":"run_pobs_james-project_0.CONSOLE","process.thread.name":"main","log.logger":"org.apache.james.mailetcontainer.lib.AbstractStateMailetProcessor"}
{"@timestamp":"2022-05-14T03:48:57.223Z", "log.level": "INFO", "message":"Matcher All instantiated.", "ecs.version": "1.2.0","service.name":"run_pobs_james-project_0","event.dataset":"run_pobs_james-project_0.CONSOLE","process.thread.name":"main","log.logger":"org.apache.james.mailetcontainer.lib.AbstractStateMailetProcessor"}
{"@timestamp":"2022-05-14T03:48:57.234Z", "log.level": "INFO", "message":"Mailet RecipientRewriteTable instantiated.", "ecs.version": "1.2.0","service.name":"run_pobs_james-project_0","event.dataset":"run_pobs_james-project_0.CONSOLE","process.thread.name":"main","log.logger":"org.apache.james.mailetcontainer.lib.AbstractStateMailetProcessor"}
{"@timestamp":"2022-05-14T03:48:57.237Z", "log.level": "INFO", "message":"Matcher RecipientIsLocal instantiated.", "ecs.version": "1.2.0","service.name":"run_pobs_james-project_0","event.dataset":"run_pobs_james-project_0.CONSOLE","process.thread.name":"main","log.logger":"org.apache.james.mailetcontainer.lib.AbstractStateMailetProcessor"}
{"@timestamp":"2022-05-14T03:48:57.259Z", "log.level": "INFO", "message":"Mailet Sieve instantiated.", "ecs.version": "1.2.0","service.name":"run_pobs_james-project_0","event.dataset":"run_pobs_james-project_0.CONSOLE","process.thread.name":"main","log.logger":"org.apache.james.mailetcontainer.lib.AbstractStateMailetProcessor"}
{"@timestamp":"2022-05-14T03:48:57.260Z", "log.level": "INFO", "message":"Matcher RecipientIsLocal instantiated.", "ecs.version": "1.2.0","service.name":"run_pobs_james-project_0","event.dataset":"run_pobs_james-project_0.CONSOLE","process.thread.name":"main","log.logger":"org.apache.james.mailetcontainer.lib.AbstractStateMailetProcessor"}
{"@timestamp":"2022-05-14T03:48:57.264Z", "log.level": "INFO", "message":"Mailet AddDeliveredToHeader instantiated.", "ecs.version": "1.2.0","service.name":"run_pobs_james-project_0","event.dataset":"run_pobs_james-project_0.CONSOLE","process.thread.name":"main","log.logger":"org.apache.james.mailetcontainer.lib.AbstractStateMailetProcessor"}
{"@timestamp":"2022-05-14T03:48:57.264Z", "log.level": "INFO", "message":"Matcher RecipientIsLocal instantiated.", "ecs.version": "1.2.0","service.name":"run_pobs_james-project_0","event.dataset":"run_pobs_james-project_0.CONSOLE","process.thread.name":"main","log.logger":"org.apache.james.mailetcontainer.lib.AbstractStateMailetProcessor"}
{"@timestamp":"2022-05-14T03:48:57.273Z", "log.level": "INFO", "message":"Mailet LocalDelivery instantiated.", "ecs.version": "1.2.0","service.name":"run_pobs_james-project_0","event.dataset":"run_pobs_james-project_0.CONSOLE","process.thread.name":"main","log.logger":"org.apache.james.mailetcontainer.lib.AbstractStateMailetProcessor"}
{"@timestamp":"2022-05-14T03:48:57.276Z", "log.level": "INFO", "message":"Matcher HostIsLocal instantiated.", "ecs.version": "1.2.0","service.name":"run_pobs_james-project_0","event.dataset":"run_pobs_james-project_0.CONSOLE","process.thread.name":"main","log.logger":"org.apache.james.mailetcontainer.lib.AbstractStateMailetProcessor"}
{"@timestamp":"2022-05-14T03:48:57.277Z", "log.level": "INFO", "message":"Mailet ToProcessor instantiated.", "ecs.version": "1.2.0","service.name":"run_pobs_james-project_0","event.dataset":"run_pobs_james-project_0.CONSOLE","process.thread.name":"main","log.logger":"org.apache.james.mailetcontainer.lib.AbstractStateMailetProcessor"}
{"@timestamp":"2022-05-14T03:48:57.278Z", "log.level": "INFO", "message":"Matcher relay-allowed instantiated.", "ecs.version": "1.2.0","service.name":"run_pobs_james-project_0","event.dataset":"run_pobs_james-project_0.CONSOLE","process.thread.name":"main","log.logger":"org.apache.james.mailetcontainer.lib.AbstractStateMailetProcessor"}
{"@timestamp":"2022-05-14T03:48:57.279Z", "log.level": "INFO", "message":"Mailet ToProcessor instantiated.", "ecs.version": "1.2.0","service.name":"run_pobs_james-project_0","event.dataset":"run_pobs_james-project_0.CONSOLE","process.thread.name":"main","log.logger":"org.apache.james.mailetcontainer.lib.AbstractStateMailetProcessor"}
{"@timestamp":"2022-05-14T03:48:57.310Z", "log.level": "INFO", "message":"Route: transport started and consuming from: direct://processor.transport", "ecs.version": "1.2.0","service.name":"run_pobs_james-project_0","event.dataset":"run_pobs_james-project_0.CONSOLE","process.thread.name":"main","log.logger":"org.apache.camel.impl.DefaultCamelContext"}
{"@timestamp":"2022-05-14T03:48:57.313Z", "log.level": "INFO", "message":"Matcher All instantiated.", "ecs.version": "1.2.0","service.name":"run_pobs_james-project_0","event.dataset":"run_pobs_james-project_0.CONSOLE","process.thread.name":"main","log.logger":"org.apache.james.mailetcontainer.lib.AbstractStateMailetProcessor"}
{"@timestamp":"2022-05-14T03:48:57.331Z", "log.level": "WARN", "message":"maxRetries is larger than total number of attempts specified. Increasing last delayTime with 22 attempts ", "ecs.version": "1.2.0","service.name":"run_pobs_james-project_0","event.dataset":"run_pobs_james-project_0.CONSOLE","process.thread.name":"main","log.logger":"org.apache.james.transport.mailets.remote.delivery.DelaysAndMaxRetry"}
{"@timestamp":"2022-05-14T03:48:57.333Z", "log.level": "WARN", "message":"Delay of 8 minutes 20 seconds is now attempted: 1 times", "ecs.version": "1.2.0","service.name":"run_pobs_james-project_0","event.dataset":"run_pobs_james-project_0.CONSOLE","process.thread.name":"main","log.logger":"org.apache.james.transport.mailets.remote.delivery.DelaysAndMaxRetry"}
{"@timestamp":"2022-05-14T03:48:57.397Z", "log.level": "INFO", "message":"Mailet RemoteDelivery instantiated.", "ecs.version": "1.2.0","service.name":"run_pobs_james-project_0","event.dataset":"run_pobs_james-project_0.CONSOLE","process.thread.name":"main","log.logger":"org.apache.james.mailetcontainer.lib.AbstractStateMailetProcessor"}
{"@timestamp":"2022-05-14T03:48:57.404Z", "log.level": "INFO", "message":"Route: relay started and consuming from: direct://processor.relay", "ecs.version": "1.2.0","service.name":"run_pobs_james-project_0","event.dataset":"run_pobs_james-project_0.CONSOLE","process.thread.name":"main","log.logger":"org.apache.camel.impl.DefaultCamelContext"}
{"@timestamp":"2022-05-14T03:48:57.406Z", "log.level": "INFO", "message":"Matcher All instantiated.", "ecs.version": "1.2.0","service.name":"run_pobs_james-project_0","event.dataset":"run_pobs_james-project_0.CONSOLE","process.thread.name":"main","log.logger":"org.apache.james.mailetcontainer.lib.AbstractStateMailetProcessor"}
{"@timestamp":"2022-05-14T03:48:57.407Z", "log.level": "INFO", "message":"Mailet MetricsMailet instantiated.", "ecs.version": "1.2.0","service.name":"run_pobs_james-project_0","event.dataset":"run_pobs_james-project_0.CONSOLE","process.thread.name":"main","log.logger":"org.apache.james.mailetcontainer.lib.AbstractStateMailetProcessor"}
{"@timestamp":"2022-05-14T03:48:57.408Z", "log.level": "INFO", "message":"Matcher All instantiated.", "ecs.version": "1.2.0","service.name":"run_pobs_james-project_0","event.dataset":"run_pobs_james-project_0.CONSOLE","process.thread.name":"main","log.logger":"org.apache.james.mailetcontainer.lib.AbstractStateMailetProcessor"}
{"@timestamp":"2022-05-14T03:48:57.410Z", "log.level": "INFO", "message":"Mailet Bounce instantiated.", "ecs.version": "1.2.0","service.name":"run_pobs_james-project_0","event.dataset":"run_pobs_james-project_0.CONSOLE","process.thread.name":"main","log.logger":"org.apache.james.mailetcontainer.lib.AbstractStateMailetProcessor"}
{"@timestamp":"2022-05-14T03:48:57.411Z", "log.level": "INFO", "message":"Matcher All instantiated.", "ecs.version": "1.2.0","service.name":"run_pobs_james-project_0","event.dataset":"run_pobs_james-project_0.CONSOLE","process.thread.name":"main","log.logger":"org.apache.james.mailetcontainer.lib.AbstractStateMailetProcessor"}
{"@timestamp":"2022-05-14T03:48:57.412Z", "log.level": "INFO", "message":"Init org.apache.james.repository.file.FilePersistentObjectRepository Store", "ecs.version": "1.2.0","service.name":"run_pobs_james-project_0","event.dataset":"run_pobs_james-project_0.CONSOLE","process.thread.name":"main","log.logger":"org.apache.james.repository.file.AbstractFileRepository"}
{"@timestamp":"2022-05-14T03:48:57.412Z", "log.level": "INFO", "message":"org.apache.james.repository.file.FilePersistentObjectRepository opened in /root/var/mail/address-error", "ecs.version": "1.2.0","service.name":"run_pobs_james-project_0","event.dataset":"run_pobs_james-project_0.CONSOLE","process.thread.name":"main","log.logger":"org.apache.james.repository.file.AbstractFileRepository"}
{"@timestamp":"2022-05-14T03:48:57.413Z", "log.level": "INFO", "message":"Init org.apache.james.repository.file.FilePersistentStreamRepository Store", "ecs.version": "1.2.0","service.name":"run_pobs_james-project_0","event.dataset":"run_pobs_james-project_0.CONSOLE","process.thread.name":"main","log.logger":"org.apache.james.repository.file.AbstractFileRepository"}
{"@timestamp":"2022-05-14T03:48:57.413Z", "log.level": "INFO", "message":"org.apache.james.repository.file.FilePersistentStreamRepository opened in /root/var/mail/address-error", "ecs.version": "1.2.0","service.name":"run_pobs_james-project_0","event.dataset":"run_pobs_james-project_0.CONSOLE","process.thread.name":"main","log.logger":"org.apache.james.repository.file.AbstractFileRepository"}
{"@timestamp":"2022-05-14T03:48:57.422Z", "log.level": "INFO", "message":"Mailet ToRepository instantiated.", "ecs.version": "1.2.0","service.name":"run_pobs_james-project_0","event.dataset":"run_pobs_james-project_0.CONSOLE","process.thread.name":"main","log.logger":"org.apache.james.mailetcontainer.lib.AbstractStateMailetProcessor"}
{"@timestamp":"2022-05-14T03:48:57.468Z", "log.level": "INFO", "message":"Route: local-address-error started and consuming from: direct://processor.local-address-error", "ecs.version": "1.2.0","service.name":"run_pobs_james-project_0","event.dataset":"run_pobs_james-project_0.CONSOLE","process.thread.name":"main","log.logger":"org.apache.camel.impl.DefaultCamelContext"}
{"@timestamp":"2022-05-14T03:48:57.476Z", "log.level": "INFO", "message":"Matcher All instantiated.", "ecs.version": "1.2.0","service.name":"run_pobs_james-project_0","event.dataset":"run_pobs_james-project_0.CONSOLE","process.thread.name":"main","log.logger":"org.apache.james.mailetcontainer.lib.AbstractStateMailetProcessor"}
{"@timestamp":"2022-05-14T03:48:57.480Z", "log.level": "INFO", "message":"Mailet MetricsMailet instantiated.", "ecs.version": "1.2.0","service.name":"run_pobs_james-project_0","event.dataset":"run_pobs_james-project_0.CONSOLE","process.thread.name":"main","log.logger":"org.apache.james.mailetcontainer.lib.AbstractStateMailetProcessor"}
{"@timestamp":"2022-05-14T03:48:57.482Z", "log.level": "INFO", "message":"Matcher All instantiated.", "ecs.version": "1.2.0","service.name":"run_pobs_james-project_0","event.dataset":"run_pobs_james-project_0.CONSOLE","process.thread.name":"main","log.logger":"org.apache.james.mailetcontainer.lib.AbstractStateMailetProcessor"}
{"@timestamp":"2022-05-14T03:48:57.487Z", "log.level": "INFO", "message":"Mailet Bounce instantiated.", "ecs.version": "1.2.0","service.name":"run_pobs_james-project_0","event.dataset":"run_pobs_james-project_0.CONSOLE","process.thread.name":"main","log.logger":"org.apache.james.mailetcontainer.lib.AbstractStateMailetProcessor"}
{"@timestamp":"2022-05-14T03:48:57.488Z", "log.level": "INFO", "message":"Matcher All instantiated.", "ecs.version": "1.2.0","service.name":"run_pobs_james-project_0","event.dataset":"run_pobs_james-project_0.CONSOLE","process.thread.name":"main","log.logger":"org.apache.james.mailetcontainer.lib.AbstractStateMailetProcessor"}
{"@timestamp":"2022-05-14T03:48:57.493Z", "log.level": "INFO", "message":"Init org.apache.james.repository.file.FilePersistentObjectRepository Store", "ecs.version": "1.2.0","service.name":"run_pobs_james-project_0","event.dataset":"run_pobs_james-project_0.CONSOLE","process.thread.name":"main","log.logger":"org.apache.james.repository.file.AbstractFileRepository"}
{"@timestamp":"2022-05-14T03:48:57.496Z", "log.level": "INFO", "message":"org.apache.james.repository.file.FilePersistentObjectRepository opened in /root/var/mail/relay-denied", "ecs.version": "1.2.0","service.name":"run_pobs_james-project_0","event.dataset":"run_pobs_james-project_0.CONSOLE","process.thread.name":"main","log.logger":"org.apache.james.repository.file.AbstractFileRepository"}
{"@timestamp":"2022-05-14T03:48:57.496Z", "log.level": "INFO", "message":"Init org.apache.james.repository.file.FilePersistentStreamRepository Store", "ecs.version": "1.2.0","service.name":"run_pobs_james-project_0","event.dataset":"run_pobs_james-project_0.CONSOLE","process.thread.name":"main","log.logger":"org.apache.james.repository.file.AbstractFileRepository"}
{"@timestamp":"2022-05-14T03:48:57.497Z", "log.level": "INFO", "message":"org.apache.james.repository.file.FilePersistentStreamRepository opened in /root/var/mail/relay-denied", "ecs.version": "1.2.0","service.name":"run_pobs_james-project_0","event.dataset":"run_pobs_james-project_0.CONSOLE","process.thread.name":"main","log.logger":"org.apache.james.repository.file.AbstractFileRepository"}
{"@timestamp":"2022-05-14T03:48:57.524Z", "log.level": "INFO", "message":"Mailet ToRepository instantiated.", "ecs.version": "1.2.0","service.name":"run_pobs_james-project_0","event.dataset":"run_pobs_james-project_0.CONSOLE","process.thread.name":"main","log.logger":"org.apache.james.mailetcontainer.lib.AbstractStateMailetProcessor"}
{"@timestamp":"2022-05-14T03:48:57.559Z", "log.level": "INFO", "message":"Route: relay-denied started and consuming from: direct://processor.relay-denied", "ecs.version": "1.2.0","service.name":"run_pobs_james-project_0","event.dataset":"run_pobs_james-project_0.CONSOLE","process.thread.name":"main","log.logger":"org.apache.camel.impl.DefaultCamelContext"}
{"@timestamp":"2022-05-14T03:48:57.563Z", "log.level": "INFO", "message":"Matcher All instantiated.", "ecs.version": "1.2.0","service.name":"run_pobs_james-project_0","event.dataset":"run_pobs_james-project_0.CONSOLE","process.thread.name":"main","log.logger":"org.apache.james.mailetcontainer.lib.AbstractStateMailetProcessor"}
{"@timestamp":"2022-05-14T03:48:57.568Z", "log.level": "INFO", "message":"Mailet MetricsMailet instantiated.", "ecs.version": "1.2.0","service.name":"run_pobs_james-project_0","event.dataset":"run_pobs_james-project_0.CONSOLE","process.thread.name":"main","log.logger":"org.apache.james.mailetcontainer.lib.AbstractStateMailetProcessor"}
{"@timestamp":"2022-05-14T03:48:57.569Z", "log.level": "INFO", "message":"Matcher All instantiated.", "ecs.version": "1.2.0","service.name":"run_pobs_james-project_0","event.dataset":"run_pobs_james-project_0.CONSOLE","process.thread.name":"main","log.logger":"org.apache.james.mailetcontainer.lib.AbstractStateMailetProcessor"}
{"@timestamp":"2022-05-14T03:48:57.769Z", "log.level": "INFO", "message":"Mailet DSNBounce instantiated.", "ecs.version": "1.2.0","service.name":"run_pobs_james-project_0","event.dataset":"run_pobs_james-project_0.CONSOLE","process.thread.name":"main","log.logger":"org.apache.james.mailetcontainer.lib.AbstractStateMailetProcessor"}
{"@timestamp":"2022-05-14T03:48:57.787Z", "log.level": "INFO", "message":"Route: bounces started and consuming from: direct://processor.bounces", "ecs.version": "1.2.0","service.name":"run_pobs_james-project_0","event.dataset":"run_pobs_james-project_0.CONSOLE","process.thread.name":"main","log.logger":"org.apache.camel.impl.DefaultCamelContext"}
{"@timestamp":"2022-05-14T03:48:57.789Z", "log.level": "INFO", "message":"Matcher All instantiated.", "ecs.version": "1.2.0","service.name":"run_pobs_james-project_0","event.dataset":"run_pobs_james-project_0.CONSOLE","process.thread.name":"main","log.logger":"org.apache.james.mailetcontainer.lib.AbstractStateMailetProcessor"}
{"@timestamp":"2022-05-14T03:48:57.792Z", "log.level": "INFO", "message":"Init org.apache.james.repository.file.FilePersistentObjectRepository Store", "ecs.version": "1.2.0","service.name":"run_pobs_james-project_0","event.dataset":"run_pobs_james-project_0.CONSOLE","process.thread.name":"main","log.logger":"org.apache.james.repository.file.AbstractFileRepository"}
{"@timestamp":"2022-05-14T03:48:57.795Z", "log.level": "INFO", "message":"org.apache.james.repository.file.FilePersistentObjectRepository opened in /root/var/mail/rrt-error", "ecs.version": "1.2.0","service.name":"run_pobs_james-project_0","event.dataset":"run_pobs_james-project_0.CONSOLE","process.thread.name":"main","log.logger":"org.apache.james.repository.file.AbstractFileRepository"}
{"@timestamp":"2022-05-14T03:48:57.795Z", "log.level": "INFO", "message":"Init org.apache.james.repository.file.FilePersistentStreamRepository Store", "ecs.version": "1.2.0","service.name":"run_pobs_james-project_0","event.dataset":"run_pobs_james-project_0.CONSOLE","process.thread.name":"main","log.logger":"org.apache.james.repository.file.AbstractFileRepository"}
{"@timestamp":"2022-05-14T03:48:57.796Z", "log.level": "INFO", "message":"org.apache.james.repository.file.FilePersistentStreamRepository opened in /root/var/mail/rrt-error", "ecs.version": "1.2.0","service.name":"run_pobs_james-project_0","event.dataset":"run_pobs_james-project_0.CONSOLE","process.thread.name":"main","log.logger":"org.apache.james.repository.file.AbstractFileRepository"}
{"@timestamp":"2022-05-14T03:48:57.802Z", "log.level": "INFO", "message":"Mailet ToRepository instantiated.", "ecs.version": "1.2.0","service.name":"run_pobs_james-project_0","event.dataset":"run_pobs_james-project_0.CONSOLE","process.thread.name":"main","log.logger":"org.apache.james.mailetcontainer.lib.AbstractStateMailetProcessor"}
{"@timestamp":"2022-05-14T03:48:57.807Z", "log.level": "INFO", "message":"Matcher IsSenderInRRTLoop instantiated.", "ecs.version": "1.2.0","service.name":"run_pobs_james-project_0","event.dataset":"run_pobs_james-project_0.CONSOLE","process.thread.name":"main","log.logger":"org.apache.james.mailetcontainer.lib.AbstractStateMailetProcessor"}
{"@timestamp":"2022-05-14T03:48:57.808Z", "log.level": "INFO", "message":"Mailet Null instantiated.", "ecs.version": "1.2.0","service.name":"run_pobs_james-project_0","event.dataset":"run_pobs_james-project_0.CONSOLE","process.thread.name":"main","log.logger":"org.apache.james.mailetcontainer.lib.AbstractStateMailetProcessor"}
{"@timestamp":"2022-05-14T03:48:57.809Z", "log.level": "INFO", "message":"Matcher All instantiated.", "ecs.version": "1.2.0","service.name":"run_pobs_james-project_0","event.dataset":"run_pobs_james-project_0.CONSOLE","process.thread.name":"main","log.logger":"org.apache.james.mailetcontainer.lib.AbstractStateMailetProcessor"}
{"@timestamp":"2022-05-14T03:48:57.810Z", "log.level": "INFO", "message":"Mailet Bounce instantiated.", "ecs.version": "1.2.0","service.name":"run_pobs_james-project_0","event.dataset":"run_pobs_james-project_0.CONSOLE","process.thread.name":"main","log.logger":"org.apache.james.mailetcontainer.lib.AbstractStateMailetProcessor"}
{"@timestamp":"2022-05-14T03:48:57.822Z", "log.level": "INFO", "message":"Route: rrt-error started and consuming from: direct://processor.rrt-error", "ecs.version": "1.2.0","service.name":"run_pobs_james-project_0","event.dataset":"run_pobs_james-project_0.CONSOLE","process.thread.name":"main","log.logger":"org.apache.camel.impl.DefaultCamelContext"}
{"@timestamp":"2022-05-14T03:48:57.837Z", "log.level": "INFO", "message":"init...", "ecs.version": "1.2.0","service.name":"run_pobs_james-project_0","event.dataset":"run_pobs_james-project_0.CONSOLE","process.thread.name":"main","log.logger":"org.apache.james.mailetcontainer.impl.JamesMailSpooler"}
{"@timestamp":"2022-05-14T03:48:57.865Z", "log.level": "INFO", "message":"uses 20 Thread(s)", "ecs.version": "1.2.0","service.name":"run_pobs_james-project_0","event.dataset":"run_pobs_james-project_0.CONSOLE","process.thread.name":"main","log.logger":"org.apache.james.mailetcontainer.impl.JamesMailSpooler"}
{"@timestamp":"2022-05-14T03:48:57.865Z", "log.level": "INFO", "message":"Queue=MailQueue:spool", "ecs.version": "1.2.0","service.name":"run_pobs_james-project_0","event.dataset":"run_pobs_james-project_0.CONSOLE","process.thread.name":"main","log.logger":"org.apache.james.mailetcontainer.impl.JamesMailSpooler"}
{"@timestamp":"2022-05-14T03:48:57.871Z", "log.level": "INFO", "message":"Loading user registered mailbox listeners", "ecs.version": "1.2.0","service.name":"run_pobs_james-project_0","event.dataset":"run_pobs_james-project_0.CONSOLE","process.thread.name":"main","log.logger":"org.apache.james.modules.mailbox.MailboxListenersLoaderImpl"}
{"@timestamp":"2022-05-14T03:48:57.901Z", "log.level": "INFO", "message":"IMAP Service bound to: 0.0.0.0:143", "ecs.version": "1.2.0","service.name":"run_pobs_james-project_0","event.dataset":"run_pobs_james-project_0.CONSOLE","process.thread.name":"main","log.logger":"org.apache.james.protocols.lib.netty.AbstractConfigurableAsyncServer"}
{"@timestamp":"2022-05-14T03:48:57.904Z", "log.level": "INFO", "message":"IMAP Service is running on: 0e19eca77733", "ecs.version": "1.2.0","service.name":"run_pobs_james-project_0","event.dataset":"run_pobs_james-project_0.CONSOLE","process.thread.name":"main","log.logger":"org.apache.james.protocols.lib.netty.AbstractConfigurableAsyncServer"}
{"@timestamp":"2022-05-14T03:48:57.909Z", "log.level": "INFO", "message":"IMAP Service handler hello name is: 0e19eca77733", "ecs.version": "1.2.0","service.name":"run_pobs_james-project_0","event.dataset":"run_pobs_james-project_0.CONSOLE","process.thread.name":"main","log.logger":"org.apache.james.protocols.lib.netty.AbstractConfigurableAsyncServer"}
{"@timestamp":"2022-05-14T03:48:57.910Z", "log.level": "INFO", "message":"IMAP Service handler connection timeout is: 300", "ecs.version": "1.2.0","service.name":"run_pobs_james-project_0","event.dataset":"run_pobs_james-project_0.CONSOLE","process.thread.name":"main","log.logger":"org.apache.james.protocols.lib.netty.AbstractConfigurableAsyncServer"}
{"@timestamp":"2022-05-14T03:48:57.910Z", "log.level": "INFO", "message":"IMAP Service connection backlog is: 200", "ecs.version": "1.2.0","service.name":"run_pobs_james-project_0","event.dataset":"run_pobs_james-project_0.CONSOLE","process.thread.name":"main","log.logger":"org.apache.james.protocols.lib.netty.AbstractConfigurableAsyncServer"}
{"@timestamp":"2022-05-14T03:48:57.924Z", "log.level": "INFO", "message":"IMAP Service bound to: 0.0.0.0:993", "ecs.version": "1.2.0","service.name":"run_pobs_james-project_0","event.dataset":"run_pobs_james-project_0.CONSOLE","process.thread.name":"main","log.logger":"org.apache.james.protocols.lib.netty.AbstractConfigurableAsyncServer"}
{"@timestamp":"2022-05-14T03:48:57.925Z", "log.level": "INFO", "message":"IMAP Service is running on: 0e19eca77733", "ecs.version": "1.2.0","service.name":"run_pobs_james-project_0","event.dataset":"run_pobs_james-project_0.CONSOLE","process.thread.name":"main","log.logger":"org.apache.james.protocols.lib.netty.AbstractConfigurableAsyncServer"}
{"@timestamp":"2022-05-14T03:48:57.925Z", "log.level": "INFO", "message":"IMAP Service handler hello name is: 0e19eca77733", "ecs.version": "1.2.0","service.name":"run_pobs_james-project_0","event.dataset":"run_pobs_james-project_0.CONSOLE","process.thread.name":"main","log.logger":"org.apache.james.protocols.lib.netty.AbstractConfigurableAsyncServer"}
{"@timestamp":"2022-05-14T03:48:57.925Z", "log.level": "INFO", "message":"IMAP Service handler connection timeout is: 300", "ecs.version": "1.2.0","service.name":"run_pobs_james-project_0","event.dataset":"run_pobs_james-project_0.CONSOLE","process.thread.name":"main","log.logger":"org.apache.james.protocols.lib.netty.AbstractConfigurableAsyncServer"}
{"@timestamp":"2022-05-14T03:48:57.925Z", "log.level": "INFO", "message":"IMAP Service connection backlog is: 200", "ecs.version": "1.2.0","service.name":"run_pobs_james-project_0","event.dataset":"run_pobs_james-project_0.CONSOLE","process.thread.name":"main","log.logger":"org.apache.james.protocols.lib.netty.AbstractConfigurableAsyncServer"}
system call monitor started
{"@timestamp":"2022-05-14T03:48:58.796Z", "log.level": "INFO", "message":"Init IMAP Service done", "ecs.version": "1.2.0","service.name":"run_pobs_james-project_0","event.dataset":"run_pobs_james-project_0.CONSOLE","process.thread.name":"main","log.logger":"org.apache.james.protocols.lib.netty.AbstractConfigurableAsyncServer"}
{"@timestamp":"2022-05-14T03:48:58.808Z", "log.level": "INFO", "message":"Init IMAP Service done", "ecs.version": "1.2.0","service.name":"run_pobs_james-project_0","event.dataset":"run_pobs_james-project_0.CONSOLE","process.thread.name":"main","log.logger":"org.apache.james.protocols.lib.netty.AbstractConfigurableAsyncServer"}
{"@timestamp":"2022-05-14T03:48:58.820Z", "log.level": "INFO", "message":"LMTP Service disabled by configuration", "ecs.version": "1.2.0","service.name":"run_pobs_james-project_0","event.dataset":"run_pobs_james-project_0.CONSOLE","process.thread.name":"main","log.logger":"org.apache.james.protocols.lib.netty.AbstractConfigurableAsyncServer"}
{"@timestamp":"2022-05-14T03:48:58.850Z", "log.level": "INFO", "message":"Manage Sieve Service disabled by configuration", "ecs.version": "1.2.0","service.name":"run_pobs_james-project_0","event.dataset":"run_pobs_james-project_0.CONSOLE","process.thread.name":"main","log.logger":"org.apache.james.protocols.lib.netty.AbstractConfigurableAsyncServer"}
{"@timestamp":"2022-05-14T03:48:58.863Z", "log.level": "INFO", "message":"POP3 Service disabled by configuration", "ecs.version": "1.2.0","service.name":"run_pobs_james-project_0","event.dataset":"run_pobs_james-project_0.CONSOLE","process.thread.name":"main","log.logger":"org.apache.james.protocols.lib.netty.AbstractConfigurableAsyncServer"}
{"@timestamp":"2022-05-14T03:48:58.883Z", "log.level": "INFO", "message":"SMTP Service bound to: 0.0.0.0:25", "ecs.version": "1.2.0","service.name":"run_pobs_james-project_0","event.dataset":"run_pobs_james-project_0.CONSOLE","process.thread.name":"main","log.logger":"org.apache.james.protocols.lib.netty.AbstractConfigurableAsyncServer"}
{"@timestamp":"2022-05-14T03:48:58.884Z", "log.level": "INFO", "message":"SMTP Service is running on: 0e19eca77733", "ecs.version": "1.2.0","service.name":"run_pobs_james-project_0","event.dataset":"run_pobs_james-project_0.CONSOLE","process.thread.name":"main","log.logger":"org.apache.james.protocols.lib.netty.AbstractConfigurableAsyncServer"}
{"@timestamp":"2022-05-14T03:48:58.884Z", "log.level": "INFO", "message":"SMTP Service handler hello name is: 0e19eca77733", "ecs.version": "1.2.0","service.name":"run_pobs_james-project_0","event.dataset":"run_pobs_james-project_0.CONSOLE","process.thread.name":"main","log.logger":"org.apache.james.protocols.lib.netty.AbstractConfigurableAsyncServer"}
{"@timestamp":"2022-05-14T03:48:58.885Z", "log.level": "INFO", "message":"SMTP Service handler connection timeout is: 360", "ecs.version": "1.2.0","service.name":"run_pobs_james-project_0","event.dataset":"run_pobs_james-project_0.CONSOLE","process.thread.name":"main","log.logger":"org.apache.james.protocols.lib.netty.AbstractConfigurableAsyncServer"}
{"@timestamp":"2022-05-14T03:48:58.885Z", "log.level": "INFO", "message":"SMTP Service connection backlog is: 200", "ecs.version": "1.2.0","service.name":"run_pobs_james-project_0","event.dataset":"run_pobs_james-project_0.CONSOLE","process.thread.name":"main","log.logger":"org.apache.james.protocols.lib.netty.AbstractConfigurableAsyncServer"}
{"@timestamp":"2022-05-14T03:48:58.886Z", "log.level": "INFO", "message":"This SMTP server does not require authentication.", "ecs.version": "1.2.0","service.name":"run_pobs_james-project_0","event.dataset":"run_pobs_james-project_0.CONSOLE","process.thread.name":"main","log.logger":"org.apache.james.protocols.lib.netty.AbstractProtocolAsyncServer"}
{"@timestamp":"2022-05-14T03:48:58.888Z", "log.level": "INFO", "message":"No maximum message size is enforced for this server.", "ecs.version": "1.2.0","service.name":"run_pobs_james-project_0","event.dataset":"run_pobs_james-project_0.CONSOLE","process.thread.name":"main","log.logger":"org.apache.james.protocols.lib.netty.AbstractProtocolAsyncServer"}
{"@timestamp":"2022-05-14T03:48:58.888Z", "log.level": "INFO", "message":"SMTP Service bound to: 0.0.0.0:465", "ecs.version": "1.2.0","service.name":"run_pobs_james-project_0","event.dataset":"run_pobs_james-project_0.CONSOLE","process.thread.name":"main","log.logger":"org.apache.james.protocols.lib.netty.AbstractConfigurableAsyncServer"}
{"@timestamp":"2022-05-14T03:48:58.889Z", "log.level": "INFO", "message":"SMTP Service is running on: 0e19eca77733", "ecs.version": "1.2.0","service.name":"run_pobs_james-project_0","event.dataset":"run_pobs_james-project_0.CONSOLE","process.thread.name":"main","log.logger":"org.apache.james.protocols.lib.netty.AbstractConfigurableAsyncServer"}
{"@timestamp":"2022-05-14T03:48:58.889Z", "log.level": "INFO", "message":"SMTP Service handler hello name is: 0e19eca77733", "ecs.version": "1.2.0","service.name":"run_pobs_james-project_0","event.dataset":"run_pobs_james-project_0.CONSOLE","process.thread.name":"main","log.logger":"org.apache.james.protocols.lib.netty.AbstractConfigurableAsyncServer"}
{"@timestamp":"2022-05-14T03:48:58.889Z", "log.level": "INFO", "message":"SMTP Service handler connection timeout is: 360", "ecs.version": "1.2.0","service.name":"run_pobs_james-project_0","event.dataset":"run_pobs_james-project_0.CONSOLE","process.thread.name":"main","log.logger":"org.apache.james.protocols.lib.netty.AbstractConfigurableAsyncServer"}
{"@timestamp":"2022-05-14T03:48:58.891Z", "log.level": "INFO", "message":"SMTP Service connection backlog is: 200", "ecs.version": "1.2.0","service.name":"run_pobs_james-project_0","event.dataset":"run_pobs_james-project_0.CONSOLE","process.thread.name":"main","log.logger":"org.apache.james.protocols.lib.netty.AbstractConfigurableAsyncServer"}
{"@timestamp":"2022-05-14T03:48:58.892Z", "log.level": "INFO", "message":"This SMTP server requires authentication.", "ecs.version": "1.2.0","service.name":"run_pobs_james-project_0","event.dataset":"run_pobs_james-project_0.CONSOLE","process.thread.name":"main","log.logger":"org.apache.james.protocols.lib.netty.AbstractProtocolAsyncServer"}
{"@timestamp":"2022-05-14T03:48:58.892Z", "log.level": "INFO", "message":"No maximum message size is enforced for this server.", "ecs.version": "1.2.0","service.name":"run_pobs_james-project_0","event.dataset":"run_pobs_james-project_0.CONSOLE","process.thread.name":"main","log.logger":"org.apache.james.protocols.lib.netty.AbstractProtocolAsyncServer"}
{"@timestamp":"2022-05-14T03:48:58.893Z", "log.level": "INFO", "message":"SMTP Service bound to: 0.0.0.0:587", "ecs.version": "1.2.0","service.name":"run_pobs_james-project_0","event.dataset":"run_pobs_james-project_0.CONSOLE","process.thread.name":"main","log.logger":"org.apache.james.protocols.lib.netty.AbstractConfigurableAsyncServer"}
{"@timestamp":"2022-05-14T03:48:58.893Z", "log.level": "INFO", "message":"SMTP Service is running on: 0e19eca77733", "ecs.version": "1.2.0","service.name":"run_pobs_james-project_0","event.dataset":"run_pobs_james-project_0.CONSOLE","process.thread.name":"main","log.logger":"org.apache.james.protocols.lib.netty.AbstractConfigurableAsyncServer"}
{"@timestamp":"2022-05-14T03:48:58.894Z", "log.level": "INFO", "message":"SMTP Service handler hello name is: 0e19eca77733", "ecs.version": "1.2.0","service.name":"run_pobs_james-project_0","event.dataset":"run_pobs_james-project_0.CONSOLE","process.thread.name":"main","log.logger":"org.apache.james.protocols.lib.netty.AbstractConfigurableAsyncServer"}
{"@timestamp":"2022-05-14T03:48:58.894Z", "log.level": "INFO", "message":"SMTP Service handler connection timeout is: 360", "ecs.version": "1.2.0","service.name":"run_pobs_james-project_0","event.dataset":"run_pobs_james-project_0.CONSOLE","process.thread.name":"main","log.logger":"org.apache.james.protocols.lib.netty.AbstractConfigurableAsyncServer"}
{"@timestamp":"2022-05-14T03:48:58.895Z", "log.level": "INFO", "message":"SMTP Service connection backlog is: 200", "ecs.version": "1.2.0","service.name":"run_pobs_james-project_0","event.dataset":"run_pobs_james-project_0.CONSOLE","process.thread.name":"main","log.logger":"org.apache.james.protocols.lib.netty.AbstractConfigurableAsyncServer"}
{"@timestamp":"2022-05-14T03:48:58.895Z", "log.level": "INFO", "message":"This SMTP server requires authentication.", "ecs.version": "1.2.0","service.name":"run_pobs_james-project_0","event.dataset":"run_pobs_james-project_0.CONSOLE","process.thread.name":"main","log.logger":"org.apache.james.protocols.lib.netty.AbstractProtocolAsyncServer"}
{"@timestamp":"2022-05-14T03:48:58.896Z", "log.level": "INFO", "message":"No maximum message size is enforced for this server.", "ecs.version": "1.2.0","service.name":"run_pobs_james-project_0","event.dataset":"run_pobs_james-project_0.CONSOLE","process.thread.name":"main","log.logger":"org.apache.james.protocols.lib.netty.AbstractProtocolAsyncServer"}
system call monitor started
{"@timestamp":"2022-05-14T03:48:59.141Z", "log.level": "INFO", "message":"Init SMTP Service done", "ecs.version": "1.2.0","service.name":"run_pobs_james-project_0","event.dataset":"run_pobs_james-project_0.CONSOLE","process.thread.name":"main","log.logger":"org.apache.james.protocols.lib.netty.AbstractConfigurableAsyncServer"}
{"@timestamp":"2022-05-14T03:48:59.172Z", "log.level": "INFO", "message":"Init SMTP Service done", "ecs.version": "1.2.0","service.name":"run_pobs_james-project_0","event.dataset":"run_pobs_james-project_0.CONSOLE","process.thread.name":"main","log.logger":"org.apache.james.protocols.lib.netty.AbstractConfigurableAsyncServer"}
{"@timestamp":"2022-05-14T03:48:59.195Z", "log.level": "INFO", "message":"Init SMTP Service done", "ecs.version": "1.2.0","service.name":"run_pobs_james-project_0","event.dataset":"run_pobs_james-project_0.CONSOLE","process.thread.name":"main","log.logger":"org.apache.james.protocols.lib.netty.AbstractConfigurableAsyncServer"}
system call monitor started
2022-05-14 03:49:00,914 [main] INFO  co.elastic.apm.agent.util.JmxUtils - Found JVM-specific OperatingSystemMXBean interface: com.sun.management.OperatingSystemMXBean
system call monitor started
2022-05-14 03:49:01,302 [main] INFO  co.elastic.apm.agent.configuration.StartupInfo - Starting Elastic APM 1.30.1 as run_pobs_james-project_0 (3.4.0) on Java 1.8.0_222 Runtime version: 1.8.0_222-b10 VM version: 25.222-b10 (Oracle Corporation) Linux 5.4.0-1070-azure
2022-05-14 03:49:01,303 [main] INFO  co.elastic.apm.agent.configuration.StartupInfo - service_name: 'run_pobs_james-project_0' (source: Environment Variables)
2022-05-14 03:49:01,303 [main] INFO  co.elastic.apm.agent.configuration.StartupInfo - server_url: 'http://172.17.0.1:8200' (source: Environment Variables)
2022-05-14 03:49:01,303 [main] INFO  co.elastic.apm.agent.configuration.StartupInfo - log_ecs_reformatting: 'OVERRIDE' (source: Java System Properties)
2022-05-14 03:49:01,304 [main] WARN  co.elastic.apm.agent.configuration.StartupInfo - To enable all features and decrease startup time, please configure application_packages
system call monitor started
system call monitor started
system call monitor started
system call monitor started
system call monitor started
system call monitor started
system call monitor started
2022-05-14 03:49:08,397 [main] INFO  co.elastic.apm.agent.impl.ElasticApmTracer - Tracer switched to RUNNING state
2022-05-14 03:49:08,639 [elastic-apm-server-healthcheck] INFO  co.elastic.apm.agent.report.ApmServerHealthChecker - Elastic APM server is available: {  "build_date": "2021-11-04T13:10:15Z",  "build_sha": "0702551667e5319822d00dee613ea2a1501615bf",  "version": "7.15.2"}
2022-05-14 03:49:08,658 [elastic-apm-remote-config-poller] INFO  co.elastic.apm.agent.configuration.ApmServerConfigurationSource - Received new configuration from APM Server: {}
system call monitor started
system call monitor started
AddDomain command executed sucessfully in 932 ms.
2022-05-14 03:49:10,275 [elastic-apm-init-instrumentation-shutdown-hook] INFO  co.elastic.apm.agent.bci.InstrumentationStatsLifecycleListener - Used instrumentation groups: [executor, executor-collection, fork-join, logback-correlation, logback-ecs, slf4j-error, urlconnection]
2022-05-14 03:49:10,277 [elastic-apm-circuit-breaker] INFO  co.elastic.apm.agent.impl.circuitbreaker.CircuitBreaker - Stopping the Circuit Breaker thread.
system call monitor started
2022-05-14 03:49:11,284 [elastic-apm-init-instrumentation-shutdown-hook] INFO  co.elastic.apm.agent.impl.ElasticApmTracer - Tracer switched to STOPPED state
2022-05-14 03:49:11,284 [elastic-apm-init-instrumentation-shutdown-hook] INFO  co.elastic.apm.agent.report.ApmServerReporter - dropped events because of full queue: 0
2022-05-14 03:49:11,302 [elastic-apm-init-instrumentation-shutdown-hook] INFO  co.elastic.apm.agent.report.IntakeV2ReportingEventHandler - Reported events: 0
2022-05-14 03:49:11,302 [elastic-apm-init-instrumentation-shutdown-hook] INFO  co.elastic.apm.agent.report.IntakeV2ReportingEventHandler - Dropped events: 0
system call monitor started
2022-05-14 03:49:12,424 [main] INFO  co.elastic.apm.agent.util.JmxUtils - Found JVM-specific OperatingSystemMXBean interface: com.sun.management.OperatingSystemMXBean
2022-05-14 03:49:12,821 [main] INFO  co.elastic.apm.agent.configuration.StartupInfo - Starting Elastic APM 1.30.1 as run_pobs_james-project_0 (3.4.0) on Java 1.8.0_222 Runtime version: 1.8.0_222-b10 VM version: 25.222-b10 (Oracle Corporation) Linux 5.4.0-1070-azure
2022-05-14 03:49:12,821 [main] INFO  co.elastic.apm.agent.configuration.StartupInfo - service_name: 'run_pobs_james-project_0' (source: Environment Variables)
2022-05-14 03:49:12,822 [main] INFO  co.elastic.apm.agent.configuration.StartupInfo - server_url: 'http://172.17.0.1:8200' (source: Environment Variables)
2022-05-14 03:49:12,822 [main] INFO  co.elastic.apm.agent.configuration.StartupInfo - log_ecs_reformatting: 'OVERRIDE' (source: Java System Properties)
2022-05-14 03:49:12,822 [main] WARN  co.elastic.apm.agent.configuration.StartupInfo - To enable all features and decrease startup time, please configure application_packages
system call monitor started
system call monitor started
system call monitor started
system call monitor started
system call monitor started
system call monitor started
system call monitor started
2022-05-14 03:49:19,722 [main] INFO  co.elastic.apm.agent.impl.ElasticApmTracer - Tracer switched to RUNNING state
2022-05-14 03:49:19,843 [elastic-apm-server-healthcheck] INFO  co.elastic.apm.agent.report.ApmServerHealthChecker - Elastic APM server is available: {  "build_date": "2021-11-04T13:10:15Z",  "build_sha": "0702551667e5319822d00dee613ea2a1501615bf",  "version": "7.15.2"}
2022-05-14 03:49:19,866 [elastic-apm-remote-config-poller] INFO  co.elastic.apm.agent.configuration.ApmServerConfigurationSource - Received new configuration from APM Server: {}
system call monitor started
system call monitor started
AddUser command executed sucessfully in 1011 ms.
2022-05-14 03:49:21,567 [elastic-apm-init-instrumentation-shutdown-hook] INFO  co.elastic.apm.agent.bci.InstrumentationStatsLifecycleListener - Used instrumentation groups: [executor, executor-collection, fork-join, logback-correlation, logback-ecs, slf4j-error, urlconnection]
2022-05-14 03:49:21,568 [elastic-apm-circuit-breaker] INFO  co.elastic.apm.agent.impl.circuitbreaker.CircuitBreaker - Stopping the Circuit Breaker thread.
system call monitor started
2022-05-14 03:49:22,579 [elastic-apm-init-instrumentation-shutdown-hook] INFO  co.elastic.apm.agent.impl.ElasticApmTracer - Tracer switched to STOPPED state
2022-05-14 03:49:22,579 [elastic-apm-init-instrumentation-shutdown-hook] INFO  co.elastic.apm.agent.report.ApmServerReporter - dropped events because of full queue: 0
2022-05-14 03:49:22,586 [elastic-apm-init-instrumentation-shutdown-hook] INFO  co.elastic.apm.agent.report.IntakeV2ReportingEventHandler - Reported events: 0
2022-05-14 03:49:22,587 [elastic-apm-init-instrumentation-shutdown-hook] INFO  co.elastic.apm.agent.report.IntakeV2ReportingEventHandler - Dropped events: 0
system call monitor started
2022-05-14 03:49:23,764 [main] INFO  co.elastic.apm.agent.util.JmxUtils - Found JVM-specific OperatingSystemMXBean interface: com.sun.management.OperatingSystemMXBean
system call monitor started
2022-05-14 03:49:24,246 [main] INFO  co.elastic.apm.agent.configuration.StartupInfo - Starting Elastic APM 1.30.1 as run_pobs_james-project_0 (3.4.0) on Java 1.8.0_222 Runtime version: 1.8.0_222-b10 VM version: 25.222-b10 (Oracle Corporation) Linux 5.4.0-1070-azure
2022-05-14 03:49:24,247 [main] INFO  co.elastic.apm.agent.configuration.StartupInfo - service_name: 'run_pobs_james-project_0' (source: Environment Variables)
2022-05-14 03:49:24,248 [main] INFO  co.elastic.apm.agent.configuration.StartupInfo - server_url: 'http://172.17.0.1:8200' (source: Environment Variables)
2022-05-14 03:49:24,248 [main] INFO  co.elastic.apm.agent.configuration.StartupInfo - log_ecs_reformatting: 'OVERRIDE' (source: Java System Properties)
2022-05-14 03:49:24,248 [main] WARN  co.elastic.apm.agent.configuration.StartupInfo - To enable all features and decrease startup time, please configure application_packages
system call monitor started
system call monitor started
system call monitor started
system call monitor started
system call monitor started
system call monitor started
system call monitor started
2022-05-14 03:49:31,292 [main] INFO  co.elastic.apm.agent.impl.ElasticApmTracer - Tracer switched to RUNNING state
2022-05-14 03:49:31,418 [elastic-apm-server-healthcheck] INFO  co.elastic.apm.agent.report.ApmServerHealthChecker - Elastic APM server is available: {  "build_date": "2021-11-04T13:10:15Z",  "build_sha": "0702551667e5319822d00dee613ea2a1501615bf",  "version": "7.15.2"}
2022-05-14 03:49:31,451 [elastic-apm-remote-config-poller] INFO  co.elastic.apm.agent.configuration.ApmServerConfigurationSource - Received new configuration from APM Server: {}
system call monitor started
AddUser command executed sucessfully in 844 ms.
2022-05-14 03:49:32,972 [elastic-apm-init-instrumentation-shutdown-hook] INFO  co.elastic.apm.agent.bci.InstrumentationStatsLifecycleListener - Used instrumentation groups: [executor, executor-collection, fork-join, logback-correlation, logback-ecs, slf4j-error, urlconnection]
2022-05-14 03:49:32,974 [elastic-apm-circuit-breaker] INFO  co.elastic.apm.agent.impl.circuitbreaker.CircuitBreaker - Stopping the Circuit Breaker thread.
system call monitor started
2022-05-14 03:49:33,989 [elastic-apm-init-instrumentation-shutdown-hook] INFO  co.elastic.apm.agent.impl.ElasticApmTracer - Tracer switched to STOPPED state
2022-05-14 03:49:33,990 [elastic-apm-init-instrumentation-shutdown-hook] INFO  co.elastic.apm.agent.report.ApmServerReporter - dropped events because of full queue: 0
2022-05-14 03:49:33,994 [elastic-apm-init-instrumentation-shutdown-hook] INFO  co.elastic.apm.agent.report.IntakeV2ReportingEventHandler - Reported events: 0
2022-05-14 03:49:33,995 [elastic-apm-init-instrumentation-shutdown-hook] INFO  co.elastic.apm.agent.report.IntakeV2ReportingEventHandler - Dropped events: 0
system call monitor started
2022-05-14 03:49:35,045 [main] INFO  co.elastic.apm.agent.util.JmxUtils - Found JVM-specific OperatingSystemMXBean interface: com.sun.management.OperatingSystemMXBean
system call monitor started
2022-05-14 03:49:35,422 [main] INFO  co.elastic.apm.agent.configuration.StartupInfo - Starting Elastic APM 1.30.1 as run_pobs_james-project_0 (3.4.0) on Java 1.8.0_222 Runtime version: 1.8.0_222-b10 VM version: 25.222-b10 (Oracle Corporation) Linux 5.4.0-1070-azure
2022-05-14 03:49:35,423 [main] INFO  co.elastic.apm.agent.configuration.StartupInfo - service_name: 'run_pobs_james-project_0' (source: Environment Variables)
2022-05-14 03:49:35,423 [main] INFO  co.elastic.apm.agent.configuration.StartupInfo - server_url: 'http://172.17.0.1:8200' (source: Environment Variables)
2022-05-14 03:49:35,423 [main] INFO  co.elastic.apm.agent.configuration.StartupInfo - log_ecs_reformatting: 'OVERRIDE' (source: Java System Properties)
2022-05-14 03:49:35,424 [main] WARN  co.elastic.apm.agent.configuration.StartupInfo - To enable all features and decrease startup time, please configure application_packages
system call monitor started
system call monitor started
system call monitor started
system call monitor started
system call monitor started
system call monitor started
system call monitor started
2022-05-14 03:49:42,392 [main] INFO  co.elastic.apm.agent.impl.ElasticApmTracer - Tracer switched to RUNNING state
2022-05-14 03:49:42,536 [elastic-apm-server-healthcheck] INFO  co.elastic.apm.agent.report.ApmServerHealthChecker - Elastic APM server is available: {  "build_date": "2021-11-04T13:10:15Z",  "build_sha": "0702551667e5319822d00dee613ea2a1501615bf",  "version": "7.15.2"}
2022-05-14 03:49:42,568 [elastic-apm-remote-config-poller] INFO  co.elastic.apm.agent.configuration.ApmServerConfigurationSource - Received new configuration from APM Server: {}
system call monitor started
AddUser command executed sucessfully in 872 ms.
2022-05-14 03:49:44,199 [elastic-apm-init-instrumentation-shutdown-hook] INFO  co.elastic.apm.agent.bci.InstrumentationStatsLifecycleListener - Used instrumentation groups: [executor, executor-collection, fork-join, logback-correlation, logback-ecs, slf4j-error, urlconnection]
2022-05-14 03:49:44,201 [elastic-apm-circuit-breaker] INFO  co.elastic.apm.agent.impl.circuitbreaker.CircuitBreaker - Stopping the Circuit Breaker thread.
system call monitor started
system call monitor started
2022-05-14 03:49:45,208 [elastic-apm-init-instrumentation-shutdown-hook] INFO  co.elastic.apm.agent.impl.ElasticApmTracer - Tracer switched to STOPPED state
2022-05-14 03:49:45,208 [elastic-apm-init-instrumentation-shutdown-hook] INFO  co.elastic.apm.agent.report.ApmServerReporter - dropped events because of full queue: 0
2022-05-14 03:49:45,212 [elastic-apm-init-instrumentation-shutdown-hook] INFO  co.elastic.apm.agent.report.IntakeV2ReportingEventHandler - Reported events: 0
2022-05-14 03:49:45,212 [elastic-apm-init-instrumentation-shutdown-hook] INFO  co.elastic.apm.agent.report.IntakeV2ReportingEventHandler - Dropped events: 0
system call monitor started
system call monitor started
system call monitor started
system call monitor started
system call monitor started
system call monitor started
system call monitor started
system call monitor started
system call monitor started
system call monitor started
system call monitor started
system call monitor started
system call monitor started
system call monitor started
system call monitor started
system call monitor started
system call monitor started
system call monitor started
system call monitor started
system call monitor started
system call monitor started
system call monitor started
system call monitor started
system call monitor started
system call monitor started
system call monitor started
system call monitor started
system call monitor started
system call monitor started
system call monitor started
system call monitor started
system call monitor started
system call monitor started
system call monitor started
system call monitor started
system call monitor started
system call monitor started
system call monitor started
system call monitor started
system call monitor started
