strace: invalid option -- 'Z'
Try 'strace -h' for more information.
Picked up JAVA_TOOL_OPTIONS:  -javaagent:/home/elastic/elastic-apm-agent-1.30.1.jar -Delastic.apm.log_ecs_reformatting=OVERRIDE
wait-for-it.sh: waiting for localhost:9999 without a timeout
strace: invalid option -- 'Z'
Try 'strace -h' for more information.
strace: invalid option -- 'Z'
Try 'strace -h' for more information.
strace: invalid option -- 'Z'
Try 'strace -h' for more information.
strace: invalid option -- 'Z'
Try 'strace -h' for more information.
strace: invalid option -- 'Z'
Try 'strace -h' for more information.
strace: invalid option -- 'Z'
Try 'strace -h' for more information.
strace: invalid option -- 'Z'
Try 'strace -h' for more information.
strace: invalid option -- 'Z'
Try 'strace -h' for more information.
strace: invalid option -- 'Z'
Try 'strace -h' for more information.
strace: invalid option -- 'Z'
Try 'strace -h' for more information.
strace: invalid option -- 'Z'
Try 'strace -h' for more information.
strace: invalid option -- 'Z'
Try 'strace -h' for more information.
strace: invalid option -- 'Z'
Try 'strace -h' for more information.
strace: invalid option -- 'Z'
Try 'strace -h' for more information.
strace: invalid option -- 'Z'
Try 'strace -h' for more information.
strace: invalid option -- 'Z'
Try 'strace -h' for more information.
strace: invalid option -- 'Z'
Try 'strace -h' for more information.
strace: invalid option -- 'Z'
Try 'strace -h' for more information.
strace: invalid option -- 'Z'
Try 'strace -h' for more information.
43  Global  WARN   [main] openjpa.Runtime - Could not create the optional validation provider. Reason returned: "A default ValidatorFactory could not be created."
strace: invalid option -- 'Z'
Try 'strace -h' for more information.
1552  Global  INFO   [main] openjpa.Runtime - Starting OpenJPA 3.1.0
1630  Global  INFO   [main] openjpa.jdbc.JDBC - Using dictionary class "org.apache.openjpa.jdbc.sql.DerbyDictionary".
strace: invalid option -- 'Z'
Try 'strace -h' for more information.
strace: invalid option -- 'Z'
Try 'strace -h' for more information.
3947  Global  INFO   [main] openjpa.jdbc.JDBC - Connected to Apache Derby version 10.10 using JDBC driver Apache Derby Embedded JDBC Driver version 10.14.2.0 - (1828579).
strace: invalid option -- 'Z'
Try 'strace -h' for more information.
strace: invalid option -- 'Z'
Try 'strace -h' for more information.
strace: invalid option -- 'Z'
Try 'strace -h' for more information.
strace: invalid option -- 'Z'
Try 'strace -h' for more information.
strace: invalid option -- 'Z'
Try 'strace -h' for more information.
strace: invalid option -- 'Z'
Try 'strace -h' for more information.
strace: invalid option -- 'Z'
Try 'strace -h' for more information.
strace: invalid option -- 'Z'
Try 'strace -h' for more information.
strace: invalid option -- 'Z'
Try 'strace -h' for more information.
strace: invalid option -- 'Z'
Try 'strace -h' for more information.
wait-for-it.sh: localhost:9999 is available after 32 seconds
Picked up JAVA_TOOL_OPTIONS:  -javaagent:/home/elastic/elastic-apm-agent-1.30.1.jar -Delastic.apm.log_ecs_reformatting=OVERRIDE
strace: invalid option -- 'Z'
Try 'strace -h' for more information.
strace: invalid option -- 'Z'
Try 'strace -h' for more information.
strace: invalid option -- 'Z'
Try 'strace -h' for more information.
strace: invalid option -- 'Z'
Try 'strace -h' for more information.
strace: invalid option -- 'Z'
Try 'strace -h' for more information.
strace: invalid option -- 'Z'
Try 'strace -h' for more information.
strace: invalid option -- 'Z'
Try 'strace -h' for more information.
strace: invalid option -- 'Z'
Try 'strace -h' for more information.
strace: invalid option -- 'Z'
Try 'strace -h' for more information.
strace: invalid option -- 'Z'
Try 'strace -h' for more information.
strace: invalid option -- 'Z'
Try 'strace -h' for more information.
strace: invalid option -- 'Z'
Try 'strace -h' for more information.
Picked up JAVA_TOOL_OPTIONS:  -javaagent:/home/elastic/elastic-apm-agent-1.30.1.jar -Delastic.apm.log_ecs_reformatting=OVERRIDE
strace: invalid option -- 'Z'
Try 'strace -h' for more information.
strace: invalid option -- 'Z'
Try 'strace -h' for more information.
strace: invalid option -- 'Z'
Try 'strace -h' for more information.
strace: invalid option -- 'Z'
Try 'strace -h' for more information.
strace: invalid option -- 'Z'
Try 'strace -h' for more information.
strace: invalid option -- 'Z'
Try 'strace -h' for more information.
strace: invalid option -- 'Z'
Try 'strace -h' for more information.
strace: invalid option -- 'Z'
Try 'strace -h' for more information.
strace: invalid option -- 'Z'
Try 'strace -h' for more information.
strace: invalid option -- 'Z'
Try 'strace -h' for more information.
strace: invalid option -- 'Z'
Try 'strace -h' for more information.
Picked up JAVA_TOOL_OPTIONS:  -javaagent:/home/elastic/elastic-apm-agent-1.30.1.jar -Delastic.apm.log_ecs_reformatting=OVERRIDE
strace: invalid option -- 'Z'
Try 'strace -h' for more information.
strace: invalid option -- 'Z'
Try 'strace -h' for more information.
strace: invalid option -- 'Z'
Try 'strace -h' for more information.
strace: invalid option -- 'Z'
Try 'strace -h' for more information.
strace: invalid option -- 'Z'
Try 'strace -h' for more information.
strace: invalid option -- 'Z'
Try 'strace -h' for more information.
strace: invalid option -- 'Z'
Try 'strace -h' for more information.
strace: invalid option -- 'Z'
Try 'strace -h' for more information.
strace: invalid option -- 'Z'
Try 'strace -h' for more information.
strace: invalid option -- 'Z'
Try 'strace -h' for more information.
strace: invalid option -- 'Z'
Try 'strace -h' for more information.
Picked up JAVA_TOOL_OPTIONS:  -javaagent:/home/elastic/elastic-apm-agent-1.30.1.jar -Delastic.apm.log_ecs_reformatting=OVERRIDE
strace: invalid option -- 'Z'
Try 'strace -h' for more information.
strace: invalid option -- 'Z'
Try 'strace -h' for more information.
strace: invalid option -- 'Z'
Try 'strace -h' for more information.
strace: invalid option -- 'Z'
Try 'strace -h' for more information.
strace: invalid option -- 'Z'
Try 'strace -h' for more information.
strace: invalid option -- 'Z'
Try 'strace -h' for more information.
strace: invalid option -- 'Z'
Try 'strace -h' for more information.
strace: invalid option -- 'Z'
Try 'strace -h' for more information.
strace: invalid option -- 'Z'
Try 'strace -h' for more information.
strace: invalid option -- 'Z'
Try 'strace -h' for more information.
strace: invalid option -- 'Z'
Try 'strace -h' for more information.
strace: invalid option -- 'Z'
Try 'strace -h' for more information.
strace: invalid option -- 'Z'
Try 'strace -h' for more information.
strace: invalid option -- 'Z'
Try 'strace -h' for more information.
strace: invalid option -- 'Z'
Try 'strace -h' for more information.
strace: invalid option -- 'Z'
Try 'strace -h' for more information.
strace: invalid option -- 'Z'
Try 'strace -h' for more information.
strace: invalid option -- 'Z'
Try 'strace -h' for more information.
strace: invalid option -- 'Z'
Try 'strace -h' for more information.
strace: invalid option -- 'Z'
Try 'strace -h' for more information.
strace: invalid option -- 'Z'
Try 'strace -h' for more information.
strace: invalid option -- 'Z'
Try 'strace -h' for more information.
strace: invalid option -- 'Z'
Try 'strace -h' for more information.
strace: invalid option -- 'Z'
Try 'strace -h' for more information.
strace: invalid option -- 'Z'
Try 'strace -h' for more information.
strace: invalid option -- 'Z'
Try 'strace -h' for more information.
strace: invalid option -- 'Z'
Try 'strace -h' for more information.
strace: invalid option -- 'Z'
Try 'strace -h' for more information.
strace: invalid option -- 'Z'
Try 'strace -h' for more information.
strace: invalid option -- 'Z'
Try 'strace -h' for more information.
strace: invalid option -- 'Z'
Try 'strace -h' for more information.
strace: invalid option -- 'Z'
Try 'strace -h' for more information.
strace: invalid option -- 'Z'
Try 'strace -h' for more information.
strace: invalid option -- 'Z'
Try 'strace -h' for more information.
strace: invalid option -- 'Z'
Try 'strace -h' for more information.
strace: invalid option -- 'Z'
Try 'strace -h' for more information.
strace: invalid option -- 'Z'
Try 'strace -h' for more information.
strace: invalid option -- 'Z'
Try 'strace -h' for more information.
strace: invalid option -- 'Z'
Try 'strace -h' for more information.
strace: invalid option -- 'Z'
Try 'strace -h' for more information.
strace: invalid option -- 'Z'
Try 'strace -h' for more information.
strace: invalid option -- 'Z'
Try 'strace -h' for more information.
strace: invalid option -- 'Z'
Try 'strace -h' for more information.
strace: invalid option -- 'Z'
Try 'strace -h' for more information.
strace: invalid option -- 'Z'
Try 'strace -h' for more information.
strace: invalid option -- 'Z'
Try 'strace -h' for more information.
strace: invalid option -- 'Z'
Try 'strace -h' for more information.
strace: invalid option -- 'Z'
Try 'strace -h' for more information.
strace: invalid option -- 'Z'
Try 'strace -h' for more information.
strace: invalid option -- 'Z'
Try 'strace -h' for more information.
strace: invalid option -- 'Z'
Try 'strace -h' for more information.
strace: invalid option -- 'Z'
Try 'strace -h' for more information.
