[s6-init] making user provided files available at /var/run/s6/etc...exited 0.
[s6-init] ensuring user provided files have correct perms...exited 0.
[fix-attrs.d] applying ownership & permissions fixes...
[fix-attrs.d] done.
[cont-init.d] executing container initialization scripts...
[cont-init.d] done.
[services.d] starting services
[services.d] done.
system call monitor started
=========================================================================

  JBoss Bootstrap Environment

  JBOSS_HOME: /wildfly

  JAVA: java

  JAVA_OPTS:  -server  -noverify

=========================================================================

system call monitor started
2022-05-14 09:11:51,609 [main] INFO  co.elastic.apm.agent.util.JmxUtils - Found JVM-specific OperatingSystemMXBean interface: com.sun.management.OperatingSystemMXBean
2022-05-14 09:11:51,887 [main] INFO  co.elastic.apm.agent.configuration.StartupInfo - Starting Elastic APM 1.30.1 as run_pobs_arquillian-cube_0 on Java 1.8.0_181 Runtime version: 1.8.0_181-b13 VM version: 25.181-b13 (Oracle Corporation) Linux 5.4.0-1070-azure
2022-05-14 09:11:51,888 [main] INFO  co.elastic.apm.agent.configuration.StartupInfo - service_name: 'run_pobs_arquillian-cube_0' (source: Environment Variables)
2022-05-14 09:11:51,888 [main] INFO  co.elastic.apm.agent.configuration.StartupInfo - server_url: 'http://172.17.0.1:8200' (source: Environment Variables)
2022-05-14 09:11:51,888 [main] INFO  co.elastic.apm.agent.configuration.StartupInfo - log_ecs_reformatting: 'OVERRIDE' (source: Java System Properties)
2022-05-14 09:11:51,889 [main] WARN  co.elastic.apm.agent.configuration.StartupInfo - To enable all features and decrease startup time, please configure application_packages
system call monitor started
system call monitor started
system call monitor started
system call monitor started
system call monitor started
system call monitor started
system call monitor started
2022-05-14 09:11:58,517 [main] INFO  co.elastic.apm.agent.impl.ElasticApmTracer - Tracer switched to RUNNING state
2022-05-14 09:11:58,606 [elastic-apm-server-healthcheck] INFO  co.elastic.apm.agent.report.ApmServerHealthChecker - Elastic APM server is available: {  "build_date": "2021-11-04T13:10:15Z",  "build_sha": "0702551667e5319822d00dee613ea2a1501615bf",  "version": "7.15.2"}
2022-05-14 09:11:58,720 [elastic-apm-remote-config-poller] INFO  co.elastic.apm.agent.configuration.ApmServerConfigurationSource - Received new configuration from APM Server: {}
system call monitor started
[0m09:11:59,705 INFO  [org.jboss.modules] (main) JBoss Modules version 1.5.2.Final
[0m[0m09:12:00,136 INFO  [org.jboss.msc] (main) JBoss MSC version 1.2.6.Final
[0m[0m09:12:00,290 INFO  [org.jboss.as] (MSC service thread 1-4) WFLYSRV0049: WildFly Full 10.1.0.Final (WildFly Core 2.2.0.Final) starting
[0msystem call monitor started
system call monitor started
[0m09:12:02,315 INFO  [org.jboss.as.server] (Controller Boot Thread) WFLYSRV0039: Creating http management service using socket-binding (management-http)
[0m[0m09:12:02,336 INFO  [org.xnio] (MSC service thread 1-3) XNIO version 3.4.0.Final
[0m[0m09:12:02,358 INFO  [org.xnio.nio] (MSC service thread 1-3) XNIO NIO Implementation Version 3.4.0.Final
[0msystem call monitor started
[0m09:12:02,550 INFO  [org.jboss.as.connector.subsystems.datasources] (ServerService Thread Pool -- 33) WFLYJCA0004: Deploying JDBC-compliant driver class org.h2.Driver (version 1.3)
[0m[0m09:12:02,565 INFO  [org.jboss.as.clustering.infinispan] (ServerService Thread Pool -- 38) WFLYCLINF0001: Activating Infinispan subsystem.
[0m[0m09:12:02,578 INFO  [org.wildfly.extension.io] (ServerService Thread Pool -- 37) WFLYIO001: Worker 'default' has auto-configured to 4 core threads with 32 task threads based on your 2 available processors
[0m[0m09:12:02,643 INFO  [org.jboss.as.naming] (ServerService Thread Pool -- 46) WFLYNAM0001: Activating Naming Subsystem
[0m[0m09:12:02,648 INFO  [org.jboss.as.jsf] (ServerService Thread Pool -- 44) WFLYJSF0007: Activated the following JSF Implementations: [main]
[0m[0m09:12:02,720 INFO  [org.jboss.as.security] (ServerService Thread Pool -- 53) WFLYSEC0002: Activating Security Subsystem
[0m[33m09:12:02,727 WARN  [org.jboss.as.txn] (ServerService Thread Pool -- 54) WFLYTX0013: Node identifier property is set to the default value. Please make sure it is unique.
[0m[0m09:12:02,745 INFO  [org.jboss.as.webservices] (ServerService Thread Pool -- 56) WFLYWS0002: Activating WebServices Extension
[0m[0m09:12:02,770 INFO  [org.jboss.as.connector] (MSC service thread 1-3) WFLYJCA0009: Starting JCA Subsystem (WildFly/IronJacamar 1.3.4.Final)
[0m[0m09:12:02,832 INFO  [org.jboss.remoting] (MSC service thread 1-3) JBoss Remoting version 4.0.21.Final
[0m[0m09:12:02,858 INFO  [org.wildfly.extension.undertow] (MSC service thread 1-2) WFLYUT0003: Undertow 1.4.0.Final starting
[0m[0m09:12:02,880 INFO  [org.jboss.as.connector.deployers.jdbc] (MSC service thread 1-3) WFLYJCA0018: Started Driver service with driver-name = h2
[0m[0m09:12:02,951 INFO  [org.jboss.as.security] (MSC service thread 1-4) WFLYSEC0001: Current PicketBox version=4.9.6.Final
[0m[0m09:12:02,973 INFO  [org.jboss.as.connector.subsystems.datasources] (ServerService Thread Pool -- 33) WFLYJCA0005: Deploying non-JDBC-compliant driver class com.mysql.jdbc.Driver (version 5.1)
[0m[0m09:12:02,999 INFO  [org.jboss.as.connector.subsystems.datasources] (ServerService Thread Pool -- 33) WFLYJCA0005: Deploying non-JDBC-compliant driver class org.postgresql.Driver (version 9.4)
[0m[0m09:12:03,039 INFO  [org.jboss.as.naming] (MSC service thread 1-3) WFLYNAM0003: Starting Naming Service
[0m[0m09:12:03,047 INFO  [org.jboss.as.connector.deployers.jdbc] (MSC service thread 1-2) WFLYJCA0018: Started Driver service with driver-name = mysql
[0m[0m09:12:03,086 INFO  [org.jboss.as.connector.deployers.jdbc] (MSC service thread 1-4) WFLYJCA0018: Started Driver service with driver-name = postgresql
[0m[0m09:12:03,084 INFO  [org.jboss.as.mail.extension] (MSC service thread 1-1) WFLYMAIL0001: Bound mail session [java:jboss/mail/Default]
[0m[0m09:12:03,384 INFO  [org.wildfly.extension.undertow] (ServerService Thread Pool -- 55) WFLYUT0014: Creating file handler for path '/wildfly/welcome-content' with options [directory-listing: 'false', follow-symlink: 'false', case-sensitive: 'true', safe-symlink-paths: '[]']
[0msystem call monitor started
[0m09:12:03,564 INFO  [org.jboss.as.ejb3] (MSC service thread 1-3) WFLYEJB0482: Strict pool mdb-strict-max-pool is using a max instance size of 8 (per class), which is derived from the number of CPUs on this host.
[0m[0m09:12:03,552 INFO  [org.jboss.as.ejb3] (MSC service thread 1-1) WFLYEJB0481: Strict pool slsb-strict-max-pool is using a max instance size of 32 (per class), which is derived from thread worker pool sizing.
[0m[0m09:12:03,615 INFO  [org.wildfly.extension.undertow] (MSC service thread 1-3) WFLYUT0012: Started server default-server.
[0m[0m09:12:03,630 INFO  [org.wildfly.extension.undertow] (MSC service thread 1-4) WFLYUT0018: Host default-host starting
[0m[31m09:12:03,862 ERROR [org.jboss.msc.service.fail] (MSC service thread 1-3) MSC000001: Failed to start service jboss.undertow.listener.default: org.jboss.msc.service.StartException in service jboss.undertow.listener.default: WFLYUT0082: Could not start 'default' listener.
	at org.wildfly.extension.undertow.ListenerService.start(ListenerService.java:153)
	at org.jboss.msc.service.ServiceControllerImpl$StartTask.startService(ServiceControllerImpl.java:1948)
	at org.jboss.msc.service.ServiceControllerImpl$StartTask.run(ServiceControllerImpl.java:1881)
	at java.util.concurrent.ThreadPoolExecutor.runWorker(ThreadPoolExecutor.java:1149)
	at java.util.concurrent.ThreadPoolExecutor$Worker.run(ThreadPoolExecutor.java:624)
	at java.lang.Thread.run(Thread.java:748)
Caused by: java.net.SocketException: Protocol family unavailable
	at sun.nio.ch.Net.bind0(Native Method)
	at sun.nio.ch.Net.bind(Net.java:433)
	at sun.nio.ch.Net.bind(Net.java:425)
	at sun.nio.ch.ServerSocketChannelImpl.bind(ServerSocketChannelImpl.java:223)
	at sun.nio.ch.ServerSocketAdaptor.bind(ServerSocketAdaptor.java:74)
	at org.xnio.nio.NioXnioWorker.createTcpConnectionServer(NioXnioWorker.java:190)
	at org.xnio.XnioWorker.createStreamConnectionServer(XnioWorker.java:243)
	at org.wildfly.extension.undertow.HttpListenerService.startListening(HttpListenerService.java:126)
	at org.wildfly.extension.undertow.ListenerService.start(ListenerService.java:142)
	... 5 more

[0m[0m09:12:04,216 INFO  [org.jboss.as.connector.subsystems.datasources] (MSC service thread 1-2) WFLYJCA0001: Bound data source [java:jboss/datasources/ExampleDS]
[0msystem call monitor started
[0m09:12:04,988 INFO  [org.jboss.as.server.deployment.scanner] (MSC service thread 1-2) WFLYDS0013: Started FileSystemDeploymentService for directory /wildfly/standalone/deployments
[0m[0m09:12:05,147 INFO  [org.infinispan.factories.GlobalComponentRegistry] (MSC service thread 1-1) ISPN000128: Infinispan version: Infinispan 'Chakra' 8.2.4.Final
[0m[0m09:12:05,216 INFO  [org.infinispan.configuration.cache.EvictionConfigurationBuilder] (ServerService Thread Pool -- 60) ISPN000152: Passivation configured without an eviction policy being selected. Only manually evicted entities will be passivated.
[0m[0m09:12:05,228 INFO  [org.infinispan.configuration.cache.EvictionConfigurationBuilder] (ServerService Thread Pool -- 60) ISPN000152: Passivation configured without an eviction policy being selected. Only manually evicted entities will be passivated.
[0m[0m09:12:05,231 INFO  [org.infinispan.configuration.cache.EvictionConfigurationBuilder] (ServerService Thread Pool -- 59) ISPN000152: Passivation configured without an eviction policy being selected. Only manually evicted entities will be passivated.
[0m[0m09:12:05,240 INFO  [org.infinispan.configuration.cache.EvictionConfigurationBuilder] (ServerService Thread Pool -- 59) ISPN000152: Passivation configured without an eviction policy being selected. Only manually evicted entities will be passivated.
[0m[31m09:12:05,293 ERROR [org.jboss.msc.service.fail] (MSC service thread 1-4) MSC000001: Failed to start service jboss.serverManagement.controller.management.http: org.jboss.msc.service.StartException in service jboss.serverManagement.controller.management.http: WFLYSRV0083: Failed to start the http-interface service
	at org.jboss.as.server.mgmt.UndertowHttpManagementService.start(UndertowHttpManagementService.java:275)
	at org.jboss.msc.service.ServiceControllerImpl$StartTask.startService(ServiceControllerImpl.java:1948)
	at org.jboss.msc.service.ServiceControllerImpl$StartTask.run(ServiceControllerImpl.java:1881)
	at java.util.concurrent.ThreadPoolExecutor.runWorker(ThreadPoolExecutor.java:1149)
	at java.util.concurrent.ThreadPoolExecutor$Worker.run(ThreadPoolExecutor.java:624)
	at java.lang.Thread.run(Thread.java:748)
Caused by: java.lang.RuntimeException: java.net.SocketException: Protocol family unavailable
	at org.jboss.as.domain.http.server.ManagementHttpServer.start(ManagementHttpServer.java:153)
	at org.jboss.as.server.mgmt.UndertowHttpManagementService.start(UndertowHttpManagementService.java:239)
	... 5 more
Caused by: java.net.SocketException: Protocol family unavailable
	at sun.nio.ch.Net.bind0(Native Method)
	at sun.nio.ch.Net.bind(Net.java:433)
	at sun.nio.ch.Net.bind(Net.java:425)
	at sun.nio.ch.ServerSocketChannelImpl.bind(ServerSocketChannelImpl.java:223)
	at sun.nio.ch.ServerSocketAdaptor.bind(ServerSocketAdaptor.java:74)
	at sun.nio.ch.ServerSocketAdaptor.bind(ServerSocketAdaptor.java:67)
	at org.xnio.nio.NioXnioWorker.createTcpConnectionServer(NioXnioWorker.java:192)
	at org.xnio.XnioWorker.createStreamConnectionServer(XnioWorker.java:243)
	at org.jboss.as.domain.http.server.ManagementHttpServer.start(ManagementHttpServer.java:140)
	... 6 more

[0m[31m09:12:05,302 ERROR [org.jboss.as.controller.management-operation] (Controller Boot Thread) WFLYCTL0013: Operation ("add") failed - address: ([
    ("core-service" => "management"),
    ("management-interface" => "http-interface")
]) - failure description: {
    "WFLYCTL0080: Failed services" => {"jboss.serverManagement.controller.management.http" => "org.jboss.msc.service.StartException in service jboss.serverManagement.controller.management.http: WFLYSRV0083: Failed to start the http-interface service
    Caused by: java.lang.RuntimeException: java.net.SocketException: Protocol family unavailable
    Caused by: java.net.SocketException: Protocol family unavailable"},
    "WFLYCTL0412: Required services that are not installed:" => ["jboss.serverManagement.controller.management.http"],
    "WFLYCTL0180: Services with missing/unavailable dependencies" => undefined,
    "WFLYCTL0288: One or more services were unable to start due to one or more indirect dependencies not being available." => {
        "Services that were unable to start:" => ["jboss.serverManagement.controller.management.http.shutdown"],
        "Services that may be the cause:" => ["jboss.remoting.remotingConnectorInfoService.http-remoting-connector"]
    }
}
[0m[31m09:12:05,306 ERROR [org.jboss.as.controller.management-operation] (Controller Boot Thread) WFLYCTL0013: Operation ("add") failed - address: ([("subsystem" => "webservices")]) - failure description: {
    "WFLYCTL0180: Services with missing/unavailable dependencies" => undefined,
    "WFLYCTL0288: One or more services were unable to start due to one or more indirect dependencies not being available." => {
        "Services that were unable to start:" => ["jboss.ws.config"],
        "Services that may be the cause:" => ["jboss.remoting.remotingConnectorInfoService.http-remoting-connector"]
    }
}
[0m[31m09:12:05,307 ERROR [org.jboss.as.controller.management-operation] (Controller Boot Thread) WFLYCTL0013: Operation ("add") failed - address: ([
    ("subsystem" => "undertow"),
    ("server" => "default-server"),
    ("http-listener" => "default")
]) - failure description: {
    "WFLYCTL0080: Failed services" => {"jboss.undertow.listener.default" => "org.jboss.msc.service.StartException in service jboss.undertow.listener.default: WFLYUT0082: Could not start 'default' listener.
    Caused by: java.net.SocketException: Protocol family unavailable"},
    "WFLYCTL0412: Required services that are not installed:" => ["jboss.undertow.listener.default"],
    "WFLYCTL0180: Services with missing/unavailable dependencies" => undefined
}
[0m[31m09:12:05,324 ERROR [org.jboss.as.controller.management-operation] (Controller Boot Thread) WFLYCTL0013: Operation ("add") failed - address: ([("subsystem" => "ejb3")]) - failure description: {
    "WFLYCTL0180: Services with missing/unavailable dependencies" => undefined,
    "WFLYCTL0288: One or more services were unable to start due to one or more indirect dependencies not being available." => {
        "Services that were unable to start:" => [
            "jboss.ejb.default-local-ejb-receiver-service",
            "jboss.ejb3.ejbClientContext.default",
            "jboss.ejb3.localEjbReceiver.value"
        ],
        "Services that may be the cause:" => ["jboss.remoting.remotingConnectorInfoService.http-remoting-connector"]
    }
}
[0m[31m09:12:05,329 ERROR [org.jboss.as.controller.management-operation] (Controller Boot Thread) WFLYCTL0013: Operation ("add") failed - address: ([
    ("subsystem" => "ejb3"),
    ("service" => "remote")
]) - failure description: {
    "WFLYCTL0412: Required services that are not installed:" => ["jboss.remoting.remotingConnectorInfoService.http-remoting-connector"],
    "WFLYCTL0180: Services with missing/unavailable dependencies" => ["jboss.ejb3.connector is missing [jboss.remoting.remotingConnectorInfoService.http-remoting-connector]"]
}
[0m[0m09:12:05,442 INFO  [org.jboss.as.controller] (Controller Boot Thread) WFLYCTL0183: Service status report
WFLYCTL0184:    New missing/unsatisfied dependencies:
      service jboss.remoting.remotingConnectorInfoService.http-remoting-connector (missing) dependents: [service jboss.ejb3.connector] 
WFLYCTL0186:   Services which failed to start:      service jboss.undertow.listener.default: org.jboss.msc.service.StartException in service jboss.undertow.listener.default: WFLYUT0082: Could not start 'default' listener.
      service jboss.serverManagement.controller.management.http: org.jboss.msc.service.StartException in service jboss.serverManagement.controller.management.http: WFLYSRV0083: Failed to start the http-interface service

[0msystem call monitor started
[0m09:12:05,714 INFO  [org.jboss.as] (Controller Boot Thread) WFLYSRV0063: Http management interface is not enabled
[0m[0m09:12:05,714 INFO  [org.jboss.as] (Controller Boot Thread) WFLYSRV0054: Admin console is not enabled
[0m[31m09:12:05,715 ERROR [org.jboss.as] (Controller Boot Thread) WFLYSRV0026: WildFly Full 10.1.0.Final (WildFly Core 2.2.0.Final) started (with errors) in 7162ms - Started 311 of 569 services (8 services failed or missing dependencies, 389 services are lazy, passive or on-demand)
[0msystem call monitor started
system call monitor started
system call monitor started
system call monitor started
system call monitor started
system call monitor started
system call monitor started
system call monitor started
system call monitor started
system call monitor started
system call monitor started
system call monitor started
system call monitor started
system call monitor started
system call monitor started
system call monitor started
system call monitor started
system call monitor started
system call monitor started
system call monitor started
system call monitor started
system call monitor started
system call monitor started
system call monitor started
system call monitor started
system call monitor started
system call monitor started
system call monitor started
system call monitor started
system call monitor started
system call monitor started
system call monitor started
system call monitor started
system call monitor started
system call monitor started
system call monitor started
system call monitor started
system call monitor started
system call monitor started
system call monitor started
system call monitor started
system call monitor started
system call monitor started
system call monitor started
system call monitor started
system call monitor started
system call monitor started
system call monitor started
system call monitor started
system call monitor started
system call monitor started
system call monitor started
system call monitor started
system call monitor started
system call monitor started
system call monitor started
system call monitor started
system call monitor started
system call monitor started
system call monitor started
system call monitor started
system call monitor started
system call monitor started
system call monitor started
system call monitor started
system call monitor started
system call monitor started
system call monitor started
system call monitor started
system call monitor started
system call monitor started
system call monitor started
system call monitor started
system call monitor started
system call monitor started
system call monitor started
system call monitor started
system call monitor started
system call monitor started
system call monitor started
system call monitor started
system call monitor started
system call monitor started
system call monitor started
system call monitor started
system call monitor started
system call monitor started
system call monitor started
system call monitor started
system call monitor started
system call monitor started
system call monitor started
system call monitor started
system call monitor started
system call monitor started
system call monitor started
system call monitor started
system call monitor started
system call monitor started
system call monitor started
system call monitor started
system call monitor started
system call monitor started
system call monitor started
