[s6-init] making user provided files available at /var/run/s6/etc...exited 0.
[s6-init] ensuring user provided files have correct perms...exited 0.
[fix-attrs.d] applying ownership & permissions fixes...
[fix-attrs.d] done.
[cont-init.d] executing container initialization scripts...
[cont-init.d] done.
[services.d] starting services
system call monitor started
[services.d] done.
JAVA_OPTS already set in environment; overriding default settings with values:  -noverify
=========================================================================

  JBoss Bootstrap Environment

  JBOSS_HOME: /opt/jboss/wildfly

  JAVA: /usr/lib/jvm/java/bin/java

  JAVA_OPTS:  -server  -noverify

=========================================================================

[elastic-apm-agent] INFO Delaying Elastic APM Agent initialization by 3000 milliseconds.
[0m09:36:38,384 INFO  [org.jboss.modules] (main) JBoss Modules version 1.3.3.Final
[0m[0m09:36:38,783 INFO  [org.jboss.msc] (main) JBoss MSC version 1.2.2.Final
[0m[0m09:36:38,900 INFO  [org.jboss.as] (MSC service thread 1-2) JBAS015899: WildFly 8.2.0.Final "Tweek" starting
[0msystem call monitor started
system call monitor started
[0m09:36:40,506 INFO  [org.jboss.as.server] (Controller Boot Thread) JBAS015888: Creating http management service using socket-binding (management-http)
[0m[0m09:36:40,528 INFO  [org.xnio] (MSC service thread 1-1) XNIO version 3.3.0.Final
[0m[0m09:36:40,561 INFO  [org.xnio.nio] (MSC service thread 1-1) XNIO NIO Implementation Version 3.3.0.Final
[0m[0m09:36:40,646 INFO  [org.jboss.as.clustering.infinispan] (ServerService Thread Pool -- 32) JBAS010280: Activating Infinispan subsystem.
[0m[0m09:36:40,652 INFO  [org.wildfly.extension.io] (ServerService Thread Pool -- 31) WFLYIO001: Worker 'default' has auto-configured to 4 core threads with 32 task threads based on your 2 available processors
[0m[33m09:36:40,693 WARN  [org.jboss.as.txn] (ServerService Thread Pool -- 46) JBAS010153: Node identifier property is set to the default value. Please make sure it is unique.
[0m[0m09:36:40,695 INFO  [org.jboss.as.naming] (ServerService Thread Pool -- 40) JBAS011800: Activating Naming Subsystem
[0m[0m09:36:40,708 INFO  [org.jboss.as.security] (ServerService Thread Pool -- 45) JBAS013171: Activating Security Subsystem
[0m[0m09:36:40,698 INFO  [org.jboss.as.connector.subsystems.datasources] (ServerService Thread Pool -- 27) JBAS010403: Deploying JDBC-compliant driver class org.h2.Driver (version 1.3)
[0m[0m09:36:40,728 INFO  [org.jboss.as.connector.logging] (MSC service thread 1-3) JBAS010408: Starting JCA Subsystem (IronJacamar 1.1.9.Final)
[0m[0m09:36:40,741 INFO  [org.jboss.as.webservices] (ServerService Thread Pool -- 48) JBAS015537: Activating WebServices Extension
[0m[0m09:36:40,743 INFO  [org.wildfly.extension.undertow] (ServerService Thread Pool -- 47) JBAS017502: Undertow 1.1.0.Final starting
[0m[0m09:36:40,754 INFO  [org.wildfly.extension.undertow] (MSC service thread 1-3) JBAS017502: Undertow 1.1.0.Final starting
[0m[0m09:36:40,762 INFO  [org.jboss.as.jsf] (ServerService Thread Pool -- 38) JBAS012615: Activated the following JSF Implementations: [main]
[0m[0m09:36:40,781 INFO  [org.jboss.as.connector.deployers.jdbc] (MSC service thread 1-3) JBAS010417: Started Driver service with driver-name = h2
[0m[0m09:36:40,784 INFO  [org.jboss.as.security] (MSC service thread 1-3) JBAS013170: Current PicketBox version=4.0.21.Final
[0m[0m09:36:40,806 INFO  [org.jboss.as.naming] (MSC service thread 1-4) JBAS011802: Starting Naming Service
[0m[0m09:36:40,822 INFO  [org.jboss.as.mail.extension] (MSC service thread 1-3) JBAS015400: Bound mail session [java:jboss/mail/Default]
[0m[0m09:36:40,865 INFO  [org.jboss.remoting] (MSC service thread 1-2) JBoss Remoting version 4.0.6.Final
[0msystem call monitor started
[0m09:36:41,038 INFO  [org.wildfly.extension.undertow] (ServerService Thread Pool -- 47) JBAS017527: Creating file handler for path /opt/jboss/wildfly/welcome-content
[0m[0m09:36:41,039 INFO  [org.wildfly.extension.undertow] (MSC service thread 1-1) JBAS017525: Started server default-server.
[0m[0m09:36:41,151 INFO  [org.wildfly.extension.undertow] (MSC service thread 1-3) JBAS017531: Host default-host starting
[0m[0m09:36:41,256 INFO  [org.wildfly.extension.undertow] (MSC service thread 1-1) JBAS017519: Undertow HTTP listener default listening on /0.0.0.0:8080
[0m[0m09:36:41,771 INFO  [org.jboss.as.connector.subsystems.datasources] (MSC service thread 1-3) JBAS010400: Bound data source [java:jboss/datasources/ExampleDS]
[0msystem call monitor started
[0m09:36:42,077 INFO  [org.jboss.as.server.deployment.scanner] (MSC service thread 1-1) JBAS015012: Started FileSystemDeploymentService for directory /opt/jboss/wildfly/standalone/deployments
[0msystem call monitor started
[0m09:36:43,156 INFO  [org.jboss.ws.common.management] (MSC service thread 1-4) JBWS022052: Starting JBoss Web Services - Stack CXF Server 4.3.2.Final
[0m[0m09:36:43,277 INFO  [stdout] (elastic-apm-agent-initialization) 2022-05-14 09:36:43,273 [elastic-apm-agent-initialization] INFO  co.elastic.apm.agent.util.JmxUtils - Found JVM-specific OperatingSystemMXBean interface: com.sun.management.OperatingSystemMXBean
[0m[0m09:36:43,341 INFO  [org.jboss.as] (Controller Boot Thread) JBAS015961: Http management interface listening on http://0.0.0.0:9990/management
[0m[0m09:36:43,342 INFO  [org.jboss.as] (Controller Boot Thread) JBAS015951: Admin console listening on http://0.0.0.0:9990
[0m[0m09:36:43,343 INFO  [org.jboss.as] (Controller Boot Thread) JBAS015874: WildFly 8.2.0.Final "Tweek" started in 5269ms - Started 184 of 234 services (82 services are lazy, passive or on-demand)
[0m[0m09:36:43,387 INFO  [stdout] (elastic-apm-agent-initialization) 2022-05-14 09:36:43,386 [elastic-apm-agent-initialization] INFO  co.elastic.apm.agent.configuration.StartupInfo - Starting Elastic APM 1.30.1 as run_pobs_arquillian-cube_5 on Java 1.7.0_201 Runtime version: 1.7.0_201-mockbuild_2018_11_19_16_10-b00 VM version: 24.201-b00 (Oracle Corporation) Linux 5.4.0-1070-azure
[0m[0m09:36:43,389 INFO  [stdout] (elastic-apm-agent-initialization) 2022-05-14 09:36:43,389 [elastic-apm-agent-initialization] INFO  co.elastic.apm.agent.configuration.StartupInfo - service_name: 'run_pobs_arquillian-cube_5' (source: Environment Variables)
[0m[0m09:36:43,390 INFO  [stdout] (elastic-apm-agent-initialization) 2022-05-14 09:36:43,390 [elastic-apm-agent-initialization] INFO  co.elastic.apm.agent.configuration.StartupInfo - server_url: 'http://172.17.0.1:8200' (source: Environment Variables)
[0m[0m09:36:43,392 INFO  [stdout] (elastic-apm-agent-initialization) 2022-05-14 09:36:43,392 [elastic-apm-agent-initialization] INFO  co.elastic.apm.agent.configuration.StartupInfo - log_ecs_reformatting: 'OVERRIDE' (source: Java System Properties)
[0m[0m09:36:43,394 INFO  [stdout] (elastic-apm-agent-initialization) 2022-05-14 09:36:43,393 [elastic-apm-agent-initialization] WARN  co.elastic.apm.agent.configuration.StartupInfo - To enable all features and decrease startup time, please configure application_packages
[0msystem call monitor started
system call monitor started
system call monitor started
system call monitor started
system call monitor started
[0m09:36:48,848 INFO  [stdout] (elastic-apm-agent-initialization) 2022-05-14 09:36:48,848 [elastic-apm-agent-initialization] INFO  co.elastic.apm.agent.impl.ElasticApmTracer - Tracer switched to RUNNING state
[0m[0m09:36:48,920 INFO  [stdout] (elastic-apm-server-healthcheck) 2022-05-14 09:36:48,910 [elastic-apm-server-healthcheck] INFO  co.elastic.apm.agent.report.ApmServerHealthChecker - Elastic APM server is available: {  "build_date": "2021-11-04T13:10:15Z",  "build_sha": "0702551667e5319822d00dee613ea2a1501615bf",  "version": "7.15.2"}
[0msystem call monitor started
[0m09:36:48,985 INFO  [stdout] (elastic-apm-remote-config-poller) 2022-05-14 09:36:48,984 [elastic-apm-remote-config-poller] INFO  co.elastic.apm.agent.configuration.ApmServerConfigurationSource - Received new configuration from APM Server: {}
[0msystem call monitor started
system call monitor started
system call monitor started
system call monitor started
system call monitor started
system call monitor started
system call monitor started
system call monitor started
system call monitor started
system call monitor started
system call monitor started
system call monitor started
system call monitor started
system call monitor started
system call monitor started
system call monitor started
system call monitor started
system call monitor started
system call monitor started
system call monitor started
system call monitor started
system call monitor started
system call monitor started
system call monitor started
system call monitor started
system call monitor started
system call monitor started
system call monitor started
system call monitor started
system call monitor started
system call monitor started
system call monitor started
system call monitor started
system call monitor started
system call monitor started
system call monitor started
system call monitor started
system call monitor started
system call monitor started
system call monitor started
system call monitor started
system call monitor started
system call monitor started
system call monitor started
system call monitor started
system call monitor started
system call monitor started
system call monitor started
system call monitor started
system call monitor started
system call monitor started
system call monitor started
system call monitor started
system call monitor started
system call monitor started
system call monitor started
system call monitor started
system call monitor started
system call monitor started
system call monitor started
system call monitor started
system call monitor started
system call monitor started
system call monitor started
system call monitor started
system call monitor started
system call monitor started
system call monitor started
system call monitor started
system call monitor started
system call monitor started
system call monitor started
system call monitor started
system call monitor started
system call monitor started
system call monitor started
system call monitor started
system call monitor started
system call monitor started
system call monitor started
system call monitor started
system call monitor started
system call monitor started
system call monitor started
system call monitor started
system call monitor started
system call monitor started
system call monitor started
system call monitor started
system call monitor started
system call monitor started
system call monitor started
system call monitor started
system call monitor started
system call monitor started
system call monitor started
system call monitor started
system call monitor started
system call monitor started
system call monitor started
system call monitor started
system call monitor started
system call monitor started
system call monitor started
system call monitor started
system call monitor started
system call monitor started
system call monitor started
