strace: invalid option -- 'Z'
Try 'strace -h' for more information.
strace: invalid option -- 'Z'
Try 'strace -h' for more information.
strace: invalid option -- 'Z'
Try 'strace -h' for more information.
strace: invalid option -- 'Z'
Try 'strace -h' for more information.
strace: invalid option -- 'Z'
Try 'strace -h' for more information.
strace: invalid option -- 'Z'
Try 'strace -h' for more information.
strace: invalid option -- 'Z'
Try 'strace -h' for more information.
strace: invalid option -- 'Z'
Try 'strace -h' for more information.
strace: invalid option -- 'Z'
Try 'strace -h' for more information.
strace: invalid option -- 'Z'
Try 'strace -h' for more information.
strace: invalid option -- 'Z'
Try 'strace -h' for more information.
strace: invalid option -- 'Z'
Try 'strace -h' for more information.
Picked up JAVA_TOOL_OPTIONS:  -javaagent:/home/elastic/elastic-apm-agent-1.30.1.jar -Delastic.apm.log_ecs_reformatting=OVERRIDE
strace: invalid option -- 'Z'
Try 'strace -h' for more information.
strace: invalid option -- 'Z'
Try 'strace -h' for more information.
strace: invalid option -- 'Z'
Try 'strace -h' for more information.
strace: invalid option -- 'Z'
Try 'strace -h' for more information.
strace: invalid option -- 'Z'
Try 'strace -h' for more information.
strace: invalid option -- 'Z'
Try 'strace -h' for more information.
strace: invalid option -- 'Z'
Try 'strace -h' for more information.
strace: invalid option -- 'Z'
Try 'strace -h' for more information.
strace: invalid option -- 'Z'
Try 'strace -h' for more information.
strace: invalid option -- 'Z'
Try 'strace -h' for more information.
strace: invalid option -- 'Z'
Try 'strace -h' for more information.
strace: invalid option -- 'Z'
Try 'strace -h' for more information.
strace: invalid option -- 'Z'
Try 'strace -h' for more information.
strace: invalid option -- 'Z'
Try 'strace -h' for more information.
strace: invalid option -- 'Z'
Try 'strace -h' for more information.
strace: invalid option -- 'Z'
Try 'strace -h' for more information.
strace: invalid option -- 'Z'
Try 'strace -h' for more information.
strace: invalid option -- 'Z'
Try 'strace -h' for more information.
strace: invalid option -- 'Z'
Try 'strace -h' for more information.
strace: invalid option -- 'Z'
Try 'strace -h' for more information.
May 14, 2022 8:12:11 AM org.glassfish.jersey.internal.util.ExtendedLogger warning
WARNING: The root of the app was not properly defined. Either use a Servlet 3.x container or add an init-param jersey.config.servlet.filter.contextPath to the filter configuration. Due to Servlet 2.x API, Jersey cannot determine the request base URI solely from the ServletContext. The application will most likely not work.
strace: invalid option -- 'Z'
Try 'strace -h' for more information.
strace: invalid option -- 'Z'
Try 'strace -h' for more information.
strace: invalid option -- 'Z'
Try 'strace -h' for more information.
strace: invalid option -- 'Z'
Try 'strace -h' for more information.
strace: invalid option -- 'Z'
Try 'strace -h' for more information.
strace: invalid option -- 'Z'
Try 'strace -h' for more information.
strace: invalid option -- 'Z'
Try 'strace -h' for more information.
strace: invalid option -- 'Z'
Try 'strace -h' for more information.
strace: invalid option -- 'Z'
Try 'strace -h' for more information.
strace: invalid option -- 'Z'
Try 'strace -h' for more information.
strace: invalid option -- 'Z'
Try 'strace -h' for more information.
strace: invalid option -- 'Z'
Try 'strace -h' for more information.
strace: invalid option -- 'Z'
Try 'strace -h' for more information.
strace: invalid option -- 'Z'
Try 'strace -h' for more information.
strace: invalid option -- 'Z'
Try 'strace -h' for more information.
strace: invalid option -- 'Z'
Try 'strace -h' for more information.
strace: invalid option -- 'Z'
Try 'strace -h' for more information.
strace: invalid option -- 'Z'
Try 'strace -h' for more information.
strace: invalid option -- 'Z'
Try 'strace -h' for more information.
strace: invalid option -- 'Z'
Try 'strace -h' for more information.
strace: invalid option -- 'Z'
Try 'strace -h' for more information.
strace: invalid option -- 'Z'
Try 'strace -h' for more information.
strace: invalid option -- 'Z'
Try 'strace -h' for more information.
strace: invalid option -- 'Z'
Try 'strace -h' for more information.
strace: invalid option -- 'Z'
Try 'strace -h' for more information.
strace: invalid option -- 'Z'
Try 'strace -h' for more information.
strace: invalid option -- 'Z'
Try 'strace -h' for more information.
strace: invalid option -- 'Z'
Try 'strace -h' for more information.
strace: invalid option -- 'Z'
Try 'strace -h' for more information.
strace: invalid option -- 'Z'
Try 'strace -h' for more information.
strace: invalid option -- 'Z'
Try 'strace -h' for more information.
strace: invalid option -- 'Z'
Try 'strace -h' for more information.
strace: invalid option -- 'Z'
Try 'strace -h' for more information.
strace: invalid option -- 'Z'
Try 'strace -h' for more information.
strace: invalid option -- 'Z'
Try 'strace -h' for more information.
strace: invalid option -- 'Z'
Try 'strace -h' for more information.
strace: invalid option -- 'Z'
Try 'strace -h' for more information.
strace: invalid option -- 'Z'
Try 'strace -h' for more information.
strace: invalid option -- 'Z'
Try 'strace -h' for more information.
strace: invalid option -- 'Z'
Try 'strace -h' for more information.
strace: invalid option -- 'Z'
Try 'strace -h' for more information.
strace: invalid option -- 'Z'
Try 'strace -h' for more information.
strace: invalid option -- 'Z'
Try 'strace -h' for more information.
strace: invalid option -- 'Z'
Try 'strace -h' for more information.
strace: invalid option -- 'Z'
Try 'strace -h' for more information.
strace: invalid option -- 'Z'
Try 'strace -h' for more information.
strace: invalid option -- 'Z'
Try 'strace -h' for more information.
strace: invalid option -- 'Z'
Try 'strace -h' for more information.
strace: invalid option -- 'Z'
Try 'strace -h' for more information.
strace: invalid option -- 'Z'
Try 'strace -h' for more information.
strace: invalid option -- 'Z'
Try 'strace -h' for more information.
strace: invalid option -- 'Z'
Try 'strace -h' for more information.
strace: invalid option -- 'Z'
Try 'strace -h' for more information.
strace: invalid option -- 'Z'
Try 'strace -h' for more information.
strace: invalid option -- 'Z'
Try 'strace -h' for more information.
strace: invalid option -- 'Z'
Try 'strace -h' for more information.
strace: invalid option -- 'Z'
Try 'strace -h' for more information.
strace: invalid option -- 'Z'
Try 'strace -h' for more information.
strace: invalid option -- 'Z'
Try 'strace -h' for more information.
strace: invalid option -- 'Z'
Try 'strace -h' for more information.
strace: invalid option -- 'Z'
Try 'strace -h' for more information.
strace: invalid option -- 'Z'
Try 'strace -h' for more information.
strace: invalid option -- 'Z'
Try 'strace -h' for more information.
strace: invalid option -- 'Z'
Try 'strace -h' for more information.
strace: invalid option -- 'Z'
Try 'strace -h' for more information.
strace: invalid option -- 'Z'
Try 'strace -h' for more information.
strace: invalid option -- 'Z'
Try 'strace -h' for more information.
strace: invalid option -- 'Z'
Try 'strace -h' for more information.
strace: invalid option -- 'Z'
Try 'strace -h' for more information.
strace: invalid option -- 'Z'
Try 'strace -h' for more information.
strace: invalid option -- 'Z'
Try 'strace -h' for more information.
strace: invalid option -- 'Z'
Try 'strace -h' for more information.
strace: invalid option -- 'Z'
Try 'strace -h' for more information.
strace: invalid option -- 'Z'
Try 'strace -h' for more information.
strace: invalid option -- 'Z'
Try 'strace -h' for more information.
strace: invalid option -- 'Z'
Try 'strace -h' for more information.
strace: invalid option -- 'Z'
Try 'strace -h' for more information.
strace: invalid option -- 'Z'
Try 'strace -h' for more information.
strace: invalid option -- 'Z'
Try 'strace -h' for more information.
strace: invalid option -- 'Z'
Try 'strace -h' for more information.
strace: invalid option -- 'Z'
Try 'strace -h' for more information.
strace: invalid option -- 'Z'
Try 'strace -h' for more information.
strace: invalid option -- 'Z'
Try 'strace -h' for more information.
strace: invalid option -- 'Z'
Try 'strace -h' for more information.
strace: invalid option -- 'Z'
Try 'strace -h' for more information.
strace: invalid option -- 'Z'
Try 'strace -h' for more information.
strace: invalid option -- 'Z'
Try 'strace -h' for more information.
