[s6-init] making user provided files available at /var/run/s6/etc...exited 0.
[s6-init] ensuring user provided files have correct perms...exited 0.
[fix-attrs.d] applying ownership & permissions fixes...
[fix-attrs.d] done.
[cont-init.d] executing container initialization scripts...
[cont-init.d] done.
[services.d] starting services
system call monitor started
[services.d] done.

system call monitor started
2022-05-14 08:05:41,602 [main] INFO  co.elastic.apm.agent.util.JmxUtils - Found JVM-specific OperatingSystemMXBean interface: com.ibm.lang.management.OperatingSystemMXBean
2022-05-14 08:05:41,812 [main] INFO  co.elastic.apm.agent.configuration.StartupInfo - Starting Elastic APM 1.30.1 as run_pobs_chatbot_0 on Java 1.8.0_321 Runtime version: 8.0.7.6 - pxa6480sr7fp6-20220330_01(SR7 FP6) VM version: 2.9 (IBM Corporation) Linux 5.4.0-1070-azure
2022-05-14 08:05:41,812 [main] INFO  co.elastic.apm.agent.configuration.StartupInfo - service_name: 'run_pobs_chatbot_0' (source: Environment Variables)
2022-05-14 08:05:41,813 [main] INFO  co.elastic.apm.agent.configuration.StartupInfo - server_url: 'http://172.17.0.1:8200' (source: Environment Variables)
2022-05-14 08:05:41,813 [main] INFO  co.elastic.apm.agent.configuration.StartupInfo - log_ecs_reformatting: 'OVERRIDE' (source: Java System Properties)
2022-05-14 08:05:41,814 [main] WARN  co.elastic.apm.agent.configuration.StartupInfo - To enable all features and decrease startup time, please configure application_packages
system call monitor started
system call monitor started
system call monitor started
2022-05-14 08:05:44,323 [main] INFO  co.elastic.apm.agent.impl.ElasticApmTracer - Tracer switched to RUNNING state
2022-05-14 08:05:44,328 [elastic-apm-server-healthcheck] INFO  co.elastic.apm.agent.report.ApmServerHealthChecker - Elastic APM server is available: {  "build_date": "2021-11-04T13:10:15Z",  "build_sha": "0702551667e5319822d00dee613ea2a1501615bf",  "version": "7.15.2"}
2022-05-14 08:05:44,408 [elastic-apm-remote-config-poller] INFO  co.elastic.apm.agent.configuration.ApmServerConfigurationSource - Received new configuration from APM Server: {}
Launching defaultServer (WebSphere Application Server 22.0.0.4/wlp-1.0.63.cl220420220328-1303) on IBM J9 VM, version 8.0.7.6 - pxa6480sr7fp6-20220330_01(SR7 FP6) (en_US)
[AUDIT   ] CWWKE0001I: The server defaultServer has been launched.
[AUDIT   ] CWWKE0100I: This product is licensed for development, and limited production use. The full license terms can be viewed here: https://public.dhe.ibm.com/ibmdl/export/pub/software/websphere/wasdev/license/base_ilan/ilan/22.0.0.4/lafiles/en.html
system call monitor started
system call monitor started
system call monitor started
system call monitor started
[AUDIT   ] CWWKG0093A: Processing configuration drop-ins resource: /opt/ibm/wlp/usr/servers/defaultServer/configDropins/defaults/keystore.xml
system call monitor started
[WARNING ] CWWKS3103W: There are no users defined for the BasicRegistry configuration of ID com.ibm.ws.security.registry.basic.config[basic].
system call monitor started
[AUDIT   ] CWWKZ0058I: Monitoring dropins for applications.
system call monitor started
system call monitor started
system call monitor started
system call monitor started
[AUDIT   ] CWWKS4104A: LTPA keys created in 2.152 seconds. LTPA key file: /opt/ibm/wlp/output/defaultServer/resources/security/ltpa.keys
system call monitor started
system call monitor started
system call monitor started
system call monitor started
system call monitor started
system call monitor started
system call monitor started
[AUDIT   ] CWWKT0016I: Web application available (default_host): http://05478d896141:9080/ibm/api/
[AUDIT   ] CWWKT0016I: Web application available (default_host): http://05478d896141:9080/jwt/
[AUDIT   ] CWWKT0016I: Web application available (default_host): http://05478d896141:9080/metrics/
[AUDIT   ] CWWKT0016I: Web application available (default_host): http://05478d896141:9080/openapi/
[AUDIT   ] CWWKT0016I: Web application available (default_host): http://05478d896141:9080/openapi/ui/
[AUDIT   ] CWWKT0016I: Web application available (default_host): http://05478d896141:9080/health/
system call monitor started
system call monitor started
system call monitor started
system call monitor started
system call monitor started
2022-05-14 08:06:06,247 [Default Executor-thread-7] INFO  co.elastic.apm.agent.servlet.ServletVersionInstrumentation - Servlet container info = IBM WebSphere Liberty/22.0.0.4
2022-05-14 08:06:06,787 [Default Executor-thread-7] INFO  co.elastic.apm.agent.servlet.ServletVersionInstrumentation - Servlet container info = IBM WebSphere Liberty/22.0.0.4
system call monitor started
system call monitor started
system call monitor started
[AUDIT   ] CWWKT0016I: Web application available (default_host): http://05478d896141:9080/Chatbot/
system call monitor started
system call monitor started
[AUDIT   ] CWWKZ0001I: Application Chatbot started in 9.549 seconds.
[AUDIT   ] CWWKF0012I: The server installed the following features: [appClientSupport-1.0, appSecurity-2.0, appSecurity-3.0, batch-1.0, beanValidation-2.0, cdi-2.0, concurrent-1.0, distributedMap-1.0, ejb-3.2, ejbHome-3.2, ejbLite-3.2, ejbPersistentTimer-3.2, ejbRemote-3.2, el-3.0, j2eeManagement-1.1, jacc-1.5, jaspic-1.1, javaMail-1.6, javaee-8.0, jaxb-2.2, jaxrs-2.1, jaxrsClient-2.1, jaxws-2.2, jca-1.7, jcaInboundSecurity-1.0, jdbc-4.2, jms-2.0, jndi-1.0, jpa-2.2, jpaContainer-2.2, jsf-2.3, json-1.0, jsonb-1.0, jsonp-1.1, jsp-2.3, jwt-1.0, managedBeans-1.0, mdb-3.2, microProfile-3.0, mpConfig-1.3, mpFaultTolerance-2.0, mpHealth-2.0, mpJwt-1.1, mpMetrics-2.0, mpOpenAPI-1.1, mpOpenTracing-1.3, mpRestClient-1.3, opentracing-1.3, servlet-4.0, ssl-1.0, wasJmsClient-2.0, wasJmsSecurity-1.0, wasJmsServer-1.0, webProfile-8.0, websocket-1.1].
[AUDIT   ] CWWKF0011I: The defaultServer server is ready to run a smarter planet. The defaultServer server started in 27.382 seconds.
system call monitor started
system call monitor started
system call monitor started
system call monitor started
system call monitor started
[AUDIT   ] CWPKI0803A: SSL certificate created in 24.221 seconds. SSL key file: /opt/ibm/wlp/output/defaultServer/resources/security/key.p12
system call monitor started
[AUDIT   ] CWWKI0001I: The CORBA name server is now available at corbaloc:iiop:localhost:2809/NameService.
system call monitor started
system call monitor started
system call monitor started
system call monitor started
system call monitor started
system call monitor started
system call monitor started
system call monitor started
system call monitor started
system call monitor started
system call monitor started
system call monitor started
system call monitor started
system call monitor started
system call monitor started
system call monitor started
system call monitor started
system call monitor started
system call monitor started
system call monitor started
system call monitor started
system call monitor started
system call monitor started
system call monitor started
system call monitor started
system call monitor started
system call monitor started
system call monitor started
system call monitor started
system call monitor started
system call monitor started
system call monitor started
system call monitor started
system call monitor started
system call monitor started
system call monitor started
system call monitor started
system call monitor started
system call monitor started
system call monitor started
system call monitor started
system call monitor started
system call monitor started
system call monitor started
system call monitor started
system call monitor started
system call monitor started
system call monitor started
system call monitor started
system call monitor started
system call monitor started
system call monitor started
system call monitor started
system call monitor started
system call monitor started
system call monitor started
system call monitor started
system call monitor started
system call monitor started
system call monitor started
system call monitor started
system call monitor started
system call monitor started
system call monitor started
system call monitor started
system call monitor started
system call monitor started
system call monitor started
system call monitor started
system call monitor started
system call monitor started
system call monitor started
system call monitor started
system call monitor started
system call monitor started
system call monitor started
system call monitor started
system call monitor started
system call monitor started
system call monitor started
system call monitor started
system call monitor started
