[s6-init] making user provided files available at /var/run/s6/etc...exited 0.
[s6-init] ensuring user provided files have correct perms...exited 0.
[fix-attrs.d] applying ownership & permissions fixes...
[fix-attrs.d] done.
[cont-init.d] executing container initialization scripts...
[cont-init.d] done.
[services.d] starting services
system call monitor started
[services.d] done.
Checking *.war in /maven
[elastic-apm-agent] INFO Delaying Elastic APM Agent initialization by 3000 milliseconds.
I> No access restrictor found, access to all MBean is allowed
Jolokia: Agent started with URL http://172.17.0.5:8778/jolokia/
system call monitor started
system call monitor started
system call monitor started
2022-05-14 01:16:33,973 [elastic-apm-agent-initialization] INFO  co.elastic.apm.agent.util.JmxUtils - Found JVM-specific OperatingSystemMXBean interface: com.sun.management.OperatingSystemMXBean
2022-05-14 01:16:34,081 [elastic-apm-agent-initialization] INFO  co.elastic.apm.agent.configuration.StartupInfo - Starting Elastic APM 1.30.1 as run_pobs_docker-maven-plugin_0 on Java 1.7.0_79 Runtime version: 1.7.0_79-b14 VM version: 24.79-b02 (Oracle Corporation) Linux 5.4.0-1070-azure
2022-05-14 01:16:34,082 [elastic-apm-agent-initialization] INFO  co.elastic.apm.agent.configuration.StartupInfo - service_name: 'run_pobs_docker-maven-plugin_0' (source: Environment Variables)
2022-05-14 01:16:34,082 [elastic-apm-agent-initialization] INFO  co.elastic.apm.agent.configuration.StartupInfo - server_url: 'http://172.17.0.1:8200' (source: Environment Variables)
2022-05-14 01:16:34,082 [elastic-apm-agent-initialization] INFO  co.elastic.apm.agent.configuration.StartupInfo - log_ecs_reformatting: 'OVERRIDE' (source: Java System Properties)
2022-05-14 01:16:34,083 [elastic-apm-agent-initialization] WARN  co.elastic.apm.agent.configuration.StartupInfo - To enable all features and decrease startup time, please configure application_packages
system call monitor started
system call monitor started
system call monitor started
system call monitor started
2022-05-14 01:16:38,097 [elastic-apm-tracer-initializer] INFO  co.elastic.apm.agent.impl.ElasticApmTracer - Delaying initialization of tracer for 5000ms
system call monitor started
system call monitor started
system call monitor started
system call monitor started
system call monitor started
2022-05-14 01:16:43,098 [elastic-apm-tracer-initializer] INFO  co.elastic.apm.agent.impl.ElasticApmTracer - end wait
2022-05-14 01:16:43,167 [elastic-apm-tracer-initializer] INFO  co.elastic.apm.agent.impl.ElasticApmTracer - Tracer switched to RUNNING state
2022-05-14 01:16:43,215 [elastic-apm-server-healthcheck] INFO  co.elastic.apm.agent.report.ApmServerHealthChecker - Elastic APM server is available: {  "build_date": "2021-11-04T13:10:15Z",  "build_sha": "0702551667e5319822d00dee613ea2a1501615bf",  "version": "7.15.2"}
system call monitor started
2022-05-14 01:16:43,303 [elastic-apm-remote-config-poller] INFO  co.elastic.apm.agent.configuration.ApmServerConfigurationSource - Received new configuration from APM Server: {}
system call monitor started
system call monitor started
system call monitor started
system call monitor started
system call monitor started
system call monitor started
system call monitor started
system call monitor started
system call monitor started
system call monitor started
system call monitor started
system call monitor started
system call monitor started
system call monitor started
system call monitor started
system call monitor started
system call monitor started
system call monitor started
system call monitor started
system call monitor started
system call monitor started
system call monitor started
system call monitor started
system call monitor started
system call monitor started
system call monitor started
system call monitor started
system call monitor started
system call monitor started
system call monitor started
system call monitor started
system call monitor started
system call monitor started
system call monitor started
system call monitor started
system call monitor started
system call monitor started
system call monitor started
system call monitor started
system call monitor started
system call monitor started
system call monitor started
system call monitor started
system call monitor started
system call monitor started
system call monitor started
system call monitor started
system call monitor started
system call monitor started
system call monitor started
system call monitor started
system call monitor started
system call monitor started
system call monitor started
system call monitor started
system call monitor started
system call monitor started
system call monitor started
system call monitor started
system call monitor started
system call monitor started
system call monitor started
system call monitor started
system call monitor started
system call monitor started
system call monitor started
system call monitor started
system call monitor started
system call monitor started
system call monitor started
system call monitor started
system call monitor started
system call monitor started
system call monitor started
system call monitor started
system call monitor started
system call monitor started
system call monitor started
system call monitor started
system call monitor started
system call monitor started
system call monitor started
system call monitor started
system call monitor started
system call monitor started
system call monitor started
system call monitor started
system call monitor started
system call monitor started
system call monitor started
system call monitor started
system call monitor started
system call monitor started
system call monitor started
system call monitor started
system call monitor started
system call monitor started
system call monitor started
system call monitor started
system call monitor started
system call monitor started
system call monitor started
system call monitor started
system call monitor started
system call monitor started
