[s6-init] making user provided files available at /var/run/s6/etc...exited 0.
[s6-init] ensuring user provided files have correct perms...exited 0.
[fix-attrs.d] applying ownership & permissions fixes...
[fix-attrs.d] done.
[cont-init.d] executing container initialization scripts...
[cont-init.d] done.
[services.d] starting services
system call monitor started
[services.d] done.
system call monitor started
2022-05-14 01:50:19,609 [main] INFO  co.elastic.apm.agent.util.JmxUtils - Found JVM-specific OperatingSystemMXBean interface: com.sun.management.OperatingSystemMXBean
2022-05-14 01:50:19,910 [main] INFO  co.elastic.apm.agent.configuration.StartupInfo - Starting Elastic APM 1.30.1 as run_pobs_grobid_0 on Java 1.8.0_212 Runtime version: 1.8.0_212-b04 VM version: 25.212-b04 (Oracle Corporation) Linux 5.4.0-1070-azure
2022-05-14 01:50:19,911 [main] INFO  co.elastic.apm.agent.configuration.StartupInfo - service_name: 'run_pobs_grobid_0' (source: Environment Variables)
2022-05-14 01:50:19,911 [main] INFO  co.elastic.apm.agent.configuration.StartupInfo - server_url: 'http://172.17.0.1:8200' (source: Environment Variables)
2022-05-14 01:50:19,912 [main] INFO  co.elastic.apm.agent.configuration.StartupInfo - log_ecs_reformatting: 'OVERRIDE' (source: Java System Properties)
2022-05-14 01:50:19,912 [main] WARN  co.elastic.apm.agent.configuration.StartupInfo - To enable all features and decrease startup time, please configure application_packages
system call monitor started
system call monitor started
system call monitor started
system call monitor started
system call monitor started
system call monitor started
system call monitor started
2022-05-14 01:50:26,876 [main] INFO  co.elastic.apm.agent.impl.ElasticApmTracer - Tracer switched to RUNNING state
2022-05-14 01:50:27,041 [elastic-apm-server-healthcheck] INFO  co.elastic.apm.agent.report.ApmServerHealthChecker - Elastic APM server is available: {  "build_date": "2021-11-04T13:10:15Z",  "build_sha": "0702551667e5319822d00dee613ea2a1501615bf",  "version": "7.15.2"}
2022-05-14 01:50:27,184 [elastic-apm-remote-config-poller] INFO  co.elastic.apm.agent.configuration.ApmServerConfigurationSource - Received new configuration from APM Server: {}
system call monitor started
01:50:27.551 [main] INFO org.grobid.service.main.GrobidServiceApplication - Configuration file: /opt/grobid/grobid-service/config/config.yaml
system call monitor started
system call monitor started
system call monitor started
system call monitor started
system call monitor started
INFO  [2022-05-14 01:50:32,453] io.dropwizard.server.DefaultServerFactory: Registering jersey handler with root path prefix: /
INFO  [2022-05-14 01:50:32,471] io.dropwizard.server.DefaultServerFactory: Registering admin handler with root path prefix: /
INFO  [2022-05-14 01:50:32,478] io.dropwizard.assets.AssetsBundle: Registering AssetBundle with name: grobidAssets for path /*
system call monitor started
INFO  [2022-05-14 01:50:34,224] com.hubspot.dropwizard.guicier.DropwizardModule: Added guice injected health check: org.grobid.service.resources.HealthResource
INFO  [2022-05-14 01:50:34,233] org.grobid.core.utilities.GrobidProperties: environment variables overrides: {}
INFO  [2022-05-14 01:50:34,236] org.grobid.service.GrobidRestService: Initiating Servlet GrobidRestService
INFO  [2022-05-14 01:50:34,238] org.grobid.core.main.LibraryLoader: Loading external native sequence labelling library
INFO  [2022-05-14 01:50:34,240] org.grobid.core.main.LibraryLoader: Loading Wapiti native library...
INFO  [2022-05-14 01:50:34,246] org.grobid.core.main.LibraryLoader: Native library for sequence labelling loaded
INFO  [2022-05-14 01:50:34,248] org.grobid.core.lexicon.Lexicon: Initiating dictionary
INFO  [2022-05-14 01:50:34,249] org.grobid.core.lexicon.Lexicon: End of Initialization of dictionary
INFO  [2022-05-14 01:50:34,250] org.grobid.core.lexicon.Lexicon: Initiating names
INFO  [2022-05-14 01:50:34,250] org.grobid.core.lexicon.Lexicon: End of initialization of names
system call monitor started
INFO  [2022-05-14 01:50:35,009] org.grobid.core.lexicon.Lexicon: Initiating country codes
INFO  [2022-05-14 01:50:35,009] org.grobid.core.lexicon.Lexicon: End of initialization of country codes
INFO  [2022-05-14 01:50:35,114] org.grobid.core.factory.GrobidPoolingFactory: Number of Engines in pool active/max: 1/10
INFO  [2022-05-14 01:50:35,114] org.grobid.service.GrobidRestService: Initiating of Servlet GrobidRestService finished.
INFO  [2022-05-14 01:50:35,127] com.hubspot.dropwizard.guicier.DropwizardModule: Registering org.grobid.service.resources.HealthResource as a root resource class
INFO  [2022-05-14 01:50:35,128] com.hubspot.dropwizard.guicier.DropwizardModule: Registering org.grobid.service.GrobidRestService as a root resource class
INFO  [2022-05-14 01:50:35,131] com.hubspot.dropwizard.guicier.DropwizardModule: Registering org.grobid.service.exceptions.mapper.GrobidServiceExceptionMapper as a provider class
INFO  [2022-05-14 01:50:35,131] com.hubspot.dropwizard.guicier.DropwizardModule: Registering org.grobid.service.exceptions.mapper.GrobidExceptionsTranslationUtility as a provider class
INFO  [2022-05-14 01:50:35,132] com.hubspot.dropwizard.guicier.DropwizardModule: Registering org.grobid.service.exceptions.mapper.GrobidExceptionMapper as a provider class
INFO  [2022-05-14 01:50:35,132] com.hubspot.dropwizard.guicier.DropwizardModule: Registering org.grobid.service.exceptions.mapper.WebApplicationExceptionMapper as a provider class
INFO  [2022-05-14 01:50:35,153] org.grobid.service.main.GrobidServiceApplication: Service config=GrobidServiceConfiguration{server=DefaultServerFactory{applicationConnectors=[io.dropwizard.jetty.HttpConnectorFactory@5cd71ee2], adminConnectors=[io.dropwizard.jetty.HttpConnectorFactory@949d347], adminMaxThreads=64, adminMinThreads=1, applicationContextPath=/, adminContextPath=/}, logging=DefaultLoggingFactory{level=INFO, loggers={org.apache.pdfbox.pdmodel.font.PDSimpleFont="OFF"}, appenders=[io.dropwizard.logging.ConsoleAppenderFactory@e18d2a2, io.dropwizard.logging.FileAppenderFactory@32d8710a]}, metrics=MetricsFactory{frequency=1 minute, reporters=[]}}
INFO  [2022-05-14 01:50:35,209] io.dropwizard.server.ServerFactory: Starting grobid-service

 _______  _______  _______  ______  _________ ______     _______  _______  _______          _________ _______  _______
(  ____ \(  ____ )(  ___  )(  ___ \ \__   __/(  __  \   (  ____ \(  ____ \(  ____ )|\     /|\__   __/(  ____ \(  ____ \
| (    \/| (    )|| (   ) || (   ) )   ) (   | (  \  )  | (    \/| (    \/| (    )|| )   ( |   ) (   | (    \/| (    \/
| |      | (____)|| |   | || (__/ /    | |   | |   ) |  | (_____ | (__    | (____)|| |   | |   | |   | |      | (__
| | ____ |     __)| |   | ||  __ (     | |   | |   | |  (_____  )|  __)   |     __)( (   ) )   | |   | |      |  __)
| | \_  )| (\ (   | |   | || (  \ \    | |   | |   ) |        ) || (      | (\ (    \ \_/ /    | |   | |      | (
| (___) || ) \ \__| (___) || )___) )___) (___| (__/  )  /\____) || (____/\| ) \ \__  \   /  ___) (___| (____/\| (____/\
(_______)|/   \__/(_______)|/ \___/ \_______/(______/   \_______)(_______/|/   \__/   \_/   \_______/(_______/(_______/


system call monitor started
INFO  [2022-05-14 01:50:35,444] org.eclipse.jetty.setuid.SetUIDListener: Opened application@3fe21d0e{HTTP/1.1,[http/1.1]}{0.0.0.0:8070}
INFO  [2022-05-14 01:50:35,448] org.eclipse.jetty.setuid.SetUIDListener: Opened admin@787b7796{HTTP/1.1,[http/1.1]}{0.0.0.0:8071}
INFO  [2022-05-14 01:50:35,452] org.eclipse.jetty.server.Server: jetty-9.4.18.v20190429; built: 2019-04-29T20:42:08.989Z; git: e1bc35120a6617ee3df052294e433f3a25ce7097; jvm 1.8.0_212-b04
2022-05-14 01:50:35,645 [main] INFO  co.elastic.apm.agent.servlet.ServletVersionInstrumentation - Servlet container info = jetty/9.4.18.v20190429
system call monitor started
WARN  [2022-05-14 01:50:37,178] org.glassfish.jersey.internal.inject.Providers: A provider org.grobid.service.exceptions.mapper.GrobidExceptionsTranslationUtility registered in SERVER runtime does not implement any provider interfaces applicable in the SERVER runtime. Due to constraint configuration problems the provider org.grobid.service.exceptions.mapper.GrobidExceptionsTranslationUtility will be ignored. 
system call monitor started
INFO  [2022-05-14 01:50:37,706] io.dropwizard.jersey.DropwizardResourceConfig: The following paths were found for the configured resources:

    POST    /api/annotatePDF (org.grobid.service.GrobidRestService)
    POST    /api/citationPatentAnnotations (org.grobid.service.GrobidRestService)
    GET     /api/grobid (org.grobid.service.GrobidRestService)
    GET     /api/health (org.grobid.service.resources.HealthResource)
    GET     /api/isalive (org.grobid.service.GrobidRestService)
    POST    /api/processAffiliations (org.grobid.service.GrobidRestService)
    PUT     /api/processAffiliations (org.grobid.service.GrobidRestService)
    POST    /api/processCitation (org.grobid.service.GrobidRestService)
    PUT     /api/processCitation (org.grobid.service.GrobidRestService)
    POST    /api/processCitationNames (org.grobid.service.GrobidRestService)
    PUT     /api/processCitationNames (org.grobid.service.GrobidRestService)
    POST    /api/processCitationPatentPDF (org.grobid.service.GrobidRestService)
    POST    /api/processCitationPatentST36 (org.grobid.service.GrobidRestService)
    POST    /api/processCitationPatentTXT (org.grobid.service.GrobidRestService)
    POST    /api/processDate (org.grobid.service.GrobidRestService)
    PUT     /api/processDate (org.grobid.service.GrobidRestService)
    POST    /api/processFulltextAssetDocument (org.grobid.service.GrobidRestService)
    PUT     /api/processFulltextAssetDocument (org.grobid.service.GrobidRestService)
    POST    /api/processFulltextDocument (org.grobid.service.GrobidRestService)
    PUT     /api/processFulltextDocument (org.grobid.service.GrobidRestService)
    POST    /api/processHeaderDocument (org.grobid.service.GrobidRestService)
    PUT     /api/processHeaderDocument (org.grobid.service.GrobidRestService)
    POST    /api/processHeaderNames (org.grobid.service.GrobidRestService)
    PUT     /api/processHeaderNames (org.grobid.service.GrobidRestService)
    POST    /api/processReferences (org.grobid.service.GrobidRestService)
    PUT     /api/processReferences (org.grobid.service.GrobidRestService)
    POST    /api/referenceAnnotations (org.grobid.service.GrobidRestService)
    GET     /api/version (org.grobid.service.GrobidRestService)

INFO  [2022-05-14 01:50:37,714] org.eclipse.jetty.server.handler.ContextHandler: Started i.d.j.MutableServletContextHandler@1df8c7f4{/,null,AVAILABLE}
INFO  [2022-05-14 01:50:37,722] io.dropwizard.setup.AdminEnvironment: tasks = 

    POST    /tasks/log-level (io.dropwizard.servlets.tasks.LogConfigurationTask)
    POST    /tasks/gc (io.dropwizard.servlets.tasks.GarbageCollectionTask)

INFO  [2022-05-14 01:50:37,767] org.eclipse.jetty.server.handler.ContextHandler: Started i.d.j.MutableServletContextHandler@59456e1{/,null,AVAILABLE}
INFO  [2022-05-14 01:50:37,784] org.eclipse.jetty.server.AbstractConnector: Started application@3fe21d0e{HTTP/1.1,[http/1.1]}{0.0.0.0:8070}
INFO  [2022-05-14 01:50:37,787] org.eclipse.jetty.server.AbstractConnector: Started admin@787b7796{HTTP/1.1,[http/1.1]}{0.0.0.0:8071}
INFO  [2022-05-14 01:50:37,787] org.eclipse.jetty.server.Server: Started @19491ms
system call monitor started
system call monitor started
system call monitor started
system call monitor started
system call monitor started
system call monitor started
system call monitor started
system call monitor started
system call monitor started
system call monitor started
system call monitor started
system call monitor started
system call monitor started
system call monitor started
system call monitor started
system call monitor started
system call monitor started
system call monitor started
system call monitor started
system call monitor started
system call monitor started
system call monitor started
system call monitor started
system call monitor started
system call monitor started
system call monitor started
system call monitor started
system call monitor started
system call monitor started
system call monitor started
system call monitor started
system call monitor started
system call monitor started
system call monitor started
system call monitor started
system call monitor started
system call monitor started
system call monitor started
system call monitor started
system call monitor started
system call monitor started
system call monitor started
system call monitor started
system call monitor started
system call monitor started
system call monitor started
system call monitor started
system call monitor started
system call monitor started
system call monitor started
system call monitor started
system call monitor started
system call monitor started
system call monitor started
system call monitor started
system call monitor started
system call monitor started
system call monitor started
system call monitor started
system call monitor started
system call monitor started
system call monitor started
system call monitor started
system call monitor started
system call monitor started
system call monitor started
system call monitor started
system call monitor started
system call monitor started
system call monitor started
system call monitor started
system call monitor started
system call monitor started
system call monitor started
system call monitor started
system call monitor started
system call monitor started
system call monitor started
system call monitor started
system call monitor started
system call monitor started
system call monitor started
system call monitor started
system call monitor started
system call monitor started
system call monitor started
system call monitor started
system call monitor started
system call monitor started
system call monitor started
system call monitor started
system call monitor started
system call monitor started
system call monitor started
system call monitor started
system call monitor started
system call monitor started
system call monitor started
system call monitor started
system call monitor started
