[s6-init] making user provided files available at /var/run/s6/etc...exited 0.
[s6-init] ensuring user provided files have correct perms...exited 0.
[fix-attrs.d] applying ownership & permissions fixes...
[fix-attrs.d] done.
[cont-init.d] executing container initialization scripts...
[cont-init.d] done.
[services.d] starting services
system call monitor started
[services.d] done.
Running Jetty: 
[elastic-apm-agent] INFO Delaying Elastic APM Agent initialization by 3000 milliseconds.
system call monitor started
system call monitor started
system call monitor started
system call monitor started
INFO  - WebXmlFile                 - web.xml: url mapping found for filter with name wicket.etcd-viewer: [/*]
2022-05-14 07:28:56,227 [elastic-apm-agent-initialization] INFO  co.elastic.apm.agent.util.JmxUtils - Found JVM-specific OperatingSystemMXBean interface: com.sun.management.OperatingSystemMXBean
INFO  - Application                - [wicket.etcd-viewer] init: Wicket core library initializer
INFO  - RequestListenerInterface   - registered listener interface [RequestListenerInterface name=IBehaviorListener, method=public abstract void org.apache.wicket.behavior.IBehaviorListener.onRequest()]
INFO  - RequestListenerInterface   - registered listener interface [RequestListenerInterface name=IFormSubmitListener, method=public abstract void org.apache.wicket.markup.html.form.IFormSubmitListener.onFormSubmitted()]
INFO  - RequestListenerInterface   - registered listener interface [RequestListenerInterface name=ILinkListener, method=public abstract void org.apache.wicket.markup.html.link.ILinkListener.onLinkClicked()]
INFO  - RequestListenerInterface   - registered listener interface [RequestListenerInterface name=IOnChangeListener, method=public abstract void org.apache.wicket.markup.html.form.IOnChangeListener.onSelectionChanged()]
INFO  - RequestListenerInterface   - registered listener interface [RequestListenerInterface name=IRedirectListener, method=public abstract void org.apache.wicket.IRedirectListener.onRedirect()]
INFO  - RequestListenerInterface   - registered listener interface [RequestListenerInterface name=IResourceListener, method=public abstract void org.apache.wicket.IResourceListener.onResourceRequested()]
INFO  - Application                - [wicket.etcd-viewer] init: DevUtils DebugBar Initializer
INFO  - Application                - [wicket.etcd-viewer] init: Wicket extensions initializer
2022-05-14 07:28:56,374 [elastic-apm-agent-initialization] INFO  co.elastic.apm.agent.configuration.StartupInfo - Starting Elastic APM 1.30.1 as run_pobs_etcd-viewer_0 (9.2.12.v20150709) on Java 1.7.0_79 Runtime version: 1.7.0_79-b14 VM version: 24.79-b02 (Oracle Corporation) Linux 5.4.0-1070-azure
2022-05-14 07:28:56,375 [elastic-apm-agent-initialization] INFO  co.elastic.apm.agent.configuration.StartupInfo - service_name: 'run_pobs_etcd-viewer_0' (source: Environment Variables)
2022-05-14 07:28:56,375 [elastic-apm-agent-initialization] INFO  co.elastic.apm.agent.configuration.StartupInfo - server_url: 'http://172.17.0.1:8200' (source: Environment Variables)
2022-05-14 07:28:56,375 [elastic-apm-agent-initialization] INFO  co.elastic.apm.agent.configuration.StartupInfo - log_ecs_reformatting: 'OVERRIDE' (source: Java System Properties)
2022-05-14 07:28:56,376 [elastic-apm-agent-initialization] WARN  co.elastic.apm.agent.configuration.StartupInfo - To enable all features and decrease startup time, please configure application_packages
INFO  - WebApplication             - [wicket.etcd-viewer] Started Wicket version 6.19.0 in DEPLOYMENT mode
system call monitor started
system call monitor started
system call monitor started
2022-05-14 07:28:59,443 [elastic-apm-agent-initialization] WARN  co.elastic.apm.agent.bci.bytebuddy.ErrorLoggingListener - org.apache.log4j.Category uses an unsupported class file version (pre Java 4)) and can't be instrumented. Consider updating to a newer version of that library.
2022-05-14 07:28:59,701 [elastic-apm-agent-initialization] WARN  co.elastic.apm.agent.bci.bytebuddy.ErrorLoggingListener - org.slf4j.impl.Log4jLoggerAdapter uses an unsupported class file version (pre Java 4)) and can't be instrumented. Consider updating to a newer version of that library.
2022-05-14 07:28:59,768 [elastic-apm-agent-initialization] WARN  co.elastic.apm.agent.bci.bytebuddy.ErrorLoggingListener - org.slf4j.spi.LocationAwareLogger uses an unsupported class file version (pre Java 4)) and can't be instrumented. Consider updating to a newer version of that library.
2022-05-14 07:28:59,878 [elastic-apm-agent-initialization] WARN  co.elastic.apm.agent.bci.bytebuddy.ErrorLoggingListener - org.slf4j.Logger uses an unsupported class file version (pre Java 4)) and can't be instrumented. Consider updating to a newer version of that library.
system call monitor started
2022-05-14 07:29:00,132 [elastic-apm-agent-initialization] WARN  co.elastic.apm.agent.bci.bytebuddy.ErrorLoggingListener - org.slf4j.helpers.NamedLoggerBase uses an unsupported class file version (pre Java 4)) and can't be instrumented. Consider updating to a newer version of that library.
2022-05-14 07:29:00,299 [elastic-apm-agent-initialization] WARN  co.elastic.apm.agent.bci.bytebuddy.ErrorLoggingListener - org.apache.log4j.WriterAppender uses an unsupported class file version (pre Java 4)) and can't be instrumented. Consider updating to a newer version of that library.
system call monitor started
2022-05-14 07:29:01,080 [elastic-apm-server-healthcheck] INFO  co.elastic.apm.agent.report.ApmServerHealthChecker - Elastic APM server is available: {  "build_date": "2021-11-04T13:10:15Z",  "build_sha": "0702551667e5319822d00dee613ea2a1501615bf",  "version": "7.15.2"}
2022-05-14 07:29:01,088 [elastic-apm-agent-initialization] INFO  co.elastic.apm.agent.impl.ElasticApmTracer - Tracer switched to RUNNING state
2022-05-14 07:29:01,223 [elastic-apm-remote-config-poller] INFO  co.elastic.apm.agent.configuration.ApmServerConfigurationSource - Received new configuration from APM Server: {}
system call monitor started
system call monitor started
system call monitor started
system call monitor started
system call monitor started
system call monitor started
system call monitor started
system call monitor started
system call monitor started
system call monitor started
system call monitor started
system call monitor started
system call monitor started
system call monitor started
system call monitor started
system call monitor started
system call monitor started
system call monitor started
system call monitor started
system call monitor started
system call monitor started
system call monitor started
system call monitor started
system call monitor started
system call monitor started
system call monitor started
system call monitor started
system call monitor started
system call monitor started
system call monitor started
system call monitor started
system call monitor started
system call monitor started
system call monitor started
system call monitor started
system call monitor started
system call monitor started
system call monitor started
system call monitor started
system call monitor started
system call monitor started
system call monitor started
system call monitor started
system call monitor started
system call monitor started
system call monitor started
system call monitor started
system call monitor started
system call monitor started
system call monitor started
system call monitor started
system call monitor started
system call monitor started
system call monitor started
system call monitor started
system call monitor started
system call monitor started
system call monitor started
system call monitor started
system call monitor started
system call monitor started
system call monitor started
system call monitor started
system call monitor started
system call monitor started
system call monitor started
system call monitor started
system call monitor started
system call monitor started
system call monitor started
system call monitor started
system call monitor started
system call monitor started
system call monitor started
system call monitor started
system call monitor started
system call monitor started
system call monitor started
system call monitor started
system call monitor started
system call monitor started
system call monitor started
system call monitor started
system call monitor started
system call monitor started
system call monitor started
system call monitor started
system call monitor started
system call monitor started
system call monitor started
system call monitor started
system call monitor started
system call monitor started
system call monitor started
system call monitor started
system call monitor started
system call monitor started
system call monitor started
system call monitor started
system call monitor started
system call monitor started
system call monitor started
system call monitor started
system call monitor started
system call monitor started
system call monitor started
system call monitor started
system call monitor started
system call monitor started
