[s6-init] making user provided files available at /var/run/s6/etc...exited 0.
[s6-init] ensuring user provided files have correct perms...exited 0.
[fix-attrs.d] applying ownership & permissions fixes...
[fix-attrs.d] done.
[cont-init.d] executing container initialization scripts...
[cont-init.d] done.
[services.d] starting services
system call monitor started
[services.d] done.
-b 0.0.0.0
=========================================================================

  Using Embedded H2 database

=========================================================================

JAVA_OPTS already set in environment; overriding default settings with values:  -noverify
system call monitor started
system call monitor started
system call monitor started
system call monitor started
system call monitor started
system call monitor started
system call monitor started
system call monitor started
system call monitor started
system call monitor started
system call monitor started
system call monitor started
system call monitor started
=========================================================================

  JBoss Bootstrap Environment

  JBOSS_HOME: /opt/jboss/keycloak

  JAVA: java

  JAVA_OPTS:  -server  -noverify  --add-exports=java.base/sun.nio.ch=ALL-UNNAMED --add-exports=jdk.unsupported/sun.misc=ALL-UNNAMED --add-exports=jdk.unsupported/sun.reflect=ALL-UNNAMED

=========================================================================

system call monitor started
2022-05-17 10:22:44,703 [main] INFO  co.elastic.apm.agent.util.JmxUtils - Found JVM-specific OperatingSystemMXBean interface: com.sun.management.OperatingSystemMXBean
2022-05-17 10:22:44,809 [main] INFO  co.elastic.apm.agent.configuration.StartupInfo - Starting Elastic APM 1.30.1 as run_pobs_openremote_0 on Java 11.0.5 Runtime version: 11.0.5+10-LTS VM version: 11.0.5+10-LTS (Oracle Corporation) Linux 5.4.0-1070-azure
2022-05-17 10:22:44,810 [main] INFO  co.elastic.apm.agent.configuration.StartupInfo - service_name: 'run_pobs_openremote_0' (source: Environment Variables)
2022-05-17 10:22:44,810 [main] INFO  co.elastic.apm.agent.configuration.StartupInfo - server_url: 'http://172.17.0.1:8200' (source: Environment Variables)
2022-05-17 10:22:44,811 [main] INFO  co.elastic.apm.agent.configuration.StartupInfo - log_ecs_reformatting: 'OVERRIDE' (source: Java System Properties)
2022-05-17 10:22:44,811 [main] WARN  co.elastic.apm.agent.configuration.StartupInfo - To enable all features and decrease startup time, please configure application_packages
system call monitor started
system call monitor started
system call monitor started
2022-05-17 10:22:47,756 [main] INFO  co.elastic.apm.agent.impl.ElasticApmTracer - Tracer switched to RUNNING state
2022-05-17 10:22:47,771 [elastic-apm-server-healthcheck] INFO  co.elastic.apm.agent.report.ApmServerHealthChecker - Elastic APM server is available: {  "build_date": "2021-11-04T13:10:15Z",  "build_sha": "0702551667e5319822d00dee613ea2a1501615bf",  "version": "7.15.2"}
2022-05-17 10:22:47,791 [elastic-apm-remote-config-poller] INFO  co.elastic.apm.agent.configuration.ApmServerConfigurationSource - Received new configuration from APM Server: {}
system call monitor started
[0m10:22:48,597 INFO  [org.jboss.modules] (main) JBoss Modules version 1.9.1.Final
[0msystem call monitor started
[0m10:22:49,733 INFO  [org.jboss.msc] (main) JBoss MSC version 1.4.8.Final
[0m[0m10:22:49,748 INFO  [org.jboss.threads] (main) JBoss Threads version 2.3.3.Final
[0m[0m10:22:50,074 INFO  [org.jboss.as] (MSC service thread 1-3) WFLYSRV0049: Keycloak 7.0.1 (WildFly Core 9.0.2.Final) starting
[0msystem call monitor started
system call monitor started
[0m10:22:51,641 INFO  [org.wildfly.security] (ServerService Thread Pool -- 22) ELY00001: WildFly Elytron version 1.9.1.Final
[0msystem call monitor started
system call monitor started
[0m10:22:53,419 INFO  [org.jboss.as.controller.management-deprecated] (Controller Boot Thread) WFLYCTL0028: Attribute 'security-realm' in the resource at address '/core-service=management/management-interface=http-interface' is deprecated, and may be removed in a future version. See the attribute description in the output of the read-resource-description operation to learn more about the deprecation.
[0m[0m10:22:53,530 INFO  [org.jboss.as.controller.management-deprecated] (ServerService Thread Pool -- 24) WFLYCTL0028: Attribute 'security-realm' in the resource at address '/subsystem=undertow/server=default-server/https-listener=https' is deprecated, and may be removed in a future version. See the attribute description in the output of the read-resource-description operation to learn more about the deprecation.
[0m[0m10:22:53,768 INFO  [org.jboss.as.server] (Controller Boot Thread) WFLYSRV0039: Creating http management service using socket-binding (management-http)
[0m[0m10:22:53,790 INFO  [org.xnio] (MSC service thread 1-1) XNIO version 3.7.2.Final
[0m[0m10:22:53,810 INFO  [org.xnio.nio] (MSC service thread 1-1) XNIO NIO Implementation Version 3.7.2.Final
[0m[0m10:22:54,000 INFO  [org.jboss.remoting] (MSC service thread 1-4) JBoss Remoting version 5.0.12.Final
[0m[0m10:22:54,044 INFO  [org.jboss.as.clustering.jgroups] (ServerService Thread Pool -- 43) WFLYCLJG0001: Activating JGroups subsystem. JGroups version 4.0.19
[0m[0m10:22:54,080 INFO  [org.jboss.as.naming] (ServerService Thread Pool -- 52) WFLYNAM0001: Activating Naming Subsystem
[0m[0m10:22:54,079 INFO  [org.wildfly.extension.microprofile.config.smallrye._private] (ServerService Thread Pool -- 48) WFLYCONF0001: Activating WildFly MicroProfile Config Subsystem
[0m[0m10:22:54,092 INFO  [org.jboss.as.security] (ServerService Thread Pool -- 55) WFLYSEC0002: Activating Security Subsystem
[0m[0m10:22:54,104 INFO  [org.jboss.as.clustering.infinispan] (ServerService Thread Pool -- 39) WFLYCLINF0001: Activating Infinispan subsystem.
[0m[33m10:22:54,095 WARN  [org.jboss.as.txn] (ServerService Thread Pool -- 57) WFLYTX0013: The node-identifier attribute on the /subsystem=transactions is set to the default value. This is a danger for environments running multiple servers. Please make sure the attribute value is unique.
[0m[0m10:22:54,177 INFO  [org.jboss.as.security] (MSC service thread 1-1) WFLYSEC0001: Current PicketBox version=5.0.3.Final
[0msystem call monitor started
[0m10:22:54,235 INFO  [org.wildfly.extension.microprofile.metrics.smallrye] (ServerService Thread Pool -- 50) WFLYMETRICS0001: Activating Eclipse MicroProfile Metrics Subsystem
[0m[0m10:22:54,236 INFO  [org.wildfly.extension.io] (ServerService Thread Pool -- 40) WFLYIO001: Worker 'default' has auto-configured to 4 core threads with 32 task threads based on your 2 available processors
[0m[0m10:22:54,235 INFO  [org.wildfly.extension.microprofile.health.smallrye] (ServerService Thread Pool -- 49) WFLYHEALTH0001: Activating Eclipse MicroProfile Health Subsystem
[0m[0m10:22:54,281 INFO  [org.jboss.as.jaxrs] (ServerService Thread Pool -- 41) WFLYRS0016: RESTEasy version 3.7.0.Final
[0m[0m10:22:54,337 INFO  [io.smallrye.metrics] (MSC service thread 1-2) Converted [2] config entries and added [4] replacements
[0m[0m10:22:54,345 INFO  [io.smallrye.metrics] (MSC service thread 1-2) Converted [3] config entries and added [18] replacements
[0m[0m10:22:54,384 INFO  [org.jboss.as.connector] (MSC service thread 1-3) WFLYJCA0009: Starting JCA Subsystem (WildFly/IronJacamar 1.4.16.Final)
[0m[0m10:22:54,480 INFO  [org.jboss.as.connector.subsystems.datasources] (ServerService Thread Pool -- 34) WFLYJCA0004: Deploying JDBC-compliant driver class org.h2.Driver (version 1.4)
[0m[33m10:22:54,581 WARN  [org.wildfly.clustering.web.undertow] (ServerService Thread Pool -- 58) WFLYCLWEBUT0007: No routing provider found for default-server; using legacy provider based on static configuration
[0m[0m10:22:54,689 INFO  [org.wildfly.extension.undertow] (MSC service thread 1-2) WFLYUT0003: Undertow 2.0.21.Final starting
[0m[0m10:22:54,701 INFO  [org.jboss.as.naming] (MSC service thread 1-2) WFLYNAM0003: Starting Naming Service
[0m[0m10:22:54,715 INFO  [org.jboss.as.mail.extension] (MSC service thread 1-2) WFLYMAIL0001: Bound mail session [java:jboss/mail/Default]
[0m[0m10:22:54,788 INFO  [org.jboss.as.connector.deployers.jdbc] (MSC service thread 1-4) WFLYJCA0018: Started Driver service with driver-name = h2
[0m[0m10:22:54,888 INFO  [org.jboss.as.ejb3] (MSC service thread 1-1) WFLYEJB0482: Strict pool mdb-strict-max-pool is using a max instance size of 8 (per class), which is derived from the number of CPUs on this host.
[0m[0m10:22:54,889 INFO  [org.jboss.as.ejb3] (MSC service thread 1-3) WFLYEJB0481: Strict pool slsb-strict-max-pool is using a max instance size of 32 (per class), which is derived from thread worker pool sizing.
[0m[0m10:22:54,998 INFO  [org.wildfly.extension.undertow] (ServerService Thread Pool -- 58) WFLYUT0014: Creating file handler for path '/opt/jboss/keycloak/welcome-content' with options [directory-listing: 'false', follow-symlink: 'false', case-sensitive: 'true', safe-symlink-paths: '[]']
[0msystem call monitor started
[0m10:22:55,307 INFO  [org.wildfly.extension.undertow] (MSC service thread 1-4) WFLYUT0012: Started server default-server.
[0m[0m10:22:55,320 INFO  [org.wildfly.extension.undertow] (MSC service thread 1-3) WFLYUT0018: Host default-host starting
[0m[31m10:22:55,497 ERROR [org.jboss.msc.service.fail] (MSC service thread 1-3) MSC000001: Failed to start service org.wildfly.undertow.listener.ajp: org.jboss.msc.service.StartException in service org.wildfly.undertow.listener.ajp: WFLYUT0082: Could not start 'ajp' listener.
	at org.wildfly.extension.undertow@17.0.1.Final//org.wildfly.extension.undertow.ListenerService.start(ListenerService.java:211)
	at org.jboss.msc@1.4.8.Final//org.jboss.msc.service.ServiceControllerImpl$StartTask.startService(ServiceControllerImpl.java:1737)
	at org.jboss.msc@1.4.8.Final//org.jboss.msc.service.ServiceControllerImpl$StartTask.execute(ServiceControllerImpl.java:1699)
	at org.jboss.msc@1.4.8.Final//org.jboss.msc.service.ServiceControllerImpl$ControllerTask.run(ServiceControllerImpl.java:1557)
	at org.jboss.threads@2.3.3.Final//org.jboss.threads.ContextClassLoaderSavingRunnable.run(ContextClassLoaderSavingRunnable.java:35)
	at org.jboss.threads@2.3.3.Final//org.jboss.threads.EnhancedQueueExecutor.safeRun(EnhancedQueueExecutor.java:1982)
	at org.jboss.threads@2.3.3.Final//org.jboss.threads.EnhancedQueueExecutor$ThreadBody.doRunTask(EnhancedQueueExecutor.java:1486)
	at org.jboss.threads@2.3.3.Final//org.jboss.threads.EnhancedQueueExecutor$ThreadBody.run(EnhancedQueueExecutor.java:1363)
	at java.base/java.lang.Thread.run(Thread.java:834)
Caused by: java.net.SocketException: Protocol family unavailable
	at java.base/sun.nio.ch.Net.bind0(Native Method)
	at java.base/sun.nio.ch.Net.bind(Net.java:455)
	at java.base/sun.nio.ch.Net.bind(Net.java:447)
	at java.base/sun.nio.ch.ServerSocketChannelImpl.bind(ServerSocketChannelImpl.java:227)
	at java.base/sun.nio.ch.ServerSocketAdaptor.bind(ServerSocketAdaptor.java:80)
	at org.jboss.xnio.nio@3.7.2.Final//org.xnio.nio.NioXnioWorker.createTcpConnectionServer(NioXnioWorker.java:178)
	at org.jboss.xnio@3.7.2.Final//org.xnio.XnioWorker.createStreamConnectionServer(XnioWorker.java:310)
	at org.wildfly.extension.undertow@17.0.1.Final//org.wildfly.extension.undertow.AjpListenerService.startListening(AjpListenerService.java:64)
	at org.wildfly.extension.undertow@17.0.1.Final//org.wildfly.extension.undertow.ListenerService.start(ListenerService.java:199)
	... 8 more

[0m[31m10:22:55,488 ERROR [org.jboss.msc.service.fail] (MSC service thread 1-4) MSC000001: Failed to start service org.wildfly.undertow.listener.default: org.jboss.msc.service.StartException in service org.wildfly.undertow.listener.default: WFLYUT0082: Could not start 'default' listener.
	at org.wildfly.extension.undertow@17.0.1.Final//org.wildfly.extension.undertow.ListenerService.start(ListenerService.java:211)
	at org.jboss.msc@1.4.8.Final//org.jboss.msc.service.ServiceControllerImpl$StartTask.startService(ServiceControllerImpl.java:1737)
	at org.jboss.msc@1.4.8.Final//org.jboss.msc.service.ServiceControllerImpl$StartTask.execute(ServiceControllerImpl.java:1699)
	at org.jboss.msc@1.4.8.Final//org.jboss.msc.service.ServiceControllerImpl$ControllerTask.run(ServiceControllerImpl.java:1557)
	at org.jboss.threads@2.3.3.Final//org.jboss.threads.ContextClassLoaderSavingRunnable.run(ContextClassLoaderSavingRunnable.java:35)
	at org.jboss.threads@2.3.3.Final//org.jboss.threads.EnhancedQueueExecutor.safeRun(EnhancedQueueExecutor.java:1982)
	at org.jboss.threads@2.3.3.Final//org.jboss.threads.EnhancedQueueExecutor$ThreadBody.doRunTask(EnhancedQueueExecutor.java:1486)
	at org.jboss.threads@2.3.3.Final//org.jboss.threads.EnhancedQueueExecutor$ThreadBody.run(EnhancedQueueExecutor.java:1363)
	at java.base/java.lang.Thread.run(Thread.java:834)
Caused by: java.net.SocketException: Protocol family unavailable
	at java.base/sun.nio.ch.Net.bind0(Native Method)
	at java.base/sun.nio.ch.Net.bind(Net.java:455)
	at java.base/sun.nio.ch.Net.bind(Net.java:447)
	at java.base/sun.nio.ch.ServerSocketChannelImpl.bind(ServerSocketChannelImpl.java:227)
	at java.base/sun.nio.ch.ServerSocketAdaptor.bind(ServerSocketAdaptor.java:80)
	at org.jboss.xnio.nio@3.7.2.Final//org.xnio.nio.NioXnioWorker.createTcpConnectionServer(NioXnioWorker.java:178)
	at org.jboss.xnio@3.7.2.Final//org.xnio.XnioWorker.createStreamConnectionServer(XnioWorker.java:310)
	at org.wildfly.extension.undertow@17.0.1.Final//org.wildfly.extension.undertow.HttpListenerService.startListening(HttpListenerService.java:106)
	at org.wildfly.extension.undertow@17.0.1.Final//org.wildfly.extension.undertow.ListenerService.start(ListenerService.java:199)
	... 8 more

[0m[0m10:22:55,688 INFO  [org.jboss.as.ejb3] (MSC service thread 1-4) WFLYEJB0493: EJB subsystem suspension complete
[0m[0m10:22:55,875 INFO  [org.jboss.as.connector.subsystems.datasources] (MSC service thread 1-2) WFLYJCA0001: Bound data source [java:jboss/datasources/ExampleDS]
[0m[0m10:22:55,889 INFO  [org.jboss.as.connector.subsystems.datasources] (MSC service thread 1-1) WFLYJCA0001: Bound data source [java:jboss/datasources/KeycloakDS]
[0msystem call monitor started
[0m10:22:56,314 INFO  [org.jboss.as.patching] (MSC service thread 1-1) WFLYPAT0050: Keycloak cumulative patch ID is: base, one-off patches include: none
[0m[33m10:22:56,358 WARN  [org.jboss.as.domain.management.security] (MSC service thread 1-1) WFLYDM0111: Keystore /opt/jboss/keycloak/standalone/configuration/application.keystore not found, it will be auto generated on first use with a self signed certificate for host localhost
[0m[0m10:22:56,387 INFO  [org.jboss.as.server.deployment.scanner] (MSC service thread 1-2) WFLYDS0013: Started FileSystemDeploymentService for directory /opt/jboss/keycloak/standalone/deployments
[0m[0m10:22:56,440 INFO  [org.jboss.as.server.deployment] (MSC service thread 1-1) WFLYSRV0027: Starting deployment of "keycloak-server.war" (runtime-name: "keycloak-server.war")
[0m[31m10:22:56,705 ERROR [org.jboss.msc.service.fail] (MSC service thread 1-2) MSC000001: Failed to start service org.wildfly.undertow.listener.https: org.jboss.msc.service.StartException in service org.wildfly.undertow.listener.https: WFLYUT0082: Could not start 'https' listener.
	at org.wildfly.extension.undertow@17.0.1.Final//org.wildfly.extension.undertow.ListenerService.start(ListenerService.java:211)
	at org.jboss.msc@1.4.8.Final//org.jboss.msc.service.ServiceControllerImpl$StartTask.startService(ServiceControllerImpl.java:1737)
	at org.jboss.msc@1.4.8.Final//org.jboss.msc.service.ServiceControllerImpl$StartTask.execute(ServiceControllerImpl.java:1699)
	at org.jboss.msc@1.4.8.Final//org.jboss.msc.service.ServiceControllerImpl$ControllerTask.run(ServiceControllerImpl.java:1557)
	at org.jboss.threads@2.3.3.Final//org.jboss.threads.ContextClassLoaderSavingRunnable.run(ContextClassLoaderSavingRunnable.java:35)
	at org.jboss.threads@2.3.3.Final//org.jboss.threads.EnhancedQueueExecutor.safeRun(EnhancedQueueExecutor.java:1982)
	at org.jboss.threads@2.3.3.Final//org.jboss.threads.EnhancedQueueExecutor$ThreadBody.doRunTask(EnhancedQueueExecutor.java:1486)
	at org.jboss.threads@2.3.3.Final//org.jboss.threads.EnhancedQueueExecutor$ThreadBody.run(EnhancedQueueExecutor.java:1363)
	at java.base/java.lang.Thread.run(Thread.java:834)
Caused by: java.net.SocketException: Protocol family unavailable
	at java.base/sun.nio.ch.Net.bind0(Native Method)
	at java.base/sun.nio.ch.Net.bind(Net.java:455)
	at java.base/sun.nio.ch.Net.bind(Net.java:447)
	at java.base/sun.nio.ch.ServerSocketChannelImpl.bind(ServerSocketChannelImpl.java:227)
	at java.base/sun.nio.ch.ServerSocketAdaptor.bind(ServerSocketAdaptor.java:80)
	at org.jboss.xnio.nio@3.7.2.Final//org.xnio.nio.NioXnioWorker.createTcpConnectionServer(NioXnioWorker.java:178)
	at org.jboss.xnio@3.7.2.Final//org.xnio.XnioWorker.createStreamConnectionServer(XnioWorker.java:310)
	at io.undertow.core@2.0.21.Final//io.undertow.protocols.ssl.UndertowXnioSsl.createSslConnectionServer(UndertowXnioSsl.java:421)
	at org.wildfly.extension.undertow@17.0.1.Final//org.wildfly.extension.undertow.HttpsListenerService.startListening(HttpsListenerService.java:143)
	at org.wildfly.extension.undertow@17.0.1.Final//org.wildfly.extension.undertow.ListenerService.start(ListenerService.java:199)
	... 8 more

[0msystem call monitor started
[33m10:22:57,295 WARN  [org.jboss.as.dependency.private] (MSC service thread 1-1) WFLYSRV0018: Deployment "deployment.keycloak-server.war" is using a private module ("org.kie") which may be changed or removed in future versions without notice.
[0m[33m10:22:57,829 WARN  [org.jgroups.protocols.UDP] (ServerService Thread Pool -- 60) JGRP000015: the send buffer of socket ManagedMulticastSocketBinding was set to 1.00MB, but the OS only allocated 212.99KB. This might lead to performance problems. Please set your max send buffer in the OS correctly (e.g. net.core.wmem_max on Linux)
[0m[33m10:22:57,829 WARN  [org.jgroups.protocols.UDP] (ServerService Thread Pool -- 60) JGRP000015: the receive buffer of socket ManagedMulticastSocketBinding was set to 20.00MB, but the OS only allocated 212.99KB. This might lead to performance problems. Please set your max receive buffer in the OS correctly (e.g. net.core.rmem_max on Linux)
[0m[33m10:22:57,830 WARN  [org.jgroups.protocols.UDP] (ServerService Thread Pool -- 60) JGRP000015: the send buffer of socket ManagedMulticastSocketBinding was set to 1.00MB, but the OS only allocated 212.99KB. This might lead to performance problems. Please set your max send buffer in the OS correctly (e.g. net.core.wmem_max on Linux)
[0m[33m10:22:57,830 WARN  [org.jgroups.protocols.UDP] (ServerService Thread Pool -- 60) JGRP000015: the receive buffer of socket ManagedMulticastSocketBinding was set to 25.00MB, but the OS only allocated 212.99KB. This might lead to performance problems. Please set your max receive buffer in the OS correctly (e.g. net.core.rmem_max on Linux)
[0msystem call monitor started
system call monitor started
system call monitor started
[0m10:23:00,886 INFO  [org.jgroups.protocols.pbcast.GMS] (ServerService Thread Pool -- 60) c9206cf73389: no members discovered after 3004 ms: creating cluster as first member
[0msystem call monitor started
[0m10:23:01,633 INFO  [org.infinispan.factories.GlobalComponentRegistry] (MSC service thread 1-1) ISPN000128: Infinispan version: Infinispan 'Infinity Minus ONE +2' 9.4.14.Final
[0m[0m10:23:02,092 INFO  [org.infinispan.remoting.transport.jgroups.JGroupsTransport] (MSC service thread 1-1) ISPN000078: Starting JGroups channel ejb
[0m[0m10:23:02,093 INFO  [org.infinispan.remoting.transport.jgroups.JGroupsTransport] (MSC service thread 1-3) ISPN000078: Starting JGroups channel ejb
[0m[0m10:23:02,106 INFO  [org.infinispan.CLUSTER] (MSC service thread 1-3) ISPN000094: Received new cluster view for channel ejb: [c9206cf73389|0] (1) [c9206cf73389]
[0m[0m10:23:02,107 INFO  [org.infinispan.CLUSTER] (MSC service thread 1-1) ISPN000094: Received new cluster view for channel ejb: [c9206cf73389|0] (1) [c9206cf73389]
[0m[0m10:23:02,122 INFO  [org.infinispan.remoting.transport.jgroups.JGroupsTransport] (MSC service thread 1-2) ISPN000078: Starting JGroups channel ejb
[0m[0m10:23:02,098 INFO  [org.infinispan.remoting.transport.jgroups.JGroupsTransport] (MSC service thread 1-4) ISPN000078: Starting JGroups channel ejb
[0m[0m10:23:02,123 INFO  [org.infinispan.CLUSTER] (MSC service thread 1-4) ISPN000094: Received new cluster view for channel ejb: [c9206cf73389|0] (1) [c9206cf73389]
[0m[0m10:23:02,124 INFO  [org.infinispan.CLUSTER] (MSC service thread 1-2) ISPN000094: Received new cluster view for channel ejb: [c9206cf73389|0] (1) [c9206cf73389]
[0m[0m10:23:02,127 INFO  [org.infinispan.remoting.transport.jgroups.JGroupsTransport] (MSC service thread 1-3) ISPN000079: Channel ejb local address is c9206cf73389, physical addresses are [172.17.0.5:55200]
[0m[0m10:23:02,130 INFO  [org.infinispan.remoting.transport.jgroups.JGroupsTransport] (MSC service thread 1-1) ISPN000079: Channel ejb local address is c9206cf73389, physical addresses are [172.17.0.5:55200]
[0m[0m10:23:02,149 INFO  [org.infinispan.remoting.transport.jgroups.JGroupsTransport] (MSC service thread 1-2) ISPN000079: Channel ejb local address is c9206cf73389, physical addresses are [172.17.0.5:55200]
[0msystem call monitor started
[0m10:23:02,172 INFO  [org.infinispan.remoting.transport.jgroups.JGroupsTransport] (MSC service thread 1-4) ISPN000079: Channel ejb local address is c9206cf73389, physical addresses are [172.17.0.5:55200]
[0m[0m10:23:02,321 INFO  [org.infinispan.remoting.transport.jgroups.JGroupsTransport] (MSC service thread 1-1) ISPN000078: Starting JGroups channel ejb
[0m[0m10:23:02,322 INFO  [org.infinispan.CLUSTER] (MSC service thread 1-1) ISPN000094: Received new cluster view for channel ejb: [c9206cf73389|0] (1) [c9206cf73389]
[0m[0m10:23:02,329 INFO  [org.infinispan.remoting.transport.jgroups.JGroupsTransport] (MSC service thread 1-1) ISPN000079: Channel ejb local address is c9206cf73389, physical addresses are [172.17.0.5:55200]
[0m[0m10:23:02,576 INFO  [org.jboss.as.clustering.infinispan] (ServerService Thread Pool -- 64) WFLYCLINF0002: Started realms cache from keycloak container
[0m[0m10:23:02,607 INFO  [org.jboss.as.clustering.infinispan] (ServerService Thread Pool -- 60) WFLYCLINF0002: Started authorization cache from keycloak container
[0m[0m10:23:02,608 INFO  [org.jboss.as.clustering.infinispan] (ServerService Thread Pool -- 70) WFLYCLINF0002: Started users cache from keycloak container
[0m[0m10:23:02,609 INFO  [org.jboss.as.clustering.infinispan] (ServerService Thread Pool -- 66) WFLYCLINF0002: Started keys cache from keycloak container
[0m[0m10:23:02,869 INFO  [org.jboss.as.clustering.infinispan] (ServerService Thread Pool -- 61) WFLYCLINF0002: Started authenticationSessions cache from keycloak container
[0m[0m10:23:02,872 INFO  [org.jboss.as.clustering.infinispan] (ServerService Thread Pool -- 71) WFLYCLINF0002: Started offlineClientSessions cache from keycloak container
[0m[0m10:23:02,889 INFO  [org.jboss.as.clustering.infinispan] (ServerService Thread Pool -- 68) WFLYCLINF0002: Started offlineSessions cache from keycloak container
[0m[0m10:23:02,893 INFO  [org.jboss.as.clustering.infinispan] (ServerService Thread Pool -- 62) WFLYCLINF0002: Started actionTokens cache from keycloak container
[0m[0m10:23:02,896 INFO  [org.jboss.as.clustering.infinispan] (ServerService Thread Pool -- 69) WFLYCLINF0002: Started work cache from keycloak container
[0m[0m10:23:02,900 INFO  [org.jboss.as.clustering.infinispan] (ServerService Thread Pool -- 65) WFLYCLINF0002: Started loginFailures cache from keycloak container
[0m[0m10:23:02,907 INFO  [org.jboss.as.clustering.infinispan] (ServerService Thread Pool -- 67) WFLYCLINF0002: Started sessions cache from keycloak container
[0m[0m10:23:02,976 INFO  [org.jboss.as.clustering.infinispan] (ServerService Thread Pool -- 63) WFLYCLINF0002: Started clientSessions cache from keycloak container
[0m[0m10:23:02,987 INFO  [org.jboss.as.clustering.infinispan] (ServerService Thread Pool -- 72) WFLYCLINF0002: Started client-mappings cache from ejb container
[0msystem call monitor started
[33m10:23:03,240 WARN  [org.jboss.as.server.deployment] (MSC service thread 1-4) WFLYSRV0273: Excluded subsystem webservices via jboss-deployment-structure.xml does not exist.
[0m[31m10:23:03,448 ERROR [org.jboss.as.controller.management-operation] (Controller Boot Thread) WFLYCTL0013: Operation ("add") failed - address: ([
    ("subsystem" => "undertow"),
    ("server" => "default-server"),
    ("ajp-listener" => "ajp")
]) - failure description: {"WFLYCTL0080: Failed services" => {"org.wildfly.undertow.listener.ajp" => "WFLYUT0082: Could not start 'ajp' listener.
    Caused by: java.net.SocketException: Protocol family unavailable"}}
[0m[31m10:23:03,452 ERROR [org.jboss.as.controller.management-operation] (Controller Boot Thread) WFLYCTL0013: Operation ("add") failed - address: ([
    ("subsystem" => "undertow"),
    ("server" => "default-server"),
    ("http-listener" => "default")
]) - failure description: {"WFLYCTL0080: Failed services" => {"org.wildfly.undertow.listener.default" => "WFLYUT0082: Could not start 'default' listener.
    Caused by: java.net.SocketException: Protocol family unavailable"}}
[0m[31m10:23:03,453 ERROR [org.jboss.as.controller.management-operation] (Controller Boot Thread) WFLYCTL0013: Operation ("add") failed - address: ([
    ("subsystem" => "undertow"),
    ("server" => "default-server"),
    ("https-listener" => "https")
]) - failure description: {"WFLYCTL0080: Failed services" => {"org.wildfly.undertow.listener.https" => "WFLYUT0082: Could not start 'https' listener.
    Caused by: java.net.SocketException: Protocol family unavailable"}}
[0m[31m10:23:03,457 ERROR [org.jboss.as.controller.management-operation] (Controller Boot Thread) WFLYCTL0013: Operation ("add") failed - address: ([
    ("subsystem" => "ejb3"),
    ("service" => "remote")
]) - failure description: {
    "WFLYCTL0412: Required services that are not installed:" => ["jboss.remoting.remotingConnectorInfoService.http-remoting-connector"],
    "WFLYCTL0180: Services with missing/unavailable dependencies" => ["org.wildfly.clustering.cache.registry-entry.ejb.client-mappings is missing [jboss.remoting.remotingConnectorInfoService.http-remoting-connector]"]
}
[0m[0m10:23:03,499 INFO  [org.jboss.as.server] (ServerService Thread Pool -- 46) WFLYSRV0010: Deployed "keycloak-server.war" (runtime-name : "keycloak-server.war")
[0m[0m10:23:03,506 INFO  [org.jboss.as.controller] (Controller Boot Thread) WFLYCTL0183: Service status report
WFLYCTL0184:    New missing/unsatisfied dependencies:
      service jboss.remoting.remotingConnectorInfoService.http-remoting-connector (missing) dependents: [service org.wildfly.clustering.cache.registry-entry.ejb.client-mappings] 
WFLYCTL0186:   Services which failed to start:      service org.wildfly.undertow.listener.https: WFLYUT0082: Could not start 'https' listener.
      service org.wildfly.undertow.listener.default: WFLYUT0082: Could not start 'default' listener.
      service org.wildfly.undertow.listener.ajp: WFLYUT0082: Could not start 'ajp' listener.
WFLYCTL0448: 13 additional services are down due to their dependencies being missing or failed
[0m[0m10:23:03,622 INFO  [org.jboss.as.server] (Controller Boot Thread) WFLYSRV0212: Resuming server
[0m[0m10:23:03,630 INFO  [org.jboss.as] (Controller Boot Thread) WFLYSRV0060: Http management interface listening on http://127.0.0.1:9990/management
[0m[0m10:23:03,631 INFO  [org.jboss.as] (Controller Boot Thread) WFLYSRV0051: Admin console listening on http://127.0.0.1:9990
[0m[31m10:23:03,631 ERROR [org.jboss.as] (Controller Boot Thread) WFLYSRV0026: Keycloak 7.0.1 (WildFly Core 9.0.2.Final) started (with errors) in 15855ms - Started 656 of 984 services (16 services failed or missing dependencies, 701 services are lazy, passive or on-demand)
[0msystem call monitor started
system call monitor started
system call monitor started
system call monitor started
system call monitor started
system call monitor started
system call monitor started
system call monitor started
system call monitor started
system call monitor started
system call monitor started
system call monitor started
system call monitor started
system call monitor started
system call monitor started
system call monitor started
system call monitor started
system call monitor started
system call monitor started
system call monitor started
system call monitor started
system call monitor started
system call monitor started
system call monitor started
system call monitor started
system call monitor started
system call monitor started
system call monitor started
system call monitor started
system call monitor started
system call monitor started
system call monitor started
system call monitor started
system call monitor started
system call monitor started
system call monitor started
system call monitor started
system call monitor started
system call monitor started
system call monitor started
system call monitor started
system call monitor started
system call monitor started
system call monitor started
system call monitor started
system call monitor started
system call monitor started
system call monitor started
system call monitor started
system call monitor started
system call monitor started
system call monitor started
system call monitor started
system call monitor started
system call monitor started
system call monitor started
system call monitor started
system call monitor started
system call monitor started
system call monitor started
system call monitor started
system call monitor started
system call monitor started
system call monitor started
system call monitor started
system call monitor started
system call monitor started
system call monitor started
system call monitor started
system call monitor started
system call monitor started
system call monitor started
system call monitor started
system call monitor started
system call monitor started
system call monitor started
system call monitor started
system call monitor started
system call monitor started
system call monitor started
system call monitor started
system call monitor started
system call monitor started
system call monitor started
system call monitor started
