strace: invalid option -- 'Z'
usage: strace [-CdffhiqrtttTvVxxy] [-I n] [-e expr]...
              [-a column] [-o file] [-s strsize] [-P path]...
              -p pid... / [-D] [-E var=val]... [-u username] PROG [ARGS]
   or: strace -c[df] [-I n] [-e expr]... [-O overhead] [-S sortby]
              -p pid... / [-D] [-E var=val]... [-u username] PROG [ARGS]
-c -- count time, calls, and errors for each syscall and report summary
-C -- like -c but also print regular output
-w -- summarise syscall latency (default is system time)
-d -- enable debug output to stderr
-D -- run tracer process as a detached grandchild, not as parent
-f -- follow forks, -ff -- with output into separate files
-i -- print instruction pointer at time of syscall
-q -- suppress messages about attaching, detaching, etc.
-r -- print relative timestamp, -t -- absolute timestamp, -tt -- with usecs
-T -- print time spent in each syscall
-v -- verbose mode: print unabbreviated argv, stat, termios, etc. args
-x -- print non-ascii strings in hex, -xx -- print all strings in hex
-y -- print paths associated with file descriptor arguments
-h -- print help message, -V -- print version
-a column -- alignment COLUMN for printing syscall results (default 40)
-b execve -- detach on this syscall
-e expr -- a qualifying expression: option=[!]all or option=[!]val1[,val2]...
   options: trace, abbrev, verbose, raw, signal, read, write
-I interruptible --
   1: no signals are blocked
   2: fatal signals are blocked while decoding syscall (default)
   3: fatal signals are always blocked (default if '-o FILE PROG')
   4: fatal signals and SIGTSTP (^Z) are always blocked
      (useful to make 'strace -o FILE PROG' not stop on ^Z)
-o file -- send trace output to FILE instead of stderr
-O overhead -- set overhead for tracing syscalls to OVERHEAD usecs
-p pid -- trace process with process id PID, may be repeated
-s strsize -- limit length of print strings to STRSIZE chars (default 32)
-S sortby -- sort syscall counts by: time, calls, name, nothing (default time)
-u username -- run command as username handling setuid and/or setgid
-E var=val -- put var=val in the environment for command
-E var -- remove var from the environment for command
-P path -- trace accesses to path
Picked up JAVA_TOOL_OPTIONS:  -javaagent:/home/elastic/elastic-apm-agent-1.30.1.jar -Delastic.apm.log_ecs_reformatting=OVERRIDE
strace: invalid option -- 'Z'
usage: strace [-CdffhiqrtttTvVxxy] [-I n] [-e expr]...
              [-a column] [-o file] [-s strsize] [-P path]...
              -p pid... / [-D] [-E var=val]... [-u username] PROG [ARGS]
   or: strace -c[df] [-I n] [-e expr]... [-O overhead] [-S sortby]
              -p pid... / [-D] [-E var=val]... [-u username] PROG [ARGS]
-c -- count time, calls, and errors for each syscall and report summary
-C -- like -c but also print regular output
-w -- summarise syscall latency (default is system time)
-d -- enable debug output to stderr
-D -- run tracer process as a detached grandchild, not as parent
-f -- follow forks, -ff -- with output into separate files
-i -- print instruction pointer at time of syscall
-q -- suppress messages about attaching, detaching, etc.
-r -- print relative timestamp, -t -- absolute timestamp, -tt -- with usecs
-T -- print time spent in each syscall
-v -- verbose mode: print unabbreviated argv, stat, termios, etc. args
-x -- print non-ascii strings in hex, -xx -- print all strings in hex
-y -- print paths associated with file descriptor arguments
-h -- print help message, -V -- print version
-a column -- alignment COLUMN for printing syscall results (default 40)
-b execve -- detach on this syscall
-e expr -- a qualifying expression: option=[!]all or option=[!]val1[,val2]...
   options: trace, abbrev, verbose, raw, signal, read, write
-I interruptible --
   1: no signals are blocked
   2: fatal signals are blocked while decoding syscall (default)
   3: fatal signals are always blocked (default if '-o FILE PROG')
   4: fatal signals and SIGTSTP (^Z) are always blocked
      (useful to make 'strace -o FILE PROG' not stop on ^Z)
-o file -- send trace output to FILE instead of stderr
-O overhead -- set overhead for tracing syscalls to OVERHEAD usecs
-p pid -- trace process with process id PID, may be repeated
-s strsize -- limit length of print strings to STRSIZE chars (default 32)
-S sortby -- sort syscall counts by: time, calls, name, nothing (default time)
-u username -- run command as username handling setuid and/or setgid
-E var=val -- put var=val in the environment for command
-E var -- remove var from the environment for command
-P path -- trace accesses to path
strace: invalid option -- 'Z'
usage: strace [-CdffhiqrtttTvVxxy] [-I n] [-e expr]...
              [-a column] [-o file] [-s strsize] [-P path]...
              -p pid... / [-D] [-E var=val]... [-u username] PROG [ARGS]
   or: strace -c[df] [-I n] [-e expr]... [-O overhead] [-S sortby]
              -p pid... / [-D] [-E var=val]... [-u username] PROG [ARGS]
-c -- count time, calls, and errors for each syscall and report summary
-C -- like -c but also print regular output
-w -- summarise syscall latency (default is system time)
-d -- enable debug output to stderr
-D -- run tracer process as a detached grandchild, not as parent
-f -- follow forks, -ff -- with output into separate files
-i -- print instruction pointer at time of syscall
-q -- suppress messages about attaching, detaching, etc.
-r -- print relative timestamp, -t -- absolute timestamp, -tt -- with usecs
-T -- print time spent in each syscall
-v -- verbose mode: print unabbreviated argv, stat, termios, etc. args
-x -- print non-ascii strings in hex, -xx -- print all strings in hex
-y -- print paths associated with file descriptor arguments
-h -- print help message, -V -- print version
-a column -- alignment COLUMN for printing syscall results (default 40)
-b execve -- detach on this syscall
-e expr -- a qualifying expression: option=[!]all or option=[!]val1[,val2]...
   options: trace, abbrev, verbose, raw, signal, read, write
-I interruptible --
   1: no signals are blocked
   2: fatal signals are blocked while decoding syscall (default)
   3: fatal signals are always blocked (default if '-o FILE PROG')
   4: fatal signals and SIGTSTP (^Z) are always blocked
      (useful to make 'strace -o FILE PROG' not stop on ^Z)
-o file -- send trace output to FILE instead of stderr
-O overhead -- set overhead for tracing syscalls to OVERHEAD usecs
-p pid -- trace process with process id PID, may be repeated
-s strsize -- limit length of print strings to STRSIZE chars (default 32)
-S sortby -- sort syscall counts by: time, calls, name, nothing (default time)
-u username -- run command as username handling setuid and/or setgid
-E var=val -- put var=val in the environment for command
-E var -- remove var from the environment for command
-P path -- trace accesses to path
strace: invalid option -- 'Z'
usage: strace [-CdffhiqrtttTvVxxy] [-I n] [-e expr]...
              [-a column] [-o file] [-s strsize] [-P path]...
              -p pid... / [-D] [-E var=val]... [-u username] PROG [ARGS]
   or: strace -c[df] [-I n] [-e expr]... [-O overhead] [-S sortby]
              -p pid... / [-D] [-E var=val]... [-u username] PROG [ARGS]
-c -- count time, calls, and errors for each syscall and report summary
-C -- like -c but also print regular output
-w -- summarise syscall latency (default is system time)
-d -- enable debug output to stderr
-D -- run tracer process as a detached grandchild, not as parent
-f -- follow forks, -ff -- with output into separate files
-i -- print instruction pointer at time of syscall
-q -- suppress messages about attaching, detaching, etc.
-r -- print relative timestamp, -t -- absolute timestamp, -tt -- with usecs
-T -- print time spent in each syscall
-v -- verbose mode: print unabbreviated argv, stat, termios, etc. args
-x -- print non-ascii strings in hex, -xx -- print all strings in hex
-y -- print paths associated with file descriptor arguments
-h -- print help message, -V -- print version
-a column -- alignment COLUMN for printing syscall results (default 40)
-b execve -- detach on this syscall
-e expr -- a qualifying expression: option=[!]all or option=[!]val1[,val2]...
   options: trace, abbrev, verbose, raw, signal, read, write
-I interruptible --
   1: no signals are blocked
   2: fatal signals are blocked while decoding syscall (default)
   3: fatal signals are always blocked (default if '-o FILE PROG')
   4: fatal signals and SIGTSTP (^Z) are always blocked
      (useful to make 'strace -o FILE PROG' not stop on ^Z)
-o file -- send trace output to FILE instead of stderr
-O overhead -- set overhead for tracing syscalls to OVERHEAD usecs
-p pid -- trace process with process id PID, may be repeated
-s strsize -- limit length of print strings to STRSIZE chars (default 32)
-S sortby -- sort syscall counts by: time, calls, name, nothing (default time)
-u username -- run command as username handling setuid and/or setgid
-E var=val -- put var=val in the environment for command
-E var -- remove var from the environment for command
-P path -- trace accesses to path
strace: invalid option -- 'Z'
usage: strace [-CdffhiqrtttTvVxxy] [-I n] [-e expr]...
              [-a column] [-o file] [-s strsize] [-P path]...
              -p pid... / [-D] [-E var=val]... [-u username] PROG [ARGS]
   or: strace -c[df] [-I n] [-e expr]... [-O overhead] [-S sortby]
              -p pid... / [-D] [-E var=val]... [-u username] PROG [ARGS]
-c -- count time, calls, and errors for each syscall and report summary
-C -- like -c but also print regular output
-w -- summarise syscall latency (default is system time)
-d -- enable debug output to stderr
-D -- run tracer process as a detached grandchild, not as parent
-f -- follow forks, -ff -- with output into separate files
-i -- print instruction pointer at time of syscall
-q -- suppress messages about attaching, detaching, etc.
-r -- print relative timestamp, -t -- absolute timestamp, -tt -- with usecs
-T -- print time spent in each syscall
-v -- verbose mode: print unabbreviated argv, stat, termios, etc. args
-x -- print non-ascii strings in hex, -xx -- print all strings in hex
-y -- print paths associated with file descriptor arguments
-h -- print help message, -V -- print version
-a column -- alignment COLUMN for printing syscall results (default 40)
-b execve -- detach on this syscall
-e expr -- a qualifying expression: option=[!]all or option=[!]val1[,val2]...
   options: trace, abbrev, verbose, raw, signal, read, write
-I interruptible --
   1: no signals are blocked
   2: fatal signals are blocked while decoding syscall (default)
   3: fatal signals are always blocked (default if '-o FILE PROG')
   4: fatal signals and SIGTSTP (^Z) are always blocked
      (useful to make 'strace -o FILE PROG' not stop on ^Z)
-o file -- send trace output to FILE instead of stderr
-O overhead -- set overhead for tracing syscalls to OVERHEAD usecs
-p pid -- trace process with process id PID, may be repeated
-s strsize -- limit length of print strings to STRSIZE chars (default 32)
-S sortby -- sort syscall counts by: time, calls, name, nothing (default time)
-u username -- run command as username handling setuid and/or setgid
-E var=val -- put var=val in the environment for command
-E var -- remove var from the environment for command
-P path -- trace accesses to path
strace: invalid option -- 'Z'
usage: strace [-CdffhiqrtttTvVxxy] [-I n] [-e expr]...
              [-a column] [-o file] [-s strsize] [-P path]...
              -p pid... / [-D] [-E var=val]... [-u username] PROG [ARGS]
   or: strace -c[df] [-I n] [-e expr]... [-O overhead] [-S sortby]
              -p pid... / [-D] [-E var=val]... [-u username] PROG [ARGS]
-c -- count time, calls, and errors for each syscall and report summary
-C -- like -c but also print regular output
-w -- summarise syscall latency (default is system time)
-d -- enable debug output to stderr
-D -- run tracer process as a detached grandchild, not as parent
-f -- follow forks, -ff -- with output into separate files
-i -- print instruction pointer at time of syscall
-q -- suppress messages about attaching, detaching, etc.
-r -- print relative timestamp, -t -- absolute timestamp, -tt -- with usecs
-T -- print time spent in each syscall
-v -- verbose mode: print unabbreviated argv, stat, termios, etc. args
-x -- print non-ascii strings in hex, -xx -- print all strings in hex
-y -- print paths associated with file descriptor arguments
-h -- print help message, -V -- print version
-a column -- alignment COLUMN for printing syscall results (default 40)
-b execve -- detach on this syscall
-e expr -- a qualifying expression: option=[!]all or option=[!]val1[,val2]...
   options: trace, abbrev, verbose, raw, signal, read, write
-I interruptible --
   1: no signals are blocked
   2: fatal signals are blocked while decoding syscall (default)
   3: fatal signals are always blocked (default if '-o FILE PROG')
   4: fatal signals and SIGTSTP (^Z) are always blocked
      (useful to make 'strace -o FILE PROG' not stop on ^Z)
-o file -- send trace output to FILE instead of stderr
-O overhead -- set overhead for tracing syscalls to OVERHEAD usecs
-p pid -- trace process with process id PID, may be repeated
-s strsize -- limit length of print strings to STRSIZE chars (default 32)
-S sortby -- sort syscall counts by: time, calls, name, nothing (default time)
-u username -- run command as username handling setuid and/or setgid
-E var=val -- put var=val in the environment for command
-E var -- remove var from the environment for command
-P path -- trace accesses to path
strace: invalid option -- 'Z'
usage: strace [-CdffhiqrtttTvVxxy] [-I n] [-e expr]...
              [-a column] [-o file] [-s strsize] [-P path]...
              -p pid... / [-D] [-E var=val]... [-u username] PROG [ARGS]
   or: strace -c[df] [-I n] [-e expr]... [-O overhead] [-S sortby]
              -p pid... / [-D] [-E var=val]... [-u username] PROG [ARGS]
-c -- count time, calls, and errors for each syscall and report summary
-C -- like -c but also print regular output
-w -- summarise syscall latency (default is system time)
-d -- enable debug output to stderr
-D -- run tracer process as a detached grandchild, not as parent
-f -- follow forks, -ff -- with output into separate files
-i -- print instruction pointer at time of syscall
-q -- suppress messages about attaching, detaching, etc.
-r -- print relative timestamp, -t -- absolute timestamp, -tt -- with usecs
-T -- print time spent in each syscall
-v -- verbose mode: print unabbreviated argv, stat, termios, etc. args
-x -- print non-ascii strings in hex, -xx -- print all strings in hex
-y -- print paths associated with file descriptor arguments
-h -- print help message, -V -- print version
-a column -- alignment COLUMN for printing syscall results (default 40)
-b execve -- detach on this syscall
-e expr -- a qualifying expression: option=[!]all or option=[!]val1[,val2]...
   options: trace, abbrev, verbose, raw, signal, read, write
-I interruptible --
   1: no signals are blocked
   2: fatal signals are blocked while decoding syscall (default)
   3: fatal signals are always blocked (default if '-o FILE PROG')
   4: fatal signals and SIGTSTP (^Z) are always blocked
      (useful to make 'strace -o FILE PROG' not stop on ^Z)
-o file -- send trace output to FILE instead of stderr
-O overhead -- set overhead for tracing syscalls to OVERHEAD usecs
-p pid -- trace process with process id PID, may be repeated
-s strsize -- limit length of print strings to STRSIZE chars (default 32)
-S sortby -- sort syscall counts by: time, calls, name, nothing (default time)
-u username -- run command as username handling setuid and/or setgid
-E var=val -- put var=val in the environment for command
-E var -- remove var from the environment for command
-P path -- trace accesses to path
strace: invalid option -- 'Z'
usage: strace [-CdffhiqrtttTvVxxy] [-I n] [-e expr]...
              [-a column] [-o file] [-s strsize] [-P path]...
              -p pid... / [-D] [-E var=val]... [-u username] PROG [ARGS]
   or: strace -c[df] [-I n] [-e expr]... [-O overhead] [-S sortby]
              -p pid... / [-D] [-E var=val]... [-u username] PROG [ARGS]
-c -- count time, calls, and errors for each syscall and report summary
-C -- like -c but also print regular output
-w -- summarise syscall latency (default is system time)
-d -- enable debug output to stderr
-D -- run tracer process as a detached grandchild, not as parent
-f -- follow forks, -ff -- with output into separate files
-i -- print instruction pointer at time of syscall
-q -- suppress messages about attaching, detaching, etc.
-r -- print relative timestamp, -t -- absolute timestamp, -tt -- with usecs
-T -- print time spent in each syscall
-v -- verbose mode: print unabbreviated argv, stat, termios, etc. args
-x -- print non-ascii strings in hex, -xx -- print all strings in hex
-y -- print paths associated with file descriptor arguments
-h -- print help message, -V -- print version
-a column -- alignment COLUMN for printing syscall results (default 40)
-b execve -- detach on this syscall
-e expr -- a qualifying expression: option=[!]all or option=[!]val1[,val2]...
   options: trace, abbrev, verbose, raw, signal, read, write
-I interruptible --
   1: no signals are blocked
   2: fatal signals are blocked while decoding syscall (default)
   3: fatal signals are always blocked (default if '-o FILE PROG')
   4: fatal signals and SIGTSTP (^Z) are always blocked
      (useful to make 'strace -o FILE PROG' not stop on ^Z)
-o file -- send trace output to FILE instead of stderr
-O overhead -- set overhead for tracing syscalls to OVERHEAD usecs
-p pid -- trace process with process id PID, may be repeated
-s strsize -- limit length of print strings to STRSIZE chars (default 32)
-S sortby -- sort syscall counts by: time, calls, name, nothing (default time)
-u username -- run command as username handling setuid and/or setgid
-E var=val -- put var=val in the environment for command
-E var -- remove var from the environment for command
-P path -- trace accesses to path
Usage: java [-options] class [args...]
           (to execute a class)
   or  java [-options] -jar jarfile [args...]
           (to execute a jar file)
where options include:
    -d32	  use a 32-bit data model if available
    -d64	  use a 64-bit data model if available
    -server	  to select the "server" VM
    -zero	  to select the "zero" VM
    -jamvm	  to select the "jamvm" VM
    -dcevm	  to select the "dcevm" VM
                  The default VM is server,
                  because you are running on a server-class machine.


    -cp <class search path of directories and zip/jar files>
    -classpath <class search path of directories and zip/jar files>
                  A : separated list of directories, JAR archives,
                  and ZIP archives to search for class files.
    -D<name>=<value>
                  set a system property
    -verbose:[class|gc|jni]
                  enable verbose output
    -version      print product version and exit
    -version:<value>
                  Warning: this feature is deprecated and will be removed
                  in a future release.
                  require the specified version to run
    -showversion  print product version and continue
    -jre-restrict-search | -no-jre-restrict-search
                  Warning: this feature is deprecated and will be removed
                  in a future release.
                  include/exclude user private JREs in the version search
    -? -help      print this help message
    -X            print help on non-standard options
    -ea[:<packagename>...|:<classname>]
    -enableassertions[:<packagename>...|:<classname>]
                  enable assertions with specified granularity
    -da[:<packagename>...|:<classname>]
    -disableassertions[:<packagename>...|:<classname>]
                  disable assertions with specified granularity
    -esa | -enablesystemassertions
                  enable system assertions
    -dsa | -disablesystemassertions
                  disable system assertions
    -agentlib:<libname>[=<options>]
                  load native agent library <libname>, e.g. -agentlib:hprof
                  see also, -agentlib:jdwp=help and -agentlib:hprof=help
    -agentpath:<pathname>[=<options>]
                  load native agent library by full pathname
    -javaagent:<jarpath>[=<options>]
                  load Java programming language agent, see java.lang.instrument
    -splash:<imagepath>
                  show splash screen with specified image
See http://www.oracle.com/technetwork/java/javase/documentation/index.html for more details.
strace: invalid option -- 'Z'
usage: strace [-CdffhiqrtttTvVxxy] [-I n] [-e expr]...
              [-a column] [-o file] [-s strsize] [-P path]...
              -p pid... / [-D] [-E var=val]... [-u username] PROG [ARGS]
   or: strace -c[df] [-I n] [-e expr]... [-O overhead] [-S sortby]
              -p pid... / [-D] [-E var=val]... [-u username] PROG [ARGS]
-c -- count time, calls, and errors for each syscall and report summary
-C -- like -c but also print regular output
-w -- summarise syscall latency (default is system time)
-d -- enable debug output to stderr
-D -- run tracer process as a detached grandchild, not as parent
-f -- follow forks, -ff -- with output into separate files
-i -- print instruction pointer at time of syscall
-q -- suppress messages about attaching, detaching, etc.
-r -- print relative timestamp, -t -- absolute timestamp, -tt -- with usecs
-T -- print time spent in each syscall
-v -- verbose mode: print unabbreviated argv, stat, termios, etc. args
-x -- print non-ascii strings in hex, -xx -- print all strings in hex
-y -- print paths associated with file descriptor arguments
-h -- print help message, -V -- print version
-a column -- alignment COLUMN for printing syscall results (default 40)
-b execve -- detach on this syscall
-e expr -- a qualifying expression: option=[!]all or option=[!]val1[,val2]...
   options: trace, abbrev, verbose, raw, signal, read, write
-I interruptible --
   1: no signals are blocked
   2: fatal signals are blocked while decoding syscall (default)
   3: fatal signals are always blocked (default if '-o FILE PROG')
   4: fatal signals and SIGTSTP (^Z) are always blocked
      (useful to make 'strace -o FILE PROG' not stop on ^Z)
-o file -- send trace output to FILE instead of stderr
-O overhead -- set overhead for tracing syscalls to OVERHEAD usecs
-p pid -- trace process with process id PID, may be repeated
-s strsize -- limit length of print strings to STRSIZE chars (default 32)
-S sortby -- sort syscall counts by: time, calls, name, nothing (default time)
-u username -- run command as username handling setuid and/or setgid
-E var=val -- put var=val in the environment for command
-E var -- remove var from the environment for command
-P path -- trace accesses to path
