[s6-init] making user provided files available at /var/run/s6/etc...exited 0.
[s6-init] ensuring user provided files have correct perms...exited 0.
[fix-attrs.d] applying ownership & permissions fixes...
[fix-attrs.d] done.
[cont-init.d] executing container initialization scripts...
[cont-init.d] done.
[services.d] starting services
system call monitor started
[services.d] done.
JAVA_OPTS already set in environment; overriding default settings with values:  -noverify
=========================================================================

  JBoss Bootstrap Environment

  JBOSS_HOME: /opt/jboss/wildfly

  JAVA: /usr/lib/jvm/java/bin/java

  JAVA_OPTS:  -server  -noverify

=========================================================================

system call monitor started
2022-05-14 04:16:04,424 [main] INFO  co.elastic.apm.agent.util.JmxUtils - Found JVM-specific OperatingSystemMXBean interface: com.sun.management.OperatingSystemMXBean
2022-05-14 04:16:04,705 [main] INFO  co.elastic.apm.agent.configuration.StartupInfo - Starting Elastic APM 1.30.1 as run_pobs_scalable-coffee-shop_2 on Java 1.8.0_161 Runtime version: 1.8.0_161-b14 VM version: 25.161-b14 (Oracle Corporation) Linux 5.4.0-1070-azure
2022-05-14 04:16:04,706 [main] INFO  co.elastic.apm.agent.configuration.StartupInfo - service_name: 'run_pobs_scalable-coffee-shop_2' (source: Environment Variables)
2022-05-14 04:16:04,706 [main] INFO  co.elastic.apm.agent.configuration.StartupInfo - server_url: 'http://172.17.0.1:8200' (source: Environment Variables)
2022-05-14 04:16:04,707 [main] INFO  co.elastic.apm.agent.configuration.StartupInfo - log_ecs_reformatting: 'OVERRIDE' (source: Java System Properties)
2022-05-14 04:16:04,707 [main] WARN  co.elastic.apm.agent.configuration.StartupInfo - To enable all features and decrease startup time, please configure application_packages
system call monitor started
system call monitor started
system call monitor started
system call monitor started
system call monitor started
system call monitor started
2022-05-14 04:16:11,005 [main] INFO  co.elastic.apm.agent.impl.ElasticApmTracer - Tracer switched to RUNNING state
2022-05-14 04:16:11,065 [elastic-apm-server-healthcheck] INFO  co.elastic.apm.agent.report.ApmServerHealthChecker - Elastic APM server is available: {  "build_date": "2021-11-04T13:10:15Z",  "build_sha": "0702551667e5319822d00dee613ea2a1501615bf",  "version": "7.15.2"}
2022-05-14 04:16:11,163 [elastic-apm-remote-config-poller] INFO  co.elastic.apm.agent.configuration.ApmServerConfigurationSource - Received new configuration from APM Server: {}
system call monitor started
[0m04:16:12,094 INFO  [org.jboss.modules] (main) JBoss Modules version 1.8.5.Final
[0msystem call monitor started
[0m04:16:12,854 INFO  [org.jboss.msc] (main) JBoss MSC version 1.4.2.Final
[0m[0m04:16:12,881 INFO  [org.jboss.threads] (main) JBoss Threads version 2.3.2.Final
[0m[0m04:16:13,091 INFO  [org.jboss.as] (MSC service thread 1-1) WFLYSRV0049: WildFly Full 13.0.0.Final (WildFly Core 5.0.0.Final) starting
[0msystem call monitor started
system call monitor started
system call monitor started
[0m04:16:15,443 INFO  [org.jboss.as.controller.management-deprecated] (Controller Boot Thread) WFLYCTL0028: Attribute 'security-realm' in the resource at address '/core-service=management/management-interface=http-interface' is deprecated, and may be removed in a future version. See the attribute description in the output of the read-resource-description operation to learn more about the deprecation.
[0m[0m04:16:15,568 INFO  [org.wildfly.security] (ServerService Thread Pool -- 15) ELY00001: WildFly Elytron version 1.3.3.Final
[0m[0m04:16:15,651 INFO  [org.jboss.as.repository] (ServerService Thread Pool -- 16) WFLYDR0001: Content added at location /opt/jboss/wildfly/standalone/data/content/9b/09474336497abbbf2471aaf12cfb07ea87c970/content
[0m[0m04:16:15,672 INFO  [org.jboss.as.controller.management-deprecated] (ServerService Thread Pool -- 31) WFLYCTL0028: Attribute 'security-realm' in the resource at address '/subsystem=undertow/server=default-server/https-listener=https' is deprecated, and may be removed in a future version. See the attribute description in the output of the read-resource-description operation to learn more about the deprecation.
[0m[0m04:16:15,715 INFO  [org.jboss.as.server] (Controller Boot Thread) WFLYSRV0039: Creating http management service using socket-binding (management-http)
[0m[0m04:16:15,742 INFO  [org.xnio] (MSC service thread 1-2) XNIO version 3.6.3.Final
[0m[0m04:16:15,766 INFO  [org.xnio.nio] (MSC service thread 1-2) XNIO NIO Implementation Version 3.6.3.Final
[0m[0m04:16:15,987 INFO  [org.jboss.as.jsf] (ServerService Thread Pool -- 52) WFLYJSF0007: Activated the following JSF Implementations: [main]
[0m[0m04:16:15,989 INFO  [org.jboss.as.clustering.infinispan] (ServerService Thread Pool -- 45) WFLYCLINF0001: Activating Infinispan subsystem.
[0m[0m04:16:16,000 INFO  [org.wildfly.extension.io] (ServerService Thread Pool -- 46) WFLYIO001: Worker 'default' has auto-configured to 4 core threads with 32 task threads based on your 2 available processors
[0m[0m04:16:16,022 INFO  [org.jboss.as.ee] (ServerService Thread Pool -- 41) WFLYEE0118: The system property 'ee8.preview.mode' is set to 'true'. For provided EE 8 APIs where the EE 8 version of the API differs from what is supported in EE 7, the EE 8 variant of the API will be used. Support for this setting will be removed once all EE 8 APIs are provided and certified.
[0m[0m04:16:16,050 INFO  [org.jboss.as.connector] (MSC service thread 1-3) WFLYJCA0009: Starting JCA Subsystem (WildFly/IronJacamar 1.4.9.Final)
[0m[0m04:16:16,062 INFO  [org.jboss.as.naming] (ServerService Thread Pool -- 54) WFLYNAM0001: Activating Naming Subsystem
[0m[0m04:16:16,081 INFO  [org.jboss.as.connector.subsystems.datasources] (ServerService Thread Pool -- 38) WFLYJCA0004: Deploying JDBC-compliant driver class org.h2.Driver (version 1.4)
[0m[0m04:16:16,112 INFO  [org.jboss.as.jaxrs] (ServerService Thread Pool -- 47) WFLYRS0016: RESTEasy version 3.5.1.Final
[0m[0m04:16:16,151 INFO  [org.jboss.as.connector.deployers.jdbc] (MSC service thread 1-2) WFLYJCA0018: Started Driver service with driver-name = h2
[0m[0m04:16:16,203 INFO  [org.jboss.as.security] (ServerService Thread Pool -- 60) WFLYSEC0002: Activating Security Subsystem
[0m[33m04:16:16,204 WARN  [org.jboss.as.txn] (ServerService Thread Pool -- 62) WFLYTX0013: The node-identifier attribute on the /subsystem=transactions is set to the default value. This is a danger for environments running multiple servers. Please make sure the attribute value is unique.
[0m[0m04:16:16,256 INFO  [org.jboss.remoting] (MSC service thread 1-2) JBoss Remoting version 5.0.7.Final
[0m[0m04:16:16,272 INFO  [org.jboss.as.webservices] (ServerService Thread Pool -- 64) WFLYWS0002: Activating WebServices Extension
[0m[0m04:16:16,340 INFO  [org.jboss.as.naming] (MSC service thread 1-1) WFLYNAM0003: Starting Naming Service
[0m[0m04:16:16,344 INFO  [org.jboss.as.security] (MSC service thread 1-1) WFLYSEC0001: Current PicketBox version=5.0.2.Final
[0msystem call monitor started
[0m04:16:16,518 INFO  [org.wildfly.extension.undertow] (MSC service thread 1-1) WFLYUT0003: Undertow 2.0.9.Final starting
[0m[0m04:16:16,532 INFO  [org.jboss.as.mail.extension] (MSC service thread 1-2) WFLYMAIL0001: Bound mail session [java:jboss/mail/Default]
[0m[0m04:16:16,580 INFO  [org.jboss.as.ejb3] (MSC service thread 1-4) WFLYEJB0482: Strict pool mdb-strict-max-pool is using a max instance size of 8 (per class), which is derived from the number of CPUs on this host.
[0m[0m04:16:16,581 INFO  [org.jboss.as.ejb3] (MSC service thread 1-3) WFLYEJB0481: Strict pool slsb-strict-max-pool is using a max instance size of 32 (per class), which is derived from thread worker pool sizing.
[0m[0m04:16:17,201 INFO  [org.wildfly.extension.undertow] (ServerService Thread Pool -- 63) WFLYUT0014: Creating file handler for path '/opt/jboss/wildfly/welcome-content' with options [directory-listing: 'false', follow-symlink: 'false', case-sensitive: 'true', safe-symlink-paths: '[]']
[0m[0m04:16:17,301 INFO  [org.wildfly.extension.undertow] (MSC service thread 1-2) WFLYUT0012: Started server default-server.
[0m[0m04:16:17,304 INFO  [org.wildfly.extension.undertow] (MSC service thread 1-3) WFLYUT0018: Host default-host starting
[0msystem call monitor started
[31m04:16:17,509 ERROR [org.jboss.msc.service.fail] (MSC service thread 1-3) MSC000001: Failed to start service org.wildfly.undertow.listener.default: org.jboss.msc.service.StartException in service org.wildfly.undertow.listener.default: WFLYUT0082: Could not start 'default' listener.
	at org.wildfly.extension.undertow.ListenerService.start(ListenerService.java:206)
	at org.jboss.msc.service.ServiceControllerImpl$StartTask.startService(ServiceControllerImpl.java:1736)
	at org.jboss.msc.service.ServiceControllerImpl$StartTask.execute(ServiceControllerImpl.java:1698)
	at org.jboss.msc.service.ServiceControllerImpl$ControllerTask.run(ServiceControllerImpl.java:1556)
	at org.jboss.threads.ContextClassLoaderSavingRunnable.run(ContextClassLoaderSavingRunnable.java:35)
	at org.jboss.threads.EnhancedQueueExecutor.safeRun(EnhancedQueueExecutor.java:1985)
	at org.jboss.threads.EnhancedQueueExecutor$ThreadBody.doRunTask(EnhancedQueueExecutor.java:1487)
	at org.jboss.threads.EnhancedQueueExecutor$ThreadBody.run(EnhancedQueueExecutor.java:1364)
	at java.lang.Thread.run(Thread.java:748)
Caused by: java.net.SocketException: Protocol family unavailable
	at sun.nio.ch.Net.bind0(Native Method)
	at sun.nio.ch.Net.bind(Net.java:433)
	at sun.nio.ch.Net.bind(Net.java:425)
	at sun.nio.ch.ServerSocketChannelImpl.bind(ServerSocketChannelImpl.java:223)
	at sun.nio.ch.ServerSocketAdaptor.bind(ServerSocketAdaptor.java:74)
	at org.xnio.nio.NioXnioWorker.createTcpConnectionServer(NioXnioWorker.java:178)
	at org.xnio.XnioWorker.createStreamConnectionServer(XnioWorker.java:303)
	at org.wildfly.extension.undertow.HttpListenerService.startListening(HttpListenerService.java:106)
	at org.wildfly.extension.undertow.ListenerService.start(ListenerService.java:194)
	... 8 more

[0m[0m04:16:17,640 INFO  [org.jboss.as.ejb3] (MSC service thread 1-4) WFLYEJB0493: EJB subsystem suspension complete
[0m[0m04:16:17,870 INFO  [org.jboss.as.connector.subsystems.datasources] (MSC service thread 1-1) WFLYJCA0001: Bound data source [java:jboss/datasources/ExampleDS]
[0m[0m04:16:18,138 INFO  [org.jboss.as.patching] (MSC service thread 1-1) WFLYPAT0050: WildFly Full cumulative patch ID is: base, one-off patches include: none
[0m[33m04:16:18,200 WARN  [org.jboss.as.domain.management.security] (MSC service thread 1-1) WFLYDM0111: Keystore /opt/jboss/wildfly/standalone/configuration/application.keystore not found, it will be auto generated on first use with a self signed certificate for host localhost
[0m[0m04:16:18,237 INFO  [org.jboss.as.server.deployment.scanner] (MSC service thread 1-1) WFLYDS0013: Started FileSystemDeploymentService for directory /opt/jboss/wildfly/standalone/deployments
[0m[0m04:16:18,257 INFO  [org.jboss.as.server.deployment] (MSC service thread 1-3) WFLYSRV0027: Starting deployment of "beans.war" (runtime-name: "beans.war")
[0m[31m04:16:18,420 ERROR [org.jboss.msc.service.fail] (MSC service thread 1-2) MSC000001: Failed to start service org.wildfly.undertow.listener.https: org.jboss.msc.service.StartException in service org.wildfly.undertow.listener.https: WFLYUT0082: Could not start 'https' listener.
	at org.wildfly.extension.undertow.ListenerService.start(ListenerService.java:206)
	at org.jboss.msc.service.ServiceControllerImpl$StartTask.startService(ServiceControllerImpl.java:1736)
	at org.jboss.msc.service.ServiceControllerImpl$StartTask.execute(ServiceControllerImpl.java:1698)
	at org.jboss.msc.service.ServiceControllerImpl$ControllerTask.run(ServiceControllerImpl.java:1556)
	at org.jboss.threads.ContextClassLoaderSavingRunnable.run(ContextClassLoaderSavingRunnable.java:35)
	at org.jboss.threads.EnhancedQueueExecutor.safeRun(EnhancedQueueExecutor.java:1985)
	at org.jboss.threads.EnhancedQueueExecutor$ThreadBody.doRunTask(EnhancedQueueExecutor.java:1487)
	at org.jboss.threads.EnhancedQueueExecutor$ThreadBody.run(EnhancedQueueExecutor.java:1364)
	at java.lang.Thread.run(Thread.java:748)
Caused by: java.net.SocketException: Protocol family unavailable
	at sun.nio.ch.Net.bind0(Native Method)
	at sun.nio.ch.Net.bind(Net.java:433)
	at sun.nio.ch.Net.bind(Net.java:425)
	at sun.nio.ch.ServerSocketChannelImpl.bind(ServerSocketChannelImpl.java:223)
	at sun.nio.ch.ServerSocketAdaptor.bind(ServerSocketAdaptor.java:74)
	at org.xnio.nio.NioXnioWorker.createTcpConnectionServer(NioXnioWorker.java:178)
	at org.xnio.XnioWorker.createStreamConnectionServer(XnioWorker.java:303)
	at io.undertow.protocols.ssl.UndertowXnioSsl.createSslConnectionServer(UndertowXnioSsl.java:301)
	at org.wildfly.extension.undertow.HttpsListenerService.startListening(HttpsListenerService.java:143)
	at org.wildfly.extension.undertow.ListenerService.start(ListenerService.java:194)
	... 8 more

[0msystem call monitor started
[31m04:16:18,531 ERROR [org.jboss.as.controller.management-operation] (Controller Boot Thread) WFLYCTL0013: Operation ("add") failed - address: ([
    ("subsystem" => "undertow"),
    ("server" => "default-server"),
    ("http-listener" => "default")
]) - failure description: {"WFLYCTL0080: Failed services" => {"org.wildfly.undertow.listener.default" => "WFLYUT0082: Could not start 'default' listener.
    Caused by: java.net.SocketException: Protocol family unavailable"}}
[0m[31m04:16:18,532 ERROR [org.jboss.as.controller.management-operation] (Controller Boot Thread) WFLYCTL0013: Operation ("add") failed - address: ([
    ("subsystem" => "undertow"),
    ("server" => "default-server"),
    ("https-listener" => "https")
]) - failure description: {"WFLYCTL0080: Failed services" => {"org.wildfly.undertow.listener.https" => "WFLYUT0082: Could not start 'https' listener.
    Caused by: java.net.SocketException: Protocol family unavailable"}}
[0m[0m04:16:18,577 INFO  [org.jboss.as.server] (ServerService Thread Pool -- 39) WFLYSRV0010: Deployed "beans.war" (runtime-name : "beans.war")
[0m[0m04:16:18,590 INFO  [org.jboss.as.controller] (Controller Boot Thread) WFLYCTL0183: Service status report
WFLYCTL0186:   Services which failed to start:      service org.wildfly.undertow.listener.default: WFLYUT0082: Could not start 'default' listener.
      service org.wildfly.undertow.listener.https: WFLYUT0082: Could not start 'https' listener.
WFLYCTL0448: 2 additional services are down due to their dependencies being missing or failed
[0m[0m04:16:18,753 INFO  [org.jboss.as.server] (Controller Boot Thread) WFLYSRV0212: Resuming server
[0m[0m04:16:18,758 INFO  [org.jboss.as] (Controller Boot Thread) WFLYSRV0060: Http management interface listening on http://127.0.0.1:9990/management
[0m[0m04:16:18,766 INFO  [org.jboss.as] (Controller Boot Thread) WFLYSRV0051: Admin console listening on http://127.0.0.1:9990
[0m[31m04:16:18,767 ERROR [org.jboss.as] (Controller Boot Thread) WFLYSRV0026: WildFly Full 13.0.0.Final (WildFly Core 5.0.0.Final) started (with errors) in 7717ms - Started 284 of 512 services (4 services failed or missing dependencies, 308 services are lazy, passive or on-demand)
[0msystem call monitor started
system call monitor started
system call monitor started
system call monitor started
system call monitor started
system call monitor started
system call monitor started
system call monitor started
system call monitor started
system call monitor started
system call monitor started
system call monitor started
system call monitor started
system call monitor started
system call monitor started
system call monitor started
system call monitor started
system call monitor started
system call monitor started
system call monitor started
system call monitor started
system call monitor started
system call monitor started
system call monitor started
system call monitor started
system call monitor started
system call monitor started
system call monitor started
system call monitor started
system call monitor started
system call monitor started
system call monitor started
system call monitor started
system call monitor started
system call monitor started
system call monitor started
system call monitor started
system call monitor started
system call monitor started
system call monitor started
system call monitor started
system call monitor started
system call monitor started
system call monitor started
system call monitor started
system call monitor started
system call monitor started
system call monitor started
system call monitor started
system call monitor started
system call monitor started
system call monitor started
system call monitor started
system call monitor started
system call monitor started
system call monitor started
system call monitor started
system call monitor started
system call monitor started
system call monitor started
system call monitor started
system call monitor started
system call monitor started
system call monitor started
system call monitor started
system call monitor started
system call monitor started
system call monitor started
system call monitor started
system call monitor started
system call monitor started
system call monitor started
system call monitor started
system call monitor started
system call monitor started
system call monitor started
system call monitor started
system call monitor started
system call monitor started
system call monitor started
system call monitor started
system call monitor started
system call monitor started
system call monitor started
system call monitor started
system call monitor started
system call monitor started
system call monitor started
system call monitor started
system call monitor started
system call monitor started
system call monitor started
system call monitor started
system call monitor started
system call monitor started
system call monitor started
system call monitor started
system call monitor started
system call monitor started
system call monitor started
system call monitor started
system call monitor started
system call monitor started
