strace: invalid option -- 'Z'
Try 'strace -h' for more information.
Picked up JAVA_TOOL_OPTIONS:  -javaagent:/home/elastic/elastic-apm-agent-1.30.1.jar -Delastic.apm.log_ecs_reformatting=OVERRIDE
OpenJDK 64-Bit Server VM warning: Cannot open file /seata-server/logs/seata_gc.log due to No such file or directory

[elastic-apm-agent] WARN WARNING: -Xverify:none and -noverify are not supported by the Elastic APM Java Agent. In an upcoming version, the agent will not start when these flags are set, unless the system property elastic.apm.disable_bootstrap_checks is set to true.
strace: invalid option -- 'Z'
Try 'strace -h' for more information.
strace: invalid option -- 'Z'
Try 'strace -h' for more information.
strace: invalid option -- 'Z'
Try 'strace -h' for more information.
strace: invalid option -- 'Z'
Try 'strace -h' for more information.
strace: invalid option -- 'Z'
Try 'strace -h' for more information.
strace: invalid option -- 'Z'
Try 'strace -h' for more information.
strace: invalid option -- 'Z'
Try 'strace -h' for more information.
strace: invalid option -- 'Z'
Try 'strace -h' for more information.
strace: invalid option -- 'Z'
Try 'strace -h' for more information.
strace: invalid option -- 'Z'
Try 'strace -h' for more information.
strace: invalid option -- 'Z'
Try 'strace -h' for more information.
strace: invalid option -- 'Z'
Try 'strace -h' for more information.
strace: invalid option -- 'Z'
Try 'strace -h' for more information.
strace: invalid option -- 'Z'
Try 'strace -h' for more information.
strace: invalid option -- 'Z'
Try 'strace -h' for more information.
strace: invalid option -- 'Z'
Try 'strace -h' for more information.
strace: invalid option -- 'Z'
Try 'strace -h' for more information.
strace: invalid option -- 'Z'
Try 'strace -h' for more information.
strace: invalid option -- 'Z'
Try 'strace -h' for more information.
strace: invalid option -- 'Z'
Try 'strace -h' for more information.
strace: invalid option -- 'Z'
Try 'strace -h' for more information.
strace: invalid option -- 'Z'
Try 'strace -h' for more information.
strace: invalid option -- 'Z'
Try 'strace -h' for more information.
strace: invalid option -- 'Z'
Try 'strace -h' for more information.
strace: invalid option -- 'Z'
Try 'strace -h' for more information.
strace: invalid option -- 'Z'
Try 'strace -h' for more information.
strace: invalid option -- 'Z'
Try 'strace -h' for more information.
strace: invalid option -- 'Z'
Try 'strace -h' for more information.
strace: invalid option -- 'Z'
Try 'strace -h' for more information.
strace: invalid option -- 'Z'
Try 'strace -h' for more information.
strace: invalid option -- 'Z'
Try 'strace -h' for more information.
strace: invalid option -- 'Z'
Try 'strace -h' for more information.
strace: invalid option -- 'Z'
Try 'strace -h' for more information.
strace: invalid option -- 'Z'
Try 'strace -h' for more information.
strace: invalid option -- 'Z'
Try 'strace -h' for more information.
strace: invalid option -- 'Z'
Try 'strace -h' for more information.
strace: invalid option -- 'Z'
Try 'strace -h' for more information.
strace: invalid option -- 'Z'
Try 'strace -h' for more information.
strace: invalid option -- 'Z'
Try 'strace -h' for more information.
strace: invalid option -- 'Z'
Try 'strace -h' for more information.
strace: invalid option -- 'Z'
Try 'strace -h' for more information.
strace: invalid option -- 'Z'
Try 'strace -h' for more information.
strace: invalid option -- 'Z'
Try 'strace -h' for more information.
strace: invalid option -- 'Z'
Try 'strace -h' for more information.
strace: invalid option -- 'Z'
Try 'strace -h' for more information.
strace: invalid option -- 'Z'
Try 'strace -h' for more information.
strace: invalid option -- 'Z'
Try 'strace -h' for more information.
strace: invalid option -- 'Z'
Try 'strace -h' for more information.
strace: invalid option -- 'Z'
Try 'strace -h' for more information.
strace: invalid option -- 'Z'
Try 'strace -h' for more information.
strace: invalid option -- 'Z'
Try 'strace -h' for more information.
strace: invalid option -- 'Z'
Try 'strace -h' for more information.
strace: invalid option -- 'Z'
Try 'strace -h' for more information.
strace: invalid option -- 'Z'
Try 'strace -h' for more information.
strace: invalid option -- 'Z'
Try 'strace -h' for more information.
strace: invalid option -- 'Z'
Try 'strace -h' for more information.
strace: invalid option -- 'Z'
Try 'strace -h' for more information.
strace: invalid option -- 'Z'
Try 'strace -h' for more information.
strace: invalid option -- 'Z'
Try 'strace -h' for more information.
strace: invalid option -- 'Z'
Try 'strace -h' for more information.
strace: invalid option -- 'Z'
Try 'strace -h' for more information.
strace: invalid option -- 'Z'
Try 'strace -h' for more information.
strace: invalid option -- 'Z'
Try 'strace -h' for more information.
strace: invalid option -- 'Z'
Try 'strace -h' for more information.
strace: invalid option -- 'Z'
Try 'strace -h' for more information.
strace: invalid option -- 'Z'
Try 'strace -h' for more information.
strace: invalid option -- 'Z'
Try 'strace -h' for more information.
strace: invalid option -- 'Z'
Try 'strace -h' for more information.
strace: invalid option -- 'Z'
Try 'strace -h' for more information.
strace: invalid option -- 'Z'
Try 'strace -h' for more information.
strace: invalid option -- 'Z'
Try 'strace -h' for more information.
strace: invalid option -- 'Z'
Try 'strace -h' for more information.
strace: invalid option -- 'Z'
Try 'strace -h' for more information.
strace: invalid option -- 'Z'
Try 'strace -h' for more information.
strace: invalid option -- 'Z'
Try 'strace -h' for more information.
strace: invalid option -- 'Z'
Try 'strace -h' for more information.
strace: invalid option -- 'Z'
Try 'strace -h' for more information.
strace: invalid option -- 'Z'
Try 'strace -h' for more information.
strace: invalid option -- 'Z'
Try 'strace -h' for more information.
strace: invalid option -- 'Z'
Try 'strace -h' for more information.
strace: invalid option -- 'Z'
Try 'strace -h' for more information.
strace: invalid option -- 'Z'
Try 'strace -h' for more information.
strace: invalid option -- 'Z'
Try 'strace -h' for more information.
strace: invalid option -- 'Z'
Try 'strace -h' for more information.
strace: invalid option -- 'Z'
Try 'strace -h' for more information.
strace: invalid option -- 'Z'
Try 'strace -h' for more information.
strace: invalid option -- 'Z'
Try 'strace -h' for more information.
strace: invalid option -- 'Z'
Try 'strace -h' for more information.
strace: invalid option -- 'Z'
Try 'strace -h' for more information.
strace: invalid option -- 'Z'
Try 'strace -h' for more information.
strace: invalid option -- 'Z'
Try 'strace -h' for more information.
strace: invalid option -- 'Z'
Try 'strace -h' for more information.
strace: invalid option -- 'Z'
Try 'strace -h' for more information.
strace: invalid option -- 'Z'
Try 'strace -h' for more information.
strace: invalid option -- 'Z'
Try 'strace -h' for more information.
strace: invalid option -- 'Z'
Try 'strace -h' for more information.
strace: invalid option -- 'Z'
Try 'strace -h' for more information.
strace: invalid option -- 'Z'
Try 'strace -h' for more information.
strace: invalid option -- 'Z'
Try 'strace -h' for more information.
strace: invalid option -- 'Z'
Try 'strace -h' for more information.
strace: invalid option -- 'Z'
Try 'strace -h' for more information.
strace: invalid option -- 'Z'
Try 'strace -h' for more information.
strace: invalid option -- 'Z'
Try 'strace -h' for more information.
strace: invalid option -- 'Z'
Try 'strace -h' for more information.
strace: invalid option -- 'Z'
Try 'strace -h' for more information.
strace: invalid option -- 'Z'
Try 'strace -h' for more information.
strace: invalid option -- 'Z'
Try 'strace -h' for more information.
strace: invalid option -- 'Z'
Try 'strace -h' for more information.
strace: invalid option -- 'Z'
Try 'strace -h' for more information.
strace: invalid option -- 'Z'
Try 'strace -h' for more information.
strace: invalid option -- 'Z'
Try 'strace -h' for more information.
strace: invalid option -- 'Z'
Try 'strace -h' for more information.
strace: invalid option -- 'Z'
Try 'strace -h' for more information.
strace: invalid option -- 'Z'
Try 'strace -h' for more information.
strace: invalid option -- 'Z'
Try 'strace -h' for more information.
strace: invalid option -- 'Z'
Try 'strace -h' for more information.
strace: invalid option -- 'Z'
Try 'strace -h' for more information.
strace: invalid option -- 'Z'
Try 'strace -h' for more information.
