[s6-init] making user provided files available at /var/run/s6/etc...exited 0.
[s6-init] ensuring user provided files have correct perms...exited 0.
[fix-attrs.d] applying ownership & permissions fixes...
[fix-attrs.d] done.
[cont-init.d] executing container initialization scripts...
[cont-init.d] done.
[services.d] starting services
[services.d] done.
system call monitor started
using clamd server: 192.168.50.72:3310
system call monitor started
2022-05-14 11:32:15,186 [main] INFO  co.elastic.apm.agent.util.JmxUtils - Found JVM-specific OperatingSystemMXBean interface: com.sun.management.OperatingSystemMXBean
2022-05-14 11:32:15,400 [main] INFO  co.elastic.apm.agent.configuration.StartupInfo - Starting Elastic APM 1.30.1 as run_pobs_clamav-rest_0 (1.0.2) on Java 1.8.0_332 Runtime version: 1.8.0_332-b09 VM version: 25.332-b09 (Red Hat, Inc.) Linux 5.4.0-1070-azure
2022-05-14 11:32:15,401 [main] INFO  co.elastic.apm.agent.configuration.StartupInfo - service_name: 'run_pobs_clamav-rest_0' (source: Environment Variables)
2022-05-14 11:32:15,401 [main] INFO  co.elastic.apm.agent.configuration.StartupInfo - server_url: 'http://172.17.0.1:8200' (source: Environment Variables)
2022-05-14 11:32:15,401 [main] INFO  co.elastic.apm.agent.configuration.StartupInfo - log_ecs_reformatting: 'OVERRIDE' (source: Java System Properties)
2022-05-14 11:32:15,402 [main] WARN  co.elastic.apm.agent.configuration.StartupInfo - To enable all features and decrease startup time, please configure application_packages
system call monitor started
system call monitor started
system call monitor started
system call monitor started
system call monitor started
system call monitor started
system call monitor started
2022-05-14 11:32:22,396 [main] INFO  co.elastic.apm.agent.impl.ElasticApmTracer - Tracer switched to RUNNING state
2022-05-14 11:32:22,477 [elastic-apm-server-healthcheck] INFO  co.elastic.apm.agent.report.ApmServerHealthChecker - Elastic APM server is available: {  "build_date": "2021-11-04T13:10:15Z",  "build_sha": "0702551667e5319822d00dee613ea2a1501615bf",  "version": "7.15.2"}
2022-05-14 11:32:22,612 [elastic-apm-remote-config-poller] INFO  co.elastic.apm.agent.configuration.ApmServerConfigurationSource - Received new configuration from APM Server: {}
system call monitor started
system call monitor started
system call monitor started

  .   ____          _            __ _ _
 /\\ / ___'_ __ _ _(_)_ __  __ _ \ \ \ \
( ( )\___ | '_ | '_| | '_ \/ _` | \ \ \ \
 \\/  ___)| |_)| | | | | || (_| |  ) ) ) )
  '  |____| .__|_| |_|_| |_\__, | / / / /
 =========|_|==============|___/=/_/_/_/
 :: Spring Boot ::        (v1.4.0.RELEASE)

system call monitor started
{"@timestamp":"2022-05-14T11:32:26.097Z", "log.level": "INFO", "message":"Starting Application v1.0.2 on 778187ea6062 with PID 198 (/var/clamav-rest/clamav-rest-1.0.2.jar started by root in /var/clamav-rest)", "ecs.version": "1.2.0","service.name":"run_pobs_clamav-rest_0","event.dataset":"run_pobs_clamav-rest_0.CONSOLE","process.thread.name":"main","log.logger":"fi.solita.clamav.Application"}
{"@timestamp":"2022-05-14T11:32:26.131Z", "log.level": "INFO", "message":"No active profile set, falling back to default profiles: default", "ecs.version": "1.2.0","service.name":"run_pobs_clamav-rest_0","event.dataset":"run_pobs_clamav-rest_0.CONSOLE","process.thread.name":"main","log.logger":"fi.solita.clamav.Application"}
{"@timestamp":"2022-05-14T11:32:26.348Z", "log.level": "INFO", "message":"Refreshing org.springframework.boot.context.embedded.AnnotationConfigEmbeddedWebApplicationContext@122635ef: startup date [Sat May 14 11:32:26 UTC 2022]; root of context hierarchy", "ecs.version": "1.2.0","service.name":"run_pobs_clamav-rest_0","event.dataset":"run_pobs_clamav-rest_0.CONSOLE","process.thread.name":"main","log.logger":"org.springframework.boot.context.embedded.AnnotationConfigEmbeddedWebApplicationContext"}
system call monitor started
system call monitor started
system call monitor started
system call monitor started
{"@timestamp":"2022-05-14T11:32:30.481Z", "log.level": "INFO", "message":"Logging initialized @16483ms", "ecs.version": "1.2.0","service.name":"run_pobs_clamav-rest_0","event.dataset":"run_pobs_clamav-rest_0.CONSOLE","process.thread.name":"main","log.logger":"org.eclipse.jetty.util.log"}
{"@timestamp":"2022-05-14T11:32:30.724Z", "log.level": "INFO", "message":"Server initialized with port: 8080", "ecs.version": "1.2.0","service.name":"run_pobs_clamav-rest_0","event.dataset":"run_pobs_clamav-rest_0.CONSOLE","process.thread.name":"main","log.logger":"org.springframework.boot.context.embedded.jetty.JettyEmbeddedServletContainerFactory"}
{"@timestamp":"2022-05-14T11:32:30.729Z", "log.level": "INFO", "message":"jetty-9.3.11.v20160721", "ecs.version": "1.2.0","service.name":"run_pobs_clamav-rest_0","event.dataset":"run_pobs_clamav-rest_0.CONSOLE","process.thread.name":"main","log.logger":"org.eclipse.jetty.server.Server"}
system call monitor started
{"@timestamp":"2022-05-14T11:32:31.030Z", "log.level": "INFO", "message":"Initializing Spring embedded WebApplicationContext", "ecs.version": "1.2.0","service.name":"run_pobs_clamav-rest_0","event.dataset":"run_pobs_clamav-rest_0.CONSOLE","process.thread.name":"main","log.logger":"application"}
{"@timestamp":"2022-05-14T11:32:31.030Z", "log.level": "INFO", "message":"Root WebApplicationContext: initialization completed in 4688 ms", "ecs.version": "1.2.0","service.name":"run_pobs_clamav-rest_0","event.dataset":"run_pobs_clamav-rest_0.CONSOLE","process.thread.name":"main","log.logger":"org.springframework.web.context.ContextLoader"}
{"@timestamp":"2022-05-14T11:32:31.352Z", "log.level": "INFO", "message":"Mapping servlet: 'dispatcherServlet' to [/]", "ecs.version": "1.2.0","service.name":"run_pobs_clamav-rest_0","event.dataset":"run_pobs_clamav-rest_0.CONSOLE","process.thread.name":"main","log.logger":"org.springframework.boot.web.servlet.ServletRegistrationBean"}
{"@timestamp":"2022-05-14T11:32:31.363Z", "log.level": "INFO", "message":"Mapping filter: 'characterEncodingFilter' to: [/*]", "ecs.version": "1.2.0","service.name":"run_pobs_clamav-rest_0","event.dataset":"run_pobs_clamav-rest_0.CONSOLE","process.thread.name":"main","log.logger":"org.springframework.boot.web.servlet.FilterRegistrationBean"}
{"@timestamp":"2022-05-14T11:32:31.363Z", "log.level": "INFO", "message":"Mapping filter: 'hiddenHttpMethodFilter' to: [/*]", "ecs.version": "1.2.0","service.name":"run_pobs_clamav-rest_0","event.dataset":"run_pobs_clamav-rest_0.CONSOLE","process.thread.name":"main","log.logger":"org.springframework.boot.web.servlet.FilterRegistrationBean"}
{"@timestamp":"2022-05-14T11:32:31.364Z", "log.level": "INFO", "message":"Mapping filter: 'httpPutFormContentFilter' to: [/*]", "ecs.version": "1.2.0","service.name":"run_pobs_clamav-rest_0","event.dataset":"run_pobs_clamav-rest_0.CONSOLE","process.thread.name":"main","log.logger":"org.springframework.boot.web.servlet.FilterRegistrationBean"}
{"@timestamp":"2022-05-14T11:32:31.364Z", "log.level": "INFO", "message":"Mapping filter: 'requestContextFilter' to: [/*]", "ecs.version": "1.2.0","service.name":"run_pobs_clamav-rest_0","event.dataset":"run_pobs_clamav-rest_0.CONSOLE","process.thread.name":"main","log.logger":"org.springframework.boot.web.servlet.FilterRegistrationBean"}
{"@timestamp":"2022-05-14T11:32:31.775Z", "log.level": "INFO", "message":"Started o.s.b.c.e.j.JettyEmbeddedWebAppContext@ddffa6c{/,file:///tmp/jetty-docbase.8482947849999988512.8080/,AVAILABLE}", "ecs.version": "1.2.0","service.name":"run_pobs_clamav-rest_0","event.dataset":"run_pobs_clamav-rest_0.CONSOLE","process.thread.name":"main","log.logger":"org.eclipse.jetty.server.handler.ContextHandler"}
{"@timestamp":"2022-05-14T11:32:31.776Z", "log.level": "INFO", "message":"Started @17784ms", "ecs.version": "1.2.0","service.name":"run_pobs_clamav-rest_0","event.dataset":"run_pobs_clamav-rest_0.CONSOLE","process.thread.name":"main","log.logger":"org.eclipse.jetty.server.Server"}
system call monitor started
{"@timestamp":"2022-05-14T11:32:32.593Z", "log.level": "INFO", "message":"Looking for @ControllerAdvice: org.springframework.boot.context.embedded.AnnotationConfigEmbeddedWebApplicationContext@122635ef: startup date [Sat May 14 11:32:26 UTC 2022]; root of context hierarchy", "ecs.version": "1.2.0","service.name":"run_pobs_clamav-rest_0","event.dataset":"run_pobs_clamav-rest_0.CONSOLE","process.thread.name":"main","log.logger":"org.springframework.web.servlet.mvc.method.annotation.RequestMappingHandlerAdapter"}
{"@timestamp":"2022-05-14T11:32:32.784Z", "log.level": "INFO", "message":"Mapped \"{[/scan],methods=[POST]}\" onto public java.lang.String fi.solita.clamav.ClamAVProxy.handleFileUpload(java.lang.String,org.springframework.web.multipart.MultipartFile) throws java.io.IOException", "ecs.version": "1.2.0","service.name":"run_pobs_clamav-rest_0","event.dataset":"run_pobs_clamav-rest_0.CONSOLE","process.thread.name":"main","log.logger":"org.springframework.web.servlet.mvc.method.annotation.RequestMappingHandlerMapping"}
{"@timestamp":"2022-05-14T11:32:32.786Z", "log.level": "INFO", "message":"Mapped \"{[/]}\" onto public java.lang.String fi.solita.clamav.ClamAVProxy.ping() throws java.io.IOException", "ecs.version": "1.2.0","service.name":"run_pobs_clamav-rest_0","event.dataset":"run_pobs_clamav-rest_0.CONSOLE","process.thread.name":"main","log.logger":"org.springframework.web.servlet.mvc.method.annotation.RequestMappingHandlerMapping"}
{"@timestamp":"2022-05-14T11:32:32.787Z", "log.level": "INFO", "message":"Mapped \"{[/scanReply],methods=[POST]}\" onto public java.lang.String fi.solita.clamav.ClamAVProxy.handleFileUploadReply(java.lang.String,org.springframework.web.multipart.MultipartFile) throws java.io.IOException", "ecs.version": "1.2.0","service.name":"run_pobs_clamav-rest_0","event.dataset":"run_pobs_clamav-rest_0.CONSOLE","process.thread.name":"main","log.logger":"org.springframework.web.servlet.mvc.method.annotation.RequestMappingHandlerMapping"}
{"@timestamp":"2022-05-14T11:32:32.791Z", "log.level": "INFO", "message":"Mapped \"{[/error],produces=[text/html]}\" onto public org.springframework.web.servlet.ModelAndView org.springframework.boot.autoconfigure.web.BasicErrorController.errorHtml(javax.servlet.http.HttpServletRequest,javax.servlet.http.HttpServletResponse)", "ecs.version": "1.2.0","service.name":"run_pobs_clamav-rest_0","event.dataset":"run_pobs_clamav-rest_0.CONSOLE","process.thread.name":"main","log.logger":"org.springframework.web.servlet.mvc.method.annotation.RequestMappingHandlerMapping"}
{"@timestamp":"2022-05-14T11:32:32.792Z", "log.level": "INFO", "message":"Mapped \"{[/error]}\" onto public org.springframework.http.ResponseEntity<java.util.Map<java.lang.String, java.lang.Object>> org.springframework.boot.autoconfigure.web.BasicErrorController.error(javax.servlet.http.HttpServletRequest)", "ecs.version": "1.2.0","service.name":"run_pobs_clamav-rest_0","event.dataset":"run_pobs_clamav-rest_0.CONSOLE","process.thread.name":"main","log.logger":"org.springframework.web.servlet.mvc.method.annotation.RequestMappingHandlerMapping"}
{"@timestamp":"2022-05-14T11:32:32.859Z", "log.level": "INFO", "message":"Mapped URL path [/webjars/**] onto handler of type [class org.springframework.web.servlet.resource.ResourceHttpRequestHandler]", "ecs.version": "1.2.0","service.name":"run_pobs_clamav-rest_0","event.dataset":"run_pobs_clamav-rest_0.CONSOLE","process.thread.name":"main","log.logger":"org.springframework.web.servlet.handler.SimpleUrlHandlerMapping"}
{"@timestamp":"2022-05-14T11:32:32.860Z", "log.level": "INFO", "message":"Mapped URL path [/**] onto handler of type [class org.springframework.web.servlet.resource.ResourceHttpRequestHandler]", "ecs.version": "1.2.0","service.name":"run_pobs_clamav-rest_0","event.dataset":"run_pobs_clamav-rest_0.CONSOLE","process.thread.name":"main","log.logger":"org.springframework.web.servlet.handler.SimpleUrlHandlerMapping"}
{"@timestamp":"2022-05-14T11:32:32.945Z", "log.level": "INFO", "message":"Mapped URL path [/**/favicon.ico] onto handler of type [class org.springframework.web.servlet.resource.ResourceHttpRequestHandler]", "ecs.version": "1.2.0","service.name":"run_pobs_clamav-rest_0","event.dataset":"run_pobs_clamav-rest_0.CONSOLE","process.thread.name":"main","log.logger":"org.springframework.web.servlet.handler.SimpleUrlHandlerMapping"}
system call monitor started
{"@timestamp":"2022-05-14T11:32:33.421Z", "log.level": "INFO", "message":"Registering beans for JMX exposure on startup", "ecs.version": "1.2.0","service.name":"run_pobs_clamav-rest_0","event.dataset":"run_pobs_clamav-rest_0.CONSOLE","process.thread.name":"main","log.logger":"org.springframework.jmx.export.annotation.AnnotationMBeanExporter"}
2022-05-14 11:32:33,724 [main] INFO  co.elastic.apm.agent.servlet.ServletVersionInstrumentation - Servlet container info = jetty/9.3.11.v20160721
{"@timestamp":"2022-05-14T11:32:33.727Z", "log.level": "INFO", "message":"Initializing Spring FrameworkServlet 'dispatcherServlet'", "ecs.version": "1.2.0","service.name":"run_pobs_clamav-rest_0","event.dataset":"run_pobs_clamav-rest_0.CONSOLE","process.thread.name":"main","log.logger":"application"}
{"@timestamp":"2022-05-14T11:32:33.727Z", "log.level": "INFO", "message":"FrameworkServlet 'dispatcherServlet': initialization started", "ecs.version": "1.2.0","service.name":"run_pobs_clamav-rest_0","event.dataset":"run_pobs_clamav-rest_0.CONSOLE","process.thread.name":"main","log.logger":"org.springframework.web.servlet.DispatcherServlet"}
{"@timestamp":"2022-05-14T11:32:33.758Z", "log.level": "INFO", "message":"FrameworkServlet 'dispatcherServlet': initialization completed in 30 ms", "ecs.version": "1.2.0","service.name":"run_pobs_clamav-rest_0","event.dataset":"run_pobs_clamav-rest_0.CONSOLE","process.thread.name":"main","log.logger":"org.springframework.web.servlet.DispatcherServlet"}
{"@timestamp":"2022-05-14T11:32:33.820Z", "log.level": "INFO", "message":"Started ServerConnector@38843cef{HTTP/1.1,[http/1.1]}{0.0.0.0:8080}", "ecs.version": "1.2.0","service.name":"run_pobs_clamav-rest_0","event.dataset":"run_pobs_clamav-rest_0.CONSOLE","process.thread.name":"main","log.logger":"org.eclipse.jetty.server.AbstractConnector"}
{"@timestamp":"2022-05-14T11:32:33.827Z", "log.level": "INFO", "message":"Jetty started on port(s) 8080 (http/1.1)", "ecs.version": "1.2.0","service.name":"run_pobs_clamav-rest_0","event.dataset":"run_pobs_clamav-rest_0.CONSOLE","process.thread.name":"main","log.logger":"org.springframework.boot.context.embedded.jetty.JettyEmbeddedServletContainer"}
{"@timestamp":"2022-05-14T11:32:33.835Z", "log.level": "INFO", "message":"Started Application in 9.78 seconds (JVM running for 19.843)", "ecs.version": "1.2.0","service.name":"run_pobs_clamav-rest_0","event.dataset":"run_pobs_clamav-rest_0.CONSOLE","process.thread.name":"main","log.logger":"fi.solita.clamav.Application"}
system call monitor started
system call monitor started
system call monitor started
system call monitor started
system call monitor started
system call monitor started
system call monitor started
system call monitor started
system call monitor started
system call monitor started
system call monitor started
system call monitor started
system call monitor started
system call monitor started
system call monitor started
system call monitor started
system call monitor started
system call monitor started
system call monitor started
system call monitor started
system call monitor started
system call monitor started
system call monitor started
system call monitor started
system call monitor started
system call monitor started
system call monitor started
system call monitor started
system call monitor started
system call monitor started
system call monitor started
system call monitor started
system call monitor started
system call monitor started
system call monitor started
system call monitor started
system call monitor started
system call monitor started
system call monitor started
system call monitor started
system call monitor started
system call monitor started
system call monitor started
system call monitor started
system call monitor started
system call monitor started
system call monitor started
system call monitor started
system call monitor started
system call monitor started
system call monitor started
system call monitor started
system call monitor started
system call monitor started
system call monitor started
system call monitor started
system call monitor started
system call monitor started
system call monitor started
system call monitor started
system call monitor started
system call monitor started
system call monitor started
system call monitor started
system call monitor started
system call monitor started
system call monitor started
system call monitor started
system call monitor started
system call monitor started
system call monitor started
system call monitor started
system call monitor started
system call monitor started
system call monitor started
system call monitor started
system call monitor started
system call monitor started
system call monitor started
system call monitor started
system call monitor started
system call monitor started
system call monitor started
system call monitor started
system call monitor started
system call monitor started
system call monitor started
system call monitor started
system call monitor started
system call monitor started
system call monitor started
system call monitor started
system call monitor started
system call monitor started
system call monitor started
system call monitor started
system call monitor started
system call monitor started
system call monitor started
system call monitor started
