[s6-init] making user provided files available at /var/run/s6/etc...exited 0.
[s6-init] ensuring user provided files have correct perms...exited 0.
[fix-attrs.d] applying ownership & permissions fixes...
[fix-attrs.d] done.
[cont-init.d] executing container initialization scripts...
[cont-init.d] done.
[services.d] starting services
system call monitor started
[services.d] done.
JAVA_OPTS already set in environment; overriding default settings with values: -Xms512m -Xmx512m -XX:MaxPermSize=256m -Djava.net.preferIPv4Stack=true -Djboss.modules.system.pkgs= -Djava.awt.headless=true  -noverify
=========================================================================

  JBoss Bootstrap Environment

  JBOSS_HOME: /opt/cloudunit/wildfly

  JAVA: /docker-java-home/bin/java

  JAVA_OPTS:  -server -XX:+UseCompressedOops  -server -XX:+UseCompressedOops -Xms512m -Xmx512m -XX:MaxPermSize=256m -Djava.net.preferIPv4Stack=true -Djboss.modules.system.pkgs= -Djava.awt.headless=true  -noverify

=========================================================================

[elastic-apm-agent] INFO Delaying Elastic APM Agent initialization by 3000 milliseconds.
[0m07:36:55,605 INFO  [org.jboss.modules] (main) JBoss Modules version 1.4.3.Final
[0msystem call monitor started
[0m07:36:56,017 INFO  [org.jboss.msc] (main) JBoss MSC version 1.2.6.Final
[0m[0m07:36:56,107 INFO  [org.jboss.as] (MSC service thread 1-1) WFLYSRV0049: WildFly Full 9.0.2.Final (WildFly Core 1.0.2.Final) starting
[0msystem call monitor started
[0m07:36:57,692 INFO  [org.jboss.as.controller.management-deprecated] (ServerService Thread Pool -- 8) WFLYCTL0028: Attribute 'job-repository-type' in the resource at address '/subsystem=batch' is deprecated, and may be removed in future version. See the attribute description in the output of the read-resource-description operation to learn more about the deprecation.
[0m[0m07:36:57,702 INFO  [org.jboss.as.controller.management-deprecated] (ServerService Thread Pool -- 10) WFLYCTL0028: Attribute 'enabled' in the resource at address '/subsystem=datasources/data-source=ExampleDS' is deprecated, and may be removed in future version. See the attribute description in the output of the read-resource-description operation to learn more about the deprecation.
[0m[0m07:36:57,777 INFO  [org.jboss.as.server] (Controller Boot Thread) WFLYSRV0039: Creating http management service using socket-binding (management-http)
[0m[0m07:36:57,796 INFO  [org.xnio] (MSC service thread 1-3) XNIO version 3.3.1.Final
[0m[0m07:36:57,819 INFO  [org.xnio.nio] (MSC service thread 1-3) XNIO NIO Implementation Version 3.3.1.Final
[0m[0m07:36:57,860 INFO  [org.jboss.remoting] (MSC service thread 1-3) JBoss Remoting version 4.0.9.Final
[0m[0m07:36:57,906 INFO  [org.jboss.as.connector.subsystems.datasources] (ServerService Thread Pool -- 33) WFLYJCA0004: Deploying JDBC-compliant driver class org.h2.Driver (version 1.3)
[0m[0m07:36:57,919 INFO  [org.wildfly.extension.io] (ServerService Thread Pool -- 37) WFLYIO001: Worker 'default' has auto-configured to 4 core threads with 32 task threads based on your 2 available processors
[0m[0m07:36:57,937 INFO  [org.jboss.as.clustering.infinispan] (ServerService Thread Pool -- 38) WFLYCLINF0001: Activating Infinispan subsystem.
[0msystem call monitor started
[0m07:36:58,008 INFO  [org.jboss.as.connector] (MSC service thread 1-1) WFLYJCA0009: Starting JCA Subsystem (IronJacamar 1.2.5.Final)
[0m[0m07:36:58,014 INFO  [org.jboss.as.jsf] (ServerService Thread Pool -- 44) WFLYJSF0007: Activated the following JSF Implementations: [main]
[0m[0m07:36:58,045 INFO  [org.jboss.as.naming] (ServerService Thread Pool -- 46) WFLYNAM0001: Activating Naming Subsystem
[0m[0m07:36:58,064 INFO  [org.jboss.as.naming] (MSC service thread 1-4) WFLYNAM0003: Starting Naming Service
[0m[0m07:36:58,083 INFO  [org.jboss.as.connector.deployers.jdbc] (MSC service thread 1-1) WFLYJCA0018: Started Driver service with driver-name = h2
[0m[0m07:36:58,097 INFO  [org.jboss.as.mail.extension] (MSC service thread 1-4) WFLYMAIL0001: Bound mail session [java:jboss/mail/Default]
[0m[0m07:36:58,084 INFO  [org.jboss.as.security] (ServerService Thread Pool -- 53) WFLYSEC0002: Activating Security Subsystem
[0m[0m07:36:58,121 INFO  [org.jboss.as.security] (MSC service thread 1-4) WFLYSEC0001: Current PicketBox version=4.9.2.Final
[0m[33m07:36:58,149 WARN  [org.jboss.as.txn] (ServerService Thread Pool -- 54) WFLYTX0013: Node identifier property is set to the default value. Please make sure it is unique.
[0m[0m07:36:58,161 INFO  [org.jboss.as.webservices] (ServerService Thread Pool -- 56) WFLYWS0002: Activating WebServices Extension
[0m[0m07:36:58,283 INFO  [org.wildfly.extension.undertow] (MSC service thread 1-3) WFLYUT0003: Undertow 1.2.9.Final starting
[0m[0m07:36:58,284 INFO  [org.wildfly.extension.undertow] (ServerService Thread Pool -- 55) WFLYUT0003: Undertow 1.2.9.Final starting
[0m[0m07:36:58,591 INFO  [org.wildfly.extension.undertow] (ServerService Thread Pool -- 55) WFLYUT0014: Creating file handler for path /opt/cloudunit/wildfly/welcome-content
[0m[0m07:36:58,606 INFO  [org.wildfly.extension.undertow] (MSC service thread 1-1) WFLYUT0012: Started server default-server.
[0m[0m07:36:58,679 INFO  [org.wildfly.extension.undertow] (MSC service thread 1-4) WFLYUT0018: Host default-host starting
[0m[0m07:36:58,947 INFO  [org.wildfly.extension.undertow] (MSC service thread 1-1) WFLYUT0006: Undertow HTTP listener default listening on /0.0.0.0:8080
[0msystem call monitor started
[0m07:36:59,320 INFO  [org.jboss.as.connector.subsystems.datasources] (MSC service thread 1-1) WFLYJCA0001: Bound data source [java:jboss/datasources/ExampleDS]
[0m[0m07:36:59,761 INFO  [org.jboss.as.server.deployment.scanner] (MSC service thread 1-1) WFLYDS0013: Started FileSystemDeploymentService for directory /opt/cloudunit/wildfly/standalone/deployments
[0msystem call monitor started
[0m07:36:59,996 INFO  [org.jboss.ws.common.management] (MSC service thread 1-4) JBWS022052: Starting JBoss Web Services - Stack CXF Server 5.0.0.Final
[0m[0m07:37:00,942 INFO  [stdout] (elastic-apm-agent-initialization) 2022-05-14 07:37:00,938 [elastic-apm-agent-initialization] INFO  co.elastic.apm.agent.util.JmxUtils - Found JVM-specific OperatingSystemMXBean interface: com.sun.management.OperatingSystemMXBean
[0msystem call monitor started
[0m07:37:01,201 INFO  [org.jboss.as] (Controller Boot Thread) WFLYSRV0060: Http management interface listening on http://0.0.0.0:9990/management
[0m[0m07:37:01,203 INFO  [org.jboss.as] (Controller Boot Thread) WFLYSRV0051: Admin console listening on http://0.0.0.0:9990
[0m[0m07:37:01,204 INFO  [org.jboss.as] (Controller Boot Thread) WFLYSRV0025: WildFly Full 9.0.2.Final (WildFly Core 1.0.2.Final) started in 5946ms - Started 203 of 379 services (210 services are lazy, passive or on-demand)
[0m[0m07:37:01,239 INFO  [stdout] (elastic-apm-agent-initialization) 2022-05-14 07:37:01,239 [elastic-apm-agent-initialization] INFO  co.elastic.apm.agent.configuration.StartupInfo - Starting Elastic APM 1.30.1 as run_pobs_cloudunit_0 on Java 1.7.0_221 Runtime version: 1.7.0_221-b02 VM version: 24.221-b02 (Oracle Corporation) Linux 5.4.0-1070-azure
[0m[0m07:37:01,240 INFO  [stdout] (elastic-apm-agent-initialization) 2022-05-14 07:37:01,240 [elastic-apm-agent-initialization] INFO  co.elastic.apm.agent.configuration.StartupInfo - service_name: 'run_pobs_cloudunit_0' (source: Environment Variables)
[0m[0m07:37:01,249 INFO  [stdout] (elastic-apm-agent-initialization) 2022-05-14 07:37:01,241 [elastic-apm-agent-initialization] INFO  co.elastic.apm.agent.configuration.StartupInfo - server_url: 'http://172.17.0.1:8200' (source: Environment Variables)
[0m[0m07:37:01,250 INFO  [stdout] (elastic-apm-agent-initialization) 2022-05-14 07:37:01,250 [elastic-apm-agent-initialization] INFO  co.elastic.apm.agent.configuration.StartupInfo - log_ecs_reformatting: 'OVERRIDE' (source: Java System Properties)
[0m[0m07:37:01,251 INFO  [stdout] (elastic-apm-agent-initialization) 2022-05-14 07:37:01,251 [elastic-apm-agent-initialization] WARN  co.elastic.apm.agent.configuration.StartupInfo - To enable all features and decrease startup time, please configure application_packages
[0msystem call monitor started
system call monitor started
system call monitor started
system call monitor started
system call monitor started
[0m07:37:06,131 INFO  [stdout] (elastic-apm-agent-initialization) 2022-05-14 07:37:06,131 [elastic-apm-agent-initialization] INFO  co.elastic.apm.agent.impl.ElasticApmTracer - Tracer switched to RUNNING state
[0m[0m07:37:06,190 INFO  [stdout] (elastic-apm-server-healthcheck) 2022-05-14 07:37:06,176 [elastic-apm-server-healthcheck] INFO  co.elastic.apm.agent.report.ApmServerHealthChecker - Elastic APM server is available: {  "build_date": "2021-11-04T13:10:15Z",  "build_sha": "0702551667e5319822d00dee613ea2a1501615bf",  "version": "7.15.2"}
[0m[0m07:37:06,313 INFO  [stdout] (elastic-apm-remote-config-poller) 2022-05-14 07:37:06,313 [elastic-apm-remote-config-poller] INFO  co.elastic.apm.agent.configuration.ApmServerConfigurationSource - Received new configuration from APM Server: {}
[0msystem call monitor started
system call monitor started
system call monitor started
system call monitor started
system call monitor started
system call monitor started
system call monitor started
system call monitor started
system call monitor started
system call monitor started
system call monitor started
system call monitor started
system call monitor started
system call monitor started
system call monitor started
system call monitor started
system call monitor started
system call monitor started
system call monitor started
system call monitor started
system call monitor started
system call monitor started
system call monitor started
system call monitor started
system call monitor started
system call monitor started
system call monitor started
system call monitor started
system call monitor started
system call monitor started
system call monitor started
system call monitor started
system call monitor started
system call monitor started
system call monitor started
system call monitor started
system call monitor started
system call monitor started
system call monitor started
system call monitor started
system call monitor started
system call monitor started
system call monitor started
system call monitor started
system call monitor started
system call monitor started
system call monitor started
system call monitor started
system call monitor started
system call monitor started
system call monitor started
system call monitor started
system call monitor started
system call monitor started
system call monitor started
system call monitor started
system call monitor started
system call monitor started
system call monitor started
system call monitor started
system call monitor started
system call monitor started
system call monitor started
system call monitor started
system call monitor started
system call monitor started
system call monitor started
system call monitor started
system call monitor started
system call monitor started
system call monitor started
system call monitor started
system call monitor started
system call monitor started
system call monitor started
system call monitor started
system call monitor started
system call monitor started
system call monitor started
system call monitor started
system call monitor started
system call monitor started
system call monitor started
system call monitor started
system call monitor started
system call monitor started
system call monitor started
system call monitor started
system call monitor started
system call monitor started
system call monitor started
system call monitor started
system call monitor started
system call monitor started
system call monitor started
system call monitor started
system call monitor started
system call monitor started
system call monitor started
system call monitor started
system call monitor started
system call monitor started
system call monitor started
system call monitor started
system call monitor started
system call monitor started
