[s6-init] making user provided files available at /var/run/s6/etc...exited 0.
[s6-init] ensuring user provided files have correct perms...exited 0.
[fix-attrs.d] applying ownership & permissions fixes...
[fix-attrs.d] done.
[cont-init.d] executing container initialization scripts...
[cont-init.d] done.
[services.d] starting services
system call monitor started
[services.d] done.
JAVA_OPTS already set in environment; overriding default settings with values: -Xms512m -Xmx512m -XX:MaxPermSize=256m -Djava.net.preferIPv4Stack=true -Djboss.modules.system.pkgs= -Djava.awt.headless=true  -noverify
=========================================================================

  JBoss Bootstrap Environment

  JBOSS_HOME: /opt/cloudunit/wildfly

  JAVA: /docker-java-home/bin/java

  JAVA_OPTS:  -server -XX:+UseCompressedOops  -server -XX:+UseCompressedOops -Xms512m -Xmx512m -XX:MaxPermSize=256m -Djava.net.preferIPv4Stack=true -Djboss.modules.system.pkgs= -Djava.awt.headless=true  -noverify

=========================================================================

[elastic-apm-agent] INFO Delaying Elastic APM Agent initialization by 3000 milliseconds.
[0m07:50:14,662 INFO  [org.jboss.modules] (main) JBoss Modules version 1.3.3.Final
[0msystem call monitor started
[0m07:50:15,012 INFO  [org.jboss.msc] (main) JBoss MSC version 1.2.2.Final
[0m[0m07:50:15,119 INFO  [org.jboss.as] (MSC service thread 1-1) JBAS015899: WildFly 8.2.1.Final "Tweek" starting
[0msystem call monitor started
[0m07:50:16,697 INFO  [org.jboss.as.server] (Controller Boot Thread) JBAS015888: Creating http management service using socket-binding (management-http)
[0m[0m07:50:16,717 INFO  [org.xnio] (MSC service thread 1-2) XNIO version 3.3.0.Final
[0m[0m07:50:16,739 INFO  [org.xnio.nio] (MSC service thread 1-2) XNIO NIO Implementation Version 3.3.0.Final
[0m[0m07:50:16,792 INFO  [org.jboss.remoting] (MSC service thread 1-2) JBoss Remoting version 4.0.7.Final
[0m[0m07:50:16,813 INFO  [org.jboss.as.connector.subsystems.datasources] (ServerService Thread Pool -- 27) JBAS010403: Deploying JDBC-compliant driver class org.h2.Driver (version 1.3)
[0m[0m07:50:16,820 INFO  [org.wildfly.extension.io] (ServerService Thread Pool -- 31) WFLYIO001: Worker 'default' has auto-configured to 4 core threads with 32 task threads based on your 2 available processors
[0m[0m07:50:16,831 INFO  [org.jboss.as.clustering.infinispan] (ServerService Thread Pool -- 32) JBAS010280: Activating Infinispan subsystem.
[0m[0m07:50:16,887 INFO  [org.jboss.as.jsf] (ServerService Thread Pool -- 38) JBAS012615: Activated the following JSF Implementations: [main]
[0m[0m07:50:16,903 INFO  [org.jboss.as.connector.logging] (MSC service thread 1-1) JBAS010408: Starting JCA Subsystem (IronJacamar 1.1.9.Final)
[0m[0m07:50:16,927 INFO  [org.jboss.as.connector.deployers.jdbc] (MSC service thread 1-3) JBAS010417: Started Driver service with driver-name = h2
[0m[33m07:50:16,969 WARN  [org.jboss.as.txn] (ServerService Thread Pool -- 46) JBAS010153: Node identifier property is set to the default value. Please make sure it is unique.
[0m[0m07:50:16,971 INFO  [org.jboss.as.security] (ServerService Thread Pool -- 45) JBAS013171: Activating Security Subsystem
[0m[0m07:50:16,980 INFO  [org.jboss.as.naming] (ServerService Thread Pool -- 40) JBAS011800: Activating Naming Subsystem
[0m[0m07:50:16,981 INFO  [org.jboss.as.security] (MSC service thread 1-1) JBAS013170: Current PicketBox version=4.0.21.Final
[0msystem call monitor started
[0m07:50:17,029 INFO  [org.jboss.as.naming] (MSC service thread 1-2) JBAS011802: Starting Naming Service
[0m[0m07:50:17,040 INFO  [org.jboss.as.webservices] (ServerService Thread Pool -- 48) JBAS015537: Activating WebServices Extension
[0m[0m07:50:17,037 INFO  [org.jboss.as.mail.extension] (MSC service thread 1-1) JBAS015400: Bound mail session [java:jboss/mail/Default]
[0m[0m07:50:17,056 INFO  [org.wildfly.extension.undertow] (ServerService Thread Pool -- 47) JBAS017502: Undertow 1.1.8.Final starting
[0m[0m07:50:17,056 INFO  [org.wildfly.extension.undertow] (MSC service thread 1-2) JBAS017502: Undertow 1.1.8.Final starting
[0m[0m07:50:17,281 INFO  [org.wildfly.extension.undertow] (MSC service thread 1-4) JBAS017525: Started server default-server.
[0m[0m07:50:17,295 INFO  [org.wildfly.extension.undertow] (ServerService Thread Pool -- 47) JBAS017527: Creating file handler for path /opt/cloudunit/wildfly/welcome-content
[0m[0m07:50:17,352 INFO  [org.wildfly.extension.undertow] (MSC service thread 1-3) JBAS017531: Host default-host starting
[0m[0m07:50:17,452 INFO  [org.wildfly.extension.undertow] (MSC service thread 1-4) JBAS017519: Undertow HTTP listener default listening on /0.0.0.0:8080
[0msystem call monitor started
[0m07:50:18,097 INFO  [org.jboss.as.connector.subsystems.datasources] (MSC service thread 1-1) JBAS010400: Bound data source [java:jboss/datasources/ExampleDS]
[0m[0m07:50:18,386 INFO  [org.jboss.as.server.deployment.scanner] (MSC service thread 1-4) JBAS015012: Started FileSystemDeploymentService for directory /opt/cloudunit/wildfly/standalone/deployments
[0msystem call monitor started
[0m07:50:19,264 INFO  [org.jboss.ws.common.management] (MSC service thread 1-2) JBWS022052: Starting JBoss Web Services - Stack CXF Server 4.3.2.Final
[0m[0m07:50:19,289 INFO  [stdout] (elastic-apm-agent-initialization) 2022-05-14 07:50:19,284 [elastic-apm-agent-initialization] INFO  co.elastic.apm.agent.util.JmxUtils - Found JVM-specific OperatingSystemMXBean interface: com.sun.management.OperatingSystemMXBean
[0m[0m07:50:19,422 INFO  [org.jboss.as] (Controller Boot Thread) JBAS015961: Http management interface listening on http://0.0.0.0:9990/management
[0m[0m07:50:19,423 INFO  [org.jboss.as] (Controller Boot Thread) JBAS015951: Admin console listening on http://0.0.0.0:9990
[0m[0m07:50:19,424 INFO  [org.jboss.as] (Controller Boot Thread) JBAS015874: WildFly 8.2.1.Final "Tweek" started in 5137ms - Started 184 of 234 services (82 services are lazy, passive or on-demand)
[0m[0m07:50:19,467 INFO  [stdout] (elastic-apm-agent-initialization) 2022-05-14 07:50:19,466 [elastic-apm-agent-initialization] INFO  co.elastic.apm.agent.configuration.StartupInfo - Starting Elastic APM 1.30.1 as run_pobs_cloudunit_2 on Java 1.7.0_221 Runtime version: 1.7.0_221-b02 VM version: 24.221-b02 (Oracle Corporation) Linux 5.4.0-1070-azure
[0m[0m07:50:19,468 INFO  [stdout] (elastic-apm-agent-initialization) 2022-05-14 07:50:19,467 [elastic-apm-agent-initialization] INFO  co.elastic.apm.agent.configuration.StartupInfo - service_name: 'run_pobs_cloudunit_2' (source: Environment Variables)
[0m[0m07:50:19,468 INFO  [stdout] (elastic-apm-agent-initialization) 2022-05-14 07:50:19,468 [elastic-apm-agent-initialization] INFO  co.elastic.apm.agent.configuration.StartupInfo - server_url: 'http://172.17.0.1:8200' (source: Environment Variables)
[0m[0m07:50:19,469 INFO  [stdout] (elastic-apm-agent-initialization) 2022-05-14 07:50:19,469 [elastic-apm-agent-initialization] INFO  co.elastic.apm.agent.configuration.StartupInfo - log_ecs_reformatting: 'OVERRIDE' (source: Java System Properties)
[0m[0m07:50:19,478 INFO  [stdout] (elastic-apm-agent-initialization) 2022-05-14 07:50:19,478 [elastic-apm-agent-initialization] WARN  co.elastic.apm.agent.configuration.StartupInfo - To enable all features and decrease startup time, please configure application_packages
[0msystem call monitor started
system call monitor started
system call monitor started
system call monitor started
system call monitor started
[0m07:50:24,327 INFO  [stdout] (elastic-apm-agent-initialization) 2022-05-14 07:50:24,326 [elastic-apm-agent-initialization] INFO  co.elastic.apm.agent.impl.ElasticApmTracer - Tracer switched to RUNNING state
[0m[0m07:50:24,387 INFO  [stdout] (elastic-apm-server-healthcheck) 2022-05-14 07:50:24,359 [elastic-apm-server-healthcheck] INFO  co.elastic.apm.agent.report.ApmServerHealthChecker - Elastic APM server is available: {  "build_date": "2021-11-04T13:10:15Z",  "build_sha": "0702551667e5319822d00dee613ea2a1501615bf",  "version": "7.15.2"}
[0m[0m07:50:24,510 INFO  [stdout] (elastic-apm-remote-config-poller) 2022-05-14 07:50:24,501 [elastic-apm-remote-config-poller] INFO  co.elastic.apm.agent.configuration.ApmServerConfigurationSource - Received new configuration from APM Server: {}
[0msystem call monitor started
system call monitor started
system call monitor started
system call monitor started
system call monitor started
system call monitor started
system call monitor started
system call monitor started
system call monitor started
system call monitor started
system call monitor started
system call monitor started
system call monitor started
system call monitor started
system call monitor started
system call monitor started
system call monitor started
system call monitor started
system call monitor started
system call monitor started
system call monitor started
system call monitor started
system call monitor started
system call monitor started
system call monitor started
system call monitor started
system call monitor started
system call monitor started
system call monitor started
system call monitor started
system call monitor started
system call monitor started
system call monitor started
system call monitor started
system call monitor started
system call monitor started
system call monitor started
system call monitor started
system call monitor started
system call monitor started
system call monitor started
system call monitor started
system call monitor started
system call monitor started
system call monitor started
system call monitor started
system call monitor started
system call monitor started
system call monitor started
system call monitor started
system call monitor started
system call monitor started
system call monitor started
system call monitor started
system call monitor started
system call monitor started
system call monitor started
system call monitor started
system call monitor started
system call monitor started
system call monitor started
system call monitor started
system call monitor started
system call monitor started
system call monitor started
system call monitor started
system call monitor started
system call monitor started
system call monitor started
system call monitor started
system call monitor started
system call monitor started
system call monitor started
system call monitor started
system call monitor started
system call monitor started
system call monitor started
system call monitor started
system call monitor started
system call monitor started
system call monitor started
system call monitor started
system call monitor started
system call monitor started
system call monitor started
system call monitor started
system call monitor started
system call monitor started
system call monitor started
system call monitor started
system call monitor started
system call monitor started
system call monitor started
system call monitor started
system call monitor started
system call monitor started
system call monitor started
system call monitor started
system call monitor started
system call monitor started
system call monitor started
system call monitor started
system call monitor started
system call monitor started
system call monitor started
system call monitor started
system call monitor started
