strace: invalid option -- 'Z'
Try 'strace -h' for more information.
Picked up JAVA_TOOL_OPTIONS:  -javaagent:/home/elastic/elastic-apm-agent-1.30.1.jar -Delastic.apm.log_ecs_reformatting=OVERRIDE
strace: invalid option -- 'Z'
Try 'strace -h' for more information.
strace: invalid option -- 'Z'
Try 'strace -h' for more information.
strace: invalid option -- 'Z'
Try 'strace -h' for more information.
strace: invalid option -- 'Z'
Try 'strace -h' for more information.
strace: invalid option -- 'Z'
Try 'strace -h' for more information.
strace: invalid option -- 'Z'
Try 'strace -h' for more information.
strace: invalid option -- 'Z'
Try 'strace -h' for more information.
strace: invalid option -- 'Z'
Try 'strace -h' for more information.
strace: invalid option -- 'Z'
Try 'strace -h' for more information.
java.lang.ClassNotFoundException: com.apple.eio.FileManager
	at java.net.URLClassLoader.findClass(URLClassLoader.java:382)
	at java.lang.ClassLoader.loadClass(ClassLoader.java:419)
	at sun.misc.Launcher$AppClassLoader.loadClass(Launcher.java:352)
	at java.lang.ClassLoader.loadClass(ClassLoader.java:352)
	at java.lang.Class.forName0(Native Method)
	at java.lang.Class.forName(Class.java:264)
	at net.yacy.yacy.main(yacy.java:727)
strace: invalid option -- 'Z'
Try 'strace -h' for more information.
strace: invalid option -- 'Z'
Try 'strace -h' for more information.
strace: invalid option -- 'Z'
Try 'strace -h' for more information.
strace: invalid option -- 'Z'
Try 'strace -h' for more information.
strace: invalid option -- 'Z'
Try 'strace -h' for more information.
W 2022/05/14 00:47:56 org.eclipse.jetty.util.ssl.SslContextFactory.config Trusting all certificates configured for Client@44384b4a[provider=null,keyStore=null,trustStore=null]
W 2022/05/14 00:47:56 org.eclipse.jetty.util.ssl.SslContextFactory.config No Client EndPointIdentificationAlgorithm configured for Client@44384b4a[provider=null,keyStore=null,trustStore=null]
W 2022/05/14 00:47:56 org.eclipse.jetty.util.ssl.SslContextFactory.config Trusting all certificates configured for Client@5e51ec2e[provider=null,keyStore=null,trustStore=null]
W 2022/05/14 00:47:56 org.eclipse.jetty.util.ssl.SslContextFactory.config No Client EndPointIdentificationAlgorithm configured for Client@5e51ec2e[provider=null,keyStore=null,trustStore=null]
strace: invalid option -- 'Z'
Try 'strace -h' for more information.
strace: invalid option -- 'Z'
Try 'strace -h' for more information.
strace: invalid option -- 'Z'
Try 'strace -h' for more information.
strace: invalid option -- 'Z'
Try 'strace -h' for more information.
strace: invalid option -- 'Z'
Try 'strace -h' for more information.
strace: invalid option -- 'Z'
Try 'strace -h' for more information.
strace: invalid option -- 'Z'
Try 'strace -h' for more information.
strace: invalid option -- 'Z'
Try 'strace -h' for more information.
strace: invalid option -- 'Z'
Try 'strace -h' for more information.
strace: invalid option -- 'Z'
Try 'strace -h' for more information.
strace: invalid option -- 'Z'
Try 'strace -h' for more information.
strace: invalid option -- 'Z'
Try 'strace -h' for more information.
strace: invalid option -- 'Z'
Try 'strace -h' for more information.
strace: invalid option -- 'Z'
Try 'strace -h' for more information.
strace: invalid option -- 'Z'
Try 'strace -h' for more information.
strace: invalid option -- 'Z'
Try 'strace -h' for more information.
W 2022/05/14 00:48:12 BROWSER * Cannot run program "xdg-open": error=2, No such file or directory
strace: invalid option -- 'Z'
Try 'strace -h' for more information.
strace: invalid option -- 'Z'
Try 'strace -h' for more information.
strace: invalid option -- 'Z'
Try 'strace -h' for more information.
strace: invalid option -- 'Z'
Try 'strace -h' for more information.
strace: invalid option -- 'Z'
Try 'strace -h' for more information.
strace: invalid option -- 'Z'
Try 'strace -h' for more information.
strace: invalid option -- 'Z'
Try 'strace -h' for more information.
strace: invalid option -- 'Z'
Try 'strace -h' for more information.
strace: invalid option -- 'Z'
Try 'strace -h' for more information.
strace: invalid option -- 'Z'
Try 'strace -h' for more information.
strace: invalid option -- 'Z'
Try 'strace -h' for more information.
strace: invalid option -- 'Z'
Try 'strace -h' for more information.
strace: invalid option -- 'Z'
Try 'strace -h' for more information.
strace: invalid option -- 'Z'
Try 'strace -h' for more information.
strace: invalid option -- 'Z'
Try 'strace -h' for more information.
strace: invalid option -- 'Z'
Try 'strace -h' for more information.
strace: invalid option -- 'Z'
Try 'strace -h' for more information.
strace: invalid option -- 'Z'
Try 'strace -h' for more information.
strace: invalid option -- 'Z'
Try 'strace -h' for more information.
strace: invalid option -- 'Z'
Try 'strace -h' for more information.
strace: invalid option -- 'Z'
Try 'strace -h' for more information.
strace: invalid option -- 'Z'
Try 'strace -h' for more information.
strace: invalid option -- 'Z'
Try 'strace -h' for more information.
strace: invalid option -- 'Z'
Try 'strace -h' for more information.
strace: invalid option -- 'Z'
Try 'strace -h' for more information.
strace: invalid option -- 'Z'
Try 'strace -h' for more information.
strace: invalid option -- 'Z'
Try 'strace -h' for more information.
strace: invalid option -- 'Z'
Try 'strace -h' for more information.
strace: invalid option -- 'Z'
Try 'strace -h' for more information.
strace: invalid option -- 'Z'
Try 'strace -h' for more information.
strace: invalid option -- 'Z'
Try 'strace -h' for more information.
strace: invalid option -- 'Z'
Try 'strace -h' for more information.
strace: invalid option -- 'Z'
Try 'strace -h' for more information.
strace: invalid option -- 'Z'
Try 'strace -h' for more information.
strace: invalid option -- 'Z'
Try 'strace -h' for more information.
strace: invalid option -- 'Z'
Try 'strace -h' for more information.
strace: invalid option -- 'Z'
Try 'strace -h' for more information.
strace: invalid option -- 'Z'
Try 'strace -h' for more information.
strace: invalid option -- 'Z'
Try 'strace -h' for more information.
strace: invalid option -- 'Z'
Try 'strace -h' for more information.
strace: invalid option -- 'Z'
Try 'strace -h' for more information.
strace: invalid option -- 'Z'
Try 'strace -h' for more information.
strace: invalid option -- 'Z'
Try 'strace -h' for more information.
strace: invalid option -- 'Z'
Try 'strace -h' for more information.
strace: invalid option -- 'Z'
Try 'strace -h' for more information.
strace: invalid option -- 'Z'
Try 'strace -h' for more information.
strace: invalid option -- 'Z'
Try 'strace -h' for more information.
strace: invalid option -- 'Z'
Try 'strace -h' for more information.
strace: invalid option -- 'Z'
Try 'strace -h' for more information.
strace: invalid option -- 'Z'
Try 'strace -h' for more information.
strace: invalid option -- 'Z'
Try 'strace -h' for more information.
strace: invalid option -- 'Z'
Try 'strace -h' for more information.
strace: invalid option -- 'Z'
Try 'strace -h' for more information.
strace: invalid option -- 'Z'
Try 'strace -h' for more information.
strace: invalid option -- 'Z'
Try 'strace -h' for more information.
strace: invalid option -- 'Z'
Try 'strace -h' for more information.
strace: invalid option -- 'Z'
Try 'strace -h' for more information.
strace: invalid option -- 'Z'
Try 'strace -h' for more information.
strace: invalid option -- 'Z'
Try 'strace -h' for more information.
strace: invalid option -- 'Z'
Try 'strace -h' for more information.
strace: invalid option -- 'Z'
Try 'strace -h' for more information.
strace: invalid option -- 'Z'
Try 'strace -h' for more information.
strace: invalid option -- 'Z'
Try 'strace -h' for more information.
strace: invalid option -- 'Z'
Try 'strace -h' for more information.
strace: invalid option -- 'Z'
Try 'strace -h' for more information.
strace: invalid option -- 'Z'
Try 'strace -h' for more information.
strace: invalid option -- 'Z'
Try 'strace -h' for more information.
strace: invalid option -- 'Z'
Try 'strace -h' for more information.
strace: invalid option -- 'Z'
Try 'strace -h' for more information.
strace: invalid option -- 'Z'
Try 'strace -h' for more information.
strace: invalid option -- 'Z'
Try 'strace -h' for more information.
strace: invalid option -- 'Z'
Try 'strace -h' for more information.
strace: invalid option -- 'Z'
Try 'strace -h' for more information.
strace: invalid option -- 'Z'
Try 'strace -h' for more information.
strace: invalid option -- 'Z'
Try 'strace -h' for more information.
strace: invalid option -- 'Z'
Try 'strace -h' for more information.
strace: invalid option -- 'Z'
Try 'strace -h' for more information.
strace: invalid option -- 'Z'
Try 'strace -h' for more information.
strace: invalid option -- 'Z'
Try 'strace -h' for more information.
strace: invalid option -- 'Z'
Try 'strace -h' for more information.
strace: invalid option -- 'Z'
Try 'strace -h' for more information.
strace: invalid option -- 'Z'
Try 'strace -h' for more information.
strace: invalid option -- 'Z'
Try 'strace -h' for more information.
strace: invalid option -- 'Z'
Try 'strace -h' for more information.
strace: invalid option -- 'Z'
Try 'strace -h' for more information.
strace: invalid option -- 'Z'
Try 'strace -h' for more information.
strace: invalid option -- 'Z'
Try 'strace -h' for more information.
strace: invalid option -- 'Z'
Try 'strace -h' for more information.
strace: invalid option -- 'Z'
Try 'strace -h' for more information.
