[s6-init] making user provided files available at /var/run/s6/etc...exited 0.
[s6-init] ensuring user provided files have correct perms...exited 0.
[fix-attrs.d] applying ownership & permissions fixes...
[fix-attrs.d] done.
[cont-init.d] executing container initialization scripts...
[cont-init.d] done.
[services.d] starting services
system call monitor started
[services.d] done.
****************** YaCy Web Crawler/Indexer & Search Engine *******************
**** (C) by Michael Peter Christen, usage granted under the GPL Version 2  ****
****   USE AT YOUR OWN RISK! Project home and releases: http://yacy.net/   ****
**  LOG of       YaCy: DATA/LOG/yacy00.log (and yacy<xx>.log)                **
**  STOP         YaCy: execute stopYACY.sh and wait some seconds             **
**  GET HELP for YaCy: join our community at https://community.searchlab.eu  **
*******************************************************************************
system call monitor started
2022-05-14 00:47:43,667 [main] INFO  co.elastic.apm.agent.util.JmxUtils - Found JVM-specific OperatingSystemMXBean interface: com.sun.management.OperatingSystemMXBean
2022-05-14 00:47:43,985 [main] INFO  co.elastic.apm.agent.configuration.StartupInfo - Starting Elastic APM 1.30.1 as run_pobs_yacy_search_server_0 on Java 1.8.0_242 Runtime version: 1.8.0_242-b08 VM version: 25.242-b08 (Oracle Corporation) Linux 5.4.0-1070-azure
2022-05-14 00:47:43,986 [main] INFO  co.elastic.apm.agent.configuration.StartupInfo - service_name: 'run_pobs_yacy_search_server_0' (source: Environment Variables)
2022-05-14 00:47:43,987 [main] INFO  co.elastic.apm.agent.configuration.StartupInfo - server_url: 'http://172.17.0.1:8200' (source: Environment Variables)
2022-05-14 00:47:43,987 [main] INFO  co.elastic.apm.agent.configuration.StartupInfo - log_ecs_reformatting: 'OVERRIDE' (source: Java System Properties)
2022-05-14 00:47:43,987 [main] WARN  co.elastic.apm.agent.configuration.StartupInfo - To enable all features and decrease startup time, please configure application_packages
system call monitor started
system call monitor started
system call monitor started
system call monitor started
system call monitor started
system call monitor started
system call monitor started
2022-05-14 00:47:51,304 [main] INFO  co.elastic.apm.agent.impl.ElasticApmTracer - Tracer switched to RUNNING state
system call monitor started
2022-05-14 00:47:51,579 [elastic-apm-server-healthcheck] INFO  co.elastic.apm.agent.report.ApmServerHealthChecker - Elastic APM server is available: {  "build_date": "2021-11-04T13:10:15Z",  "build_sha": "0702551667e5319822d00dee613ea2a1501615bf",  "version": "7.15.2"}
2022-05-14 00:47:51,735 [elastic-apm-remote-config-poller] INFO  co.elastic.apm.agent.configuration.ApmServerConfigurationSource - Received new configuration from APM Server: {}
[ YaCy v1.925, build 20220409 by Michael Christen / www.yacy.net ]
-------------------------------------------------------------------------------
STARTUP: Trying to load logging configuration from file /opt/yacy_search_server/DATA/LOG/yacy.logging
system call monitor started
system call monitor started
I 2022/05/14 00:47:53 Domain Init * local host address: 127.0.0.1 (local)
system call monitor started
system call monitor started
system call monitor started
I 2022/05/14 00:47:53 Domain Init * local host address: 172.17.0.5 (local)
I 2022/05/14 00:47:54 Word * hashCache.size = 20000
I 2022/05/14 00:47:54 SWITCHBOARD * Initializing Segment '/opt/yacy_search_server/DATA/INDEX/freeworld/SEGMENTS.
I 2022/05/14 00:47:54 org.apache.solr.core.SolrXmlConfig Loading container configuration from /opt/yacy_search_server/defaults/solr/solr.xml
I 2022/05/14 00:47:54 org.apache.solr.core.SolrXmlConfig MBean server found: com.sun.jmx.mbeanserver.JmxMBeanServer@7b96de8d, but no JMX reporters were configured - adding default JMX reporter.
I 2022/05/14 00:47:56 org.eclipse.jetty.util.log Logging initialized @14051ms to org.eclipse.jetty.util.log.Slf4jLog
W 2022/05/14 00:47:56 org.eclipse.jetty.util.ssl.SslContextFactory.config Trusting all certificates configured for Client@44384b4a[provider=null,keyStore=null,trustStore=null]
W 2022/05/14 00:47:56 org.eclipse.jetty.util.ssl.SslContextFactory.config No Client EndPointIdentificationAlgorithm configured for Client@44384b4a[provider=null,keyStore=null,trustStore=null]
W 2022/05/14 00:47:56 org.eclipse.jetty.util.ssl.SslContextFactory.config Trusting all certificates configured for Client@5e51ec2e[provider=null,keyStore=null,trustStore=null]
W 2022/05/14 00:47:56 org.eclipse.jetty.util.ssl.SslContextFactory.config No Client EndPointIdentificationAlgorithm configured for Client@5e51ec2e[provider=null,keyStore=null,trustStore=null]
system call monitor started
system call monitor started
I 2022/05/14 00:47:57 org.apache.solr.core.TransientSolrCoreCacheDefault Allocating transient cache for 2147483647 transient cores
I 2022/05/14 00:47:57 org.apache.solr.handler.admin.MetricsHistoryHandler No .system collection, keeping metrics history in memory.
I 2022/05/14 00:47:58 org.apache.solr.metrics.reporters.SolrJmxReporter JMX monitoring for 'solr.node' (registry 'solr.node') enabled at server: com.sun.jmx.mbeanserver.JmxMBeanServer@7b96de8d
I 2022/05/14 00:47:58 org.apache.solr.metrics.reporters.SolrJmxReporter JMX monitoring for 'solr.jvm' (registry 'solr.jvm') enabled at server: com.sun.jmx.mbeanserver.JmxMBeanServer@7b96de8d
I 2022/05/14 00:47:58 org.apache.solr.metrics.reporters.SolrJmxReporter JMX monitoring for 'solr.jetty' (registry 'solr.jetty') enabled at server: com.sun.jmx.mbeanserver.JmxMBeanServer@7b96de8d
I 2022/05/14 00:47:58 org.apache.solr.core.CorePropertiesLocator Found 2 core definitions underneath /opt/yacy_search_server/DATA/INDEX/freeworld/SEGMENTS/solr_8_8_1
I 2022/05/14 00:47:58 org.apache.solr.core.CorePropertiesLocator Cores are: [collection1, webgraph]
I 2022/05/14 00:47:58 org.apache.solr.update.SolrIndexConfig IndexWriter infoStream solr logging is enabled
I 2022/05/14 00:47:58 org.apache.solr.update.SolrIndexConfig IndexWriter infoStream solr logging is enabled
I 2022/05/14 00:47:59 org.apache.solr.metrics.reporters.SolrJmxReporter JMX monitoring for 'solr.core.collection1' (registry 'solr.core.collection1') enabled at server: com.sun.jmx.mbeanserver.JmxMBeanServer@7b96de8d
system call monitor started
system call monitor started
I 2022/05/14 00:47:59 org.apache.solr.metrics.reporters.SolrJmxReporter JMX monitoring for 'solr.core.webgraph' (registry 'solr.core.webgraph') enabled at server: com.sun.jmx.mbeanserver.JmxMBeanServer@7b96de8d
I 2022/05/14 00:48:00 org.apache.solr.update.UpdateLog Initializing UpdateLog: dataDir= defaultSyncLevel=FLUSH numRecordsToKeep=100 maxNumLogsToKeep=10 numVersionBuckets=65536
I 2022/05/14 00:48:00 org.apache.solr.update.UpdateLog Initializing UpdateLog: dataDir= defaultSyncLevel=FLUSH numRecordsToKeep=100 maxNumLogsToKeep=10 numVersionBuckets=65536
I 2022/05/14 00:48:00 org.apache.solr.update.CommitTracker Hard AutoCommit: if uncommitted for 180000ms; 
I 2022/05/14 00:48:00 org.apache.solr.update.CommitTracker Soft AutoCommit: if uncommitted for 5000ms; 
I 2022/05/14 00:48:00 org.apache.solr.update.CommitTracker Hard AutoCommit: if uncommitted for 180000ms; 
I 2022/05/14 00:48:00 org.apache.solr.update.CommitTracker Soft AutoCommit: if uncommitted for 5000ms; 
I 2022/05/14 00:48:00 org.apache.solr.rest.ManagedResourceStorage File-based storage initialized to use dir: /opt/yacy_search_server/DATA/INDEX/freeworld/SEGMENTS/solr_8_8_1/collection1/conf
I 2022/05/14 00:48:00 org.apache.solr.rest.ManagedResourceStorage File-based storage initialized to use dir: /opt/yacy_search_server/DATA/INDEX/freeworld/SEGMENTS/solr_8_8_1/webgraph/conf
I 2022/05/14 00:48:00 org.apache.solr.handler.component.SuggestComponent Initializing SuggestComponent
I 2022/05/14 00:48:00 org.apache.solr.spelling.suggest.SolrSuggester init: {name=mySuggester,lookupImpl=FuzzyLookupFactory,dictionaryImpl=DocumentDictionaryFactory,field=cat,weightField=price,suggestAnalyzerFieldType=string,buildOnStartup=false}
I 2022/05/14 00:48:00 org.apache.solr.handler.component.SuggestComponent Initializing SuggestComponent
I 2022/05/14 00:48:00 org.apache.solr.spelling.suggest.SolrSuggester init: {name=mySuggester,lookupImpl=FuzzyLookupFactory,dictionaryImpl=DocumentDictionaryFactory,field=cat,weightField=price,suggestAnalyzerFieldType=string,buildOnStartup=false}
I 2022/05/14 00:48:00 org.apache.solr.spelling.suggest.SolrSuggester Dictionary loaded with params: {name=mySuggester,lookupImpl=FuzzyLookupFactory,dictionaryImpl=DocumentDictionaryFactory,field=cat,weightField=price,suggestAnalyzerFieldType=string,buildOnStartup=false}
I 2022/05/14 00:48:00 org.apache.solr.spelling.suggest.SolrSuggester Dictionary loaded with params: {name=mySuggester,lookupImpl=FuzzyLookupFactory,dictionaryImpl=DocumentDictionaryFactory,field=cat,weightField=price,suggestAnalyzerFieldType=string,buildOnStartup=false}
I 2022/05/14 00:48:00 org.apache.solr.update.UpdateLog Could not find max version in index or recent updates, using new clock 1732760599951048704
I 2022/05/14 00:48:00 org.apache.solr.update.UpdateLog Could not find max version in index or recent updates, using new clock 1732760599958388736
I 2022/05/14 00:48:00 SolrEmbeddedInstance * detected default solr core: collection1
I 2022/05/14 00:48:00 Fulltext * using lucene version 8_8_1
I 2022/05/14 00:48:00 Fulltext * connected solr in /opt/yacy_search_server/DATA/INDEX/freeworld/SEGMENTS/solr_8_8_1, lucene version 8_8_1
I 2022/05/14 00:48:00 HeapReader * generating index for /opt/yacy_search_server/DATA/INDEX/freeworld/NETWORK/seed.new.heap, 0 MB. Please wait.
I 2022/05/14 00:48:00 HeapReader * finished index generation for /opt/yacy_search_server/DATA/INDEX/freeworld/NETWORK/seed.new.heap, 0 entries, 0 gaps.
I 2022/05/14 00:48:00 Heap * initializing heap /opt/yacy_search_server/DATA/INDEX/freeworld/NETWORK/seed.new.heap
I 2022/05/14 00:48:00 HeapReader * generating index for /opt/yacy_search_server/DATA/INDEX/freeworld/NETWORK/seed.old.heap, 0 MB. Please wait.
I 2022/05/14 00:48:00 HeapReader * finished index generation for /opt/yacy_search_server/DATA/INDEX/freeworld/NETWORK/seed.old.heap, 0 entries, 0 gaps.
I 2022/05/14 00:48:00 Heap * initializing heap /opt/yacy_search_server/DATA/INDEX/freeworld/NETWORK/seed.old.heap
I 2022/05/14 00:48:00 HeapReader * generating index for /opt/yacy_search_server/DATA/INDEX/freeworld/NETWORK/seed.pot.heap, 0 MB. Please wait.
I 2022/05/14 00:48:00 HeapReader * finished index generation for /opt/yacy_search_server/DATA/INDEX/freeworld/NETWORK/seed.pot.heap, 0 entries, 0 gaps.
I 2022/05/14 00:48:00 Heap * initializing heap /opt/yacy_search_server/DATA/INDEX/freeworld/NETWORK/seed.pot.heap
I 2022/05/14 00:48:00 org.apache.solr.core.QuerySenderListener QuerySenderListener done.
system call monitor started
system call monitor started
system call monitor started
system call monitor started
I 2022/05/14 00:48:00 org.apache.solr.core.QuerySenderListener QuerySenderListener done.
I 2022/05/14 00:48:01 com.hazelcast.system [172.17.0.5]:5701 [YaCyP2P] [4.2] Hazelcast 4.2 (20210324 - 405cfd1) starting at [172.17.0.5]:5701
I 2022/05/14 00:48:01 UPNP * no device found
I 2022/05/14 00:48:02 com.hazelcast.instance.impl.Node [172.17.0.5]:5701 [YaCyP2P] [4.2] Using Multicast discovery
I 2022/05/14 00:48:02 com.hazelcast.cp.CPSubsystem [172.17.0.5]:5701 [YaCyP2P] [4.2] CP Subsystem is enabled with 3 members.
I 2022/05/14 00:48:02 com.hazelcast.internal.diagnostics.Diagnostics [172.17.0.5]:5701 [YaCyP2P] [4.2] Diagnostics disabled. To enable add -Dhazelcast.diagnostics.enabled=true to the JVM arguments.
I 2022/05/14 00:48:02 com.hazelcast.core.LifecycleService [172.17.0.5]:5701 [YaCyP2P] [4.2] [172.17.0.5]:5701 is STARTING
I 2022/05/14 00:48:05 com.hazelcast.internal.cluster.ClusterService [172.17.0.5]:5701 [YaCyP2P] [4.2] 

Members {size:1, ver:1} [
	Member [172.17.0.5]:5701 - cc2585f4-2c32-437d-873e-52c0ce024e11 this
]

I 2022/05/14 00:48:05 com.hazelcast.core.LifecycleService [172.17.0.5]:5701 [YaCyP2P] [4.2] [172.17.0.5]:5701 is STARTED
I 2022/05/14 00:48:05 com.hazelcast.cp.internal.MetadataRaftGroupManager [172.17.0.5]:5701 [YaCyP2P] [4.2] CP Subsystem is waiting for 3 members to join the cluster. Current member count: 1
system call monitor started
I 2022/05/14 00:48:05 com.hazelcast.internal.partition.impl.PartitionStateManager [172.17.0.5]:5701 [YaCyP2P] [4.2] Initializing cluster partition table arrangement...
I 2022/05/14 00:48:05 HeapReader * generating index for /opt/yacy_search_server/DATA/INDEX/freeworld/QUEUES/crawlProfilesActive1.heap, 0 MB. Please wait.
I 2022/05/14 00:48:05 HeapReader * finished index generation for /opt/yacy_search_server/DATA/INDEX/freeworld/QUEUES/crawlProfilesActive1.heap, 0 entries, 0 gaps.
I 2022/05/14 00:48:05 Heap * initializing heap /opt/yacy_search_server/DATA/INDEX/freeworld/QUEUES/crawlProfilesActive1.heap
I 2022/05/14 00:48:05 SWITCHBOARD * Loaded active crawl profiles from file crawlProfilesActive1.heap, 10 entries
I 2022/05/14 00:48:05 HeapReader * generating index for /opt/yacy_search_server/DATA/INDEX/freeworld/QUEUES/crawlProfilesPassive1.heap, 0 MB. Please wait.
I 2022/05/14 00:48:05 HeapReader * finished index generation for /opt/yacy_search_server/DATA/INDEX/freeworld/QUEUES/crawlProfilesPassive1.heap, 0 entries, 0 gaps.
I 2022/05/14 00:48:05 Heap * initializing heap /opt/yacy_search_server/DATA/INDEX/freeworld/QUEUES/crawlProfilesPassive1.heap
I 2022/05/14 00:48:05 SWITCHBOARD * Loaded passive crawl profiles from file crawlProfilesPassive1.heap, 0 entries, 0
I 2022/05/14 00:48:05 YACY * BOOTSTRAP: 0 seeds known from previous run, concurrently starting seedlist loader
system call monitor started
system call monitor started
system call monitor started
I 2022/05/14 00:48:05 SWITCHBOARD * HTCACHE Path = /opt/yacy_search_server/DATA/HTCACHE
I 2022/05/14 00:48:06 YACY * BOOTSTRAP: seed-list URL http://rptr.me/yacy/seed.txt too old (21 days)
I 2022/05/14 00:48:06 YACY * BOOTSTRAP: seed-list URL https://sonst.mifritscher.de/yacy/seed.txt too old (19 days)
I 2022/05/14 00:48:09 YACY * BOOTSTRAP: 52 seeds from seed-list URL https://search.joestr.at/www/seed.txt, AGE=0h, uptodatec = 164, outdatedc = 30
I 2022/05/14 00:48:09 YACY * BOOTSTRAP: 67 seeds from seed-list URL http://yacy.v16.de/seed/seed.txt, AGE=0h, uptodatec = 164, outdatedc = 32
I 2022/05/14 00:48:09 YACY * BOOTSTRAP: 35 seeds from seed-list URL https://aahso.net/yacyseed, AGE=0h, uptodatec = 160, outdatedc = 28
I 2022/05/14 00:48:09 YACY * BOOTSTRAP: 30 seeds from seed-list URL http://5.45.105.16/yacyseed, AGE=0h, uptodatec = 160, outdatedc = 28
I 2022/05/14 00:48:09 YACY * BOOTSTRAP: 88 seeds from seed-list URL http://sixcooler.de/yacy/seed.txt, AGE=0h, uptodatec = 162, outdatedc = 28
I 2022/05/14 00:48:09 YACY * BOOTSTRAP: 38 seeds from seed-list URL https://frank-siebert.de/seed.txt, AGE=0h, uptodatec = 162, outdatedc = 30
I 2022/05/14 00:48:09 YACY * BOOTSTRAP: 136 seeds from seed-list URL https://www.gumx.de:8091/seed.txt, AGE=0h, uptodatec = 163, outdatedc = 31
system call monitor started
system call monitor started
I 2022/05/14 00:48:10 com.hazelcast.cp.internal.MetadataRaftGroupManager [172.17.0.5]:5701 [YaCyP2P] [4.2] CP Subsystem is waiting for 3 members to join the cluster. Current member count: 1
I 2022/05/14 00:48:10 UPNP * no device found
I 2022/05/14 00:48:10 SEEDDB * could not find stored mySeed.txt at /opt/yacy_search_server/DATA/INDEX/freeworld/NETWORK/mySeed.txt: . creating new seed.
I 2022/05/14 00:48:10 YACY * init: OWN SEED = 3rCD5S68rd37
I 2022/05/14 00:48:11 HeapReader * generating index for /opt/yacy_search_server/DATA/HTCACHE/responseHeader.heap, 0 MB. Please wait.
I 2022/05/14 00:48:11 HeapReader * finished index generation for /opt/yacy_search_server/DATA/HTCACHE/responseHeader.heap, 0 entries, 0 gaps.
I 2022/05/14 00:48:11 Heap * initializing heap /opt/yacy_search_server/DATA/HTCACHE/responseHeader.heap
I 2022/05/14 00:48:11 Cache * initialized cache database responseHeaderDB.size() = 0, fileDB.size() = 0
I 2022/05/14 00:48:11 SWITCHBOARD * surrogates.in Path = /opt/yacy_search_server/DATA/SURROGATES/in
I 2022/05/14 00:48:11 SWITCHBOARD * surrogates.out Path = /opt/yacy_search_server/DATA/SURROGATES/out
I 2022/05/14 00:48:11 SWITCHBOARD * heuristic.opensearch list Path = /opt/yacy_search_server/defaults/heuristicopensearch.conf
I 2022/05/14 00:48:11 SWITCHBOARD * RELEASE Path = /opt/yacy_search_server/DATA/RELEASE
I 2022/05/14 00:48:11 HeapReader * generating index for /opt/yacy_search_server/DATA/WORK/message.heap, 0 MB. Please wait.
I 2022/05/14 00:48:11 HeapReader * finished index generation for /opt/yacy_search_server/DATA/WORK/message.heap, 0 entries, 0 gaps.
I 2022/05/14 00:48:11 Heap * initializing heap /opt/yacy_search_server/DATA/WORK/message.heap
I 2022/05/14 00:48:11 HeapReader * generating index for /opt/yacy_search_server/DATA/WORK/wiki.heap, 0 MB. Please wait.
I 2022/05/14 00:48:11 HeapReader * finished index generation for /opt/yacy_search_server/DATA/WORK/wiki.heap, 0 entries, 0 gaps.
I 2022/05/14 00:48:11 Heap * initializing heap /opt/yacy_search_server/DATA/WORK/wiki.heap
I 2022/05/14 00:48:11 HeapReader * generating index for /opt/yacy_search_server/DATA/WORK/wiki-bkp.heap, 0 MB. Please wait.
I 2022/05/14 00:48:11 HeapReader * finished index generation for /opt/yacy_search_server/DATA/WORK/wiki-bkp.heap, 0 entries, 0 gaps.
I 2022/05/14 00:48:11 Heap * initializing heap /opt/yacy_search_server/DATA/WORK/wiki-bkp.heap
I 2022/05/14 00:48:11 HeapReader * generating index for /opt/yacy_search_server/DATA/WORK/blog.heap, 0 MB. Please wait.
I 2022/05/14 00:48:11 HeapReader * finished index generation for /opt/yacy_search_server/DATA/WORK/blog.heap, 0 entries, 0 gaps.
I 2022/05/14 00:48:11 Heap * initializing heap /opt/yacy_search_server/DATA/WORK/blog.heap
I 2022/05/14 00:48:11 HeapReader * generating index for /opt/yacy_search_server/DATA/WORK/blogComment.heap, 0 MB. Please wait.
I 2022/05/14 00:48:11 HeapReader * finished index generation for /opt/yacy_search_server/DATA/WORK/blogComment.heap, 0 entries, 0 gaps.
I 2022/05/14 00:48:11 Heap * initializing heap /opt/yacy_search_server/DATA/WORK/blogComment.heap
I 2022/05/14 00:48:11 HeapReader * generating index for /opt/yacy_search_server/DATA/SETTINGS/user.heap, 0 MB. Please wait.
I 2022/05/14 00:48:11 HeapReader * finished index generation for /opt/yacy_search_server/DATA/SETTINGS/user.heap, 0 entries, 0 gaps.
I 2022/05/14 00:48:11 Heap * initializing heap /opt/yacy_search_server/DATA/SETTINGS/user.heap
I 2022/05/14 00:48:11 HeapReader * generating index for /opt/yacy_search_server/DATA/WORK/bookmarks.heap, 0 MB. Please wait.
I 2022/05/14 00:48:11 HeapReader * finished index generation for /opt/yacy_search_server/DATA/WORK/bookmarks.heap, 0 entries, 0 gaps.
I 2022/05/14 00:48:11 Heap * initializing heap /opt/yacy_search_server/DATA/WORK/bookmarks.heap
I 2022/05/14 00:48:11 BOOKMARKS * started init of tags from bookmarks.db...
I 2022/05/14 00:48:11 BOOKMARKS * finished init 0 tags using your 0 bookmarks.
I 2022/05/14 00:48:11 HeapReader * generating index for /opt/yacy_search_server/DATA/WORK/bookmarkDates.heap, 0 MB. Please wait.
I 2022/05/14 00:48:11 HeapReader * finished index generation for /opt/yacy_search_server/DATA/WORK/bookmarkDates.heap, 0 entries, 0 gaps.
I 2022/05/14 00:48:11 Heap * initializing heap /opt/yacy_search_server/DATA/WORK/bookmarkDates.heap
I 2022/05/14 00:48:11 BOOKMARKS * start init dates.db from bookmarks.db...
I 2022/05/14 00:48:11 BOOKMARKS * finished init 0 dates using 0 bookmarks.
I 2022/05/14 00:48:11 PARSER * Parser for mime type 'application/vnd.android.package-archive': Android Application Parser
I 2022/05/14 00:48:11 PARSER * Parser for extension 'apk': Android Application Parser
I 2022/05/14 00:48:11 PARSER * Parser for mime type 'application/x-bzip2': Bzip 2 UNIX Compressed File Parser
I 2022/05/14 00:48:11 PARSER * Parser for mime type 'application/bzip2': Bzip 2 UNIX Compressed File Parser
I 2022/05/14 00:48:11 PARSER * Parser for mime type 'application/x-bz2': Bzip 2 UNIX Compressed File Parser
I 2022/05/14 00:48:11 PARSER * Parser for mime type 'application/x-bzip': Bzip 2 UNIX Compressed File Parser
I 2022/05/14 00:48:11 PARSER * Parser for mime type 'application/x-stuffit': Bzip 2 UNIX Compressed File Parser
I 2022/05/14 00:48:11 PARSER * Parser for extension 'tbz2': Bzip 2 UNIX Compressed File Parser
I 2022/05/14 00:48:11 PARSER * Parser for extension 'bz2': Bzip 2 UNIX Compressed File Parser
I 2022/05/14 00:48:11 PARSER * Parser for extension 'tbz': Bzip 2 UNIX Compressed File Parser
I 2022/05/14 00:48:11 PARSER * Parser for mime type 'application/x-xz': XZ Compressed Archive Parser
I 2022/05/14 00:48:11 PARSER * Parser for extension 'xz': XZ Compressed Archive Parser
I 2022/05/14 00:48:11 PARSER * Parser for extension 'txz': XZ Compressed Archive Parser
I 2022/05/14 00:48:11 PARSER * Parser for extension 'csv': Comma Separated Value Parser
I 2022/05/14 00:48:11 PARSER * Parser for mime type 'application/msword': Word Document Parser
I 2022/05/14 00:48:11 PARSER * Parser for mime type 'application/doc': Word Document Parser
I 2022/05/14 00:48:11 PARSER * Parser for mime type 'appl/text': Word Document Parser
I 2022/05/14 00:48:11 PARSER * Parser for mime type 'application/vnd.msword': Word Document Parser
I 2022/05/14 00:48:11 PARSER * Parser for mime type 'application/vnd.ms-word': Word Document Parser
I 2022/05/14 00:48:11 PARSER * Parser for mime type 'application/winword': Word Document Parser
I 2022/05/14 00:48:11 PARSER * Parser for mime type 'application/word': Word Document Parser
I 2022/05/14 00:48:11 PARSER * Parser for mime type 'application/x-msw6': Word Document Parser
I 2022/05/14 00:48:11 PARSER * Parser for mime type 'application/x-msword': Word Document Parser
I 2022/05/14 00:48:11 PARSER * Parser for extension 'doc': Word Document Parser
I 2022/05/14 00:48:11 PARSER * Parser for mime type 'application/x-gzip': GNU Zip Compressed Archive Parser
I 2022/05/14 00:48:11 PARSER * Parser for mime type 'application/gzip': GNU Zip Compressed Archive Parser
I 2022/05/14 00:48:11 PARSER * Parser for mime type 'application/x-gunzip': GNU Zip Compressed Archive Parser
I 2022/05/14 00:48:11 PARSER * Parser for mime type 'application/gzipped': GNU Zip Compressed Archive Parser
I 2022/05/14 00:48:11 PARSER * Parser for mime type 'application/gzip-compressed': GNU Zip Compressed Archive Parser
I 2022/05/14 00:48:11 PARSER * Parser for mime type 'gzip/document': GNU Zip Compressed Archive Parser
I 2022/05/14 00:48:11 PARSER * Parser for extension 'gz': GNU Zip Compressed Archive Parser
I 2022/05/14 00:48:11 PARSER * Parser for extension 'tgz': GNU Zip Compressed Archive Parser
I 2022/05/14 00:48:11 PARSER * Parser for mime type 'text/html': Streaming HTML Parser
I 2022/05/14 00:48:11 PARSER * Parser for mime type 'text/xhtml+xml': Streaming HTML Parser
I 2022/05/14 00:48:11 PARSER * Parser for mime type 'application/xhtml+xml': Streaming HTML Parser
I 2022/05/14 00:48:11 PARSER * Parser for mime type 'application/x-httpd-php': Streaming HTML Parser
I 2022/05/14 00:48:11 PARSER * Parser for mime type 'application/x-tex': Streaming HTML Parser
I 2022/05/14 00:48:11 PARSER * Parser for mime type 'application/vnd.ms-outlook': Streaming HTML Parser
I 2022/05/14 00:48:11 PARSER * Parser for mime type 'text/plain': Streaming HTML Parser
I 2022/05/14 00:48:11 PARSER * Parser for mime type 'text/csv': Streaming HTML Parser
I 2022/05/14 00:48:11 PARSER * Parser for extension 'htm': Streaming HTML Parser
I 2022/05/14 00:48:11 PARSER * Parser for extension 'phtml': Streaming HTML Parser
I 2022/05/14 00:48:11 PARSER * Parser for extension 'msg': Streaming HTML Parser
I 2022/05/14 00:48:11 PARSER * Parser for extension 'phtm': Streaming HTML Parser
I 2022/05/14 00:48:11 PARSER * Parser for extension 'tex': Streaming HTML Parser
I 2022/05/14 00:48:11 PARSER * Parser for extension 'php4': Streaming HTML Parser
I 2022/05/14 00:48:11 PARSER * Parser for extension 'php5': Streaming HTML Parser
I 2022/05/14 00:48:11 PARSER * Parser for extension 'cfm': Streaming HTML Parser
I 2022/05/14 00:48:11 PARSER * Parser for extension 'stm': Streaming HTML Parser
I 2022/05/14 00:48:11 PARSER * Parser for extension 'php2': Streaming HTML Parser
I 2022/05/14 00:48:11 PARSER * Parser for extension 'xhtml': Streaming HTML Parser
I 2022/05/14 00:48:11 PARSER * Parser for extension 'php3': Streaming HTML Parser
I 2022/05/14 00:48:11 PARSER * Parser for extension 'tpl': Streaming HTML Parser
I 2022/05/14 00:48:11 PARSER * Parser for extension 'txt': Streaming HTML Parser
I 2022/05/14 00:48:11 PARSER * Parser for extension 'aspx': Streaming HTML Parser
I 2022/05/14 00:48:11 PARSER * Parser for extension 'php': Streaming HTML Parser
I 2022/05/14 00:48:11 PARSER * Parser for extension 'html': Streaming HTML Parser
I 2022/05/14 00:48:11 PARSER * Parser for extension 'shtml': Streaming HTML Parser
I 2022/05/14 00:48:11 PARSER * Parser for extension 'shtm': Streaming HTML Parser
I 2022/05/14 00:48:11 PARSER * Parser for extension 'asp': Streaming HTML Parser
I 2022/05/14 00:48:11 PARSER * Parser for mime type 'image/jpg': Generic Image Parser
I 2022/05/14 00:48:11 PARSER * Parser for mime type 'image/cursor': Generic Image Parser
I 2022/05/14 00:48:11 PARSER * Parser for mime type 'image/vnd.wap.wbmp': Generic Image Parser
I 2022/05/14 00:48:11 PARSER * Parser for mime type 'image/png': Generic Image Parser
I 2022/05/14 00:48:11 PARSER * Parser for mime type 'image/jpeg': Generic Image Parser
I 2022/05/14 00:48:11 PARSER * Parser for mime type 'image/x-cursor': Generic Image Parser
I 2022/05/14 00:48:11 PARSER * Parser for mime type 'image/bmp': Generic Image Parser
I 2022/05/14 00:48:11 PARSER * Parser for mime type 'image/x-icon': Generic Image Parser
I 2022/05/14 00:48:11 PARSER * Parser for mime type 'image/gif': Generic Image Parser
I 2022/05/14 00:48:11 PARSER * Parser for mime type 'image/x-bmp': Generic Image Parser
I 2022/05/14 00:48:11 PARSER * Parser for mime type 'image/vnd.microsoft.cursor': Generic Image Parser
I 2022/05/14 00:48:11 PARSER * Parser for mime type 'image/x-png': Generic Image Parser
I 2022/05/14 00:48:11 PARSER * Parser for mime type 'image/tiff': Generic Image Parser
I 2022/05/14 00:48:11 PARSER * Parser for mime type 'image/x-tiff': Generic Image Parser
I 2022/05/14 00:48:11 PARSER * Parser for mime type 'image/ico': Generic Image Parser
I 2022/05/14 00:48:11 PARSER * Parser for mime type 'image/vnd.microsoft.icon': Generic Image Parser
I 2022/05/14 00:48:11 PARSER * Parser for extension 'tif': Generic Image Parser
I 2022/05/14 00:48:11 PARSER * Parser for extension 'jpg': Generic Image Parser
I 2022/05/14 00:48:11 PARSER * Parser for extension 'cur': Generic Image Parser
I 2022/05/14 00:48:11 PARSER * Parser for extension 'tiff': Generic Image Parser
I 2022/05/14 00:48:11 PARSER * Parser for extension 'ico': Generic Image Parser
I 2022/05/14 00:48:11 PARSER * Parser for extension 'bmp': Generic Image Parser
I 2022/05/14 00:48:11 PARSER * Parser for extension 'gif': Generic Image Parser
I 2022/05/14 00:48:11 PARSER * Parser for extension 'png': Generic Image Parser
I 2022/05/14 00:48:11 PARSER * Parser for extension 'wbmp': Generic Image Parser
I 2022/05/14 00:48:11 PARSER * Parser for extension 'jpeg': Generic Image Parser
I 2022/05/14 00:48:11 PARSER * Parser for extension 'rle': Generic Image Parser
I 2022/05/14 00:48:11 PARSER * Parser for extension 'jpe': Generic Image Parser
I 2022/05/14 00:48:11 PARSER * Parser for mime type 'image/tiff': Metadata Image Parser
I 2022/05/14 00:48:11 PARSER * Parser for mime type 'image/vnd.adobe.photoshop': Metadata Image Parser
I 2022/05/14 00:48:11 PARSER * Parser for mime type 'image/x-photoshop': Metadata Image Parser
I 2022/05/14 00:48:11 PARSER * Parser for extension 'tif' was set to mime 'image/jpg', overwriting with new mime 'image/tiff'.
I 2022/05/14 00:48:11 PARSER * Parser for extension 'tif': Metadata Image Parser
I 2022/05/14 00:48:11 PARSER * Parser for extension 'psd': Metadata Image Parser
I 2022/05/14 00:48:11 PARSER * Parser for mime type 'application/json': Link Scraper Parser
I 2022/05/14 00:48:11 PARSER * Parser for mime type 'application/x-javascript': Link Scraper Parser
I 2022/05/14 00:48:11 PARSER * Parser for mime type 'text/javascript': Link Scraper Parser
I 2022/05/14 00:48:11 PARSER * Parser for mime type 'text/x-javascript': Link Scraper Parser
I 2022/05/14 00:48:11 PARSER * Parser for mime type 'text/x-json': Link Scraper Parser
I 2022/05/14 00:48:11 PARSER * Parser for mime type 'text/sgml': Link Scraper Parser
I 2022/05/14 00:48:11 PARSER * Parser for extension 'cpp': Link Scraper Parser
I 2022/05/14 00:48:11 PARSER * Parser for extension 'jsonp': Link Scraper Parser
I 2022/05/14 00:48:11 PARSER * Parser for extension 'c': Link Scraper Parser
I 2022/05/14 00:48:11 PARSER * Parser for extension 'jsp': Link Scraper Parser
I 2022/05/14 00:48:11 PARSER * Parser for extension 'h': Link Scraper Parser
I 2022/05/14 00:48:11 PARSER * Parser for extension 'js': Link Scraper Parser
I 2022/05/14 00:48:11 PARSER * Parser for extension 'json': Link Scraper Parser
I 2022/05/14 00:48:11 PARSER * Parser for extension 'mf': Link Scraper Parser
I 2022/05/14 00:48:11 PARSER * Parser for extension 'py': Link Scraper Parser
I 2022/05/14 00:48:11 PARSER * Parser for extension 'pl': Link Scraper Parser
I 2022/05/14 00:48:11 PARSER * Parser for mime type 'application/freemind': FreeMind Parser
I 2022/05/14 00:48:11 PARSER * Parser for mime type 'application/x-freemind': FreeMind Parser
I 2022/05/14 00:48:11 PARSER * Parser for extension 'mm': FreeMind Parser
I 2022/05/14 00:48:11 PARSER * Parser for mime type 'application/vnd.oasis.opendocument.text': OASIS OpenDocument V2 Text Document Parser
I 2022/05/14 00:48:11 PARSER * Parser for mime type 'application/vnd.oasis.opendocument.spreadsheet': OASIS OpenDocument V2 Text Document Parser
I 2022/05/14 00:48:11 PARSER * Parser for mime type 'application/vnd.oasis.opendocument.presentation': OASIS OpenDocument V2 Text Document Parser
I 2022/05/14 00:48:11 PARSER * Parser for mime type 'application/vnd.oasis.opendocument.graphics': OASIS OpenDocument V2 Text Document Parser
I 2022/05/14 00:48:11 PARSER * Parser for mime type 'application/vnd.oasis.opendocument.chart': OASIS OpenDocument V2 Text Document Parser
I 2022/05/14 00:48:11 PARSER * Parser for mime type 'application/vnd.oasis.opendocument.formula': OASIS OpenDocument V2 Text Document Parser
I 2022/05/14 00:48:11 PARSER * Parser for mime type 'application/vnd.oasis.opendocument.database': OASIS OpenDocument V2 Text Document Parser
I 2022/05/14 00:48:11 PARSER * Parser for mime type 'application/vnd.oasis.opendocument.image': OASIS OpenDocument V2 Text Document Parser
I 2022/05/14 00:48:11 PARSER * Parser for mime type 'application/vnd.oasis.opendocument.text-master': OASIS OpenDocument V2 Text Document Parser
I 2022/05/14 00:48:11 PARSER * Parser for mime type 'application/vnd.oasis.opendocument.text-template': OASIS OpenDocument V2 Text Document Parser
I 2022/05/14 00:48:11 PARSER * Parser for mime type 'application/vnd.oasis.opendocument.spreadsheet-template': OASIS OpenDocument V2 Text Document Parser
I 2022/05/14 00:48:11 PARSER * Parser for mime type 'application/vnd.oasis.opendocument.presentation-template': OASIS OpenDocument V2 Text Document Parser
I 2022/05/14 00:48:11 PARSER * Parser for mime type 'application/vnd.oasis.opendocument.graphics-template': OASIS OpenDocument V2 Text Document Parser
I 2022/05/14 00:48:11 PARSER * Parser for mime type 'application/x-vnd.oasis.opendocument.text': OASIS OpenDocument V2 Text Document Parser
I 2022/05/14 00:48:11 PARSER * Parser for mime type 'application/ooo-calc': OASIS OpenDocument V2 Text Document Parser
I 2022/05/14 00:48:11 PARSER * Parser for mime type 'application/ooo-writer': OASIS OpenDocument V2 Text Document Parser
I 2022/05/14 00:48:11 PARSER * Parser for extension 'otg': OASIS OpenDocument V2 Text Document Parser
I 2022/05/14 00:48:11 PARSER * Parser for extension 'otp': OASIS OpenDocument V2 Text Document Parser
I 2022/05/14 00:48:11 PARSER * Parser for extension 'odb': OASIS OpenDocument V2 Text Document Parser
I 2022/05/14 00:48:11 PARSER * Parser for extension 'ott': OASIS OpenDocument V2 Text Document Parser
I 2022/05/14 00:48:11 PARSER * Parser for extension 'odc': OASIS OpenDocument V2 Text Document Parser
I 2022/05/14 00:48:11 PARSER * Parser for extension 'ots': OASIS OpenDocument V2 Text Document Parser
I 2022/05/14 00:48:11 PARSER * Parser for extension 'odf': OASIS OpenDocument V2 Text Document Parser
I 2022/05/14 00:48:11 PARSER * Parser for extension 'odg': OASIS OpenDocument V2 Text Document Parser
I 2022/05/14 00:48:11 PARSER * Parser for extension 'sxw': OASIS OpenDocument V2 Text Document Parser
I 2022/05/14 00:48:11 PARSER * Parser for extension 'odi': OASIS OpenDocument V2 Text Document Parser
I 2022/05/14 00:48:11 PARSER * Parser for extension 'odm': OASIS OpenDocument V2 Text Document Parser
I 2022/05/14 00:48:11 PARSER * Parser for extension 'odp': OASIS OpenDocument V2 Text Document Parser
I 2022/05/14 00:48:11 PARSER * Parser for extension 'odt': OASIS OpenDocument V2 Text Document Parser
I 2022/05/14 00:48:11 PARSER * Parser for extension 'ods': OASIS OpenDocument V2 Text Document Parser
I 2022/05/14 00:48:11 PARSER * Parser for extension 'sxc': OASIS OpenDocument V2 Text Document Parser
I 2022/05/14 00:48:11 PARSER * Parser for mime type 'application/vnd.openxmlformats-officedocument.wordprocessingml.document': Open Office XML Document Parser
I 2022/05/14 00:48:11 PARSER * Parser for mime type 'application/vnd.openxmlformats-officedocument.wordprocessingml.template': Open Office XML Document Parser
I 2022/05/14 00:48:11 PARSER * Parser for mime type 'application/vnd.openxmlformats-officedocument.presentationml.template': Open Office XML Document Parser
I 2022/05/14 00:48:11 PARSER * Parser for mime type 'application/vnd.openxmlformats-officedocument.presentationml.slideshow': Open Office XML Document Parser
I 2022/05/14 00:48:11 PARSER * Parser for mime type 'application/vnd.openxmlformats-officedocument.presentationml.presentation': Open Office XML Document Parser
I 2022/05/14 00:48:11 PARSER * Parser for mime type 'application/vnd.openxmlformats-officedocument.spreadsheetml.sheet': Open Office XML Document Parser
I 2022/05/14 00:48:11 PARSER * Parser for mime type 'application/vnd.openxmlformats-officedocument.spreadsheetml.template': Open Office XML Document Parser
I 2022/05/14 00:48:11 PARSER * Parser for extension 'dotx': Open Office XML Document Parser
I 2022/05/14 00:48:11 PARSER * Parser for extension 'pptx': Open Office XML Document Parser
I 2022/05/14 00:48:11 PARSER * Parser for extension 'xltx': Open Office XML Document Parser
I 2022/05/14 00:48:11 PARSER * Parser for extension 'ppsx': Open Office XML Document Parser
I 2022/05/14 00:48:11 PARSER * Parser for extension 'xlsx': Open Office XML Document Parser
I 2022/05/14 00:48:11 PARSER * Parser for extension 'potx': Open Office XML Document Parser
I 2022/05/14 00:48:11 PARSER * Parser for extension 'docx': Open Office XML Document Parser
I 2022/05/14 00:48:11 PARSER * Parser for mime type 'application/pdf': Acrobat Portable Document Parser
I 2022/05/14 00:48:11 PARSER * Parser for mime type 'application/x-pdf': Acrobat Portable Document Parser
I 2022/05/14 00:48:11 PARSER * Parser for mime type 'application/acrobat': Acrobat Portable Document Parser
I 2022/05/14 00:48:11 PARSER * Parser for mime type 'applications/vnd.pdf': Acrobat Portable Document Parser
I 2022/05/14 00:48:11 PARSER * Parser for mime type 'text/pdf': Acrobat Portable Document Parser
I 2022/05/14 00:48:11 PARSER * Parser for mime type 'text/x-pdf': Acrobat Portable Document Parser
I 2022/05/14 00:48:11 PARSER * Parser for extension 'pdf': Acrobat Portable Document Parser
I 2022/05/14 00:48:11 PARSER * Parser for mime type 'application/mspowerpoint': Microsoft Powerpoint Parser
I 2022/05/14 00:48:11 PARSER * Parser for mime type 'application/powerpoint': Microsoft Powerpoint Parser
I 2022/05/14 00:48:11 PARSER * Parser for mime type 'application/vnd.ms-powerpoint': Microsoft Powerpoint Parser
I 2022/05/14 00:48:11 PARSER * Parser for mime type 'application/ms-powerpoint': Microsoft Powerpoint Parser
I 2022/05/14 00:48:11 PARSER * Parser for mime type 'application/mspowerpnt': Microsoft Powerpoint Parser
I 2022/05/14 00:48:11 PARSER * Parser for mime type 'application/vnd-mspowerpoint': Microsoft Powerpoint Parser
I 2022/05/14 00:48:11 PARSER * Parser for mime type 'application/x-powerpoint': Microsoft Powerpoint Parser
I 2022/05/14 00:48:11 PARSER * Parser for mime type 'application/x-m': Microsoft Powerpoint Parser
I 2022/05/14 00:48:11 PARSER * Parser for extension 'pps': Microsoft Powerpoint Parser
I 2022/05/14 00:48:11 PARSER * Parser for extension 'ppt': Microsoft Powerpoint Parser
I 2022/05/14 00:48:11 PARSER * Parser for mime type 'application/postscript': PostScript Document Parser
I 2022/05/14 00:48:11 PARSER * Parser for mime type 'application/ps': PostScript Document Parser
I 2022/05/14 00:48:11 PARSER * Parser for mime type 'application/x-postscript': PostScript Document Parser
I 2022/05/14 00:48:11 PARSER * Parser for mime type 'application/x-ps': PostScript Document Parser
I 2022/05/14 00:48:11 PARSER * Parser for mime type 'application/x-postscript-not-eps': PostScript Document Parser
I 2022/05/14 00:48:11 PARSER * Parser for extension 'ps': PostScript Document Parser
I 2022/05/14 00:48:11 PARSER * Parser for mime type 'xml': RSS Parser
I 2022/05/14 00:48:11 PARSER * Parser for mime type 'text/rss': RSS Parser
I 2022/05/14 00:48:11 PARSER * Parser for mime type 'text/xml': RSS Parser
I 2022/05/14 00:48:11 PARSER * Parser for mime type 'application/rss+xml': RSS Parser
I 2022/05/14 00:48:11 PARSER * Parser for mime type 'application/atom+xml': RSS Parser
I 2022/05/14 00:48:11 PARSER * Parser for extension 'rss': RSS Parser
I 2022/05/14 00:48:11 PARSER * Parser for extension 'xml': RSS Parser
I 2022/05/14 00:48:11 PARSER * Parser for mime type 'text/rtf': Rich Text Format Parser
I 2022/05/14 00:48:11 PARSER * Parser for mime type 'text/richtext': Rich Text Format Parser
I 2022/05/14 00:48:11 PARSER * Parser for mime type 'application/rtf': Rich Text Format Parser
I 2022/05/14 00:48:11 PARSER * Parser for mime type 'application/x-rtf': Rich Text Format Parser
I 2022/05/14 00:48:11 PARSER * Parser for mime type 'application/x-soffice': Rich Text Format Parser
I 2022/05/14 00:48:11 PARSER * Parser for extension 'rtf': Rich Text Format Parser
I 2022/05/14 00:48:11 PARSER * Parser for mime type 'application/x-7z-compressed': 7zip Archive Parser
I 2022/05/14 00:48:11 PARSER * Parser for extension '7z': 7zip Archive Parser
I 2022/05/14 00:48:11 PARSER * Parser for mime type 'audio/prs.sid': Commodore 64 SID Audio File Parser
I 2022/05/14 00:48:11 PARSER * Parser for mime type 'audio/psid': Commodore 64 SID Audio File Parser
I 2022/05/14 00:48:11 PARSER * Parser for mime type 'audio/x-psid': Commodore 64 SID Audio File Parser
I 2022/05/14 00:48:11 PARSER * Parser for mime type 'audio/sidtune': Commodore 64 SID Audio File Parser
I 2022/05/14 00:48:11 PARSER * Parser for mime type 'audio/x-sidtune': Commodore 64 SID Audio File Parser
I 2022/05/14 00:48:11 PARSER * Parser for extension 'sid': Commodore 64 SID Audio File Parser
I 2022/05/14 00:48:11 PARSER * Parser for mime type 'image/svg+xml': SVG Image Parser
I 2022/05/14 00:48:11 PARSER * Parser for extension 'svg': SVG Image Parser
I 2022/05/14 00:48:11 PARSER * Parser for mime type 'application/x-tar': Tape Archive File Parser
I 2022/05/14 00:48:11 PARSER * Parser for mime type 'application/tar': Tape Archive File Parser
I 2022/05/14 00:48:11 PARSER * Parser for mime type 'applicaton/x-gtar': Tape Archive File Parser
I 2022/05/14 00:48:11 PARSER * Parser for mime type 'multipart/x-tar': Tape Archive File Parser
I 2022/05/14 00:48:11 PARSER * Parser for extension 'tar': Tape Archive File Parser
I 2022/05/14 00:48:11 PARSER * Parser for mime type 'application/x-bittorrent': Torrent Metadata Parser
I 2022/05/14 00:48:11 PARSER * Parser for extension 'torrent': Torrent Metadata Parser
I 2022/05/14 00:48:11 PARSER * Parser for mime type 'text/x-vcard': vCard Parser
I 2022/05/14 00:48:11 PARSER * Parser for mime type 'application/vcard': vCard Parser
I 2022/05/14 00:48:11 PARSER * Parser for mime type 'application/x-versit': vCard Parser
I 2022/05/14 00:48:11 PARSER * Parser for mime type 'text/x-versit': vCard Parser
I 2022/05/14 00:48:11 PARSER * Parser for mime type 'text/x-vcalendar': vCard Parser
I 2022/05/14 00:48:11 PARSER * Parser for extension 'vcf': vCard Parser
I 2022/05/14 00:48:11 PARSER * Parser for mime type 'application/visio': Microsoft Visio Parser
I 2022/05/14 00:48:11 PARSER * Parser for mime type 'application/x-visio': Microsoft Visio Parser
I 2022/05/14 00:48:11 PARSER * Parser for mime type 'application/vnd.visio': Microsoft Visio Parser
I 2022/05/14 00:48:11 PARSER * Parser for mime type 'application/visio.drawing': Microsoft Visio Parser
I 2022/05/14 00:48:11 PARSER * Parser for mime type 'application/vsd': Microsoft Visio Parser
I 2022/05/14 00:48:11 PARSER * Parser for mime type 'application/x-vsd': Microsoft Visio Parser
I 2022/05/14 00:48:11 PARSER * Parser for mime type 'image/x-vsd': Microsoft Visio Parser
I 2022/05/14 00:48:11 PARSER * Parser for mime type 'zz-application/zz-winassoc-vsd': Microsoft Visio Parser
I 2022/05/14 00:48:11 PARSER * Parser for extension 'vsd': Microsoft Visio Parser
I 2022/05/14 00:48:11 PARSER * Parser for extension 'vst': Microsoft Visio Parser
I 2022/05/14 00:48:11 PARSER * Parser for extension 'vss': Microsoft Visio Parser
I 2022/05/14 00:48:11 PARSER * Parser for extension 'vdx': Microsoft Visio Parser
I 2022/05/14 00:48:11 PARSER * Parser for extension 'vtx': Microsoft Visio Parser
I 2022/05/14 00:48:11 PARSER * Parser for mime type 'application/msexcel': Microsoft Excel Parser
I 2022/05/14 00:48:11 PARSER * Parser for mime type 'application/excel': Microsoft Excel Parser
I 2022/05/14 00:48:11 PARSER * Parser for mime type 'application/vnd.ms-excel': Microsoft Excel Parser
I 2022/05/14 00:48:11 PARSER * Parser for mime type 'application/x-excel': Microsoft Excel Parser
I 2022/05/14 00:48:11 PARSER * Parser for mime type 'application/x-msexcel': Microsoft Excel Parser
I 2022/05/14 00:48:11 PARSER * Parser for mime type 'application/x-ms-excel': Microsoft Excel Parser
I 2022/05/14 00:48:11 PARSER * Parser for mime type 'application/x-dos_ms_excel': Microsoft Excel Parser
I 2022/05/14 00:48:11 PARSER * Parser for mime type 'application/xls': Microsoft Excel Parser
I 2022/05/14 00:48:11 PARSER * Parser for extension 'xla': Microsoft Excel Parser
I 2022/05/14 00:48:11 PARSER * Parser for extension 'xls': Microsoft Excel Parser
I 2022/05/14 00:48:11 PARSER * Parser for mime type 'application/zip': ZIP File Parser
I 2022/05/14 00:48:11 PARSER * Parser for mime type 'application/x-zip': ZIP File Parser
I 2022/05/14 00:48:11 PARSER * Parser for mime type 'application/x-zip-compressed': ZIP File Parser
I 2022/05/14 00:48:11 PARSER * Parser for mime type 'application/x-compress': ZIP File Parser
I 2022/05/14 00:48:11 PARSER * Parser for mime type 'application/x-compressed': ZIP File Parser
I 2022/05/14 00:48:11 PARSER * Parser for mime type 'multipart/x-zip': ZIP File Parser
I 2022/05/14 00:48:11 PARSER * Parser for mime type 'application/java-archive': ZIP File Parser
I 2022/05/14 00:48:11 PARSER * Parser for mime type 'application/vnd.android.package-archive': ZIP File Parser
I 2022/05/14 00:48:11 PARSER * Parser for mime type 'application/epub+zip': ZIP File Parser
I 2022/05/14 00:48:11 PARSER * Parser for extension 'apk' was set to mime 'application/vnd.android.package-archive', overwriting with new mime 'application/zip'.
I 2022/05/14 00:48:11 PARSER * Parser for extension 'zip': ZIP File Parser
I 2022/05/14 00:48:11 PARSER * Parser for extension 'epub': ZIP File Parser
I 2022/05/14 00:48:11 PARSER * Parser for extension 'jar': ZIP File Parser
I 2022/05/14 00:48:11 PARSER * Parser for extension 'apk': ZIP File Parser
I 2022/05/14 00:48:11 PARSER * Parser for mime type 'audio/aiff': Audio File Meta-Tag Parser
I 2022/05/14 00:48:11 PARSER * Parser for mime type 'audio/x-aiff': Audio File Meta-Tag Parser
I 2022/05/14 00:48:11 PARSER * Parser for mime type 'audio/mpeg': Audio File Meta-Tag Parser
I 2022/05/14 00:48:11 PARSER * Parser for mime type 'audio/mpa': Audio File Meta-Tag Parser
I 2022/05/14 00:48:11 PARSER * Parser for mime type 'audio/mpa-robust': Audio File Meta-Tag Parser
I 2022/05/14 00:48:11 PARSER * Parser for mime type 'audio/mp4': Audio File Meta-Tag Parser
I 2022/05/14 00:48:11 PARSER * Parser for mime type 'audio/flac': Audio File Meta-Tag Parser
I 2022/05/14 00:48:11 PARSER * Parser for mime type 'audio/x-flac': Audio File Meta-Tag Parser
I 2022/05/14 00:48:11 PARSER * Parser for mime type 'audio/ogg': Audio File Meta-Tag Parser
I 2022/05/14 00:48:11 PARSER * Parser for mime type 'audio/x-ms-wma': Audio File Meta-Tag Parser
I 2022/05/14 00:48:11 PARSER * Parser for mime type 'audio/x-ms-asf': Audio File Meta-Tag Parser
I 2022/05/14 00:48:11 PARSER * Parser for mime type 'audio/vnd.rn-realaudio': Audio File Meta-Tag Parser
I 2022/05/14 00:48:11 PARSER * Parser for mime type 'audio/x-pn-realaudio': Audio File Meta-Tag Parser
I 2022/05/14 00:48:11 PARSER * Parser for mime type 'audio/vnd.wave': Audio File Meta-Tag Parser
I 2022/05/14 00:48:11 PARSER * Parser for mime type 'audio/wave': Audio File Meta-Tag Parser
I 2022/05/14 00:48:11 PARSER * Parser for mime type 'audio/wav': Audio File Meta-Tag Parser
I 2022/05/14 00:48:11 PARSER * Parser for mime type 'audio/x-wav': Audio File Meta-Tag Parser
I 2022/05/14 00:48:11 PARSER * Parser for extension 'aiff': Audio File Meta-Tag Parser
I 2022/05/14 00:48:11 PARSER * Parser for extension 'flac': Audio File Meta-Tag Parser
I 2022/05/14 00:48:11 PARSER * Parser for extension 'aifc': Audio File Meta-Tag Parser
I 2022/05/14 00:48:11 PARSER * Parser for extension 'm4p': Audio File Meta-Tag Parser
I 2022/05/14 00:48:11 PARSER * Parser for extension 'wma': Audio File Meta-Tag Parser
I 2022/05/14 00:48:11 PARSER * Parser for extension 'wav': Audio File Meta-Tag Parser
I 2022/05/14 00:48:11 PARSER * Parser for extension 'ogg': Audio File Meta-Tag Parser
I 2022/05/14 00:48:11 PARSER * Parser for extension 'ra': Audio File Meta-Tag Parser
I 2022/05/14 00:48:11 PARSER * Parser for extension 'mp4': Audio File Meta-Tag Parser
I 2022/05/14 00:48:11 PARSER * Parser for extension 'mp3': Audio File Meta-Tag Parser
I 2022/05/14 00:48:11 PARSER * Parser for extension 'm4b': Audio File Meta-Tag Parser
I 2022/05/14 00:48:11 PARSER * Parser for extension 'm4a': Audio File Meta-Tag Parser
I 2022/05/14 00:48:11 PARSER * Parser for extension 'rm': Audio File Meta-Tag Parser
I 2022/05/14 00:48:11 PARSER * Parser for extension 'aif': Audio File Meta-Tag Parser
I 2022/05/14 00:48:11 PARSER * Parser for mime type 'application/xml': XML Parser
I 2022/05/14 00:48:11 PARSER * Parser for mime type 'text/xml': XML Parser
I 2022/05/14 00:48:11 PARSER * Parser for extension 'xml' was set to mime 'xml', overwriting with new mime 'application/xml'.
I 2022/05/14 00:48:11 PARSER * Parser for extension 'xml': XML Parser
I 2022/05/14 00:48:11 HeapReader * generating index for /opt/yacy_search_server/DATA/WORK/robots.bheap, 0 MB. Please wait.
system call monitor started
I 2022/05/14 00:48:11 HeapReader * finished index generation for /opt/yacy_search_server/DATA/WORK/robots.bheap, 0 entries, 0 gaps.
I 2022/05/14 00:48:11 Heap * initializing heap /opt/yacy_search_server/DATA/WORK/robots.bheap
I 2022/05/14 00:48:11 NoticedURL * START CREATING STACKS at /opt/yacy_search_server/DATA/INDEX/freeworld/QUEUES
I 2022/05/14 00:48:11 NoticedURL * opening CrawlerCoreStacks..
I 2022/05/14 00:48:11 NoticedURL * opening CrawlerLimitStacks..
I 2022/05/14 00:48:11 NoticedURL * opening CrawlerNoLoadStacks..
I 2022/05/14 00:48:11 NoticedURL * FINISHED CREATING STACKS at /opt/yacy_search_server/DATA/INDEX/freeworld/QUEUES
I 2022/05/14 00:48:11 RESOURCE OBSERVER * path for disc space measurement: /opt/yacy_search_server/DATA
I 2022/05/14 00:48:11 STACKCRAWL * STACKCRAWL thread initialized.
I 2022/05/14 00:48:11 HeapReader * generating index for /opt/yacy_search_server/DATA/WORK/contentcontrol.bheap, 0 MB. Please wait.
I 2022/05/14 00:48:11 HeapReader * finished index generation for /opt/yacy_search_server/DATA/WORK/contentcontrol.bheap, 0 entries, 0 gaps.
I 2022/05/14 00:48:11 Heap * initializing heap /opt/yacy_search_server/DATA/WORK/contentcontrol.bheap
I 2022/05/14 00:48:11 Heap * clearing heap /opt/yacy_search_server/DATA/WORK/contentcontrol.bheap
I 2022/05/14 00:48:11 Heap * closing heap /opt/yacy_search_server/DATA/WORK/contentcontrol.bheap
I 2022/05/14 00:48:11 HeapReader * close HeapFile contentcontrol.bheap; trace: net.yacy.kelondro.blob.HeapModifier.close(HeapModifier.java:82) -> net.yacy.kelondro.blob.Heap.close(Heap.java:305) -> net.yacy.kelondro.blob.Heap.close(Heap.java:311) -> net.yacy.kelondro.blob.BEncodedHeap.close(BEncodedHeap.java:532) -> net.yacy.kelondro.blob.Tables.clear(Tables.java:289) -> net.yacy.contentcontrol.SMWListSyncThread.<init>(SMWListSyncThread.java:39) -> net.yacy.search.Switchboard.<init>(Switchboard.java:1274) -> net.yacy.yacy.startup(yacy.java:211) -> net.yacy.yacy.main(yacy.java:828)
I 2022/05/14 00:48:11 RESOURCE OBSERVER * resources ok
I 2022/05/14 00:48:11 MIGRATION * copied new Skinfile
I 2022/05/14 00:48:11 SERVER * Initializing SSL support ...
I 2022/05/14 00:48:11 SERVER * SSL support initialized successfully on port 8443
I 2022/05/14 00:48:11 LOADER * CRAWLER Redirection detected ('HTTP/1.1 301 Moved Permanently') for URL http://www.openarchives.org/Register/ListFriends
I 2022/05/14 00:48:11 LOADER * CRAWLER ..Redirecting request to: http://www.openarchives.org/pmh/registry/ListFriends
I 2022/05/14 00:48:11 Jetty9HttpServerImpl * htrootpath = /opt/yacy_search_server/htroot
I 2022/05/14 00:48:12 org.eclipse.jetty.server.Server jetty-9.4.35.v20201120; built: 2020-11-20T21:17:03.964Z; git: bdc54f03a5e0a7e280fab27f55c3c75ee8da89fb; jvm 1.8.0_242-b08
I 2022/05/14 00:48:12 org.eclipse.jetty.server.handler.ContextHandler Started o.e.j.s.h.ContextHandler@2f03fdc0{/,null,AVAILABLE}
I 2022/05/14 00:48:12 org.eclipse.jetty.server.session DefaultSessionIdManager workerName=node0
I 2022/05/14 00:48:12 org.eclipse.jetty.server.session No SessionScavenger set, using defaults
I 2022/05/14 00:48:12 org.eclipse.jetty.server.session node0 Scavenging every 600000ms
I 2022/05/14 00:48:12 org.eclipse.jetty.server.handler.ContextHandler Started o.e.j.w.WebAppContext@1a06ec24{YaCy,/,file:///opt/yacy_search_server/htroot/,AVAILABLE}
I 2022/05/14 00:48:12 org.eclipse.jetty.server.AbstractConnector Started httpd:8090@501b296a{HTTP/1.1, (http/1.1)}{0.0.0.0:8090}
I 2022/05/14 00:48:12 org.eclipse.jetty.server.AbstractConnector Started ssld:8443@524c3e54{SSL, (ssl, http/1.1)}{0.0.0.0:8443}
system call monitor started
I 2022/05/14 00:48:12 org.eclipse.jetty.server.Server Started @29810ms
I 2022/05/14 00:48:12 STARTUP * Jetty 9.4.35.v20201120
I 2022/05/14 00:48:12 Heap * closing heap /opt/yacy_search_server/DATA/WORK/contentcontrol.bheap
I 2022/05/14 00:48:12 HTCACHE * storing content of url http://www.openarchives.org/pmh/registry/ListFriends, 499157 bytes
W 2022/05/14 00:48:12 BROWSER * Cannot run program "xdg-open": error=2, No such file or directory
system call monitor started
system call monitor started
system call monitor started
system call monitor started
system call monitor started
system call monitor started
system call monitor started
system call monitor started
system call monitor started
I 2022/05/14 00:48:15 com.hazelcast.cp.internal.MetadataRaftGroupManager [172.17.0.5]:5701 [YaCyP2P] [4.2] CP Subsystem is waiting for 3 members to join the cluster. Current member count: 1
I 2022/05/14 00:48:19 HTCACHE * storing content of url http://roar.eprints.org/cgi/roar_search/advanced/export_roar_ROAR::ListFriends.xml?_action_export=1&output=ROAR%3A%3AListFriends, 482851 bytes
I 2022/05/14 00:48:20 com.hazelcast.cp.internal.MetadataRaftGroupManager [172.17.0.5]:5701 [YaCyP2P] [4.2] CP Subsystem is waiting for 3 members to join the cluster. Current member count: 1
I 2022/05/14 00:48:22 YACY * yacyClient.hello thread 'PublishSeed__yacy-search-90', peer http://[300:36f:61e8:93c4:213:efff:fe8f:dc1]:8090/; exception: Client can't execute: Protocol family unavailable duration=151 for url http://[300:36f:61e8:93c4:213:efff:fe8f:dc1]:8090/yacy/hello.html
I 2022/05/14 00:48:22 YACY * yacyClient.hello result error: result null
I 2022/05/14 00:48:22 YACY * publish: disconnected senior peer '_yacy-search-90' from [300:36f:61e8:93c4:213:efff:fe8f:dc1, 92.255.251.66]: peer ping to peer resulted in error response (added < 0)
I 2022/05/14 00:48:22 YACY * yacyClient.hello thread 'PublishSeed_mysfrooz-yacy' contacted peer at http://2.238.195.100:8090/, received 8096 bytes, time = 335 milliseconds
I 2022/05/14 00:48:22 YACY * yacyClient.hello: Peer 'mysfrooz-yacy' reported us as junior.
I 2022/05/14 00:48:22 YACY * publish: handshaked senior peer 'mysfrooz-yacy' at [2.238.195.100]
I 2022/05/14 00:48:22 YACY * yacyClient.hello thread 'PublishSeed_agent-hokatum-ufe-31' contacted peer at http://3.93.80.135:8090/, received 473 bytes, time = 372 milliseconds
I 2022/05/14 00:48:22 YACY * yacyClient.hello: Peer 'agent-hokatum-ufe-31' reported us as junior.
I 2022/05/14 00:48:22 YACY * publish: handshaked senior peer 'agent-hokatum-ufe-31' at [3.93.80.135]
I 2022/05/14 00:48:22 YACY * yacyClient.hello thread 'PublishSeed_linux-server-work1' contacted peer at http://207.244.236.38:8090/, received 8447 bytes, time = 474 milliseconds
I 2022/05/14 00:48:22 YACY * yacyClient.hello: Peer 'linux-server-work1' reported us as junior.
I 2022/05/14 00:48:22 YACY * publish: handshaked senior peer 'linux-server-work1' at [207.244.236.38]
system call monitor started
system call monitor started
system call monitor started
system call monitor started
system call monitor started
system call monitor started
I 2022/05/14 00:48:22 HeapReader * generating index for /opt/yacy_search_server/DATA/WORK/api.bheap, 0 MB. Please wait.
I 2022/05/14 00:48:22 HeapReader * finished index generation for /opt/yacy_search_server/DATA/WORK/api.bheap, 0 entries, 0 gaps.
I 2022/05/14 00:48:22 Heap * initializing heap /opt/yacy_search_server/DATA/WORK/api.bheap
I 2022/05/14 00:48:25 com.hazelcast.cp.internal.MetadataRaftGroupManager [172.17.0.5]:5701 [YaCyP2P] [4.2] CP Subsystem is waiting for 3 members to join the cluster. Current member count: 1
I 2022/05/14 00:48:28 YACY * yacyClient.hello thread 'PublishSeed_Rechtslupe_Suche' contacted peer at http://91.121.85.88:8090/, received 8560 bytes, time = 6630 milliseconds
I 2022/05/14 00:48:28 YACY * yacyClient.hello: Peer 'Rechtslupe_Suche' reported us as junior.
I 2022/05/14 00:48:28 YACY * publish: handshaked senior peer 'Rechtslupe_Suche' at [91.121.85.88]
I 2022/05/14 00:48:28 YACY * yacyClient.hello thread 'PublishSeed_ldope' contacted peer at http://109.230.224.225:8090/, received 8242 bytes, time = 6633 milliseconds
I 2022/05/14 00:48:28 YACY * yacyClient.hello: Peer 'ldope' reported us as junior.
I 2022/05/14 00:48:28 YACY * publish: handshaked senior peer 'ldope' at [109.230.224.225]
I 2022/05/14 00:48:28 YACY * yacyClient.hello thread 'PublishSeed_jamjars2' contacted peer at http://search.joestr.at:61080/, received 8227 bytes, time = 6622 milliseconds
I 2022/05/14 00:48:28 YACY * yacyClient.hello: Peer 'jamjars2' reported us as junior.
I 2022/05/14 00:48:28 YACY * yacyClient.hello thread 'PublishSeed__anonufe-57648560-0' contacted peer at http://87.224.77.18:8090/, received 8385 bytes, time = 6697 milliseconds
I 2022/05/14 00:48:28 YACY * yacyClient.hello: Peer '_anonufe-57648560-0' reported us as junior.
I 2022/05/14 00:48:28 YACY * publish: handshaked senior peer '_anonufe-57648560-0' at [87.224.77.18]
I 2022/05/14 00:48:28 YACY * publish: handshaked principal peer 'jamjars2' at [search.joestr.at]
I 2022/05/14 00:48:28 YACY * yacyClient.hello thread 'PublishSeed_RechtsReport' contacted peer at http://94.23.222.164:8090/, received 8334 bytes, time = 6734 milliseconds
I 2022/05/14 00:48:28 YACY * yacyClient.hello: Peer 'RechtsReport' reported us as junior.
I 2022/05/14 00:48:28 YACY * publish: handshaked senior peer 'RechtsReport' at [94.23.222.164]
I 2022/05/14 00:48:28 YACY * yacyClient.hello thread 'PublishSeed_agent-nubadip-ufe-39' contacted peer at http://93.104.215.38:8090/, received 8223 bytes, time = 6753 milliseconds
system call monitor started
I 2022/05/14 00:48:28 YACY * yacyClient.hello: Peer 'agent-nubadip-ufe-39' reported us as junior.
I 2022/05/14 00:48:28 YACY * publish: handshaked senior peer 'agent-nubadip-ufe-39' at [93.104.215.38]
I 2022/05/14 00:48:28 YACY * yacyClient.hello thread 'PublishSeed_agent-gasefir-ufe-256' contacted peer at http://85.138.240.20:8090/, received 8069 bytes, time = 6753 milliseconds
I 2022/05/14 00:48:28 YACY * yacyClient.hello: Peer 'agent-gasefir-ufe-256' reported us as junior.
I 2022/05/14 00:48:28 YACY * yacyClient.hello thread 'PublishSeed_Rechtslupe_Normindex' contacted peer at http://188.165.245.131:8090/, received 8626 bytes, time = 6726 milliseconds
I 2022/05/14 00:48:28 YACY * yacyClient.hello: Peer 'Rechtslupe_Normindex' reported us as junior.
I 2022/05/14 00:48:28 YACY * publish: handshaked senior peer 'agent-gasefir-ufe-256' at [85.138.240.20]
I 2022/05/14 00:48:28 YACY * publish: handshaked senior peer 'Rechtslupe_Normindex' at [188.165.245.131]
I 2022/05/14 00:48:28 YACY * yacyClient.hello thread 'PublishSeed_agent-gututep-ufe-38' contacted peer at http://95.31.2.11:8090/, received 8237 bytes, time = 6838 milliseconds
I 2022/05/14 00:48:28 YACY * yacyClient.hello: Peer 'agent-gututep-ufe-38' reported us as junior.
I 2022/05/14 00:48:28 YACY * publish: handshaked senior peer 'agent-gututep-ufe-38' at [95.31.2.11]
I 2022/05/14 00:48:28 YACY * yacyClient.hello thread 'PublishSeed_agent-kuriseg-ufe-0' contacted peer at http://5.2.155.82:8090/, received 8037 bytes, time = 6694 milliseconds
I 2022/05/14 00:48:28 YACY * yacyClient.hello: Peer 'agent-kuriseg-ufe-0' reported us as junior.
I 2022/05/14 00:48:28 YACY * publish: handshaked senior peer 'agent-kuriseg-ufe-0' at [5.2.155.82]
I 2022/05/14 00:48:28 YACY * yacyClient.hello thread 'PublishSeed_agent-gabunid-ufe-0' contacted peer at http://195.191.202.209:8090/, received 8217 bytes, time = 6691 milliseconds
I 2022/05/14 00:48:28 YACY * yacyClient.hello: Peer 'agent-gabunid-ufe-0' reported us as junior.
I 2022/05/14 00:48:28 YACY * publish: handshaked senior peer 'agent-gabunid-ufe-0' at [195.191.202.209]
I 2022/05/14 00:48:28 YACY * yacyClient.hello thread 'PublishSeed__yacy-search-90' contacted peer at http://92.255.251.66:8090/, received 8605 bytes, time = 6697 milliseconds
I 2022/05/14 00:48:28 YACY * yacyClient.hello: Peer '_yacy-search-90' reported us as junior.
I 2022/05/14 00:48:28 YACY * publish: handshaked senior peer '_yacy-search-90' at [92.255.251.66]
system call monitor started
system call monitor started
system call monitor started
system call monitor started
system call monitor started
system call monitor started
system call monitor started
system call monitor started
system call monitor started
system call monitor started
system call monitor started
system call monitor started
system call monitor started
system call monitor started
I 2022/05/14 00:48:28 YACY * yacyClient.hello thread 'PublishSeed_agent-litokuh-ufe-13' contacted peer at http://96.32.146.206:8090/, received 8843 bytes, time = 6909 milliseconds
I 2022/05/14 00:48:28 YACY * yacyClient.hello: Peer 'agent-litokuh-ufe-13' reported us as junior.
I 2022/05/14 00:48:28 YACY * publish: handshaked senior peer 'agent-litokuh-ufe-13' at [96.32.146.206]
I 2022/05/14 00:48:30 com.hazelcast.cp.internal.MetadataRaftGroupManager [172.17.0.5]:5701 [YaCyP2P] [4.2] CP Subsystem is waiting for 3 members to join the cluster. Current member count: 1
I 2022/05/14 00:48:35 com.hazelcast.cp.internal.MetadataRaftGroupManager [172.17.0.5]:5701 [YaCyP2P] [4.2] CP Subsystem is waiting for 3 members to join the cluster. Current member count: 1
I 2022/05/14 00:48:40 com.hazelcast.cp.internal.MetadataRaftGroupManager [172.17.0.5]:5701 [YaCyP2P] [4.2] CP Subsystem is waiting for 3 members to join the cluster. Current member count: 1
I 2022/05/14 00:48:42 YACY * yacyClient.hello thread 'PublishSeed_luisental_yacy' contacted peer at http://yacy.luisental.org:8090/, received 8183 bytes, time = 20164 milliseconds
I 2022/05/14 00:48:42 YACY * yacyClient.hello: Peer 'luisental_yacy' reported us as junior.
I 2022/05/14 00:48:42 YACY * publish: handshaked senior peer 'luisental_yacy' at [yacy.luisental.org]
I 2022/05/14 00:48:42 YACY * yacyClient.hello thread 'PublishSeed_iter-tw' contacted peer at http://172.104.91.61:8090/, received 8317 bytes, time = 20918 milliseconds
system call monitor started
system call monitor started
system call monitor started
system call monitor started
system call monitor started
system call monitor started
system call monitor started
system call monitor started
system call monitor started
system call monitor started
system call monitor started
system call monitor started
system call monitor started
system call monitor started
system call monitor started
system call monitor started
I 2022/05/14 00:48:42 YACY * yacyClient.hello: Peer 'iter-tw' reported us as junior.
I 2022/05/14 00:48:42 YACY * publish: handshaked senior peer 'iter-tw' at [172.104.91.61]
I 2022/05/14 00:48:45 com.hazelcast.cp.internal.MetadataRaftGroupManager [172.17.0.5]:5701 [YaCyP2P] [4.2] CP Subsystem is waiting for 3 members to join the cluster. Current member count: 1
I 2022/05/14 00:48:50 com.hazelcast.cp.internal.MetadataRaftGroupManager [172.17.0.5]:5701 [YaCyP2P] [4.2] CP Subsystem is waiting for 3 members to join the cluster. Current member count: 1
I 2022/05/14 00:48:52 YACY * yacyClient.hello thread 'PublishSeed_agent-fihakut-w-181', peer http://188.233.48.171:8090/; exception: Client can't execute: timout to client after 30000ms for url http://188.233.48.171:8090/yacy/hello.html duration=30096 for url http://188.233.48.171:8090/yacy/hello.html
I 2022/05/14 00:48:52 YACY * yacyClient.hello result error: result null
I 2022/05/14 00:48:52 YACY * publish: disconnected senior peer 'agent-fihakut-w-181' from [188.233.48.171, 188.233.86.196]: peer ping to peer resulted in error response (added < 0)
I 2022/05/14 00:48:55 com.hazelcast.cp.internal.MetadataRaftGroupManager [172.17.0.5]:5701 [YaCyP2P] [4.2] CP Subsystem is waiting for 3 members to join the cluster. Current member count: 1
I 2022/05/14 00:48:58 YACY * yacyClient.hello thread 'PublishSeed_agent-fihakut-w-181' contacted peer at http://188.233.86.196:8090/, received 8808 bytes, time = 6834 milliseconds
I 2022/05/14 00:48:58 YACY * yacyClient.hello: Peer 'agent-fihakut-w-181' reported us as junior.
system call monitor started
system call monitor started
system call monitor started
system call monitor started
system call monitor started
system call monitor started
system call monitor started
system call monitor started
system call monitor started
system call monitor started
system call monitor started
system call monitor started
system call monitor started
I 2022/05/14 00:48:58 YACY * publish: handshaked senior peer 'agent-fihakut-w-181' at [188.233.86.196]
I 2022/05/14 00:48:58 YACY * PeerPing: I am accessible for 0 peer(s), not accessible for 19 peer(s).
I 2022/05/14 00:48:58 YACY * PeerPing: myType is junior
I 2022/05/14 00:49:00 com.hazelcast.cp.internal.MetadataRaftGroupManager [172.17.0.5]:5701 [YaCyP2P] [4.2] CP Subsystem is waiting for 3 members to join the cluster. Current member count: 1
I 2022/05/14 00:49:05 com.hazelcast.cp.internal.MetadataRaftGroupManager [172.17.0.5]:5701 [YaCyP2P] [4.2] CP Subsystem is waiting for 3 members to join the cluster. Current member count: 1
I 2022/05/14 00:49:10 com.hazelcast.cp.internal.MetadataRaftGroupManager [172.17.0.5]:5701 [YaCyP2P] [4.2] CP Subsystem is waiting for 3 members to join the cluster. Current member count: 1
I 2022/05/14 00:49:11 HeapReader * generating index for /opt/yacy_search_server/DATA/HTCACHE/file.array/3rCD5S68rd37.20220514004911821.blob, 0 MB. Please wait.
I 2022/05/14 00:49:11 HeapReader * finished index generation for /opt/yacy_search_server/DATA/HTCACHE/file.array/3rCD5S68rd37.20220514004911821.blob, 0 entries, 0 gaps.
I 2022/05/14 00:49:11 Heap * initializing heap /opt/yacy_search_server/DATA/HTCACHE/file.array/3rCD5S68rd37.20220514004911821.blob
I 2022/05/14 00:49:11 YACY * rulebasedUpdateInfo: not an automatic update selected
system call monitor started
system call monitor started
system call monitor started
system call monitor started
system call monitor started
system call monitor started
system call monitor started
system call monitor started
system call monitor started
system call monitor started
system call monitor started
system call monitor started
system call monitor started
system call monitor started
system call monitor started
system call monitor started
system call monitor started
system call monitor started
I 2022/05/14 00:49:15 com.hazelcast.cp.internal.MetadataRaftGroupManager [172.17.0.5]:5701 [YaCyP2P] [4.2] CP Subsystem is waiting for 3 members to join the cluster. Current member count: 1
I 2022/05/14 00:49:20 com.hazelcast.cp.internal.MetadataRaftGroupManager [172.17.0.5]:5701 [YaCyP2P] [4.2] CP Subsystem is waiting for 3 members to join the cluster. Current member count: 1
I 2022/05/14 00:49:21 UPNP * no device found
I 2022/05/14 00:49:25 com.hazelcast.cp.internal.MetadataRaftGroupManager [172.17.0.5]:5701 [YaCyP2P] [4.2] CP Subsystem is waiting for 3 members to join the cluster. Current member count: 1
I 2022/05/14 00:49:30 UPNP * no device found
I 2022/05/14 00:49:30 RESOURCE OBSERVER * resources ok
I 2022/05/14 00:49:30 SWITCHBOARD * postprocessing deactivated: field process_sxt is not enabled
I 2022/05/14 00:49:30 SWITCHBOARD * postprocessing deactivated: no reference index avilable; activate citation index or webgraph
I 2022/05/14 00:49:30 SWITCHBOARD * postprocessing deactivated: no enough ram (404287856), needed 536870912, to force change field postprocessing.minimum_ram
I 2022/05/14 00:49:30 SWITCHBOARD * postprocessing deactivated: constraints violated
system call monitor started
system call monitor started
system call monitor started
system call monitor started
system call monitor started
system call monitor started
system call monitor started
system call monitor started
system call monitor started
system call monitor started
system call monitor started
system call monitor started
