INFO [01-16|18:29:36.866] Unindexed transactions                   blocks=1    txs=94        tail=14,071,151 elapsed=14.363ms
INFO [01-16|18:29:48.443] Imported new potential chain segment     blocks=1    txs=140       mgas=13.480  elapsed=103.337ms   mgasps=130.451 number=16,421,151 hash=94a733..503979 dirty=1022.73MiB
INFO [01-16|18:29:48.479] Chain head was updated                   number=16,421,151 hash=94a733..503979 root=348c87..0486ee elapsed=6.007479ms
INFO [01-16|18:29:48.483] Unindexed transactions                   blocks=1    txs=355       tail=14,071,152 elapsed=3.900ms
INFO [01-16|18:30:00.704] Imported new potential chain segment     blocks=1    txs=116       mgas=9.567   elapsed=110.039ms   mgasps=86.944  number=16,421,152 hash=54dabf..d12db2 dirty=1022.32MiB
INFO [01-16|18:30:00.720] Chain head was updated                   number=16,421,152 hash=54dabf..d12db2 root=de63aa..787211 elapsed=4.19976ms
INFO [01-16|18:30:00.725] Unindexed transactions                   blocks=1    txs=208       tail=14,071,153 elapsed=5.011ms
INFO [01-16|18:30:12.186] Imported new potential chain segment     blocks=1    txs=350       mgas=21.915  elapsed=193.365ms   mgasps=113.337 number=16,421,153 hash=b50929..99bd56 dirty=1022.46MiB
INFO [01-16|18:30:12.209] Chain head was updated                   number=16,421,153 hash=b50929..99bd56 root=ade2a4..cca841 elapsed=8.342997ms
INFO [01-16|18:30:12.214] Unindexed transactions                   blocks=1    txs=351       tail=14,071,154 elapsed=5.343ms
ERROR[01-16|18:30:17.595] Error in block freeze operation          err="block receipts missing, can't freeze block 15256595"
INFO [01-16|18:30:25.419] Imported new potential chain segment     blocks=1    txs=321       mgas=21.542  elapsed=181.878ms   mgasps=118.442 number=16,421,154 hash=eaa477..b16b89 dirty=1022.63MiB
INFO [01-16|18:30:25.432] Chain head was updated                   number=16,421,154 hash=eaa477..b16b89 root=b5eb0e..541845 elapsed=5.999886ms
INFO [01-16|18:30:25.434] Unindexed transactions                   blocks=1    txs=72        tail=14,071,155 elapsed=1.396ms
INFO [01-16|18:30:36.436] Imported new potential chain segment     blocks=1    txs=181       mgas=11.897  elapsed=117.715ms   mgasps=101.062 number=16,421,155 hash=025653..256502 dirty=1022.04MiB
INFO [01-16|18:30:36.452] Chain head was updated                   number=16,421,155 hash=025653..256502 root=8fb3de..a5b0e4 elapsed=7.930128ms
INFO [01-16|18:30:36.462] Unindexed transactions                   blocks=1    txs=369       tail=14,071,156 elapsed=9.767ms
INFO [01-16|18:30:55.253] Imported new potential chain segment     blocks=1    txs=253       mgas=13.957  elapsed=111.091ms   mgasps=125.638 number=16,421,156 hash=715aca..11c52d dirty=1022.91MiB
INFO [01-16|18:30:55.278] Chain head was updated                   number=16,421,156 hash=715aca..11c52d root=d7a5ec..7b47af elapsed=3.656906ms
INFO [01-16|18:30:55.284] Unindexed transactions                   blocks=1    txs=327       tail=14,071,157 elapsed=5.796ms
INFO [01-16|18:31:00.146] Imported new potential chain segment     blocks=1    txs=134       mgas=15.000  elapsed=90.734ms    mgasps=165.322 number=16,421,157 hash=b46030..875ce6 dirty=1022.55MiB
INFO [01-16|18:31:00.166] Chain head was updated                   number=16,421,157 hash=b46030..875ce6 root=56d644..d150ea elapsed=5.943488ms
INFO [01-16|18:31:00.168] Unindexed transactions                   blocks=1    txs=55        tail=14,071,158 elapsed=1.280ms
INFO [01-16|18:31:12.202] Imported new potential chain segment     blocks=1    txs=194       mgas=11.928  elapsed=105.324ms   mgasps=113.246 number=16,421,158 hash=96154f..38daf8 dirty=1022.38MiB
INFO [01-16|18:31:12.216] Chain head was updated                   number=16,421,158 hash=96154f..38daf8 root=e015b1..8c0068 elapsed=2.557786ms
INFO [01-16|18:31:12.220] Unindexed transactions                   blocks=1    txs=162       tail=14,071,159 elapsed=3.173ms
ERROR[01-16|18:31:17.605] Error in block freeze operation          err="block receipts missing, can't freeze block 15256595"
INFO [01-16|18:31:25.262] Imported new potential chain segment     blocks=1    txs=158       mgas=15.409  elapsed=134.277ms   mgasps=114.755 number=16,421,159 hash=b65561..2b6e31 dirty=1022.47MiB
INFO [01-16|18:31:25.288] Chain head was updated                   number=16,421,159 hash=b65561..2b6e31 root=bdc664..5d592a elapsed=8.539331ms
INFO [01-16|18:31:25.294] Unindexed transactions                   blocks=1    txs=324       tail=14,071,160 elapsed=6.056ms
INFO [01-16|18:31:36.250] Imported new potential chain segment     blocks=1    txs=148       mgas=13.121  elapsed=107.601ms   mgasps=121.940 number=16,421,160 hash=6832c1..4cb3eb dirty=1022.29MiB
INFO [01-16|18:31:36.266] Chain head was updated                   number=16,421,160 hash=6832c1..4cb3eb root=fcebcd..f38acd elapsed=8.031392ms
INFO [01-16|18:31:36.267] Unindexed transactions                   blocks=1    txs=42        tail=14,071,161 elapsed=1.013ms
INFO [01-16|18:31:48.373] Imported new potential chain segment     blocks=1    txs=112       mgas=9.861   elapsed=82.195ms    mgasps=119.974 number=16,421,161 hash=3f0aea..de2538 dirty=1022.31MiB
INFO [01-16|18:31:48.408] Chain head was updated                   number=16,421,161 hash=3f0aea..de2538 root=153d89..e4fee4 elapsed=3.985782ms
INFO [01-16|18:31:48.409] Unindexed transactions                   blocks=1    txs=74        tail=14,071,162 elapsed=1.618ms
INFO [01-16|18:32:00.168] Imported new potential chain segment     blocks=1    txs=165       mgas=22.294  elapsed=148.758ms   mgasps=149.864 number=16,421,162 hash=285a36..a86079 dirty=1022.20MiB
INFO [01-16|18:32:00.185] Chain head was updated                   number=16,421,162 hash=285a36..a86079 root=c11e64..86991e elapsed=5.43846ms
INFO [01-16|18:32:00.187] Unindexed transactions                   blocks=1    txs=177       tail=14,071,163 elapsed=1.831ms
INFO [01-16|18:32:12.115] Imported new potential chain segment     blocks=1    txs=162       mgas=14.347  elapsed=113.299ms   mgasps=126.629 number=16,421,163 hash=a76762..7f8515 dirty=1022.32MiB
INFO [01-16|18:32:12.133] Chain head was updated                   number=16,421,163 hash=a76762..7f8515 root=f81fbe..1a3b8d elapsed=8.676381ms
INFO [01-16|18:32:12.136] Unindexed transactions                   blocks=1    txs=109       tail=14,071,164 elapsed=3.592ms
ERROR[01-16|18:32:17.615] Error in block freeze operation          err="block receipts missing, can't freeze block 15256595"
INFO [01-16|18:32:24.400] Imported new potential chain segment     blocks=1    txs=106       mgas=10.666  elapsed=134.810ms   mgasps=79.115  number=16,421,164 hash=e95349..2f1787 dirty=1022.01MiB
INFO [01-16|18:32:24.414] Chain head was updated                   number=16,421,164 hash=e95349..2f1787 root=f04906..6e4ef3 elapsed=2.73757ms
INFO [01-16|18:32:24.415] Unindexed transactions                   blocks=1    txs=15        tail=14,071,165 elapsed="689.01µs"
INFO [01-16|18:32:36.371] Imported new potential chain segment     blocks=1    txs=165       mgas=14.504  elapsed=129.182ms   mgasps=112.277 number=16,421,165 hash=924834..6aa718 dirty=1022.34MiB
INFO [01-16|18:32:36.389] Chain head was updated                   number=16,421,165 hash=924834..6aa718 root=876811..3e0bad elapsed=8.050581ms
INFO [01-16|18:32:36.393] Unindexed transactions                   blocks=1    txs=194       tail=14,071,166 elapsed=4.273ms
INFO [01-16|18:32:48.402] Imported new potential chain segment     blocks=1    txs=134       mgas=13.638  elapsed=98.570ms    mgasps=138.359 number=16,421,166 hash=448809..0c8bc8 dirty=1022.47MiB
INFO [01-16|18:32:48.417] Chain head was updated                   number=16,421,166 hash=448809..0c8bc8 root=702140..7fb1e3 elapsed=7.980796ms
INFO [01-16|18:32:48.422] Unindexed transactions                   blocks=1    txs=208       tail=14,071,167 elapsed=3.798ms
INFO [01-16|18:33:00.829] Imported new potential chain segment     blocks=1    txs=162       mgas=12.862  elapsed=98.412ms    mgasps=130.692 number=16,421,167 hash=bfd8ff..7436d0 dirty=1022.60MiB
INFO [01-16|18:33:00.859] Chain head was updated                   number=16,421,167 hash=bfd8ff..7436d0 root=d2dfa2..54b56a elapsed=6.776061ms
INFO [01-16|18:33:00.859] Unindexed transactions                   blocks=1    txs=17        tail=14,071,168 elapsed="394.916µs"
INFO [01-16|18:33:13.539] Imported new potential chain segment     blocks=1    txs=186       mgas=16.295  elapsed=134.930ms   mgasps=120.763 number=16,421,168 hash=9f4be1..a8b00d dirty=1022.39MiB
INFO [01-16|18:33:13.560] Chain head was updated                   number=16,421,168 hash=9f4be1..a8b00d root=709b6e..7f1895 elapsed=8.724771ms
INFO [01-16|18:33:13.564] Unindexed transactions                   blocks=1    txs=296       tail=14,071,169 elapsed=3.678ms
ERROR[01-16|18:33:17.625] Error in block freeze operation          err="block receipts missing, can't freeze block 15256595"
INFO [01-16|18:33:24.546] Imported new potential chain segment     blocks=1    txs=127       mgas=10.863  elapsed=85.187ms    mgasps=127.521 number=16,421,169 hash=04f89d..076333 dirty=1022.63MiB
INFO [01-16|18:33:24.588] Chain head was updated                   number=16,421,169 hash=04f89d..076333 root=7545cf..f0740e elapsed=6.595595ms
INFO [01-16|18:33:24.591] Unindexed transactions                   blocks=1    txs=143       tail=14,071,170 elapsed=2.882ms
INFO [01-16|18:33:36.428] Imported new potential chain segment     blocks=1    txs=172       mgas=16.592  elapsed=104.596ms   mgasps=158.629 number=16,421,170 hash=9b1546..d695f7 dirty=1022.28MiB
INFO [01-16|18:33:36.452] Chain head was updated                   number=16,421,170 hash=9b1546..d695f7 root=1ad312..9dc136 elapsed=11.796944ms
INFO [01-16|18:33:36.455] Unindexed transactions                   blocks=1    txs=253       tail=14,071,171 elapsed=2.968ms
INFO [01-16|18:33:49.724] Imported new potential chain segment     blocks=1    txs=168       mgas=15.877  elapsed=172.575ms   mgasps=92.001  number=16,421,171 hash=070192..308f1d dirty=1022.41MiB
INFO [01-16|18:33:49.744] Chain head was updated                   number=16,421,171 hash=070192..308f1d root=6f7204..c5373c elapsed=6.84354ms
INFO [01-16|18:33:49.747] Unindexed transactions                   blocks=1    txs=155       tail=14,071,172 elapsed=3.357ms
INFO [01-16|18:34:00.083] Imported new potential chain segment     blocks=1    txs=111       mgas=11.995  elapsed=113.937ms   mgasps=105.280 number=16,421,172 hash=aaa266..d8989d dirty=1022.39MiB
INFO [01-16|18:34:00.100] Chain head was updated                   number=16,421,172 hash=aaa266..d8989d root=43c358..2adb1d elapsed=5.098373ms
INFO [01-16|18:34:00.104] Unindexed transactions                   blocks=1    txs=265       tail=14,071,173 elapsed=4.706ms
INFO [01-16|18:34:12.206] Imported new potential chain segment     blocks=1    txs=133       mgas=12.157  elapsed=103.457ms   mgasps=117.509 number=16,421,173 hash=4391de..4822b1 dirty=1022.64MiB
INFO [01-16|18:34:12.221] Chain head was updated                   number=16,421,173 hash=4391de..4822b1 root=79e2a4..fe44ea elapsed=2.828646ms
INFO [01-16|18:34:12.221] Unindexed transactions                   blocks=1    txs=12        tail=14,071,174 elapsed="523.116µs"
ERROR[01-16|18:34:17.636] Error in block freeze operation          err="block receipts missing, can't freeze block 15256595"
INFO [01-16|18:34:24.103] Imported new potential chain segment     blocks=1    txs=528       mgas=20.997  elapsed=176.552ms   mgasps=118.928 number=16,421,174 hash=e5660e..59ff9a dirty=1022.35MiB
INFO [01-16|18:34:24.131] Chain head was updated                   number=16,421,174 hash=e5660e..59ff9a root=a3d1a8..93199b elapsed=12.257272ms
INFO [01-16|18:34:24.136] Unindexed transactions                   blocks=1    txs=185       tail=14,071,175 elapsed=5.391ms
INFO [01-16|18:34:36.684] Imported new potential chain segment     blocks=1    txs=129       mgas=13.324  elapsed=104.045ms   mgasps=128.061 number=16,421,175 hash=35c607..630204 dirty=1022.44MiB
INFO [01-16|18:34:36.706] Chain head was updated                   number=16,421,175 hash=35c607..630204 root=b2729b..5b64d9 elapsed=8.887041ms
INFO [01-16|18:34:36.710] Unindexed transactions                   blocks=1    txs=421       tail=14,071,176 elapsed=3.963ms
INFO [01-16|18:34:48.358] Imported new potential chain segment     blocks=1    txs=158       mgas=13.820  elapsed=143.645ms   mgasps=96.206  number=16,421,176 hash=f901f5..166e7a dirty=1022.60MiB
INFO [01-16|18:34:48.382] Chain head was updated                   number=16,421,176 hash=f901f5..166e7a root=407cf3..f66727 elapsed=10.830953ms
INFO [01-16|18:34:48.387] Unindexed transactions                   blocks=1    txs=289       tail=14,071,177 elapsed=4.809ms
INFO [01-16|18:35:00.928] Imported new potential chain segment     blocks=1    txs=154       mgas=14.322  elapsed=143.819ms   mgasps=99.583  number=16,421,177 hash=563e1b..66cfec dirty=1022.41MiB
INFO [01-16|18:35:00.954] Chain head was updated                   number=16,421,177 hash=563e1b..66cfec root=e188e1..df1a75 elapsed=8.634172ms
INFO [01-16|18:35:00.960] Unindexed transactions                   blocks=1    txs=275       tail=14,071,178 elapsed=5.729ms
INFO [01-16|18:35:12.335] Imported new potential chain segment     blocks=1    txs=427       mgas=17.522  elapsed=141.597ms   mgasps=123.747 number=16,421,178 hash=2df95a..259082 dirty=1022.40MiB
INFO [01-16|18:35:12.356] Chain head was updated                   number=16,421,178 hash=2df95a..259082 root=5a7be9..fa4fe6 elapsed=12.194626ms
INFO [01-16|18:35:12.359] Unindexed transactions                   blocks=1    txs=184       tail=14,071,179 elapsed=3.375ms