INFO [01-16|18:24:36.174] Unindexed transactions                   blocks=1    txs=397       tail=14,071,126 elapsed=7.048ms
INFO [01-16|18:24:48.390] Imported new potential chain segment     blocks=1    txs=148       mgas=12.146  elapsed=136.630ms   mgasps=88.896  number=16,421,126 hash=3399f9..a34c65 dirty=1021.48MiB
INFO [01-16|18:24:48.408] Chain head was updated                   number=16,421,126 hash=3399f9..a34c65 root=c803c3..e7dec3 elapsed=3.170426ms
INFO [01-16|18:24:48.409] Unindexed transactions                   blocks=1    txs=5         tail=14,071,127 elapsed="419.823µs"
INFO [01-16|18:25:04.341] Imported new potential chain segment     blocks=1    txs=149       mgas=13.768  elapsed=116.386ms   mgasps=118.295 number=16,421,127 hash=bc3563..3da2e3 dirty=1022.94MiB
INFO [01-16|18:25:04.360] Chain head was updated                   number=16,421,127 hash=bc3563..3da2e3 root=8c0b53..63f5f1 elapsed=7.935588ms
INFO [01-16|18:25:04.366] Unindexed transactions                   blocks=1    txs=283       tail=14,071,128 elapsed=5.868ms
INFO [01-16|18:25:12.089] Imported new potential chain segment     blocks=1    txs=135       mgas=11.061  elapsed=130.390ms   mgasps=84.832  number=16,421,128 hash=946177..63d659 dirty=1021.87MiB
INFO [01-16|18:25:12.105] Chain head was updated                   number=16,421,128 hash=946177..63d659 root=58ef53..d935c8 elapsed=4.614643ms
INFO [01-16|18:25:12.108] Unindexed transactions                   blocks=1    txs=63        tail=14,071,129 elapsed=2.447ms
ERROR[01-16|18:25:17.542] Error in block freeze operation          err="block receipts missing, can't freeze block 15256595"
INFO [01-16|18:25:23.180] Writing clean trie cache to disk         path=/home/long/nvme/data-dir/geth/triecache threads=1
INFO [01-16|18:25:23.181] Regenerated local transaction journal    transactions=0 accounts=0
INFO [01-16|18:25:24.035] Persisted the clean trie cache           path=/home/long/nvme/data-dir/geth/triecache elapsed=854.717ms
INFO [01-16|18:25:24.347] Imported new potential chain segment     blocks=1    txs=144       mgas=14.984  elapsed=101.782ms   mgasps=147.214 number=16,421,129 hash=fb8f91..4df364 dirty=1022.22MiB
INFO [01-16|18:25:24.363] Chain head was updated                   number=16,421,129 hash=fb8f91..4df364 root=2fe6dd..96bfd6 elapsed=3.427441ms
INFO [01-16|18:25:24.370] Unindexed transactions                   blocks=1    txs=360       tail=14,071,130 elapsed=6.530ms
INFO [01-16|18:25:36.291] Imported new potential chain segment     blocks=1    txs=158       mgas=16.009  elapsed=110.693ms   mgasps=144.628 number=16,421,130 hash=b433b1..6fc259 dirty=1021.43MiB
INFO [01-16|18:25:36.310] Chain head was updated                   number=16,421,130 hash=b433b1..6fc259 root=a7917e..359960 elapsed=3.617003ms
INFO [01-16|18:25:36.317] Unindexed transactions                   blocks=1    txs=233       tail=14,071,131 elapsed=7.584ms
INFO [01-16|18:25:48.245] Imported new potential chain segment     blocks=1    txs=137       mgas=10.860  elapsed=105.046ms   mgasps=103.383 number=16,421,131 hash=93379c..08ec98 dirty=1020.74MiB
INFO [01-16|18:25:48.259] Chain head was updated                   number=16,421,131 hash=93379c..08ec98 root=a7271c..c3aec8 elapsed=3.495582ms
INFO [01-16|18:25:48.261] Unindexed transactions                   blocks=1    txs=65        tail=14,071,132 elapsed=1.609ms
INFO [01-16|18:26:00.209] Imported new potential chain segment     blocks=1    txs=139       mgas=12.688  elapsed=106.919ms   mgasps=118.666 number=16,421,132 hash=9d0a38..f6dc81 dirty=1020.47MiB
INFO [01-16|18:26:00.251] Chain head was updated                   number=16,421,132 hash=9d0a38..f6dc81 root=cb7af7..2f6668 elapsed=7.334961ms
INFO [01-16|18:26:00.252] Unindexed transactions                   blocks=1    txs=86        tail=14,071,133 elapsed=1.686ms
INFO [01-16|18:26:12.941] Imported new potential chain segment     blocks=1    txs=194       mgas=25.651  elapsed=143.657ms   mgasps=178.559 number=16,421,133 hash=d1909c..9de4ff dirty=1022.83MiB
INFO [01-16|18:26:12.953] Chain head was updated                   number=16,421,133 hash=d1909c..9de4ff root=b57b16..f6622b elapsed=4.723247ms
INFO [01-16|18:26:12.957] Unindexed transactions                   blocks=1    txs=173       tail=14,071,134 elapsed=3.727ms
ERROR[01-16|18:26:17.552] Error in block freeze operation          err="block receipts missing, can't freeze block 15256595"
INFO [01-16|18:26:24.791] Imported new potential chain segment     blocks=1    txs=140       mgas=12.419  elapsed=137.705ms   mgasps=90.183  number=16,421,134 hash=adffad..e463a7 dirty=1021.38MiB
INFO [01-16|18:26:24.811] Chain head was updated                   number=16,421,134 hash=adffad..e463a7 root=8e7bfc..e9796c elapsed=7.136619ms
INFO [01-16|18:26:24.815] Unindexed transactions                   blocks=1    txs=169       tail=14,071,135 elapsed=3.207ms
INFO [01-16|18:26:36.328] Imported new potential chain segment     blocks=1    txs=137       mgas=13.644  elapsed=126.850ms   mgasps=107.559 number=16,421,135 hash=55e1b1..a4f3df dirty=1021.46MiB
INFO [01-16|18:26:36.348] Chain head was updated                   number=16,421,135 hash=55e1b1..a4f3df root=1d76c6..977528 elapsed=4.059554ms
INFO [01-16|18:26:36.356] Unindexed transactions                   blocks=1    txs=450       tail=14,071,136 elapsed=7.904ms
INFO [01-16|18:26:48.403] Imported new potential chain segment     blocks=1    txs=119       mgas=11.247  elapsed=122.609ms   mgasps=91.733  number=16,421,136 hash=bdc016..1acf68 dirty=1021.55MiB
INFO [01-16|18:26:48.423] Chain head was updated                   number=16,421,136 hash=bdc016..1acf68 root=ee2a4f..794a47 elapsed=6.74851ms
INFO [01-16|18:26:48.427] Unindexed transactions                   blocks=1    txs=270       tail=14,071,137 elapsed=3.607ms
INFO [01-16|18:27:01.022] Imported new potential chain segment     blocks=1    txs=131       mgas=10.887  elapsed=88.649ms    mgasps=122.805 number=16,421,137 hash=ad20ae..183b0e dirty=1021.44MiB
INFO [01-16|18:27:01.055] Chain head was updated                   number=16,421,137 hash=ad20ae..183b0e root=f90718..b5ea69 elapsed=3.086278ms
INFO [01-16|18:27:01.056] Unindexed transactions                   blocks=1    txs=79        tail=14,071,138 elapsed=1.005ms
INFO [01-16|18:27:12.281] Imported new potential chain segment     blocks=1    txs=136       mgas=12.906  elapsed=120.200ms   mgasps=107.369 number=16,421,138 hash=8465a1..71ab1f dirty=1021.95MiB
INFO [01-16|18:27:12.328] Chain head was updated                   number=16,421,138 hash=8465a1..71ab1f root=3d08aa..8ce4a3 elapsed=3.680824ms
INFO [01-16|18:27:12.331] Unindexed transactions                   blocks=1    txs=149       tail=14,071,139 elapsed=2.988ms
ERROR[01-16|18:27:17.563] Error in block freeze operation          err="block receipts missing, can't freeze block 15256595"
INFO [01-16|18:27:24.926] Imported new potential chain segment     blocks=1    txs=189       mgas=15.856  elapsed=230.367ms   mgasps=68.828  number=16,421,139 hash=69c0c1..deda32 dirty=1022.78MiB
INFO [01-16|18:27:24.942] Chain head was updated                   number=16,421,139 hash=69c0c1..deda32 root=d2731c..dbee41 elapsed=5.900637ms
INFO [01-16|18:27:24.944] Unindexed transactions                   blocks=1    txs=30        tail=14,071,140 elapsed="524.341µs"
INFO [01-16|18:27:36.421] Imported new potential chain segment     blocks=1    txs=171       mgas=19.200  elapsed=132.322ms   mgasps=145.102 number=16,421,140 hash=3e5920..cf76b3 dirty=1022.41MiB
INFO [01-16|18:27:36.435] Chain head was updated                   number=16,421,140 hash=3e5920..cf76b3 root=6839e4..b3599c elapsed=3.986563ms
INFO [01-16|18:27:36.435] Unindexed transactions                   blocks=1    txs=19        tail=14,071,141 elapsed="649.751µs"
INFO [01-16|18:27:48.575] Imported new potential chain segment     blocks=1    txs=155       mgas=17.631  elapsed=121.002ms   mgasps=145.712 number=16,421,141 hash=e2e018..94e209 dirty=1022.59MiB
INFO [01-16|18:27:48.590] Chain head was updated                   number=16,421,141 hash=e2e018..94e209 root=6c5ec3..7406b3 elapsed=4.014641ms
INFO [01-16|18:27:48.597] Unindexed transactions                   blocks=1    txs=380       tail=14,071,142 elapsed=6.364ms
INFO [01-16|18:28:00.707] Imported new potential chain segment     blocks=1    txs=136       mgas=11.596  elapsed=84.818ms    mgasps=136.719 number=16,421,142 hash=a09bbf..97fd6d dirty=1022.96MiB
INFO [01-16|18:28:00.770] Chain head was updated                   number=16,421,142 hash=a09bbf..97fd6d root=253c9e..7801d9 elapsed=2.707421ms
INFO [01-16|18:28:00.776] Unindexed transactions                   blocks=1    txs=366       tail=14,071,143 elapsed=5.902ms
INFO [01-16|18:28:13.538] Imported new potential chain segment     blocks=1    txs=161       mgas=13.907  elapsed=122.311ms   mgasps=113.700 number=16,421,143 hash=3edb66..8a468a dirty=1022.14MiB
INFO [01-16|18:28:13.565] Chain head was updated                   number=16,421,143 hash=3edb66..8a468a root=045bc7..1bedc9 elapsed=8.114344ms
INFO [01-16|18:28:13.572] Unindexed transactions                   blocks=1    txs=270       tail=14,071,144 elapsed=7.273ms
ERROR[01-16|18:28:17.574] Error in block freeze operation          err="block receipts missing, can't freeze block 15256595"
INFO [01-16|18:28:24.287] Imported new potential chain segment     blocks=1    txs=123       mgas=12.452  elapsed=107.963ms   mgasps=115.336 number=16,421,144 hash=33e6c9..079b16 dirty=1022.56MiB
INFO [01-16|18:28:24.297] Chain head was updated                   number=16,421,144 hash=33e6c9..079b16 root=6525f4..f158e9 elapsed=2.850343ms
INFO [01-16|18:28:24.299] Unindexed transactions                   blocks=1    txs=93        tail=14,071,145 elapsed=1.612ms
INFO [01-16|18:28:36.028] Imported new potential chain segment     blocks=1    txs=156       mgas=20.433  elapsed=131.483ms   mgasps=155.400 number=16,421,145 hash=f23469..2c5b8e dirty=1022.40MiB
INFO [01-16|18:28:36.051] Chain head was updated                   number=16,421,145 hash=f23469..2c5b8e root=b3dc15..bfb1c3 elapsed=10.038126ms
INFO [01-16|18:28:36.055] Unindexed transactions                   blocks=1    txs=133       tail=14,071,146 elapsed=3.233ms
INFO [01-16|18:28:48.689] Imported new potential chain segment     blocks=1    txs=180       mgas=16.444  elapsed=131.061ms   mgasps=125.470 number=16,421,146 hash=350c29..976eab dirty=1022.78MiB
INFO [01-16|18:28:48.705] Chain head was updated                   number=16,421,146 hash=350c29..976eab root=861086..749b91 elapsed=7.200313ms
INFO [01-16|18:28:48.707] Unindexed transactions                   blocks=1    txs=79        tail=14,071,147 elapsed=2.177ms
INFO [01-16|18:29:00.700] Imported new potential chain segment     blocks=1    txs=133       mgas=14.023  elapsed=123.697ms   mgasps=113.368 number=16,421,147 hash=b91f43..a3043f dirty=1022.37MiB
INFO [01-16|18:29:00.719] Chain head was updated                   number=16,421,147 hash=b91f43..a3043f root=5c5eed..a76e37 elapsed=6.830557ms
INFO [01-16|18:29:00.724] Unindexed transactions                   blocks=1    txs=241       tail=14,071,148 elapsed=4.632ms
INFO [01-16|18:29:12.627] Imported new potential chain segment     blocks=1    txs=119       mgas=11.859  elapsed=108.013ms   mgasps=109.792 number=16,421,148 hash=98b186..004cbe dirty=1022.53MiB
INFO [01-16|18:29:12.642] Chain head was updated                   number=16,421,148 hash=98b186..004cbe root=680c26..1ec781 elapsed=6.860204ms
INFO [01-16|18:29:12.644] Unindexed transactions                   blocks=1    txs=86        tail=14,071,149 elapsed=1.800ms
ERROR[01-16|18:29:17.585] Error in block freeze operation          err="block receipts missing, can't freeze block 15256595"
INFO [01-16|18:29:24.381] Imported new potential chain segment     blocks=1    txs=152       mgas=21.699  elapsed=126.820ms   mgasps=171.104 number=16,421,149 hash=c0545c..3cc143 dirty=1022.66MiB
INFO [01-16|18:29:24.394] Chain head was updated                   number=16,421,149 hash=c0545c..3cc143 root=195f10..7ffc3b elapsed=4.37402ms
INFO [01-16|18:29:24.397] Unindexed transactions                   blocks=1    txs=134       tail=14,071,150 elapsed=2.975ms
INFO [01-16|18:29:36.831] Imported new potential chain segment     blocks=1    txs=144       mgas=14.003  elapsed=109.204ms   mgasps=128.230 number=16,421,150 hash=55079d..4dc2e7 dirty=1022.32MiB
INFO [01-16|18:29:36.851] Chain head was updated                   number=16,421,150 hash=55079d..4dc2e7 root=e51c24..e99d0f elapsed=8.417988ms
INFO [01-16|18:29:36.866] Unindexed transactions                   blocks=1    txs=94        tail=14,071,151 elapsed=14.363ms
INFO [01-16|18:29:48.443] Imported new potential chain segment     blocks=1    txs=140       mgas=13.480  elapsed=103.337ms   mgasps=130.451 number=16,421,151 hash=94a733..503979 dirty=1022.73MiB
INFO [01-16|18:29:48.479] Chain head was updated                   number=16,421,151 hash=94a733..503979 root=348c87..0486ee elapsed=6.007479ms
INFO [01-16|18:29:48.483] Unindexed transactions                   blocks=1    txs=355       tail=14,071,152 elapsed=3.900ms
INFO [01-16|18:30:00.704] Imported new potential chain segment     blocks=1    txs=116       mgas=9.567   elapsed=110.039ms   mgasps=86.944  number=16,421,152 hash=54dabf..d12db2 dirty=1022.32MiB
INFO [01-16|18:30:00.720] Chain head was updated                   number=16,421,152 hash=54dabf..d12db2 root=de63aa..787211 elapsed=4.19976ms
INFO [01-16|18:30:00.725] Unindexed transactions                   blocks=1    txs=208       tail=14,071,153 elapsed=5.011ms
INFO [01-16|18:30:12.186] Imported new potential chain segment     blocks=1    txs=350       mgas=21.915  elapsed=193.365ms   mgasps=113.337 number=16,421,153 hash=b50929..99bd56 dirty=1022.46MiB
INFO [01-16|18:30:12.209] Chain head was updated                   number=16,421,153 hash=b50929..99bd56 root=ade2a4..cca841 elapsed=8.342997ms
INFO [01-16|18:30:12.214] Unindexed transactions                   blocks=1    txs=351       tail=14,071,154 elapsed=5.343ms